[ 2016-08-11T09:58:35+08:00 ] 127.0.0.1 /index.php/Home/Goods/ajaxGetNavHistory
INFO: [ app_begin ] --START--
INFO: Run Behavior\ReadHtmlCacheBehavior [ RunTime:0.001000s ]
INFO: [ app_begin ] --END-- [ RunTime:0.001000s ]
NOTIC: [2048] Declaration of Admin\Model\CatModel::_after_insert() should be compatible with Think\Model::_after_insert($data, $options) D:\www\shop\Application\Admin\Model\CatModel.class.php 第 10 行.
NOTIC: [2048] Declaration of Admin\Model\CatModel::_after_update() should be compatible with Think\Model::_after_update($data, $options) D:\www\shop\Application\Admin\Model\CatModel.class.php 第 10 行.
NOTIC: [2048] Declaration of Admin\Model\CatModel::_before_delete() should be compatible with Think\Model::_before_delete($options) D:\www\shop\Application\Admin\Model\CatModel.class.php 第 10 行.
NOTIC: [2048] Declaration of Admin\Model\CatModel::_after_delete() should be compatible with Think\Model::_after_delete($data, $options) D:\www\shop\Application\Admin\Model\CatModel.class.php 第 10 行.
SQL: SHOW COLUMNS FROM `yt_cat` [ RunTime:0.004001s ]
SQL: SHOW COLUMNS FROM `yt_goods` [ RunTime:0.006000s ]
SQL: SELECT `goods_id`,`goods_thumb_smallest` FROM `yt_goods` WHERE `goods_id` = 3 LIMIT 1   [ RunTime:0.000000s ]
SQL: SELECT `goods_id`,`goods_thumb_smallest` FROM `yt_goods` WHERE `goods_id` = 5 LIMIT 1   [ RunTime:0.001000s ]
SQL: SELECT `goods_id`,`goods_thumb_smallest` FROM `yt_goods` WHERE `goods_id` = 2 LIMIT 1   [ RunTime:0.000000s ]
SQL: SELECT `goods_id`,`goods_thumb_smallest` FROM `yt_goods` WHERE `goods_id` = 4 LIMIT 1   [ RunTime:0.000000s ]

[ 2016-08-11T09:58:35+08:00 ] 127.0.0.1 /index.php/Home/Cart/ajaxGetUserCartInfo
INFO: [ app_begin ] --START--
INFO: Run Behavior\ReadHtmlCacheBehavior [ RunTime:0.001000s ]
INFO: [ app_begin ] --END-- [ RunTime:0.002000s ]
NOTIC: [2048] Declaration of Admin\Model\CartModel::_after_insert() should be compatible with Think\Model::_after_insert($data, $options) D:\www\shop\Application\Admin\Model\CartModel.class.php 第 10 行.
NOTIC: [2048] Declaration of Admin\Model\CartModel::_after_update() should be compatible with Think\Model::_after_update($data, $options) D:\www\shop\Application\Admin\Model\CartModel.class.php 第 10 行.
NOTIC: [2048] Declaration of Admin\Model\CartModel::_after_delete() should be compatible with Think\Model::_after_delete($data, $options) D:\www\shop\Application\Admin\Model\CartModel.class.php 第 10 行.
SQL: SHOW COLUMNS FROM `yt_cart` [ RunTime:0.004000s ]
SQL: UPDATE `yt_cart` SET `user_session_id`='9nncc20mrfugem6ep8dl66vh53' WHERE `user_session_id` = 'r74uh8tid973202n4pv84rne40' AND `user_id` = '0' [ RunTime:0.000000s ]
SQL: SELECT sum(goods_amount) goods_amount FROM `yt_cart` WHERE `user_session_id` = '9nncc20mrfugem6ep8dl66vh53' AND `user_id` = '0'  [ RunTime:0.001000s ]
SQL: SELECT a.id,a.goods_id,a.goods_price,a.goods_amount,b.goods_name,b.goods_thumb_small FROM yt_cart a LEFT JOIN yt_goods b ON a.goods_id = b.goods_id  WHERE `user_session_id` = '9nncc20mrfugem6ep8dl66vh53' AND `user_id` = '0' ORDER BY a.goods_add_time DESC  [ RunTime:0.000000s ]
SQL: SELECT `goods_price`,`goods_amount` FROM `yt_cart` WHERE `user_session_id` = '9nncc20mrfugem6ep8dl66vh53' AND `user_id` = '0'  [ RunTime:0.001000s ]
NOTIC: [2] Invalid argument supplied for foreach() D:\www\shop\Application\Home\Controller\CartController.class.php 第 230 行.
INFO: [ view_parse ] --START--
INFO: [ template_filter ] --START--
INFO: Run Behavior\ContentReplaceBehavior [ RunTime:0.000000s ]
INFO: [ template_filter ] --END-- [ RunTime:0.000000s ]
INFO: Run Behavior\ParseTemplateBehavior [ RunTime:0.011001s ]
INFO: [ view_parse ] --END-- [ RunTime:0.011001s ]
INFO: [ view_filter ] --START--
INFO: Run Behavior\WriteHtmlCacheBehavior [ RunTime:0.000000s ]
INFO: [ view_filter ] --END-- [ RunTime:0.000000s ]
INFO: [ app_end ] --START--
INFO: Run Behavior\ShowPageTraceBehavior [ RunTime:0.001000s ]
INFO: [ app_end ] --END-- [ RunTime:0.001000s ]

[ 2016-08-11T09:58:35+08:00 ] 127.0.0.1 /index.php/Home/Cart/ajaxGetUserCartGoodsNumber
INFO: [ app_begin ] --START--
INFO: Run Behavior\ReadHtmlCacheBehavior [ RunTime:0.001000s ]
INFO: [ app_begin ] --END-- [ RunTime:0.003000s ]
NOTIC: [2048] Declaration of Admin\Model\CartModel::_after_insert() should be compatible with Think\Model::_after_insert($data, $options) D:\www\shop\Application\Admin\Model\CartModel.class.php 第 10 行.
NOTIC: [2048] Declaration of Admin\Model\CartModel::_after_update() should be compatible with Think\Model::_after_update($data, $options) D:\www\shop\Application\Admin\Model\CartModel.class.php 第 10 行.
NOTIC: [2048] Declaration of Admin\Model\CartModel::_after_delete() should be compatible with Think\Model::_after_delete($data, $options) D:\www\shop\Application\Admin\Model\CartModel.class.php 第 10 行.
SQL: SHOW COLUMNS FROM `yt_cart` [ RunTime:0.006000s ]
SQL: UPDATE `yt_cart` SET `user_session_id`='9nncc20mrfugem6ep8dl66vh53' WHERE `user_session_id` = 'r74uh8tid973202n4pv84rne40' AND `user_id` = '0' [ RunTime:0.001000s ]
SQL: SELECT sum(goods_amount) goods_amount FROM `yt_cart` WHERE `user_session_id` = '9nncc20mrfugem6ep8dl66vh53' AND `user_id` = '0'  [ RunTime:0.001000s ]
INFO: [ app_end ] --START--
INFO: Run Behavior\ShowPageTraceBehavior [ RunTime:0.001000s ]
INFO: [ app_end ] --END-- [ RunTime:0.001000s ]

[ 2016-08-11T09:58:35+08:00 ] 127.0.0.1 /index.php/Home/User/ajaxGetUserIsLogin
INFO: [ app_begin ] --START--
INFO: Run Behavior\ReadHtmlCacheBehavior [ RunTime:0.000000s ]
INFO: [ app_begin ] --END-- [ RunTime:0.001000s ]
NOTIC: [2048] Declaration of Admin\Model\CatModel::_after_insert() should be compatible with Think\Model::_after_insert($data, $options) D:\www\shop\Application\Admin\Model\CatModel.class.php 第 10 行.
NOTIC: [2048] Declaration of Admin\Model\CatModel::_after_update() should be compatible with Think\Model::_after_update($data, $options) D:\www\shop\Application\Admin\Model\CatModel.class.php 第 10 行.
NOTIC: [2048] Declaration of Admin\Model\CatModel::_before_delete() should be compatible with Think\Model::_before_delete($options) D:\www\shop\Application\Admin\Model\CatModel.class.php 第 10 行.
NOTIC: [2048] Declaration of Admin\Model\CatModel::_after_delete() should be compatible with Think\Model::_after_delete($data, $options) D:\www\shop\Application\Admin\Model\CatModel.class.php 第 10 行.
SQL: SHOW COLUMNS FROM `yt_cat` [ RunTime:0.004001s ]
INFO: [ app_end ] --START--
INFO: Run Behavior\ShowPageTraceBehavior [ RunTime:0.001000s ]
INFO: [ app_end ] --END-- [ RunTime:0.001000s ]

[ 2016-08-11T09:58:41+08:00 ] 127.0.0.1 /index.php/Home/Goods/ajaxGetNavHistory
INFO: [ app_begin ] --START--
INFO: Run Behavior\ReadHtmlCacheBehavior [ RunTime:0.001000s ]
INFO: [ app_begin ] --END-- [ RunTime:0.002000s ]
NOTIC: [2048] Declaration of Admin\Model\CatModel::_after_insert() should be compatible with Think\Model::_after_insert($data, $options) D:\www\shop\Application\Admin\Model\CatModel.class.php 第 10 行.
NOTIC: [2048] Declaration of Admin\Model\CatModel::_after_update() should be compatible with Think\Model::_after_update($data, $options) D:\www\shop\Application\Admin\Model\CatModel.class.php 第 10 行.
NOTIC: [2048] Declaration of Admin\Model\CatModel::_before_delete() should be compatible with Think\Model::_before_delete($options) D:\www\shop\Application\Admin\Model\CatModel.class.php 第 10 行.
NOTIC: [2048] Declaration of Admin\Model\CatModel::_after_delete() should be compatible with Think\Model::_after_delete($data, $options) D:\www\shop\Application\Admin\Model\CatModel.class.php 第 10 行.
SQL: SHOW COLUMNS FROM `yt_cat` [ RunTime:0.005000s ]
SQL: SHOW COLUMNS FROM `yt_goods` [ RunTime:0.005001s ]
SQL: SELECT `goods_id`,`goods_thumb_smallest` FROM `yt_goods` WHERE `goods_id` = 3 LIMIT 1   [ RunTime:0.001000s ]
SQL: SELECT `goods_id`,`goods_thumb_smallest` FROM `yt_goods` WHERE `goods_id` = 5 LIMIT 1   [ RunTime:0.000000s ]
SQL: SELECT `goods_id`,`goods_thumb_smallest` FROM `yt_goods` WHERE `goods_id` = 2 LIMIT 1   [ RunTime:0.000000s ]
SQL: SELECT `goods_id`,`goods_thumb_smallest` FROM `yt_goods` WHERE `goods_id` = 4 LIMIT 1   [ RunTime:0.000000s ]

[ 2016-08-11T09:58:45+08:00 ] 127.0.0.1 /index.php/Home/Cart/ajaxGetUserCartGoodsNumber
INFO: [ app_begin ] --START--
INFO: Run Behavior\ReadHtmlCacheBehavior [ RunTime:0.000000s ]
INFO: [ app_begin ] --END-- [ RunTime:0.002000s ]
NOTIC: [2048] Declaration of Admin\Model\CartModel::_after_insert() should be compatible with Think\Model::_after_insert($data, $options) D:\www\shop\Application\Admin\Model\CartModel.class.php 第 10 行.
NOTIC: [2048] Declaration of Admin\Model\CartModel::_after_update() should be compatible with Think\Model::_after_update($data, $options) D:\www\shop\Application\Admin\Model\CartModel.class.php 第 10 行.
NOTIC: [2048] Declaration of Admin\Model\CartModel::_after_delete() should be compatible with Think\Model::_after_delete($data, $options) D:\www\shop\Application\Admin\Model\CartModel.class.php 第 10 行.
SQL: SHOW COLUMNS FROM `yt_cart` [ RunTime:0.005000s ]
SQL: SELECT sum(goods_amount) goods_amount FROM `yt_cart` WHERE `user_session_id` = '9nncc20mrfugem6ep8dl66vh53' AND `user_id` = '0'  [ RunTime:0.001000s ]
INFO: [ app_end ] --START--
INFO: Run Behavior\ShowPageTraceBehavior [ RunTime:0.001000s ]
INFO: [ app_end ] --END-- [ RunTime:0.002000s ]

[ 2016-08-11T09:58:45+08:00 ] 127.0.0.1 /index.php/Home/User/ajaxGetUserIsLogin
INFO: [ app_begin ] --START--
INFO: Run Behavior\ReadHtmlCacheBehavior [ RunTime:0.001000s ]
INFO: [ app_begin ] --END-- [ RunTime:0.002000s ]
NOTIC: [2048] Declaration of Admin\Model\CatModel::_after_insert() should be compatible with Think\Model::_after_insert($data, $options) D:\www\shop\Application\Admin\Model\CatModel.class.php 第 10 行.
NOTIC: [2048] Declaration of Admin\Model\CatModel::_after_update() should be compatible with Think\Model::_after_update($data, $options) D:\www\shop\Application\Admin\Model\CatModel.class.php 第 10 行.
NOTIC: [2048] Declaration of Admin\Model\CatModel::_before_delete() should be compatible with Think\Model::_before_delete($options) D:\www\shop\Application\Admin\Model\CatModel.class.php 第 10 行.
NOTIC: [2048] Declaration of Admin\Model\CatModel::_after_delete() should be compatible with Think\Model::_after_delete($data, $options) D:\www\shop\Application\Admin\Model\CatModel.class.php 第 10 行.
SQL: SHOW COLUMNS FROM `yt_cat` [ RunTime:0.005001s ]
INFO: [ app_end ] --START--
INFO: Run Behavior\ShowPageTraceBehavior [ RunTime:0.000000s ]
INFO: [ app_end ] --END-- [ RunTime:0.001000s ]

[ 2016-08-11T09:58:45+08:00 ] 127.0.0.1 /index.php/Home/Cart/ajaxGetUserCartInfo
INFO: [ app_begin ] --START--
INFO: Run Behavior\ReadHtmlCacheBehavior [ RunTime:0.002000s ]
INFO: [ app_begin ] --END-- [ RunTime:0.002000s ]
NOTIC: [2048] Declaration of Admin\Model\CartModel::_after_insert() should be compatible with Think\Model::_after_insert($data, $options) D:\www\shop\Application\Admin\Model\CartModel.class.php 第 10 行.
NOTIC: [2048] Declaration of Admin\Model\CartModel::_after_update() should be compatible with Think\Model::_after_update($data, $options) D:\www\shop\Application\Admin\Model\CartModel.class.php 第 10 行.
NOTIC: [2048] Declaration of Admin\Model\CartModel::_after_delete() should be compatible with Think\Model::_after_delete($data, $options) D:\www\shop\Application\Admin\Model\CartModel.class.php 第 10 行.
SQL: SHOW COLUMNS FROM `yt_cart` [ RunTime:0.005000s ]
SQL: SELECT sum(goods_amount) goods_amount FROM `yt_cart` WHERE `user_session_id` = '9nncc20mrfugem6ep8dl66vh53' AND `user_id` = '0'  [ RunTime:0.001000s ]
SQL: SELECT a.id,a.goods_id,a.goods_price,a.goods_amount,b.goods_name,b.goods_thumb_small FROM yt_cart a LEFT JOIN yt_goods b ON a.goods_id = b.goods_id  WHERE `user_session_id` = '9nncc20mrfugem6ep8dl66vh53' AND `user_id` = '0' ORDER BY a.goods_add_time DESC  [ RunTime:0.000000s ]
SQL: SELECT `goods_price`,`goods_amount` FROM `yt_cart` WHERE `user_session_id` = '9nncc20mrfugem6ep8dl66vh53' AND `user_id` = '0'  [ RunTime:0.000000s ]
NOTIC: [2] Invalid argument supplied for foreach() D:\www\shop\Application\Home\Controller\CartController.class.php 第 230 行.
INFO: [ view_parse ] --START--
INFO: [ template_filter ] --START--
INFO: Run Behavior\ContentReplaceBehavior [ RunTime:0.000000s ]
INFO: [ template_filter ] --END-- [ RunTime:0.000000s ]
INFO: Run Behavior\ParseTemplateBehavior [ RunTime:0.010001s ]
INFO: [ view_parse ] --END-- [ RunTime:0.010001s ]
INFO: [ view_filter ] --START--
INFO: Run Behavior\WriteHtmlCacheBehavior [ RunTime:0.000000s ]
INFO: [ view_filter ] --END-- [ RunTime:0.000000s ]
INFO: [ app_end ] --START--
INFO: Run Behavior\ShowPageTraceBehavior [ RunTime:0.001000s ]
INFO: [ app_end ] --END-- [ RunTime:0.001000s ]

[ 2016-08-11T10:15:58+08:00 ] 127.0.0.1 /index.php/Home/User/ajaxGetUserIsLogin
INFO: [ app_begin ] --START--
INFO: Run Behavior\ReadHtmlCacheBehavior [ RunTime:0.001000s ]
INFO: [ app_begin ] --END-- [ RunTime:0.001000s ]
NOTIC: [2048] Declaration of Admin\Model\CatModel::_after_insert() should be compatible with Think\Model::_after_insert($data, $options) D:\www\shop\Application\Admin\Model\CatModel.class.php 第 10 行.
NOTIC: [2048] Declaration of Admin\Model\CatModel::_after_update() should be compatible with Think\Model::_after_update($data, $options) D:\www\shop\Application\Admin\Model\CatModel.class.php 第 10 行.
NOTIC: [2048] Declaration of Admin\Model\CatModel::_before_delete() should be compatible with Think\Model::_before_delete($options) D:\www\shop\Application\Admin\Model\CatModel.class.php 第 10 行.
NOTIC: [2048] Declaration of Admin\Model\CatModel::_after_delete() should be compatible with Think\Model::_after_delete($data, $options) D:\www\shop\Application\Admin\Model\CatModel.class.php 第 10 行.
SQL: SHOW COLUMNS FROM `yt_cat` [ RunTime:0.006000s ]
INFO: [ app_end ] --START--
INFO: Run Behavior\ShowPageTraceBehavior [ RunTime:0.002000s ]
INFO: [ app_end ] --END-- [ RunTime:0.002000s ]

[ 2016-08-11T10:15:58+08:00 ] 127.0.0.1 /index.php/Home/Cart/ajaxGetUserCartGoodsNumber
INFO: [ app_begin ] --START--
INFO: Run Behavior\ReadHtmlCacheBehavior [ RunTime:0.001000s ]
INFO: [ app_begin ] --END-- [ RunTime:0.002000s ]
NOTIC: [2048] Declaration of Admin\Model\CartModel::_after_insert() should be compatible with Think\Model::_after_insert($data, $options) D:\www\shop\Application\Admin\Model\CartModel.class.php 第 10 行.
NOTIC: [2048] Declaration of Admin\Model\CartModel::_after_update() should be compatible with Think\Model::_after_update($data, $options) D:\www\shop\Application\Admin\Model\CartModel.class.php 第 10 行.
NOTIC: [2048] Declaration of Admin\Model\CartModel::_after_delete() should be compatible with Think\Model::_after_delete($data, $options) D:\www\shop\Application\Admin\Model\CartModel.class.php 第 10 行.
SQL: SHOW COLUMNS FROM `yt_cart` [ RunTime:0.004000s ]
SQL: SELECT sum(goods_amount) goods_amount FROM `yt_cart` WHERE `user_session_id` = '9nncc20mrfugem6ep8dl66vh53' AND `user_id` = '0'  [ RunTime:0.000000s ]
INFO: [ app_end ] --START--
INFO: Run Behavior\ShowPageTraceBehavior [ RunTime:0.001000s ]
INFO: [ app_end ] --END-- [ RunTime:0.001000s ]

[ 2016-08-11T10:15:58+08:00 ] 127.0.0.1 /index.php/Home/Cart/ajaxGetUserCartInfo
INFO: [ app_begin ] --START--
INFO: Run Behavior\ReadHtmlCacheBehavior [ RunTime:0.002000s ]
INFO: [ app_begin ] --END-- [ RunTime:0.002000s ]
NOTIC: [2048] Declaration of Admin\Model\CartModel::_after_insert() should be compatible with Think\Model::_after_insert($data, $options) D:\www\shop\Application\Admin\Model\CartModel.class.php 第 10 行.
NOTIC: [2048] Declaration of Admin\Model\CartModel::_after_update() should be compatible with Think\Model::_after_update($data, $options) D:\www\shop\Application\Admin\Model\CartModel.class.php 第 10 行.
NOTIC: [2048] Declaration of Admin\Model\CartModel::_after_delete() should be compatible with Think\Model::_after_delete($data, $options) D:\www\shop\Application\Admin\Model\CartModel.class.php 第 10 行.
SQL: SHOW COLUMNS FROM `yt_cart` [ RunTime:0.004000s ]
SQL: SELECT sum(goods_amount) goods_amount FROM `yt_cart` WHERE `user_session_id` = '9nncc20mrfugem6ep8dl66vh53' AND `user_id` = '0'  [ RunTime:0.000000s ]
SQL: SELECT a.id,a.goods_id,a.goods_price,a.goods_amount,b.goods_name,b.goods_thumb_small FROM yt_cart a LEFT JOIN yt_goods b ON a.goods_id = b.goods_id  WHERE `user_session_id` = '9nncc20mrfugem6ep8dl66vh53' AND `user_id` = '0' ORDER BY a.goods_add_time DESC  [ RunTime:0.001000s ]
SQL: SELECT `goods_price`,`goods_amount` FROM `yt_cart` WHERE `user_session_id` = '9nncc20mrfugem6ep8dl66vh53' AND `user_id` = '0'  [ RunTime:0.001001s ]
NOTIC: [2] Invalid argument supplied for foreach() D:\www\shop\Application\Home\Controller\CartController.class.php 第 230 行.
INFO: [ view_parse ] --START--
INFO: [ template_filter ] --START--
INFO: Run Behavior\ContentReplaceBehavior [ RunTime:0.000000s ]
INFO: [ template_filter ] --END-- [ RunTime:0.000000s ]
INFO: Run Behavior\ParseTemplateBehavior [ RunTime:0.010000s ]
INFO: [ view_parse ] --END-- [ RunTime:0.010000s ]
INFO: [ view_filter ] --START--
INFO: Run Behavior\WriteHtmlCacheBehavior [ RunTime:0.001000s ]
INFO: [ view_filter ] --END-- [ RunTime:0.001000s ]
INFO: [ app_end ] --START--
INFO: Run Behavior\ShowPageTraceBehavior [ RunTime:0.001000s ]
INFO: [ app_end ] --END-- [ RunTime:0.001000s ]

[ 2016-08-11T10:15:58+08:00 ] 127.0.0.1 /index.php/Home/Goods/ajaxGetNavHistory
INFO: [ app_begin ] --START--
INFO: Run Behavior\ReadHtmlCacheBehavior [ RunTime:0.001000s ]
INFO: [ app_begin ] --END-- [ RunTime:0.002000s ]
NOTIC: [2048] Declaration of Admin\Model\CatModel::_after_insert() should be compatible with Think\Model::_after_insert($data, $options) D:\www\shop\Application\Admin\Model\CatModel.class.php 第 10 行.
NOTIC: [2048] Declaration of Admin\Model\CatModel::_after_update() should be compatible with Think\Model::_after_update($data, $options) D:\www\shop\Application\Admin\Model\CatModel.class.php 第 10 行.
NOTIC: [2048] Declaration of Admin\Model\CatModel::_before_delete() should be compatible with Think\Model::_before_delete($options) D:\www\shop\Application\Admin\Model\CatModel.class.php 第 10 行.
NOTIC: [2048] Declaration of Admin\Model\CatModel::_after_delete() should be compatible with Think\Model::_after_delete($data, $options) D:\www\shop\Application\Admin\Model\CatModel.class.php 第 10 行.
SQL: SHOW COLUMNS FROM `yt_cat` [ RunTime:0.005001s ]
SQL: SHOW COLUMNS FROM `yt_goods` [ RunTime:0.005000s ]
SQL: SELECT `goods_id`,`goods_thumb_smallest` FROM `yt_goods` WHERE `goods_id` = 3 LIMIT 1   [ RunTime:0.001000s ]
SQL: SELECT `goods_id`,`goods_thumb_smallest` FROM `yt_goods` WHERE `goods_id` = 5 LIMIT 1   [ RunTime:0.000000s ]
SQL: SELECT `goods_id`,`goods_thumb_smallest` FROM `yt_goods` WHERE `goods_id` = 2 LIMIT 1   [ RunTime:0.000000s ]
SQL: SELECT `goods_id`,`goods_thumb_smallest` FROM `yt_goods` WHERE `goods_id` = 4 LIMIT 1   [ RunTime:0.001000s ]

[ 2016-08-11T10:16:02+08:00 ] 127.0.0.1 /index.php/Home/Goods/goods/id/1.html
NOTIC: D方法实例化没找到模型类Admin\Model\GoodsAttrModel
NOTIC: D方法实例化没找到模型类Admin\Model\GoodsGalleryModel
NOTIC: D方法实例化没找到模型类Admin\Model\ExtendCatModel

[ 2016-08-11T10:16:03+08:00 ] 127.0.0.1 /index.php/Home/Cart/ajaxGetUserCartInfo
INFO: [ app_begin ] --START--
INFO: Run Behavior\ReadHtmlCacheBehavior [ RunTime:0.001000s ]
INFO: [ app_begin ] --END-- [ RunTime:0.002000s ]
NOTIC: [2048] Declaration of Admin\Model\CartModel::_after_insert() should be compatible with Think\Model::_after_insert($data, $options) D:\www\shop\Application\Admin\Model\CartModel.class.php 第 10 行.
NOTIC: [2048] Declaration of Admin\Model\CartModel::_after_update() should be compatible with Think\Model::_after_update($data, $options) D:\www\shop\Application\Admin\Model\CartModel.class.php 第 10 行.
NOTIC: [2048] Declaration of Admin\Model\CartModel::_after_delete() should be compatible with Think\Model::_after_delete($data, $options) D:\www\shop\Application\Admin\Model\CartModel.class.php 第 10 行.
SQL: SHOW COLUMNS FROM `yt_cart` [ RunTime:0.010001s ]
SQL: SELECT sum(goods_amount) goods_amount FROM `yt_cart` WHERE `user_session_id` = '9nncc20mrfugem6ep8dl66vh53' AND `user_id` = '0'  [ RunTime:0.001000s ]
SQL: SELECT a.id,a.goods_id,a.goods_price,a.goods_amount,b.goods_name,b.goods_thumb_small FROM yt_cart a LEFT JOIN yt_goods b ON a.goods_id = b.goods_id  WHERE `user_session_id` = '9nncc20mrfugem6ep8dl66vh53' AND `user_id` = '0' ORDER BY a.goods_add_time DESC  [ RunTime:0.001000s ]
SQL: SELECT `goods_price`,`goods_amount` FROM `yt_cart` WHERE `user_session_id` = '9nncc20mrfugem6ep8dl66vh53' AND `user_id` = '0'  [ RunTime:0.001000s ]
NOTIC: [2] Invalid argument supplied for foreach() D:\www\shop\Application\Home\Controller\CartController.class.php 第 230 行.
INFO: [ view_parse ] --START--
INFO: [ template_filter ] --START--
INFO: Run Behavior\ContentReplaceBehavior [ RunTime:0.000000s ]
INFO: [ template_filter ] --END-- [ RunTime:0.000000s ]
INFO: Run Behavior\ParseTemplateBehavior [ RunTime:0.015001s ]
INFO: [ view_parse ] --END-- [ RunTime:0.015001s ]
INFO: [ view_filter ] --START--
INFO: Run Behavior\WriteHtmlCacheBehavior [ RunTime:0.001000s ]
INFO: [ view_filter ] --END-- [ RunTime:0.001000s ]
INFO: [ app_end ] --START--
INFO: Run Behavior\ShowPageTraceBehavior [ RunTime:0.000000s ]
INFO: [ app_end ] --END-- [ RunTime:0.001000s ]

[ 2016-08-11T10:16:03+08:00 ] 127.0.0.1 /index.php/Home/Goods/ajaxGetNavHistory
INFO: [ app_begin ] --START--
INFO: Run Behavior\ReadHtmlCacheBehavior [ RunTime:0.001000s ]
INFO: [ app_begin ] --END-- [ RunTime:0.006000s ]
NOTIC: [2048] Declaration of Admin\Model\CatModel::_after_insert() should be compatible with Think\Model::_after_insert($data, $options) D:\www\shop\Application\Admin\Model\CatModel.class.php 第 10 行.
NOTIC: [2048] Declaration of Admin\Model\CatModel::_after_update() should be compatible with Think\Model::_after_update($data, $options) D:\www\shop\Application\Admin\Model\CatModel.class.php 第 10 行.
NOTIC: [2048] Declaration of Admin\Model\CatModel::_before_delete() should be compatible with Think\Model::_before_delete($options) D:\www\shop\Application\Admin\Model\CatModel.class.php 第 10 行.
NOTIC: [2048] Declaration of Admin\Model\CatModel::_after_delete() should be compatible with Think\Model::_after_delete($data, $options) D:\www\shop\Application\Admin\Model\CatModel.class.php 第 10 行.
SQL: SHOW COLUMNS FROM `yt_cat` [ RunTime:0.006000s ]
SQL: SHOW COLUMNS FROM `yt_goods` [ RunTime:0.005000s ]
SQL: SELECT `goods_id`,`goods_thumb_smallest` FROM `yt_goods` WHERE `goods_id` = 3 LIMIT 1   [ RunTime:0.001000s ]
SQL: SELECT `goods_id`,`goods_thumb_smallest` FROM `yt_goods` WHERE `goods_id` = 5 LIMIT 1   [ RunTime:0.000000s ]
SQL: SELECT `goods_id`,`goods_thumb_smallest` FROM `yt_goods` WHERE `goods_id` = 2 LIMIT 1   [ RunTime:0.000000s ]
SQL: SELECT `goods_id`,`goods_thumb_smallest` FROM `yt_goods` WHERE `goods_id` = 4 LIMIT 1   [ RunTime:0.005001s ]

[ 2016-08-11T10:16:03+08:00 ] 127.0.0.1 /index.php/Home/Cart/ajaxGetUserCartGoodsNumber
INFO: [ app_begin ] --START--
INFO: Run Behavior\ReadHtmlCacheBehavior [ RunTime:0.002000s ]
INFO: [ app_begin ] --END-- [ RunTime:0.002000s ]
NOTIC: [2048] Declaration of Admin\Model\CartModel::_after_insert() should be compatible with Think\Model::_after_insert($data, $options) D:\www\shop\Application\Admin\Model\CartModel.class.php 第 10 行.
NOTIC: [2048] Declaration of Admin\Model\CartModel::_after_update() should be compatible with Think\Model::_after_update($data, $options) D:\www\shop\Application\Admin\Model\CartModel.class.php 第 10 行.
NOTIC: [2048] Declaration of Admin\Model\CartModel::_after_delete() should be compatible with Think\Model::_after_delete($data, $options) D:\www\shop\Application\Admin\Model\CartModel.class.php 第 10 行.
SQL: SHOW COLUMNS FROM `yt_cart` [ RunTime:0.005000s ]
SQL: SELECT sum(goods_amount) goods_amount FROM `yt_cart` WHERE `user_session_id` = '9nncc20mrfugem6ep8dl66vh53' AND `user_id` = '0'  [ RunTime:0.000000s ]
INFO: [ app_end ] --START--
INFO: Run Behavior\ShowPageTraceBehavior [ RunTime:0.001000s ]
INFO: [ app_end ] --END-- [ RunTime:0.001000s ]

[ 2016-08-11T10:16:03+08:00 ] 127.0.0.1 /index.php/Home/Goods/ajaxGetGoodsPrice
INFO: [ app_begin ] --START--
INFO: Run Behavior\ReadHtmlCacheBehavior [ RunTime:0.001000s ]
INFO: [ app_begin ] --END-- [ RunTime:0.002000s ]
NOTIC: [2048] Declaration of Admin\Model\CatModel::_after_insert() should be compatible with Think\Model::_after_insert($data, $options) D:\www\shop\Application\Admin\Model\CatModel.class.php 第 10 行.
NOTIC: [2048] Declaration of Admin\Model\CatModel::_after_update() should be compatible with Think\Model::_after_update($data, $options) D:\www\shop\Application\Admin\Model\CatModel.class.php 第 10 行.
NOTIC: [2048] Declaration of Admin\Model\CatModel::_before_delete() should be compatible with Think\Model::_before_delete($options) D:\www\shop\Application\Admin\Model\CatModel.class.php 第 10 行.
NOTIC: [2048] Declaration of Admin\Model\CatModel::_after_delete() should be compatible with Think\Model::_after_delete($data, $options) D:\www\shop\Application\Admin\Model\CatModel.class.php 第 10 行.
SQL: SHOW COLUMNS FROM `yt_cat` [ RunTime:0.005000s ]
NOTIC: [2048] Declaration of Admin\Model\GoodsModel::_after_insert() should be compatible with Think\Model::_after_insert($data, $options) D:\www\shop\Application\Admin\Model\GoodsModel.class.php 第 1276 行.
NOTIC: [2048] Declaration of Admin\Model\GoodsModel::_after_update() should be compatible with Think\Model::_after_update($data, $options) D:\www\shop\Application\Admin\Model\GoodsModel.class.php 第 1276 行.
NOTIC: [2048] Declaration of Admin\Model\GoodsModel::_after_delete() should be compatible with Think\Model::_after_delete($data, $options) D:\www\shop\Application\Admin\Model\GoodsModel.class.php 第 1276 行.
SQL: SHOW COLUMNS FROM `yt_goods` [ RunTime:0.006001s ]
SQL: SHOW COLUMNS FROM `yt_goods_attr` [ RunTime:0.005000s ]
SQL: SELECT `id`,`attr_id`,`attr_value`,`goods_id` FROM `yt_goods_attr` WHERE `goods_id` = '1' AND `attr_id` IN ('')  [ RunTime:0.000000s ]
NOTIC: [2] Invalid argument supplied for foreach() D:\www\shop\Application\Admin\Model\GoodsModel.class.php 第 1157 行.
SQL: SHOW COLUMNS FROM `yt_goods_stock` [ RunTime:0.005001s ]
SQL: SELECT `goods_id`,`value_list` FROM `yt_goods_stock` WHERE `goods_id` = '1'  [ RunTime:0.000000s ]
NOTIC: [2] Invalid argument supplied for foreach() D:\www\shop\Application\Admin\Model\GoodsModel.class.php 第 1172 行.
SQL: SELECT `goods_shop_price`,`is_promote`,`goods_promote_price`,`promote_start_time`,`promote_end_time`,`user_is_discount` FROM `yt_goods` WHERE `goods_id` = 1 LIMIT 1   [ RunTime:0.000000s ]
SQL: SELECT * FROM `yt_goods_stock` WHERE `goods_id` = '1' AND `value_list` = '' LIMIT 1   [ RunTime:0.001000s ]
INFO: [ app_end ] --START--
INFO: Run Behavior\ShowPageTraceBehavior [ RunTime:0.001000s ]
INFO: [ app_end ] --END-- [ RunTime:0.001000s ]

[ 2016-08-11T10:16:03+08:00 ] 127.0.0.1 /index.php/Home/Goods/ajaxGetHistoryGoods/oid/0/gid/1/optId/0
INFO: [ app_begin ] --START--
INFO: Run Behavior\ReadHtmlCacheBehavior [ RunTime:0.004001s ]
INFO: [ app_begin ] --END-- [ RunTime:0.005001s ]
NOTIC: [2048] Declaration of Admin\Model\CatModel::_after_insert() should be compatible with Think\Model::_after_insert($data, $options) D:\www\shop\Application\Admin\Model\CatModel.class.php 第 10 行.
NOTIC: [2048] Declaration of Admin\Model\CatModel::_after_update() should be compatible with Think\Model::_after_update($data, $options) D:\www\shop\Application\Admin\Model\CatModel.class.php 第 10 行.
NOTIC: [2048] Declaration of Admin\Model\CatModel::_before_delete() should be compatible with Think\Model::_before_delete($options) D:\www\shop\Application\Admin\Model\CatModel.class.php 第 10 行.
NOTIC: [2048] Declaration of Admin\Model\CatModel::_after_delete() should be compatible with Think\Model::_after_delete($data, $options) D:\www\shop\Application\Admin\Model\CatModel.class.php 第 10 行.
SQL: SHOW COLUMNS FROM `yt_cat` [ RunTime:0.004000s ]
NOTIC: [2048] Declaration of Admin\Model\GoodsModel::_after_insert() should be compatible with Think\Model::_after_insert($data, $options) D:\www\shop\Application\Admin\Model\GoodsModel.class.php 第 1276 行.
NOTIC: [2048] Declaration of Admin\Model\GoodsModel::_after_update() should be compatible with Think\Model::_after_update($data, $options) D:\www\shop\Application\Admin\Model\GoodsModel.class.php 第 1276 行.
NOTIC: [2048] Declaration of Admin\Model\GoodsModel::_after_delete() should be compatible with Think\Model::_after_delete($data, $options) D:\www\shop\Application\Admin\Model\GoodsModel.class.php 第 1276 行.
SQL: SHOW COLUMNS FROM `yt_goods` [ RunTime:0.005001s ]
SQL: UPDATE `yt_goods` SET `goods_view_amount`=goods_view_amount+1 WHERE ( goods_id = 1 ) [ RunTime:0.002000s ]
SQL: SELECT `goods_id`,`goods_name`,`goods_shop_price`,`goods_thumb_small` FROM `yt_goods` WHERE `goods_id` = 1 LIMIT 1   [ RunTime:0.001000s ]
SQL: SELECT `goods_id`,`goods_name`,`goods_shop_price`,`goods_thumb_small` FROM `yt_goods` WHERE `goods_id` = 3 LIMIT 1   [ RunTime:0.000000s ]
SQL: SELECT `goods_id`,`goods_name`,`goods_shop_price`,`goods_thumb_small` FROM `yt_goods` WHERE `goods_id` = 5 LIMIT 1   [ RunTime:0.000000s ]
SQL: SELECT `goods_id`,`goods_name`,`goods_shop_price`,`goods_thumb_small` FROM `yt_goods` WHERE `goods_id` = 2 LIMIT 1   [ RunTime:0.001000s ]
SQL: SELECT `goods_id`,`goods_name`,`goods_shop_price`,`goods_thumb_small` FROM `yt_goods` WHERE `goods_id` = 4 LIMIT 1   [ RunTime:0.000000s ]

[ 2016-08-11T10:16:03+08:00 ] 127.0.0.1 /index.php/Home/User/ajaxGetUserIsLogin
INFO: [ app_begin ] --START--
INFO: Run Behavior\ReadHtmlCacheBehavior [ RunTime:0.001000s ]
INFO: [ app_begin ] --END-- [ RunTime:0.002000s ]
NOTIC: [2048] Declaration of Admin\Model\CatModel::_after_insert() should be compatible with Think\Model::_after_insert($data, $options) D:\www\shop\Application\Admin\Model\CatModel.class.php 第 10 行.
NOTIC: [2048] Declaration of Admin\Model\CatModel::_after_update() should be compatible with Think\Model::_after_update($data, $options) D:\www\shop\Application\Admin\Model\CatModel.class.php 第 10 行.
NOTIC: [2048] Declaration of Admin\Model\CatModel::_before_delete() should be compatible with Think\Model::_before_delete($options) D:\www\shop\Application\Admin\Model\CatModel.class.php 第 10 行.
NOTIC: [2048] Declaration of Admin\Model\CatModel::_after_delete() should be compatible with Think\Model::_after_delete($data, $options) D:\www\shop\Application\Admin\Model\CatModel.class.php 第 10 行.
SQL: SHOW COLUMNS FROM `yt_cat` [ RunTime:0.006000s ]
INFO: [ app_end ] --START--
INFO: Run Behavior\ShowPageTraceBehavior [ RunTime:0.000000s ]
INFO: [ app_end ] --END-- [ RunTime:0.000000s ]

[ 2016-08-11T10:16:53+08:00 ] 127.0.0.1 /index.php/Home/Goods/goods/id/1.html
NOTIC: D方法实例化没找到模型类Admin\Model\GoodsAttrModel
NOTIC: D方法实例化没找到模型类Admin\Model\GoodsGalleryModel
NOTIC: D方法实例化没找到模型类Admin\Model\ExtendCatModel

[ 2016-08-11T10:16:53+08:00 ] 127.0.0.1 /index.php/Home/Goods/ajaxGetNavHistory
INFO: [ app_begin ] --START--
INFO: Run Behavior\ReadHtmlCacheBehavior [ RunTime:0.001000s ]
INFO: [ app_begin ] --END-- [ RunTime:0.001000s ]
NOTIC: [2048] Declaration of Admin\Model\CatModel::_after_insert() should be compatible with Think\Model::_after_insert($data, $options) D:\www\shop\Application\Admin\Model\CatModel.class.php 第 10 行.
NOTIC: [2048] Declaration of Admin\Model\CatModel::_after_update() should be compatible with Think\Model::_after_update($data, $options) D:\www\shop\Application\Admin\Model\CatModel.class.php 第 10 行.
NOTIC: [2048] Declaration of Admin\Model\CatModel::_before_delete() should be compatible with Think\Model::_before_delete($options) D:\www\shop\Application\Admin\Model\CatModel.class.php 第 10 行.
NOTIC: [2048] Declaration of Admin\Model\CatModel::_after_delete() should be compatible with Think\Model::_after_delete($data, $options) D:\www\shop\Application\Admin\Model\CatModel.class.php 第 10 行.
SQL: SHOW COLUMNS FROM `yt_cat` [ RunTime:0.006000s ]
SQL: SHOW COLUMNS FROM `yt_goods` [ RunTime:0.007001s ]
SQL: SELECT `goods_id`,`goods_thumb_smallest` FROM `yt_goods` WHERE `goods_id` = 1 LIMIT 1   [ RunTime:0.001000s ]
SQL: SELECT `goods_id`,`goods_thumb_smallest` FROM `yt_goods` WHERE `goods_id` = 3 LIMIT 1   [ RunTime:0.001000s ]
SQL: SELECT `goods_id`,`goods_thumb_smallest` FROM `yt_goods` WHERE `goods_id` = 5 LIMIT 1   [ RunTime:0.000000s ]
SQL: SELECT `goods_id`,`goods_thumb_smallest` FROM `yt_goods` WHERE `goods_id` = 2 LIMIT 1   [ RunTime:0.000000s ]

[ 2016-08-11T10:16:53+08:00 ] 127.0.0.1 /index.php/Home/Goods/ajaxGetHistoryGoods/oid/0/gid/1/optId/0
INFO: [ app_begin ] --START--
INFO: Run Behavior\ReadHtmlCacheBehavior [ RunTime:0.001000s ]
INFO: [ app_begin ] --END-- [ RunTime:0.001000s ]
NOTIC: [2048] Declaration of Admin\Model\CatModel::_after_insert() should be compatible with Think\Model::_after_insert($data, $options) D:\www\shop\Application\Admin\Model\CatModel.class.php 第 10 行.
NOTIC: [2048] Declaration of Admin\Model\CatModel::_after_update() should be compatible with Think\Model::_after_update($data, $options) D:\www\shop\Application\Admin\Model\CatModel.class.php 第 10 行.
NOTIC: [2048] Declaration of Admin\Model\CatModel::_before_delete() should be compatible with Think\Model::_before_delete($options) D:\www\shop\Application\Admin\Model\CatModel.class.php 第 10 行.
NOTIC: [2048] Declaration of Admin\Model\CatModel::_after_delete() should be compatible with Think\Model::_after_delete($data, $options) D:\www\shop\Application\Admin\Model\CatModel.class.php 第 10 行.
SQL: SHOW COLUMNS FROM `yt_cat` [ RunTime:0.006001s ]
NOTIC: [2048] Declaration of Admin\Model\GoodsModel::_after_insert() should be compatible with Think\Model::_after_insert($data, $options) D:\www\shop\Application\Admin\Model\GoodsModel.class.php 第 1276 行.
NOTIC: [2048] Declaration of Admin\Model\GoodsModel::_after_update() should be compatible with Think\Model::_after_update($data, $options) D:\www\shop\Application\Admin\Model\GoodsModel.class.php 第 1276 行.
NOTIC: [2048] Declaration of Admin\Model\GoodsModel::_after_delete() should be compatible with Think\Model::_after_delete($data, $options) D:\www\shop\Application\Admin\Model\GoodsModel.class.php 第 1276 行.
SQL: SHOW COLUMNS FROM `yt_goods` [ RunTime:0.007001s ]
SQL: UPDATE `yt_goods` SET `goods_view_amount`=goods_view_amount+1 WHERE ( goods_id = 1 ) [ RunTime:0.003000s ]
SQL: SELECT `goods_id`,`goods_name`,`goods_shop_price`,`goods_thumb_small` FROM `yt_goods` WHERE `goods_id` = 1 LIMIT 1   [ RunTime:0.001000s ]
SQL: SELECT `goods_id`,`goods_name`,`goods_shop_price`,`goods_thumb_small` FROM `yt_goods` WHERE `goods_id` = 3 LIMIT 1   [ RunTime:0.001000s ]
SQL: SELECT `goods_id`,`goods_name`,`goods_shop_price`,`goods_thumb_small` FROM `yt_goods` WHERE `goods_id` = 5 LIMIT 1   [ RunTime:0.001000s ]
SQL: SELECT `goods_id`,`goods_name`,`goods_shop_price`,`goods_thumb_small` FROM `yt_goods` WHERE `goods_id` = 2 LIMIT 1   [ RunTime:0.001000s ]
SQL: SELECT `goods_id`,`goods_name`,`goods_shop_price`,`goods_thumb_small` FROM `yt_goods` WHERE `goods_id` = 4 LIMIT 1   [ RunTime:0.000000s ]

[ 2016-08-11T10:16:53+08:00 ] 127.0.0.1 /index.php/Home/User/ajaxGetUserIsLogin
INFO: [ app_begin ] --START--
INFO: Run Behavior\ReadHtmlCacheBehavior [ RunTime:0.001000s ]
INFO: [ app_begin ] --END-- [ RunTime:0.002000s ]
NOTIC: [2048] Declaration of Admin\Model\CatModel::_after_insert() should be compatible with Think\Model::_after_insert($data, $options) D:\www\shop\Application\Admin\Model\CatModel.class.php 第 10 行.
NOTIC: [2048] Declaration of Admin\Model\CatModel::_after_update() should be compatible with Think\Model::_after_update($data, $options) D:\www\shop\Application\Admin\Model\CatModel.class.php 第 10 行.
NOTIC: [2048] Declaration of Admin\Model\CatModel::_before_delete() should be compatible with Think\Model::_before_delete($options) D:\www\shop\Application\Admin\Model\CatModel.class.php 第 10 行.
NOTIC: [2048] Declaration of Admin\Model\CatModel::_after_delete() should be compatible with Think\Model::_after_delete($data, $options) D:\www\shop\Application\Admin\Model\CatModel.class.php 第 10 行.
SQL: SHOW COLUMNS FROM `yt_cat` [ RunTime:0.006000s ]
INFO: [ app_end ] --START--
INFO: Run Behavior\ShowPageTraceBehavior [ RunTime:0.001000s ]
INFO: [ app_end ] --END-- [ RunTime:0.001000s ]

[ 2016-08-11T10:16:53+08:00 ] 127.0.0.1 /index.php/Home/Cart/ajaxGetUserCartInfo
INFO: [ app_begin ] --START--
INFO: Run Behavior\ReadHtmlCacheBehavior [ RunTime:0.001000s ]
INFO: [ app_begin ] --END-- [ RunTime:0.001000s ]
NOTIC: [2048] Declaration of Admin\Model\CartModel::_after_insert() should be compatible with Think\Model::_after_insert($data, $options) D:\www\shop\Application\Admin\Model\CartModel.class.php 第 10 行.
NOTIC: [2048] Declaration of Admin\Model\CartModel::_after_update() should be compatible with Think\Model::_after_update($data, $options) D:\www\shop\Application\Admin\Model\CartModel.class.php 第 10 行.
NOTIC: [2048] Declaration of Admin\Model\CartModel::_after_delete() should be compatible with Think\Model::_after_delete($data, $options) D:\www\shop\Application\Admin\Model\CartModel.class.php 第 10 行.
SQL: SHOW COLUMNS FROM `yt_cart` [ RunTime:0.005000s ]
SQL: SELECT sum(goods_amount) goods_amount FROM `yt_cart` WHERE `user_session_id` = '9nncc20mrfugem6ep8dl66vh53' AND `user_id` = '0'  [ RunTime:0.001000s ]
SQL: SELECT a.id,a.goods_id,a.goods_price,a.goods_amount,b.goods_name,b.goods_thumb_small FROM yt_cart a LEFT JOIN yt_goods b ON a.goods_id = b.goods_id  WHERE `user_session_id` = '9nncc20mrfugem6ep8dl66vh53' AND `user_id` = '0' ORDER BY a.goods_add_time DESC  [ RunTime:0.001000s ]
SQL: SELECT `goods_price`,`goods_amount` FROM `yt_cart` WHERE `user_session_id` = '9nncc20mrfugem6ep8dl66vh53' AND `user_id` = '0'  [ RunTime:0.000000s ]
NOTIC: [2] Invalid argument supplied for foreach() D:\www\shop\Application\Home\Controller\CartController.class.php 第 230 行.
INFO: [ view_parse ] --START--
INFO: [ template_filter ] --START--
INFO: Run Behavior\ContentReplaceBehavior [ RunTime:0.000000s ]
INFO: [ template_filter ] --END-- [ RunTime:0.000000s ]
INFO: Run Behavior\ParseTemplateBehavior [ RunTime:0.013000s ]
INFO: [ view_parse ] --END-- [ RunTime:0.013000s ]
INFO: [ view_filter ] --START--
INFO: Run Behavior\WriteHtmlCacheBehavior [ RunTime:0.000000s ]
INFO: [ view_filter ] --END-- [ RunTime:0.001001s ]
INFO: [ app_end ] --START--
INFO: Run Behavior\ShowPageTraceBehavior [ RunTime:0.001000s ]
INFO: [ app_end ] --END-- [ RunTime:0.001000s ]

[ 2016-08-11T10:16:53+08:00 ] 127.0.0.1 /index.php/Home/Cart/ajaxGetUserCartGoodsNumber
INFO: [ app_begin ] --START--
INFO: Run Behavior\ReadHtmlCacheBehavior [ RunTime:0.001000s ]
INFO: [ app_begin ] --END-- [ RunTime:0.002000s ]
NOTIC: [2048] Declaration of Admin\Model\CartModel::_after_insert() should be compatible with Think\Model::_after_insert($data, $options) D:\www\shop\Application\Admin\Model\CartModel.class.php 第 10 行.
NOTIC: [2048] Declaration of Admin\Model\CartModel::_after_update() should be compatible with Think\Model::_after_update($data, $options) D:\www\shop\Application\Admin\Model\CartModel.class.php 第 10 行.
NOTIC: [2048] Declaration of Admin\Model\CartModel::_after_delete() should be compatible with Think\Model::_after_delete($data, $options) D:\www\shop\Application\Admin\Model\CartModel.class.php 第 10 行.
SQL: SHOW COLUMNS FROM `yt_cart` [ RunTime:0.005001s ]
SQL: SELECT sum(goods_amount) goods_amount FROM `yt_cart` WHERE `user_session_id` = '9nncc20mrfugem6ep8dl66vh53' AND `user_id` = '0'  [ RunTime:0.001000s ]
INFO: [ app_end ] --START--
INFO: Run Behavior\ShowPageTraceBehavior [ RunTime:0.001000s ]
INFO: [ app_end ] --END-- [ RunTime:0.001000s ]

[ 2016-08-11T10:16:53+08:00 ] 127.0.0.1 /index.php/Home/Goods/ajaxGetGoodsPrice
INFO: [ app_begin ] --START--
INFO: Run Behavior\ReadHtmlCacheBehavior [ RunTime:0.001001s ]
INFO: [ app_begin ] --END-- [ RunTime:0.001001s ]
NOTIC: [2048] Declaration of Admin\Model\CatModel::_after_insert() should be compatible with Think\Model::_after_insert($data, $options) D:\www\shop\Application\Admin\Model\CatModel.class.php 第 10 行.
NOTIC: [2048] Declaration of Admin\Model\CatModel::_after_update() should be compatible with Think\Model::_after_update($data, $options) D:\www\shop\Application\Admin\Model\CatModel.class.php 第 10 行.
NOTIC: [2048] Declaration of Admin\Model\CatModel::_before_delete() should be compatible with Think\Model::_before_delete($options) D:\www\shop\Application\Admin\Model\CatModel.class.php 第 10 行.
NOTIC: [2048] Declaration of Admin\Model\CatModel::_after_delete() should be compatible with Think\Model::_after_delete($data, $options) D:\www\shop\Application\Admin\Model\CatModel.class.php 第 10 行.
SQL: SHOW COLUMNS FROM `yt_cat` [ RunTime:0.004000s ]
NOTIC: [2048] Declaration of Admin\Model\GoodsModel::_after_insert() should be compatible with Think\Model::_after_insert($data, $options) D:\www\shop\Application\Admin\Model\GoodsModel.class.php 第 1276 行.
NOTIC: [2048] Declaration of Admin\Model\GoodsModel::_after_update() should be compatible with Think\Model::_after_update($data, $options) D:\www\shop\Application\Admin\Model\GoodsModel.class.php 第 1276 行.
NOTIC: [2048] Declaration of Admin\Model\GoodsModel::_after_delete() should be compatible with Think\Model::_after_delete($data, $options) D:\www\shop\Application\Admin\Model\GoodsModel.class.php 第 1276 行.
SQL: SHOW COLUMNS FROM `yt_goods` [ RunTime:0.005001s ]
SQL: SHOW COLUMNS FROM `yt_goods_attr` [ RunTime:0.004000s ]
SQL: SELECT `id`,`attr_id`,`attr_value`,`goods_id` FROM `yt_goods_attr` WHERE `goods_id` = '1' AND `attr_id` IN ('')  [ RunTime:0.001000s ]
NOTIC: [2] Invalid argument supplied for foreach() D:\www\shop\Application\Admin\Model\GoodsModel.class.php 第 1157 行.
SQL: SHOW COLUMNS FROM `yt_goods_stock` [ RunTime:0.004000s ]
SQL: SELECT `goods_id`,`value_list` FROM `yt_goods_stock` WHERE `goods_id` = '1'  [ RunTime:0.000000s ]
NOTIC: [2] Invalid argument supplied for foreach() D:\www\shop\Application\Admin\Model\GoodsModel.class.php 第 1172 行.
SQL: SELECT `goods_shop_price`,`is_promote`,`goods_promote_price`,`promote_start_time`,`promote_end_time`,`user_is_discount` FROM `yt_goods` WHERE `goods_id` = 1 LIMIT 1   [ RunTime:0.000000s ]
SQL: SELECT * FROM `yt_goods_stock` WHERE `goods_id` = '1' AND `value_list` = '' LIMIT 1   [ RunTime:0.000000s ]
INFO: [ app_end ] --START--
INFO: Run Behavior\ShowPageTraceBehavior [ RunTime:0.000000s ]
INFO: [ app_end ] --END-- [ RunTime:0.000000s ]

