[ 2016-07-20T08:58:41+08:00 ] 127.0.0.1 /index.php/Home/User/checkReg
INFO: [ app_begin ] --START--
INFO: Run Behavior\ReadHtmlCacheBehavior [ RunTime:0.002000s ]
INFO: [ app_begin ] --END-- [ RunTime:0.003000s ]
SQL: SHOW COLUMNS FROM `yt_user` [ RunTime:0.004000s ]
SQL: SELECT COUNT(*) AS tp_count FROM `yt_user` WHERE `user_name` = 'leiyongtao' LIMIT 1   [ RunTime:0.000000s ]
INFO: [ app_end ] --START--
INFO: Run Behavior\ShowPageTraceBehavior [ RunTime:0.001000s ]
INFO: [ app_end ] --END-- [ RunTime:0.001000s ]

[ 2016-07-20T08:58:46+08:00 ] 127.0.0.1 /index.php/Home/User/checkReg
INFO: [ app_begin ] --START--
INFO: Run Behavior\ReadHtmlCacheBehavior [ RunTime:0.001000s ]
INFO: [ app_begin ] --END-- [ RunTime:0.002000s ]
SQL: SHOW COLUMNS FROM `yt_user` [ RunTime:0.004001s ]
SQL: SELECT `user_password` FROM `yt_user` WHERE `user_name` = 'leiyongtao' LIMIT 1   [ RunTime:0.000000s ]
INFO: [ app_end ] --START--
INFO: Run Behavior\ShowPageTraceBehavior [ RunTime:0.002000s ]
INFO: [ app_end ] --END-- [ RunTime:0.002000s ]

[ 2016-07-20T08:58:55+08:00 ] 127.0.0.1 /index.php/Home/User/checkReg
INFO: [ app_begin ] --START--
INFO: Run Behavior\ReadHtmlCacheBehavior [ RunTime:0.002000s ]
INFO: [ app_begin ] --END-- [ RunTime:0.003000s ]
INFO: [ app_end ] --START--
INFO: Run Behavior\ShowPageTraceBehavior [ RunTime:0.001001s ]
INFO: [ app_end ] --END-- [ RunTime:0.001001s ]

[ 2016-07-20T09:02:40+08:00 ] 127.0.0.1 /index.php/Home/User/checkReg
INFO: [ app_begin ] --START--
INFO: Run Behavior\ReadHtmlCacheBehavior [ RunTime:0.000000s ]
INFO: [ app_begin ] --END-- [ RunTime:0.001000s ]
SQL: SHOW COLUMNS FROM `yt_user` [ RunTime:0.005000s ]
SQL: SELECT COUNT(*) AS tp_count FROM `yt_user` WHERE `user_name` = 'leiyongtao' LIMIT 1   [ RunTime:0.001000s ]
INFO: [ app_end ] --START--
INFO: Run Behavior\ShowPageTraceBehavior [ RunTime:0.000000s ]
INFO: [ app_end ] --END-- [ RunTime:0.000000s ]

[ 2016-07-20T09:02:43+08:00 ] 127.0.0.1 /index.php/Home/User/checkReg
INFO: [ app_begin ] --START--
INFO: Run Behavior\ReadHtmlCacheBehavior [ RunTime:0.001000s ]
INFO: [ app_begin ] --END-- [ RunTime:0.002000s ]
SQL: SHOW COLUMNS FROM `yt_user` [ RunTime:0.006000s ]
SQL: SELECT `user_password` FROM `yt_user` WHERE `user_name` = 'leiyongtao' LIMIT 1   [ RunTime:0.001000s ]
INFO: [ app_end ] --START--
INFO: Run Behavior\ShowPageTraceBehavior [ RunTime:0.001000s ]
INFO: [ app_end ] --END-- [ RunTime:0.001000s ]

[ 2016-07-20T09:02:50+08:00 ] 127.0.0.1 /index.php/Home/User/checkReg
INFO: [ app_begin ] --START--
INFO: Run Behavior\ReadHtmlCacheBehavior [ RunTime:0.001000s ]
INFO: [ app_begin ] --END-- [ RunTime:0.001000s ]
INFO: [ app_end ] --START--
INFO: Run Behavior\ShowPageTraceBehavior [ RunTime:0.001000s ]
INFO: [ app_end ] --END-- [ RunTime:0.001000s ]

[ 2016-07-20T09:02:57+08:00 ] 127.0.0.1 /index.php/Home/User/checkReg
INFO: [ app_begin ] --START--
INFO: Run Behavior\ReadHtmlCacheBehavior [ RunTime:0.001000s ]
INFO: [ app_begin ] --END-- [ RunTime:0.001000s ]
INFO: [ app_end ] --START--
INFO: Run Behavior\ShowPageTraceBehavior [ RunTime:0.001000s ]
INFO: [ app_end ] --END-- [ RunTime:0.001000s ]

[ 2016-07-20T09:03:08+08:00 ] 127.0.0.1 /index.php/Home/User/checkReg
INFO: [ app_begin ] --START--
INFO: Run Behavior\ReadHtmlCacheBehavior [ RunTime:0.001000s ]
INFO: [ app_begin ] --END-- [ RunTime:0.001000s ]
SQL: SHOW COLUMNS FROM `yt_user` [ RunTime:0.004000s ]
SQL: SELECT COUNT(*) AS tp_count FROM `yt_user` WHERE `user_name` = 'leiyongtao' LIMIT 1   [ RunTime:0.000000s ]
SQL: SELECT `user_password` FROM `yt_user` WHERE `user_name` = 'leiyongtao' LIMIT 1   [ RunTime:0.000000s ]
SQL: SELECT COUNT(*) AS tp_count FROM `yt_user` WHERE `user_password` = 'leiyongtao123' LIMIT 1   [ RunTime:0.000000s ]
INFO: [ app_end ] --START--
INFO: Run Behavior\ShowPageTraceBehavior [ RunTime:0.000000s ]
INFO: [ app_end ] --END-- [ RunTime:0.000000s ]

[ 2016-07-20T09:03:21+08:00 ] 127.0.0.1 /index.php/Home/User/checkReg
INFO: [ app_begin ] --START--
INFO: Run Behavior\ReadHtmlCacheBehavior [ RunTime:0.000000s ]
INFO: [ app_begin ] --END-- [ RunTime:0.000000s ]
SQL: SHOW COLUMNS FROM `yt_user` [ RunTime:0.006000s ]
SQL: SELECT COUNT(*) AS tp_count FROM `yt_user` WHERE `user_name` = 'leiyongtao123' LIMIT 1   [ RunTime:0.001000s ]
INFO: [ app_end ] --START--
INFO: Run Behavior\ShowPageTraceBehavior [ RunTime:0.001000s ]
INFO: [ app_end ] --END-- [ RunTime:0.001000s ]

[ 2016-07-20T09:03:26+08:00 ] 127.0.0.1 /index.php/Home/User/checkReg
INFO: [ app_begin ] --START--
INFO: Run Behavior\ReadHtmlCacheBehavior [ RunTime:0.001000s ]
INFO: [ app_begin ] --END-- [ RunTime:0.002000s ]
SQL: SHOW COLUMNS FROM `yt_user` [ RunTime:0.007000s ]
SQL: SELECT `user_password` FROM `yt_user` WHERE `user_name` = 'leiyongtao123' LIMIT 1   [ RunTime:0.000000s ]
INFO: [ app_end ] --START--
INFO: Run Behavior\ShowPageTraceBehavior [ RunTime:0.002000s ]
INFO: [ app_end ] --END-- [ RunTime:0.002000s ]

[ 2016-07-20T09:03:38+08:00 ] 127.0.0.1 /index.php/Home/User/checkReg
INFO: [ app_begin ] --START--
INFO: Run Behavior\ReadHtmlCacheBehavior [ RunTime:0.001000s ]
INFO: [ app_begin ] --END-- [ RunTime:0.001000s ]
SQL: SHOW COLUMNS FROM `yt_user` [ RunTime:0.006000s ]
SQL: SELECT COUNT(*) AS tp_count FROM `yt_user` WHERE `user_name` = 'leiyongtao' LIMIT 1   [ RunTime:0.000000s ]
INFO: [ app_end ] --START--
INFO: Run Behavior\ShowPageTraceBehavior [ RunTime:0.000000s ]
INFO: [ app_end ] --END-- [ RunTime:0.000000s ]

[ 2016-07-20T09:03:46+08:00 ] 127.0.0.1 /index.php/Home/User/checkReg
INFO: [ app_begin ] --START--
INFO: Run Behavior\ReadHtmlCacheBehavior [ RunTime:0.000000s ]
INFO: [ app_begin ] --END-- [ RunTime:0.001000s ]
SQL: SHOW COLUMNS FROM `yt_user` [ RunTime:0.005000s ]
SQL: SELECT `user_password` FROM `yt_user` WHERE `user_name` = 'leiyongtao' LIMIT 1   [ RunTime:0.000000s ]
INFO: [ app_end ] --START--
INFO: Run Behavior\ShowPageTraceBehavior [ RunTime:0.001000s ]
INFO: [ app_end ] --END-- [ RunTime:0.001000s ]

[ 2016-07-20T09:03:50+08:00 ] 127.0.0.1 /index.php/Home/User/checkReg
INFO: [ app_begin ] --START--
INFO: Run Behavior\ReadHtmlCacheBehavior [ RunTime:0.000000s ]
INFO: [ app_begin ] --END-- [ RunTime:0.001000s ]
SQL: SHOW COLUMNS FROM `yt_user` [ RunTime:0.005000s ]
SQL: SELECT `user_password` FROM `yt_user` WHERE `user_name` = 'leiyongtao' LIMIT 1   [ RunTime:0.000000s ]
INFO: [ app_end ] --START--
INFO: Run Behavior\ShowPageTraceBehavior [ RunTime:0.001000s ]
INFO: [ app_end ] --END-- [ RunTime:0.001000s ]

[ 2016-07-20T09:03:57+08:00 ] 127.0.0.1 /index.php/Home/User/checkReg
INFO: [ app_begin ] --START--
INFO: Run Behavior\ReadHtmlCacheBehavior [ RunTime:0.001000s ]
INFO: [ app_begin ] --END-- [ RunTime:0.002000s ]
INFO: [ app_end ] --START--
INFO: Run Behavior\ShowPageTraceBehavior [ RunTime:0.001000s ]
INFO: [ app_end ] --END-- [ RunTime:0.001000s ]

[ 2016-07-20T09:04:05+08:00 ] 127.0.0.1 /index.php/Home/User/checkReg
INFO: [ app_begin ] --START--
INFO: Run Behavior\ReadHtmlCacheBehavior [ RunTime:0.001001s ]
INFO: [ app_begin ] --END-- [ RunTime:0.002001s ]
INFO: [ app_end ] --START--
INFO: Run Behavior\ShowPageTraceBehavior [ RunTime:0.001000s ]
INFO: [ app_end ] --END-- [ RunTime:0.001000s ]

[ 2016-07-20T09:04:08+08:00 ] 127.0.0.1 /index.php/Home/User/checkReg
INFO: [ app_begin ] --START--
INFO: Run Behavior\ReadHtmlCacheBehavior [ RunTime:0.001000s ]
INFO: [ app_begin ] --END-- [ RunTime:0.001000s ]
SQL: SHOW COLUMNS FROM `yt_user` [ RunTime:0.004000s ]
SQL: SELECT COUNT(*) AS tp_count FROM `yt_user` WHERE `user_name` = 'leiyongtao' LIMIT 1   [ RunTime:0.001000s ]
SQL: SELECT `user_password` FROM `yt_user` WHERE `user_name` = 'leiyongtao' LIMIT 1   [ RunTime:0.000000s ]
SQL: SELECT COUNT(*) AS tp_count FROM `yt_user` WHERE `user_password` = 'leiyongtao123' LIMIT 1   [ RunTime:0.001000s ]
INFO: [ app_end ] --START--
INFO: Run Behavior\ShowPageTraceBehavior [ RunTime:0.001000s ]
INFO: [ app_end ] --END-- [ RunTime:0.001000s ]

[ 2016-07-20T09:04:31+08:00 ] 127.0.0.1 /index.php/Home/User/checkReg
INFO: [ app_begin ] --START--
INFO: Run Behavior\ReadHtmlCacheBehavior [ RunTime:0.001000s ]
INFO: [ app_begin ] --END-- [ RunTime:0.001000s ]
SQL: SHOW COLUMNS FROM `yt_user` [ RunTime:0.004000s ]
SQL: SELECT COUNT(*) AS tp_count FROM `yt_user` WHERE `user_name` = 'leiyongtao' LIMIT 1   [ RunTime:0.000000s ]
INFO: [ app_end ] --START--
INFO: Run Behavior\ShowPageTraceBehavior [ RunTime:0.001001s ]
INFO: [ app_end ] --END-- [ RunTime:0.001001s ]

[ 2016-07-20T09:04:36+08:00 ] 127.0.0.1 /index.php/Home/User/checkReg
INFO: [ app_begin ] --START--
INFO: Run Behavior\ReadHtmlCacheBehavior [ RunTime:0.001000s ]
INFO: [ app_begin ] --END-- [ RunTime:0.001000s ]
SQL: SHOW COLUMNS FROM `yt_user` [ RunTime:0.004000s ]
SQL: SELECT COUNT(*) AS tp_count FROM `yt_user` WHERE `user_name` = 'leiyongtao123' LIMIT 1   [ RunTime:0.000000s ]
INFO: [ app_end ] --START--
INFO: Run Behavior\ShowPageTraceBehavior [ RunTime:0.001000s ]
INFO: [ app_end ] --END-- [ RunTime:0.001000s ]

[ 2016-07-20T09:04:54+08:00 ] 127.0.0.1 /index.php/Home/User/checkReg
INFO: [ app_begin ] --START--
INFO: Run Behavior\ReadHtmlCacheBehavior [ RunTime:0.001000s ]
INFO: [ app_begin ] --END-- [ RunTime:0.001000s ]
SQL: SHOW COLUMNS FROM `yt_user` [ RunTime:0.004000s ]
SQL: SELECT COUNT(*) AS tp_count FROM `yt_user` WHERE `user_mail` = 'leiyongtao@sina.cn' LIMIT 1   [ RunTime:0.000000s ]
INFO: [ app_end ] --START--
INFO: Run Behavior\ShowPageTraceBehavior [ RunTime:0.000000s ]
INFO: [ app_end ] --END-- [ RunTime:0.000000s ]

[ 2016-07-20T09:04:58+08:00 ] 127.0.0.1 /index.php/Home/User/checkReg
INFO: [ app_begin ] --START--
INFO: Run Behavior\ReadHtmlCacheBehavior [ RunTime:0.001000s ]
INFO: [ app_begin ] --END-- [ RunTime:0.001000s ]
SQL: SHOW COLUMNS FROM `yt_user` [ RunTime:0.005000s ]
SQL: SELECT COUNT(*) AS tp_count FROM `yt_user` WHERE `user_mail` = 'leiyongtao2@sina.cn' LIMIT 1   [ RunTime:0.001000s ]
INFO: [ app_end ] --START--
INFO: Run Behavior\ShowPageTraceBehavior [ RunTime:0.001000s ]
INFO: [ app_end ] --END-- [ RunTime:0.001000s ]

[ 2016-07-20T09:05:01+08:00 ] 127.0.0.1 /index.php/Home/User/checkReg
INFO: [ app_begin ] --START--
INFO: Run Behavior\ReadHtmlCacheBehavior [ RunTime:0.000000s ]
INFO: [ app_begin ] --END-- [ RunTime:0.000000s ]
SQL: SHOW COLUMNS FROM `yt_user` [ RunTime:0.004001s ]
SQL: SELECT COUNT(*) AS tp_count FROM `yt_user` WHERE `user_tel` = '18059231231' LIMIT 1   [ RunTime:0.000000s ]
INFO: [ app_end ] --START--
INFO: Run Behavior\ShowPageTraceBehavior [ RunTime:0.001000s ]
INFO: [ app_end ] --END-- [ RunTime:0.001000s ]

[ 2016-07-20T09:05:13+08:00 ] 127.0.0.1 /index.php/Home/User/checkReg
INFO: [ app_begin ] --START--
INFO: Run Behavior\ReadHtmlCacheBehavior [ RunTime:0.001000s ]
INFO: [ app_begin ] --END-- [ RunTime:0.001000s ]
SQL: SHOW COLUMNS FROM `yt_user` [ RunTime:0.004000s ]
SQL: SELECT COUNT(*) AS tp_count FROM `yt_user` WHERE `user_tel` = '18059231231' LIMIT 1   [ RunTime:0.000000s ]
INFO: [ app_end ] --START--
INFO: Run Behavior\ShowPageTraceBehavior [ RunTime:0.001000s ]
INFO: [ app_end ] --END-- [ RunTime:0.001000s ]

[ 2016-07-20T09:05:19+08:00 ] 127.0.0.1 /index.php/Home/User/checkReg
INFO: [ app_begin ] --START--
INFO: Run Behavior\ReadHtmlCacheBehavior [ RunTime:0.001000s ]
INFO: [ app_begin ] --END-- [ RunTime:0.001000s ]
INFO: [ app_end ] --START--
INFO: Run Behavior\ShowPageTraceBehavior [ RunTime:0.000000s ]
INFO: [ app_end ] --END-- [ RunTime:0.001000s ]

[ 2016-07-20T09:05:24+08:00 ] 127.0.0.1 /index.php/Home/User/checkReg
INFO: [ app_begin ] --START--
INFO: Run Behavior\ReadHtmlCacheBehavior [ RunTime:0.000000s ]
INFO: [ app_begin ] --END-- [ RunTime:0.001000s ]
INFO: [ app_end ] --START--
INFO: Run Behavior\ShowPageTraceBehavior [ RunTime:0.001000s ]
INFO: [ app_end ] --END-- [ RunTime:0.001000s ]

[ 2016-07-20T09:05:30+08:00 ] 127.0.0.1 /index.php/Home/User/checkReg
INFO: [ app_begin ] --START--
INFO: Run Behavior\ReadHtmlCacheBehavior [ RunTime:0.001000s ]
INFO: [ app_begin ] --END-- [ RunTime:0.001000s ]
SQL: SHOW COLUMNS FROM `yt_user` [ RunTime:0.004000s ]
SQL: SELECT COUNT(*) AS tp_count FROM `yt_user` WHERE `user_name` = 'leiyongtao123' LIMIT 1   [ RunTime:0.001000s ]
SQL: SELECT COUNT(*) AS tp_count FROM `yt_user` WHERE `user_mail` = 'leiyongtao2@sina.cn' LIMIT 1   [ RunTime:0.000000s ]
SQL: SELECT COUNT(*) AS tp_count FROM `yt_user` WHERE `user_tel` = '18059231231' LIMIT 1   [ RunTime:0.001000s ]
INFO: [ app_end ] --START--
INFO: Run Behavior\ShowPageTraceBehavior [ RunTime:0.001000s ]
INFO: [ app_end ] --END-- [ RunTime:0.001000s ]

[ 2016-07-20T09:05:31+08:00 ] 127.0.0.1 /index.php/Home/User/checkReg
INFO: [ app_begin ] --START--
INFO: Run Behavior\ReadHtmlCacheBehavior [ RunTime:0.000000s ]
INFO: [ app_begin ] --END-- [ RunTime:0.001000s ]
SQL: SHOW COLUMNS FROM `yt_user` [ RunTime:0.004000s ]
SQL: SELECT COUNT(*) AS tp_count FROM `yt_user` WHERE `user_name` = 'leiyongtao123' LIMIT 1   [ RunTime:0.000000s ]
SQL: SELECT COUNT(*) AS tp_count FROM `yt_user` WHERE `user_mail` = 'leiyongtao2@sina.cn' LIMIT 1   [ RunTime:0.001000s ]
SQL: SELECT COUNT(*) AS tp_count FROM `yt_user` WHERE `user_tel` = '18059231231' LIMIT 1   [ RunTime:0.000000s ]
INFO: [ app_end ] --START--
INFO: Run Behavior\ShowPageTraceBehavior [ RunTime:0.000000s ]
INFO: [ app_end ] --END-- [ RunTime:0.001000s ]

[ 2016-07-20T09:05:31+08:00 ] 127.0.0.1 /index.php/Home/User/checkReg
INFO: [ app_begin ] --START--
INFO: Run Behavior\ReadHtmlCacheBehavior [ RunTime:0.000000s ]
INFO: [ app_begin ] --END-- [ RunTime:0.001000s ]
SQL: SHOW COLUMNS FROM `yt_user` [ RunTime:0.004000s ]
SQL: SELECT COUNT(*) AS tp_count FROM `yt_user` WHERE `user_name` = 'leiyongtao123' LIMIT 1   [ RunTime:0.000000s ]
SQL: SELECT COUNT(*) AS tp_count FROM `yt_user` WHERE `user_mail` = 'leiyongtao2@sina.cn' LIMIT 1   [ RunTime:0.001000s ]
SQL: SELECT COUNT(*) AS tp_count FROM `yt_user` WHERE `user_tel` = '18059231231' LIMIT 1   [ RunTime:0.000000s ]
INFO: [ app_end ] --START--
INFO: Run Behavior\ShowPageTraceBehavior [ RunTime:0.000000s ]
INFO: [ app_end ] --END-- [ RunTime:0.000000s ]

[ 2016-07-20T09:05:35+08:00 ] 127.0.0.1 /index.php/Home/User/checkReg
INFO: [ app_begin ] --START--
INFO: Run Behavior\ReadHtmlCacheBehavior [ RunTime:0.001000s ]
INFO: [ app_begin ] --END-- [ RunTime:0.001000s ]
SQL: SHOW COLUMNS FROM `yt_user` [ RunTime:0.004000s ]
SQL: SELECT COUNT(*) AS tp_count FROM `yt_user` WHERE `user_name` = 'leiyongtao123' LIMIT 1   [ RunTime:0.000000s ]
SQL: SELECT COUNT(*) AS tp_count FROM `yt_user` WHERE `user_mail` = 'leiyongtao2@sina.cn' LIMIT 1   [ RunTime:0.000000s ]
SQL: SELECT COUNT(*) AS tp_count FROM `yt_user` WHERE `user_tel` = '18059231231' LIMIT 1   [ RunTime:0.000000s ]
INFO: [ app_end ] --START--
INFO: Run Behavior\ShowPageTraceBehavior [ RunTime:0.000000s ]
INFO: [ app_end ] --END-- [ RunTime:0.000000s ]

[ 2016-07-20T09:05:35+08:00 ] 127.0.0.1 /index.php/Home/User/checkReg
INFO: [ app_begin ] --START--
INFO: Run Behavior\ReadHtmlCacheBehavior [ RunTime:0.001000s ]
INFO: [ app_begin ] --END-- [ RunTime:0.001000s ]
SQL: SHOW COLUMNS FROM `yt_user` [ RunTime:0.004001s ]
SQL: SELECT COUNT(*) AS tp_count FROM `yt_user` WHERE `user_name` = 'leiyongtao123' LIMIT 1   [ RunTime:0.000000s ]
SQL: SELECT COUNT(*) AS tp_count FROM `yt_user` WHERE `user_mail` = 'leiyongtao2@sina.cn' LIMIT 1   [ RunTime:0.001000s ]
SQL: SELECT COUNT(*) AS tp_count FROM `yt_user` WHERE `user_tel` = '18059231231' LIMIT 1   [ RunTime:0.000000s ]
INFO: [ app_end ] --START--
INFO: Run Behavior\ShowPageTraceBehavior [ RunTime:0.001000s ]
INFO: [ app_end ] --END-- [ RunTime:0.001000s ]

[ 2016-07-20T09:05:35+08:00 ] 127.0.0.1 /index.php/Home/User/checkReg
INFO: [ app_begin ] --START--
INFO: Run Behavior\ReadHtmlCacheBehavior [ RunTime:0.000000s ]
INFO: [ app_begin ] --END-- [ RunTime:0.001000s ]
SQL: SHOW COLUMNS FROM `yt_user` [ RunTime:0.004000s ]
SQL: SELECT COUNT(*) AS tp_count FROM `yt_user` WHERE `user_name` = 'leiyongtao123' LIMIT 1   [ RunTime:0.000000s ]
SQL: SELECT COUNT(*) AS tp_count FROM `yt_user` WHERE `user_mail` = 'leiyongtao2@sina.cn' LIMIT 1   [ RunTime:0.001001s ]
SQL: SELECT COUNT(*) AS tp_count FROM `yt_user` WHERE `user_tel` = '18059231231' LIMIT 1   [ RunTime:0.000000s ]
INFO: [ app_end ] --START--
INFO: Run Behavior\ShowPageTraceBehavior [ RunTime:0.000000s ]
INFO: [ app_end ] --END-- [ RunTime:0.001000s ]

[ 2016-07-20T09:05:38+08:00 ] 127.0.0.1 /index.php/Home/User/checkReg
INFO: [ app_begin ] --START--
INFO: Run Behavior\ReadHtmlCacheBehavior [ RunTime:0.000000s ]
INFO: [ app_begin ] --END-- [ RunTime:0.001000s ]
SQL: SHOW COLUMNS FROM `yt_user` [ RunTime:0.004000s ]
SQL: SELECT COUNT(*) AS tp_count FROM `yt_user` WHERE `user_name` = 'leiyongtao123' LIMIT 1   [ RunTime:0.000000s ]
SQL: SELECT COUNT(*) AS tp_count FROM `yt_user` WHERE `user_mail` = 'leiyongtao2@sina.cn' LIMIT 1   [ RunTime:0.001000s ]
SQL: SELECT COUNT(*) AS tp_count FROM `yt_user` WHERE `user_tel` = '18059231231' LIMIT 1   [ RunTime:0.000000s ]
INFO: [ app_end ] --START--
INFO: Run Behavior\ShowPageTraceBehavior [ RunTime:0.001000s ]
INFO: [ app_end ] --END-- [ RunTime:0.001000s ]

[ 2016-07-20T09:05:38+08:00 ] 127.0.0.1 /index.php/Home/User/checkReg
INFO: [ app_begin ] --START--
INFO: Run Behavior\ReadHtmlCacheBehavior [ RunTime:0.000000s ]
INFO: [ app_begin ] --END-- [ RunTime:0.001000s ]
SQL: SHOW COLUMNS FROM `yt_user` [ RunTime:0.004001s ]
SQL: SELECT COUNT(*) AS tp_count FROM `yt_user` WHERE `user_name` = 'leiyongtao123' LIMIT 1   [ RunTime:0.000000s ]
SQL: SELECT COUNT(*) AS tp_count FROM `yt_user` WHERE `user_mail` = 'leiyongtao2@sina.cn' LIMIT 1   [ RunTime:0.001000s ]
SQL: SELECT COUNT(*) AS tp_count FROM `yt_user` WHERE `user_tel` = '18059231231' LIMIT 1   [ RunTime:0.000000s ]
INFO: [ app_end ] --START--
INFO: Run Behavior\ShowPageTraceBehavior [ RunTime:0.000000s ]
INFO: [ app_end ] --END-- [ RunTime:0.000000s ]

[ 2016-07-20T09:05:39+08:00 ] 127.0.0.1 /index.php/Home/User/checkReg
INFO: [ app_begin ] --START--
INFO: Run Behavior\ReadHtmlCacheBehavior [ RunTime:0.001001s ]
INFO: [ app_begin ] --END-- [ RunTime:0.001001s ]
SQL: SHOW COLUMNS FROM `yt_user` [ RunTime:0.006000s ]
SQL: SELECT COUNT(*) AS tp_count FROM `yt_user` WHERE `user_name` = 'leiyongtao123' LIMIT 1   [ RunTime:0.001000s ]
SQL: SELECT COUNT(*) AS tp_count FROM `yt_user` WHERE `user_mail` = 'leiyongtao2@sina.cn' LIMIT 1   [ RunTime:0.000000s ]
SQL: SELECT COUNT(*) AS tp_count FROM `yt_user` WHERE `user_tel` = '18059231231' LIMIT 1   [ RunTime:0.001000s ]
INFO: [ app_end ] --START--
INFO: Run Behavior\ShowPageTraceBehavior [ RunTime:0.001000s ]
INFO: [ app_end ] --END-- [ RunTime:0.001000s ]

[ 2016-07-20T09:05:40+08:00 ] 127.0.0.1 /index.php/Home/User/checkReg
INFO: [ app_begin ] --START--
INFO: Run Behavior\ReadHtmlCacheBehavior [ RunTime:0.000000s ]
INFO: [ app_begin ] --END-- [ RunTime:0.000000s ]
SQL: SHOW COLUMNS FROM `yt_user` [ RunTime:0.005001s ]
SQL: SELECT COUNT(*) AS tp_count FROM `yt_user` WHERE `user_name` = 'leiyongtao123' LIMIT 1   [ RunTime:0.000000s ]
SQL: SELECT COUNT(*) AS tp_count FROM `yt_user` WHERE `user_mail` = 'leiyongtao2@sina.cn' LIMIT 1   [ RunTime:0.001000s ]
SQL: SELECT COUNT(*) AS tp_count FROM `yt_user` WHERE `user_tel` = '18059231231' LIMIT 1   [ RunTime:0.000000s ]
INFO: [ app_end ] --START--
INFO: Run Behavior\ShowPageTraceBehavior [ RunTime:0.001000s ]
INFO: [ app_end ] --END-- [ RunTime:0.001000s ]

[ 2016-07-20T09:05:40+08:00 ] 127.0.0.1 /index.php/Home/User/checkReg
INFO: [ app_begin ] --START--
INFO: Run Behavior\ReadHtmlCacheBehavior [ RunTime:0.000000s ]
INFO: [ app_begin ] --END-- [ RunTime:0.002000s ]
SQL: SHOW COLUMNS FROM `yt_user` [ RunTime:0.005000s ]
SQL: SELECT COUNT(*) AS tp_count FROM `yt_user` WHERE `user_name` = 'leiyongtao123' LIMIT 1   [ RunTime:0.001000s ]
SQL: SELECT COUNT(*) AS tp_count FROM `yt_user` WHERE `user_mail` = 'leiyongtao2@sina.cn' LIMIT 1   [ RunTime:0.000000s ]
SQL: SELECT COUNT(*) AS tp_count FROM `yt_user` WHERE `user_tel` = '18059231231' LIMIT 1   [ RunTime:0.000000s ]
INFO: [ app_end ] --START--
INFO: Run Behavior\ShowPageTraceBehavior [ RunTime:0.001000s ]
INFO: [ app_end ] --END-- [ RunTime:0.001000s ]

[ 2016-07-20T09:05:41+08:00 ] 127.0.0.1 /index.php/Home/User/checkReg
INFO: [ app_begin ] --START--
INFO: Run Behavior\ReadHtmlCacheBehavior [ RunTime:0.001000s ]
INFO: [ app_begin ] --END-- [ RunTime:0.001000s ]
SQL: SHOW COLUMNS FROM `yt_user` [ RunTime:0.004000s ]
SQL: SELECT COUNT(*) AS tp_count FROM `yt_user` WHERE `user_name` = 'leiyongtao123' LIMIT 1   [ RunTime:0.000000s ]
SQL: SELECT COUNT(*) AS tp_count FROM `yt_user` WHERE `user_mail` = 'leiyongtao2@sina.cn' LIMIT 1   [ RunTime:0.000000s ]
SQL: SELECT COUNT(*) AS tp_count FROM `yt_user` WHERE `user_tel` = '18059231231' LIMIT 1   [ RunTime:0.000000s ]
INFO: [ app_end ] --START--
INFO: Run Behavior\ShowPageTraceBehavior [ RunTime:0.000000s ]
INFO: [ app_end ] --END-- [ RunTime:0.000000s ]

[ 2016-07-20T09:05:41+08:00 ] 127.0.0.1 /index.php/Home/User/checkReg
INFO: [ app_begin ] --START--
INFO: Run Behavior\ReadHtmlCacheBehavior [ RunTime:0.001000s ]
INFO: [ app_begin ] --END-- [ RunTime:0.001000s ]
SQL: SHOW COLUMNS FROM `yt_user` [ RunTime:0.005000s ]
SQL: SELECT COUNT(*) AS tp_count FROM `yt_user` WHERE `user_name` = 'leiyongtao123' LIMIT 1   [ RunTime:0.000000s ]
SQL: SELECT COUNT(*) AS tp_count FROM `yt_user` WHERE `user_mail` = 'leiyongtao2@sina.cn' LIMIT 1   [ RunTime:0.001000s ]
SQL: SELECT COUNT(*) AS tp_count FROM `yt_user` WHERE `user_tel` = '18059231231' LIMIT 1   [ RunTime:0.000000s ]
INFO: [ app_end ] --START--
INFO: Run Behavior\ShowPageTraceBehavior [ RunTime:0.001000s ]
INFO: [ app_end ] --END-- [ RunTime:0.001000s ]

[ 2016-07-20T09:05:42+08:00 ] 127.0.0.1 /index.php/Home/User/checkReg
INFO: [ app_begin ] --START--
INFO: Run Behavior\ReadHtmlCacheBehavior [ RunTime:0.000000s ]
INFO: [ app_begin ] --END-- [ RunTime:0.001000s ]
SQL: SHOW COLUMNS FROM `yt_user` [ RunTime:0.004001s ]
SQL: SELECT COUNT(*) AS tp_count FROM `yt_user` WHERE `user_name` = 'leiyongtao123' LIMIT 1   [ RunTime:0.000000s ]
SQL: SELECT COUNT(*) AS tp_count FROM `yt_user` WHERE `user_mail` = 'leiyongtao2@sina.cn' LIMIT 1   [ RunTime:0.001000s ]
SQL: SELECT COUNT(*) AS tp_count FROM `yt_user` WHERE `user_tel` = '18059231231' LIMIT 1   [ RunTime:0.000000s ]
INFO: [ app_end ] --START--
INFO: Run Behavior\ShowPageTraceBehavior [ RunTime:0.000000s ]
INFO: [ app_end ] --END-- [ RunTime:0.000000s ]

[ 2016-07-20T09:05:47+08:00 ] 127.0.0.1 /index.php/Home/User/checkReg
INFO: [ app_begin ] --START--
INFO: Run Behavior\ReadHtmlCacheBehavior [ RunTime:0.001000s ]
INFO: [ app_begin ] --END-- [ RunTime:0.001000s ]
INFO: [ app_end ] --START--
INFO: Run Behavior\ShowPageTraceBehavior [ RunTime:0.001000s ]
INFO: [ app_end ] --END-- [ RunTime:0.001000s ]

[ 2016-07-20T09:05:48+08:00 ] 127.0.0.1 /index.php/Home/User/checkReg
INFO: [ app_begin ] --START--
INFO: Run Behavior\ReadHtmlCacheBehavior [ RunTime:0.000000s ]
INFO: [ app_begin ] --END-- [ RunTime:0.001000s ]
SQL: SHOW COLUMNS FROM `yt_user` [ RunTime:0.005000s ]
SQL: SELECT COUNT(*) AS tp_count FROM `yt_user` WHERE `user_name` = 'leiyongtao123' LIMIT 1   [ RunTime:0.000000s ]
SQL: SELECT COUNT(*) AS tp_count FROM `yt_user` WHERE `user_mail` = 'leiyongtao2@sina.cn' LIMIT 1   [ RunTime:0.001001s ]
SQL: SELECT COUNT(*) AS tp_count FROM `yt_user` WHERE `user_tel` = '18059231231' LIMIT 1   [ RunTime:0.000000s ]
INFO: [ app_end ] --START--
INFO: Run Behavior\ShowPageTraceBehavior [ RunTime:0.001000s ]
INFO: [ app_end ] --END-- [ RunTime:0.001000s ]

[ 2016-07-20T09:10:37+08:00 ] 127.0.0.1 /index.php/Home/User/checkReg
INFO: [ app_begin ] --START--
INFO: Run Behavior\ReadHtmlCacheBehavior [ RunTime:0.001000s ]
INFO: [ app_begin ] --END-- [ RunTime:0.001000s ]
SQL: SHOW COLUMNS FROM `yt_user` [ RunTime:0.004000s ]
SQL: SELECT COUNT(*) AS tp_count FROM `yt_user` WHERE `user_name` = 'leiyongtao123' LIMIT 1   [ RunTime:0.000000s ]
INFO: [ app_end ] --START--
INFO: Run Behavior\ShowPageTraceBehavior [ RunTime:0.001000s ]
INFO: [ app_end ] --END-- [ RunTime:0.001000s ]

[ 2016-07-20T09:10:41+08:00 ] 127.0.0.1 /index.php/Home/User/checkReg
INFO: [ app_begin ] --START--
INFO: Run Behavior\ReadHtmlCacheBehavior [ RunTime:0.000000s ]
INFO: [ app_begin ] --END-- [ RunTime:0.001000s ]
SQL: SHOW COLUMNS FROM `yt_user` [ RunTime:0.004000s ]
SQL: SELECT COUNT(*) AS tp_count FROM `yt_user` WHERE `user_name` = 'leiyongtao' LIMIT 1   [ RunTime:0.000000s ]
INFO: [ app_end ] --START--
INFO: Run Behavior\ShowPageTraceBehavior [ RunTime:0.001001s ]
INFO: [ app_end ] --END-- [ RunTime:0.001001s ]

[ 2016-07-20T09:10:45+08:00 ] 127.0.0.1 /index.php/Home/User/checkReg
INFO: [ app_begin ] --START--
INFO: Run Behavior\ReadHtmlCacheBehavior [ RunTime:0.001000s ]
INFO: [ app_begin ] --END-- [ RunTime:0.002000s ]
SQL: SHOW COLUMNS FROM `yt_user` [ RunTime:0.005001s ]
SQL: SELECT `user_password` FROM `yt_user` WHERE `user_name` = 'leiyongtao' LIMIT 1   [ RunTime:0.001000s ]
INFO: [ app_end ] --START--
INFO: Run Behavior\ShowPageTraceBehavior [ RunTime:0.001000s ]
INFO: [ app_end ] --END-- [ RunTime:0.001000s ]

[ 2016-07-20T09:10:56+08:00 ] 127.0.0.1 /index.php/Home/User/checkReg
INFO: [ app_begin ] --START--
INFO: Run Behavior\ReadHtmlCacheBehavior [ RunTime:0.001000s ]
INFO: [ app_begin ] --END-- [ RunTime:0.002000s ]
INFO: [ app_end ] --START--
INFO: Run Behavior\ShowPageTraceBehavior [ RunTime:0.001000s ]
INFO: [ app_end ] --END-- [ RunTime:0.001000s ]

[ 2016-07-20T09:10:59+08:00 ] 127.0.0.1 /index.php/Home/User/checkReg
INFO: [ app_begin ] --START--
INFO: Run Behavior\ReadHtmlCacheBehavior [ RunTime:0.000000s ]
INFO: [ app_begin ] --END-- [ RunTime:0.001000s ]
SQL: SHOW COLUMNS FROM `yt_user` [ RunTime:0.005000s ]
SQL: SELECT COUNT(*) AS tp_count FROM `yt_user` WHERE `user_name` = 'leiyongtao' LIMIT 1   [ RunTime:0.001000s ]
SQL: SELECT `user_password` FROM `yt_user` WHERE `user_name` = 'leiyongtao' LIMIT 1   [ RunTime:0.001000s ]
SQL: SELECT COUNT(*) AS tp_count FROM `yt_user` WHERE `user_password` = 'leiyongtao123' LIMIT 1   [ RunTime:0.000000s ]
INFO: [ app_end ] --START--
INFO: Run Behavior\ShowPageTraceBehavior [ RunTime:0.001000s ]
INFO: [ app_end ] --END-- [ RunTime:0.002001s ]

[ 2016-07-20T09:27:44+08:00 ] 127.0.0.1 /index.php/Home/User/checkReg
INFO: [ app_begin ] --START--
INFO: Run Behavior\ReadHtmlCacheBehavior [ RunTime:0.000000s ]
INFO: [ app_begin ] --END-- [ RunTime:0.001000s ]
SQL: SHOW COLUMNS FROM `yt_user` [ RunTime:0.004000s ]
SQL: SELECT COUNT(*) AS tp_count FROM `yt_user` WHERE `user_name` = 'leiyongtao' LIMIT 1   [ RunTime:0.001000s ]
INFO: [ app_end ] --START--
INFO: Run Behavior\ShowPageTraceBehavior [ RunTime:0.001000s ]
INFO: [ app_end ] --END-- [ RunTime:0.001000s ]

[ 2016-07-20T09:27:47+08:00 ] 127.0.0.1 /index.php/Home/User/checkReg
INFO: [ app_begin ] --START--
INFO: Run Behavior\ReadHtmlCacheBehavior [ RunTime:0.001000s ]
INFO: [ app_begin ] --END-- [ RunTime:0.002000s ]
SQL: SHOW COLUMNS FROM `yt_user` [ RunTime:0.005000s ]
SQL: SELECT COUNT(*) AS tp_count FROM `yt_user` WHERE `user_name` = 'leiyongtao123' LIMIT 1   [ RunTime:0.000000s ]
INFO: [ app_end ] --START--
INFO: Run Behavior\ShowPageTraceBehavior [ RunTime:0.001000s ]
INFO: [ app_end ] --END-- [ RunTime:0.002000s ]

[ 2016-07-20T09:29:26+08:00 ] 127.0.0.1 /index.php/Home/User/checkReg
INFO: [ app_begin ] --START--
INFO: Run Behavior\ReadHtmlCacheBehavior [ RunTime:0.001000s ]
INFO: [ app_begin ] --END-- [ RunTime:0.002000s ]
SQL: SHOW COLUMNS FROM `yt_user` [ RunTime:0.004000s ]
SQL: SELECT COUNT(*) AS tp_count FROM `yt_user` WHERE `user_name` = 'leiyongtao' LIMIT 1   [ RunTime:0.000000s ]
INFO: [ app_end ] --START--
INFO: Run Behavior\ShowPageTraceBehavior [ RunTime:0.001000s ]
INFO: [ app_end ] --END-- [ RunTime:0.001000s ]

[ 2016-07-20T09:29:28+08:00 ] 127.0.0.1 /index.php/Home/User/checkReg
INFO: [ app_begin ] --START--
INFO: Run Behavior\ReadHtmlCacheBehavior [ RunTime:0.001000s ]
INFO: [ app_begin ] --END-- [ RunTime:0.001000s ]
SQL: SHOW COLUMNS FROM `yt_user` [ RunTime:0.005000s ]
SQL: SELECT COUNT(*) AS tp_count FROM `yt_user` WHERE `user_name` = 'leiyongtao123' LIMIT 1   [ RunTime:0.001000s ]
INFO: [ app_end ] --START--
INFO: Run Behavior\ShowPageTraceBehavior [ RunTime:0.001000s ]
INFO: [ app_end ] --END-- [ RunTime:0.001000s ]

[ 2016-07-20T09:31:36+08:00 ] 127.0.0.1 /index.php/Home/User/checkReg
INFO: [ app_begin ] --START--
INFO: Run Behavior\ReadHtmlCacheBehavior [ RunTime:0.001000s ]
INFO: [ app_begin ] --END-- [ RunTime:0.001000s ]
SQL: SHOW COLUMNS FROM `yt_user` [ RunTime:0.005000s ]
SQL: SELECT COUNT(*) AS tp_count FROM `yt_user` WHERE `user_name` = 'leiyongtao123' LIMIT 1   [ RunTime:0.001000s ]
INFO: [ app_end ] --START--
INFO: Run Behavior\ShowPageTraceBehavior [ RunTime:0.001000s ]
INFO: [ app_end ] --END-- [ RunTime:0.001000s ]

[ 2016-07-20T09:35:22+08:00 ] 127.0.0.1 /index.php/Home/User/checkReg
INFO: [ app_begin ] --START--
INFO: Run Behavior\ReadHtmlCacheBehavior [ RunTime:0.001000s ]
INFO: [ app_begin ] --END-- [ RunTime:0.002000s ]
SQL: SHOW COLUMNS FROM `yt_user` [ RunTime:0.005000s ]
SQL: SELECT COUNT(*) AS tp_count FROM `yt_user` WHERE `user_name` = 'leiyongtao' LIMIT 1   [ RunTime:0.000000s ]
INFO: [ app_end ] --START--
INFO: Run Behavior\ShowPageTraceBehavior [ RunTime:0.001000s ]
INFO: [ app_end ] --END-- [ RunTime:0.001000s ]

[ 2016-07-20T09:35:25+08:00 ] 127.0.0.1 /index.php/Home/User/checkReg
INFO: [ app_begin ] --START--
INFO: Run Behavior\ReadHtmlCacheBehavior [ RunTime:0.001000s ]
INFO: [ app_begin ] --END-- [ RunTime:0.002000s ]
SQL: SHOW COLUMNS FROM `yt_user` [ RunTime:0.006001s ]
SQL: SELECT COUNT(*) AS tp_count FROM `yt_user` WHERE `user_name` = 'leiyongtao123' LIMIT 1   [ RunTime:0.001000s ]
INFO: [ app_end ] --START--
INFO: Run Behavior\ShowPageTraceBehavior [ RunTime:0.001000s ]
INFO: [ app_end ] --END-- [ RunTime:0.001000s ]

[ 2016-07-20T09:40:03+08:00 ] 127.0.0.1 /index.php/Home/User/checkReg
INFO: [ app_begin ] --START--
INFO: Run Behavior\ReadHtmlCacheBehavior [ RunTime:0.000000s ]
INFO: [ app_begin ] --END-- [ RunTime:0.002001s ]
SQL: SHOW COLUMNS FROM `yt_user` [ RunTime:0.004000s ]
SQL: SELECT COUNT(*) AS tp_count FROM `yt_user` WHERE `user_name` = 'leiyongtao123' LIMIT 1   [ RunTime:0.001001s ]
INFO: [ app_end ] --START--
INFO: Run Behavior\ShowPageTraceBehavior [ RunTime:0.001000s ]
INFO: [ app_end ] --END-- [ RunTime:0.001000s ]

[ 2016-07-20T09:40:14+08:00 ] 127.0.0.1 /index.php/Home/User/checkReg
INFO: [ app_begin ] --START--
INFO: Run Behavior\ReadHtmlCacheBehavior [ RunTime:0.001000s ]
INFO: [ app_begin ] --END-- [ RunTime:0.001000s ]
SQL: SHOW COLUMNS FROM `yt_user` [ RunTime:0.005001s ]
SQL: SELECT COUNT(*) AS tp_count FROM `yt_user` WHERE `user_mail` = 'leiyongtao2@sina.cn' LIMIT 1   [ RunTime:0.001000s ]
INFO: [ app_end ] --START--
INFO: Run Behavior\ShowPageTraceBehavior [ RunTime:0.001000s ]
INFO: [ app_end ] --END-- [ RunTime:0.001000s ]

[ 2016-07-20T09:40:16+08:00 ] 127.0.0.1 /index.php/Home/User/checkReg
INFO: [ app_begin ] --START--
INFO: Run Behavior\ReadHtmlCacheBehavior [ RunTime:0.001000s ]
INFO: [ app_begin ] --END-- [ RunTime:0.002000s ]
SQL: SHOW COLUMNS FROM `yt_user` [ RunTime:0.005000s ]
SQL: SELECT COUNT(*) AS tp_count FROM `yt_user` WHERE `user_tel` = '18059231231' LIMIT 1   [ RunTime:0.000000s ]
INFO: [ app_end ] --START--
INFO: Run Behavior\ShowPageTraceBehavior [ RunTime:0.001001s ]
INFO: [ app_end ] --END-- [ RunTime:0.001001s ]

[ 2016-07-20T09:40:23+08:00 ] 127.0.0.1 /index.php/Home/User/checkReg
INFO: [ app_begin ] --START--
INFO: Run Behavior\ReadHtmlCacheBehavior [ RunTime:0.001000s ]
INFO: [ app_begin ] --END-- [ RunTime:0.001000s ]
INFO: [ app_end ] --START--
INFO: Run Behavior\ShowPageTraceBehavior [ RunTime:0.001001s ]
INFO: [ app_end ] --END-- [ RunTime:0.001001s ]

[ 2016-07-20T09:40:28+08:00 ] 127.0.0.1 /index.php/Home/User/checkReg
INFO: [ app_begin ] --START--
INFO: Run Behavior\ReadHtmlCacheBehavior [ RunTime:0.001000s ]
INFO: [ app_begin ] --END-- [ RunTime:0.001000s ]
SQL: SHOW COLUMNS FROM `yt_user` [ RunTime:0.004000s ]
SQL: SELECT COUNT(*) AS tp_count FROM `yt_user` WHERE `user_name` = 'leiyongtao123' LIMIT 1   [ RunTime:0.000000s ]
SQL: SELECT COUNT(*) AS tp_count FROM `yt_user` WHERE `user_mail` = 'leiyongtao2@sina.cn' LIMIT 1   [ RunTime:0.001000s ]
SQL: SELECT COUNT(*) AS tp_count FROM `yt_user` WHERE `user_tel` = '18059231231' LIMIT 1   [ RunTime:0.000000s ]
INFO: [ app_end ] --START--
INFO: Run Behavior\ShowPageTraceBehavior [ RunTime:0.001000s ]
INFO: [ app_end ] --END-- [ RunTime:0.001000s ]

[ 2016-07-20T09:40:51+08:00 ] 127.0.0.1 /index.php/Home/User/checkReg
INFO: [ app_begin ] --START--
INFO: Run Behavior\ReadHtmlCacheBehavior [ RunTime:0.002000s ]
INFO: [ app_begin ] --END-- [ RunTime:0.002000s ]
SQL: SHOW COLUMNS FROM `yt_user` [ RunTime:0.004000s ]
SQL: SELECT COUNT(*) AS tp_count FROM `yt_user` WHERE `user_name` = 'leiyongtao123' LIMIT 1   [ RunTime:0.001000s ]
INFO: [ app_end ] --START--
INFO: Run Behavior\ShowPageTraceBehavior [ RunTime:0.001000s ]
INFO: [ app_end ] --END-- [ RunTime:0.001000s ]

[ 2016-07-20T09:41:02+08:00 ] 127.0.0.1 /index.php/Home/User/checkReg
INFO: [ app_begin ] --START--
INFO: Run Behavior\ReadHtmlCacheBehavior [ RunTime:0.001000s ]
INFO: [ app_begin ] --END-- [ RunTime:0.001000s ]
SQL: SHOW COLUMNS FROM `yt_user` [ RunTime:0.005001s ]
SQL: SELECT COUNT(*) AS tp_count FROM `yt_user` WHERE `user_mail` = 'leiyongtao2@sina.cn' LIMIT 1   [ RunTime:0.000000s ]
INFO: [ app_end ] --START--
INFO: Run Behavior\ShowPageTraceBehavior [ RunTime:0.001000s ]
INFO: [ app_end ] --END-- [ RunTime:0.002000s ]

[ 2016-07-20T09:41:05+08:00 ] 127.0.0.1 /index.php/Home/User/checkReg
INFO: [ app_begin ] --START--
INFO: Run Behavior\ReadHtmlCacheBehavior [ RunTime:0.000000s ]
INFO: [ app_begin ] --END-- [ RunTime:0.001000s ]
SQL: SHOW COLUMNS FROM `yt_user` [ RunTime:0.005001s ]
SQL: SELECT COUNT(*) AS tp_count FROM `yt_user` WHERE `user_tel` = '18059231231' LIMIT 1   [ RunTime:0.000000s ]
INFO: [ app_end ] --START--
INFO: Run Behavior\ShowPageTraceBehavior [ RunTime:0.001000s ]
INFO: [ app_end ] --END-- [ RunTime:0.002000s ]

[ 2016-07-20T09:41:13+08:00 ] 127.0.0.1 /index.php/Home/User/checkReg
INFO: [ app_begin ] --START--
INFO: Run Behavior\ReadHtmlCacheBehavior [ RunTime:0.001000s ]
INFO: [ app_begin ] --END-- [ RunTime:0.001000s ]
INFO: [ app_end ] --START--
INFO: Run Behavior\ShowPageTraceBehavior [ RunTime:0.001000s ]
INFO: [ app_end ] --END-- [ RunTime:0.001000s ]

[ 2016-07-20T09:41:22+08:00 ] 127.0.0.1 /index.php/Home/User/checkReg
INFO: [ app_begin ] --START--
INFO: Run Behavior\ReadHtmlCacheBehavior [ RunTime:0.001000s ]
INFO: [ app_begin ] --END-- [ RunTime:0.002000s ]
SQL: SHOW COLUMNS FROM `yt_user` [ RunTime:0.005000s ]
SQL: SELECT COUNT(*) AS tp_count FROM `yt_user` WHERE `user_name` = 'leiyongtao123' LIMIT 1   [ RunTime:0.000000s ]
SQL: SELECT COUNT(*) AS tp_count FROM `yt_user` WHERE `user_mail` = 'leiyongtao2@sina.cn' LIMIT 1   [ RunTime:0.000000s ]
SQL: SELECT COUNT(*) AS tp_count FROM `yt_user` WHERE `user_tel` = '18059231231' LIMIT 1   [ RunTime:0.001000s ]
INFO: [ app_end ] --START--
INFO: Run Behavior\ShowPageTraceBehavior [ RunTime:0.001000s ]
INFO: [ app_end ] --END-- [ RunTime:0.001000s ]

[ 2016-07-20T09:41:40+08:00 ] 127.0.0.1 /index.php/Home/User/checkReg
INFO: [ app_begin ] --START--
INFO: Run Behavior\ReadHtmlCacheBehavior [ RunTime:0.001000s ]
INFO: [ app_begin ] --END-- [ RunTime:0.002000s ]
SQL: SHOW COLUMNS FROM `yt_user` [ RunTime:0.005000s ]
SQL: SELECT COUNT(*) AS tp_count FROM `yt_user` WHERE `user_name` = 'leiyongtao123' LIMIT 1   [ RunTime:0.001000s ]
INFO: [ app_end ] --START--
INFO: Run Behavior\ShowPageTraceBehavior [ RunTime:0.001000s ]
INFO: [ app_end ] --END-- [ RunTime:0.001000s ]

[ 2016-07-20T09:41:51+08:00 ] 127.0.0.1 /index.php/Home/User/checkReg
INFO: [ app_begin ] --START--
INFO: Run Behavior\ReadHtmlCacheBehavior [ RunTime:0.000000s ]
INFO: [ app_begin ] --END-- [ RunTime:0.001000s ]
SQL: SHOW COLUMNS FROM `yt_user` [ RunTime:0.005001s ]
SQL: SELECT COUNT(*) AS tp_count FROM `yt_user` WHERE `user_mail` = 'leiyongtao2@sina.cn' LIMIT 1   [ RunTime:0.001000s ]
INFO: [ app_end ] --START--
INFO: Run Behavior\ShowPageTraceBehavior [ RunTime:0.001000s ]
INFO: [ app_end ] --END-- [ RunTime:0.001000s ]

[ 2016-07-20T09:41:54+08:00 ] 127.0.0.1 /index.php/Home/User/checkReg
INFO: [ app_begin ] --START--
INFO: Run Behavior\ReadHtmlCacheBehavior [ RunTime:0.001000s ]
INFO: [ app_begin ] --END-- [ RunTime:0.002000s ]
SQL: SHOW COLUMNS FROM `yt_user` [ RunTime:0.006000s ]
SQL: SELECT COUNT(*) AS tp_count FROM `yt_user` WHERE `user_tel` = '18059231231' LIMIT 1   [ RunTime:0.001000s ]
INFO: [ app_end ] --START--
INFO: Run Behavior\ShowPageTraceBehavior [ RunTime:0.002000s ]
INFO: [ app_end ] --END-- [ RunTime:0.002000s ]

[ 2016-07-20T09:42:00+08:00 ] 127.0.0.1 /index.php/Home/User/checkReg
INFO: [ app_begin ] --START--
INFO: Run Behavior\ReadHtmlCacheBehavior [ RunTime:0.001000s ]
INFO: [ app_begin ] --END-- [ RunTime:0.002001s ]
INFO: [ app_end ] --START--
INFO: Run Behavior\ShowPageTraceBehavior [ RunTime:0.001000s ]
INFO: [ app_end ] --END-- [ RunTime:0.002000s ]

[ 2016-07-20T09:42:03+08:00 ] 127.0.0.1 /index.php/Home/User/checkReg
INFO: [ app_begin ] --START--
INFO: Run Behavior\ReadHtmlCacheBehavior [ RunTime:0.001000s ]
INFO: [ app_begin ] --END-- [ RunTime:0.001000s ]
SQL: SHOW COLUMNS FROM `yt_user` [ RunTime:0.005000s ]
SQL: SELECT COUNT(*) AS tp_count FROM `yt_user` WHERE `user_name` = 'leiyongtao123' LIMIT 1   [ RunTime:0.000000s ]
SQL: SELECT COUNT(*) AS tp_count FROM `yt_user` WHERE `user_mail` = 'leiyongtao2@sina.cn' LIMIT 1   [ RunTime:0.000000s ]
SQL: SELECT COUNT(*) AS tp_count FROM `yt_user` WHERE `user_tel` = '18059231231' LIMIT 1   [ RunTime:0.001000s ]
INFO: [ app_end ] --START--
INFO: Run Behavior\ShowPageTraceBehavior [ RunTime:0.001000s ]
INFO: [ app_end ] --END-- [ RunTime:0.001000s ]

[ 2016-07-20T09:43:59+08:00 ] 127.0.0.1 /index.php/Home/User/checkReg
INFO: [ app_begin ] --START--
INFO: Run Behavior\ReadHtmlCacheBehavior [ RunTime:0.001000s ]
INFO: [ app_begin ] --END-- [ RunTime:0.001000s ]
SQL: SHOW COLUMNS FROM `yt_user` [ RunTime:0.005000s ]
SQL: SELECT COUNT(*) AS tp_count FROM `yt_user` WHERE `user_name` = 'leiyongtao123' LIMIT 1   [ RunTime:0.001000s ]
INFO: [ app_end ] --START--
INFO: Run Behavior\ShowPageTraceBehavior [ RunTime:0.001000s ]
INFO: [ app_end ] --END-- [ RunTime:0.001000s ]

[ 2016-07-20T09:44:02+08:00 ] 127.0.0.1 /index.php/Home/User/checkReg
INFO: [ app_begin ] --START--
INFO: Run Behavior\ReadHtmlCacheBehavior [ RunTime:0.000000s ]
INFO: [ app_begin ] --END-- [ RunTime:0.001000s ]
SQL: SHOW COLUMNS FROM `yt_user` [ RunTime:0.004000s ]
SQL: SELECT COUNT(*) AS tp_count FROM `yt_user` WHERE `user_name` = 'leiyongtao' LIMIT 1   [ RunTime:0.000000s ]
INFO: [ app_end ] --START--
INFO: Run Behavior\ShowPageTraceBehavior [ RunTime:0.000000s ]
INFO: [ app_end ] --END-- [ RunTime:0.000000s ]

[ 2016-07-20T09:44:08+08:00 ] 127.0.0.1 /index.php/Home/User/checkReg
INFO: [ app_begin ] --START--
INFO: Run Behavior\ReadHtmlCacheBehavior [ RunTime:0.001000s ]
INFO: [ app_begin ] --END-- [ RunTime:0.001000s ]
SQL: SHOW COLUMNS FROM `yt_user` [ RunTime:0.005000s ]
SQL: SELECT `user_password` FROM `yt_user` WHERE `user_name` = 'leiyongtao' LIMIT 1   [ RunTime:0.001000s ]
INFO: [ app_end ] --START--
INFO: Run Behavior\ShowPageTraceBehavior [ RunTime:0.000000s ]
INFO: [ app_end ] --END-- [ RunTime:0.001000s ]

[ 2016-07-20T09:44:16+08:00 ] 127.0.0.1 /index.php/Home/User/checkReg
INFO: [ app_begin ] --START--
INFO: Run Behavior\ReadHtmlCacheBehavior [ RunTime:0.001000s ]
INFO: [ app_begin ] --END-- [ RunTime:0.001000s ]
SQL: SHOW COLUMNS FROM `yt_user` [ RunTime:0.004000s ]
SQL: SELECT `user_password` FROM `yt_user` WHERE `user_name` = 'leiyongtao' LIMIT 1   [ RunTime:0.001000s ]
INFO: [ app_end ] --START--
INFO: Run Behavior\ShowPageTraceBehavior [ RunTime:0.000000s ]
INFO: [ app_end ] --END-- [ RunTime:0.000000s ]

[ 2016-07-20T10:07:05+08:00 ] 127.0.0.1 /index.php/Home/User/checkReg
INFO: [ app_begin ] --START--
INFO: Run Behavior\ReadHtmlCacheBehavior [ RunTime:0.000000s ]
INFO: [ app_begin ] --END-- [ RunTime:0.001000s ]
SQL: SHOW COLUMNS FROM `yt_user` [ RunTime:0.004000s ]
SQL: SELECT COUNT(*) AS tp_count FROM `yt_user` WHERE `user_name` = 'leiyongtao' LIMIT 1   [ RunTime:0.000000s ]
INFO: [ app_end ] --START--
INFO: Run Behavior\ShowPageTraceBehavior [ RunTime:0.000000s ]
INFO: [ app_end ] --END-- [ RunTime:0.000000s ]

[ 2016-07-20T10:07:09+08:00 ] 127.0.0.1 /index.php/Home/User/checkReg
INFO: [ app_begin ] --START--
INFO: Run Behavior\ReadHtmlCacheBehavior [ RunTime:0.001000s ]
INFO: [ app_begin ] --END-- [ RunTime:0.001000s ]
SQL: SHOW COLUMNS FROM `yt_user` [ RunTime:0.006000s ]
SQL: SELECT `user_id`,`user_name`,`user_password`,`user_level` FROM `yt_user` WHERE `user_name` = 'leiyongtao' LIMIT 1   [ RunTime:0.001000s ]
NOTIC: [8] Undefined variable: password D:\www\shop\Application\Home\Controller\UserController.class.php 第 39 行.
NOTIC: [8] Undefined variable: password D:\www\shop\Application\Home\Controller\UserController.class.php 第 44 行.
INFO: [ app_end ] --START--
INFO: Run Behavior\ShowPageTraceBehavior [ RunTime:0.000000s ]
INFO: [ app_end ] --END-- [ RunTime:0.000000s ]

[ 2016-07-20T10:07:18+08:00 ] 127.0.0.1 /index.php/Home/User/checkReg
INFO: [ app_begin ] --START--
INFO: Run Behavior\ReadHtmlCacheBehavior [ RunTime:0.001000s ]
INFO: [ app_begin ] --END-- [ RunTime:0.001000s ]
SQL: SHOW COLUMNS FROM `yt_user` [ RunTime:0.005000s ]
SQL: SELECT `user_id`,`user_name`,`user_password`,`user_level` FROM `yt_user` WHERE `user_name` = 'leiyongtao' LIMIT 1   [ RunTime:0.001000s ]
NOTIC: [8] Undefined variable: password D:\www\shop\Application\Home\Controller\UserController.class.php 第 39 行.
NOTIC: [8] Undefined variable: password D:\www\shop\Application\Home\Controller\UserController.class.php 第 44 行.
INFO: [ app_end ] --START--
INFO: Run Behavior\ShowPageTraceBehavior [ RunTime:0.001000s ]
INFO: [ app_end ] --END-- [ RunTime:0.001000s ]

[ 2016-07-20T10:08:14+08:00 ] 127.0.0.1 /index.php/Home/User/checkReg
INFO: [ app_begin ] --START--
INFO: Run Behavior\ReadHtmlCacheBehavior [ RunTime:0.001000s ]
INFO: [ app_begin ] --END-- [ RunTime:0.001000s ]
SQL: SHOW COLUMNS FROM `yt_user` [ RunTime:0.004000s ]
SQL: SELECT COUNT(*) AS tp_count FROM `yt_user` WHERE `user_name` = 'leiyongtao' LIMIT 1   [ RunTime:0.000000s ]
INFO: [ app_end ] --START--
INFO: Run Behavior\ShowPageTraceBehavior [ RunTime:0.001000s ]
INFO: [ app_end ] --END-- [ RunTime:0.001000s ]

[ 2016-07-20T10:08:18+08:00 ] 127.0.0.1 /index.php/Home/User/checkReg
INFO: [ app_begin ] --START--
INFO: Run Behavior\ReadHtmlCacheBehavior [ RunTime:0.001000s ]
INFO: [ app_begin ] --END-- [ RunTime:0.002000s ]
SQL: SHOW COLUMNS FROM `yt_user` [ RunTime:0.006001s ]
SQL: SELECT `user_id`,`user_name`,`user_password`,`user_level` FROM `yt_user` WHERE `user_name` = 'leiyongtao' LIMIT 1   [ RunTime:0.001000s ]
INFO: [ app_end ] --START--
INFO: Run Behavior\ShowPageTraceBehavior [ RunTime:0.001000s ]
INFO: [ app_end ] --END-- [ RunTime:0.001000s ]

[ 2016-07-20T10:08:26+08:00 ] 127.0.0.1 /index.php/Home/User/checkReg
INFO: [ app_begin ] --START--
INFO: Run Behavior\ReadHtmlCacheBehavior [ RunTime:0.000000s ]
INFO: [ app_begin ] --END-- [ RunTime:0.001000s ]
INFO: [ app_end ] --START--
INFO: Run Behavior\ShowPageTraceBehavior [ RunTime:0.000000s ]
INFO: [ app_end ] --END-- [ RunTime:0.000000s ]

[ 2016-07-20T10:08:30+08:00 ] 127.0.0.1 /index.php/Home/User/checkReg
INFO: [ app_begin ] --START--
INFO: Run Behavior\ReadHtmlCacheBehavior [ RunTime:0.000000s ]
INFO: [ app_begin ] --END-- [ RunTime:0.001000s ]
SQL: SHOW COLUMNS FROM `yt_user` [ RunTime:0.004000s ]
SQL: SELECT COUNT(*) AS tp_count FROM `yt_user` WHERE `user_name` = 'leiyongtao' LIMIT 1   [ RunTime:0.000000s ]
SQL: SELECT `user_id`,`user_name`,`user_password`,`user_level` FROM `yt_user` WHERE `user_name` = 'leiyongtao' LIMIT 1   [ RunTime:0.000000s ]
INFO: [ app_end ] --START--
INFO: Run Behavior\ShowPageTraceBehavior [ RunTime:0.001001s ]
INFO: [ app_end ] --END-- [ RunTime:0.001001s ]

[ 2016-07-20T10:08:42+08:00 ] 127.0.0.1 /index.php/Home/User/checkReg
INFO: [ app_begin ] --START--
INFO: Run Behavior\ReadHtmlCacheBehavior [ RunTime:0.001000s ]
INFO: [ app_begin ] --END-- [ RunTime:0.001000s ]
SQL: SHOW COLUMNS FROM `yt_user` [ RunTime:0.004000s ]
SQL: SELECT `user_id`,`user_name`,`user_password`,`user_level` FROM `yt_user` WHERE `user_name` = 'leiyongtao' LIMIT 1   [ RunTime:0.001000s ]
INFO: [ app_end ] --START--
INFO: Run Behavior\ShowPageTraceBehavior [ RunTime:0.000000s ]
INFO: [ app_end ] --END-- [ RunTime:0.000000s ]

[ 2016-07-20T10:09:48+08:00 ] 127.0.0.1 /index.php/Home/User/checkReg
INFO: [ app_begin ] --START--
INFO: Run Behavior\ReadHtmlCacheBehavior [ RunTime:0.000000s ]
INFO: [ app_begin ] --END-- [ RunTime:0.001000s ]
SQL: SHOW COLUMNS FROM `yt_user` [ RunTime:0.005001s ]
SQL: SELECT COUNT(*) AS tp_count FROM `yt_user` WHERE `user_name` = 'leiyongtao' LIMIT 1   [ RunTime:0.001000s ]
INFO: [ app_end ] --START--
INFO: Run Behavior\ShowPageTraceBehavior [ RunTime:0.001000s ]
INFO: [ app_end ] --END-- [ RunTime:0.001000s ]

[ 2016-07-20T10:09:52+08:00 ] 127.0.0.1 /index.php/Home/User/checkReg
INFO: [ app_begin ] --START--
INFO: Run Behavior\ReadHtmlCacheBehavior [ RunTime:0.000000s ]
INFO: [ app_begin ] --END-- [ RunTime:0.001000s ]
SQL: SHOW COLUMNS FROM `yt_user` [ RunTime:0.004000s ]
SQL: SELECT `user_id`,`user_name`,`user_password`,`user_level` FROM `yt_user` WHERE `user_name` = 'leiyongtao' LIMIT 1   [ RunTime:0.000000s ]
INFO: [ app_end ] --START--
INFO: Run Behavior\ShowPageTraceBehavior [ RunTime:0.001000s ]
INFO: [ app_end ] --END-- [ RunTime:0.001000s ]

[ 2016-07-20T10:09:59+08:00 ] 127.0.0.1 /index.php/Home/User/checkReg
INFO: [ app_begin ] --START--
INFO: Run Behavior\ReadHtmlCacheBehavior [ RunTime:0.000000s ]
INFO: [ app_begin ] --END-- [ RunTime:0.001001s ]
INFO: [ app_end ] --START--
INFO: Run Behavior\ShowPageTraceBehavior [ RunTime:0.000000s ]
INFO: [ app_end ] --END-- [ RunTime:0.000000s ]

[ 2016-07-20T10:10:01+08:00 ] 127.0.0.1 /index.php/Home/User/checkReg
INFO: [ app_begin ] --START--
INFO: Run Behavior\ReadHtmlCacheBehavior [ RunTime:0.000000s ]
INFO: [ app_begin ] --END-- [ RunTime:0.001000s ]
SQL: SHOW COLUMNS FROM `yt_user` [ RunTime:0.004000s ]
SQL: SELECT COUNT(*) AS tp_count FROM `yt_user` WHERE `user_name` = 'leiyongtao' LIMIT 1   [ RunTime:0.000000s ]
SQL: SELECT `user_id`,`user_name`,`user_password`,`user_level` FROM `yt_user` WHERE `user_name` = 'leiyongtao' LIMIT 1   [ RunTime:0.001000s ]
INFO: [ app_end ] --START--
INFO: Run Behavior\ShowPageTraceBehavior [ RunTime:0.001000s ]
INFO: [ app_end ] --END-- [ RunTime:0.001000s ]

[ 2016-07-20T10:12:01+08:00 ] 127.0.0.1 /index.php/Home/User/checkReg
INFO: [ app_begin ] --START--
INFO: Run Behavior\ReadHtmlCacheBehavior [ RunTime:0.000000s ]
INFO: [ app_begin ] --END-- [ RunTime:0.001000s ]
SQL: SHOW COLUMNS FROM `yt_user` [ RunTime:0.004000s ]
SQL: SELECT COUNT(*) AS tp_count FROM `yt_user` WHERE `user_name` = 'leiyongtao' LIMIT 1   [ RunTime:0.001000s ]
SQL: SELECT `user_id`,`user_name`,`user_password`,`user_level` FROM `yt_user` WHERE `user_name` = 'leiyongtao' LIMIT 1   [ RunTime:0.000000s ]
SQL: SHOW COLUMNS FROM `yt_admin` [ RunTime:0.004000s ]
SQL: INSERT INTO `yt_admin` (`last_login_time`,`last_login_ip`) VALUES (1468980721,'127.0.0.1') [ RunTime:0.002000s ]
INFO: [ app_end ] --START--
INFO: Run Behavior\ShowPageTraceBehavior [ RunTime:0.001000s ]
INFO: [ app_end ] --END-- [ RunTime:0.001000s ]

[ 2016-07-20T10:15:56+08:00 ] 127.0.0.1 /index.php/Home/User/checkReg
INFO: [ app_begin ] --START--
INFO: Run Behavior\ReadHtmlCacheBehavior [ RunTime:0.001000s ]
INFO: [ app_begin ] --END-- [ RunTime:0.001000s ]
SQL: SHOW COLUMNS FROM `yt_user` [ RunTime:0.004000s ]
SQL: SELECT COUNT(*) AS tp_count FROM `yt_user` WHERE `user_name` = 'leiyongtao' LIMIT 1   [ RunTime:0.001000s ]
INFO: [ app_end ] --START--
INFO: Run Behavior\ShowPageTraceBehavior [ RunTime:0.001000s ]
INFO: [ app_end ] --END-- [ RunTime:0.001000s ]

[ 2016-07-20T10:16:01+08:00 ] 127.0.0.1 /index.php/Home/User/checkReg
INFO: [ app_begin ] --START--
INFO: Run Behavior\ReadHtmlCacheBehavior [ RunTime:0.000000s ]
INFO: [ app_begin ] --END-- [ RunTime:0.001000s ]
SQL: SHOW COLUMNS FROM `yt_user` [ RunTime:0.005000s ]
SQL: SELECT `user_id`,`user_name`,`user_password`,`user_level` FROM `yt_user` WHERE `user_name` = 'leiyongtao' LIMIT 1   [ RunTime:0.001000s ]
INFO: [ app_end ] --START--
INFO: Run Behavior\ShowPageTraceBehavior [ RunTime:0.001000s ]
INFO: [ app_end ] --END-- [ RunTime:0.001000s ]

[ 2016-07-20T10:16:06+08:00 ] 127.0.0.1 /index.php/Home/User/checkReg
INFO: [ app_begin ] --START--
INFO: Run Behavior\ReadHtmlCacheBehavior [ RunTime:0.001000s ]
INFO: [ app_begin ] --END-- [ RunTime:0.001000s ]
INFO: [ app_end ] --START--
INFO: Run Behavior\ShowPageTraceBehavior [ RunTime:0.001000s ]
INFO: [ app_end ] --END-- [ RunTime:0.001000s ]

[ 2016-07-20T10:16:08+08:00 ] 127.0.0.1 /index.php/Home/User/checkReg
INFO: [ app_begin ] --START--
INFO: Run Behavior\ReadHtmlCacheBehavior [ RunTime:0.000000s ]
INFO: [ app_begin ] --END-- [ RunTime:0.001000s ]
SQL: SHOW COLUMNS FROM `yt_user` [ RunTime:0.004000s ]
SQL: SELECT COUNT(*) AS tp_count FROM `yt_user` WHERE `user_name` = 'leiyongtao' LIMIT 1   [ RunTime:0.000000s ]
SQL: SELECT `user_id`,`user_name`,`user_password`,`user_level` FROM `yt_user` WHERE `user_name` = 'leiyongtao' LIMIT 1   [ RunTime:0.001000s ]
SQL: UPDATE `yt_user` SET `last_login_time`=1468980968,`last_login_ip`='127.0.0.1' WHERE `user_id` = '1' [ RunTime:0.002001s ]
INFO: [ app_end ] --START--
INFO: Run Behavior\ShowPageTraceBehavior [ RunTime:0.001000s ]
INFO: [ app_end ] --END-- [ RunTime:0.001000s ]

[ 2016-07-20T10:16:54+08:00 ] 127.0.0.1 /index.php/Home/User/checkReg
INFO: [ app_begin ] --START--
INFO: Run Behavior\ReadHtmlCacheBehavior [ RunTime:0.001000s ]
INFO: [ app_begin ] --END-- [ RunTime:0.001000s ]
SQL: SHOW COLUMNS FROM `yt_user` [ RunTime:0.004000s ]
SQL: SELECT COUNT(*) AS tp_count FROM `yt_user` WHERE `user_name` = 'leiyongtao123' LIMIT 1   [ RunTime:0.000000s ]
INFO: [ app_end ] --START--
INFO: Run Behavior\ShowPageTraceBehavior [ RunTime:0.001000s ]
INFO: [ app_end ] --END-- [ RunTime:0.001000s ]

[ 2016-07-20T10:17:12+08:00 ] 127.0.0.1 /index.php/Home/User/checkReg
INFO: [ app_begin ] --START--
INFO: Run Behavior\ReadHtmlCacheBehavior [ RunTime:0.001000s ]
INFO: [ app_begin ] --END-- [ RunTime:0.001000s ]
SQL: SHOW COLUMNS FROM `yt_user` [ RunTime:0.005000s ]
SQL: SELECT COUNT(*) AS tp_count FROM `yt_user` WHERE `user_name` = 'leiyongtao123' LIMIT 1   [ RunTime:0.001000s ]
INFO: [ app_end ] --START--
INFO: Run Behavior\ShowPageTraceBehavior [ RunTime:0.001000s ]
INFO: [ app_end ] --END-- [ RunTime:0.001000s ]

[ 2016-07-20T10:17:23+08:00 ] 127.0.0.1 /index.php/Home/User/checkReg
INFO: [ app_begin ] --START--
INFO: Run Behavior\ReadHtmlCacheBehavior [ RunTime:0.001000s ]
INFO: [ app_begin ] --END-- [ RunTime:0.001000s ]
SQL: SHOW COLUMNS FROM `yt_user` [ RunTime:0.005001s ]
SQL: SELECT COUNT(*) AS tp_count FROM `yt_user` WHERE `user_mail` = 'leiyongtao2@sina.cn' LIMIT 1   [ RunTime:0.000000s ]
INFO: [ app_end ] --START--
INFO: Run Behavior\ShowPageTraceBehavior [ RunTime:0.001000s ]
INFO: [ app_end ] --END-- [ RunTime:0.002000s ]

[ 2016-07-20T10:17:25+08:00 ] 127.0.0.1 /index.php/Home/User/checkReg
INFO: [ app_begin ] --START--
INFO: Run Behavior\ReadHtmlCacheBehavior [ RunTime:0.001000s ]
INFO: [ app_begin ] --END-- [ RunTime:0.001000s ]
SQL: SHOW COLUMNS FROM `yt_user` [ RunTime:0.004000s ]
SQL: SELECT COUNT(*) AS tp_count FROM `yt_user` WHERE `user_tel` = '18059231231' LIMIT 1   [ RunTime:0.000000s ]
INFO: [ app_end ] --START--
INFO: Run Behavior\ShowPageTraceBehavior [ RunTime:0.001000s ]
INFO: [ app_end ] --END-- [ RunTime:0.001000s ]

[ 2016-07-20T10:17:30+08:00 ] 127.0.0.1 /index.php/Home/User/checkReg
INFO: [ app_begin ] --START--
INFO: Run Behavior\ReadHtmlCacheBehavior [ RunTime:0.000000s ]
INFO: [ app_begin ] --END-- [ RunTime:0.001001s ]
INFO: [ app_end ] --START--
INFO: Run Behavior\ShowPageTraceBehavior [ RunTime:0.001000s ]
INFO: [ app_end ] --END-- [ RunTime:0.001000s ]

[ 2016-07-20T10:17:39+08:00 ] 127.0.0.1 /index.php/Home/User/checkReg
INFO: [ app_begin ] --START--
INFO: Run Behavior\ReadHtmlCacheBehavior [ RunTime:0.001000s ]
INFO: [ app_begin ] --END-- [ RunTime:0.002000s ]
SQL: SHOW COLUMNS FROM `yt_user` [ RunTime:0.005000s ]
SQL: SELECT COUNT(*) AS tp_count FROM `yt_user` WHERE `user_name` = 'leiyongtao123' LIMIT 1   [ RunTime:0.001000s ]
SQL: SELECT COUNT(*) AS tp_count FROM `yt_user` WHERE `user_mail` = 'leiyongtao2@sina.cn' LIMIT 1   [ RunTime:0.000000s ]
SQL: SELECT COUNT(*) AS tp_count FROM `yt_user` WHERE `user_tel` = '18059231231' LIMIT 1   [ RunTime:0.000000s ]
SQL: SHOW COLUMNS FROM `yt_admin` [ RunTime:0.004000s ]
ERR: 非法数据对象！:[user_name=>leiyongtao123]

[ 2016-07-20T10:17:59+08:00 ] 127.0.0.1 /index.php/Home/User/checkReg
ERR: 非法数据对象！:[user_name=>leiyongtao123]

[ 2016-07-20T10:20:49+08:00 ] 127.0.0.1 /index.php/Home/User/checkReg
INFO: [ app_begin ] --START--
INFO: Run Behavior\ReadHtmlCacheBehavior [ RunTime:0.001000s ]
INFO: [ app_begin ] --END-- [ RunTime:0.001000s ]
SQL: SHOW COLUMNS FROM `yt_user` [ RunTime:0.006000s ]
SQL: SELECT COUNT(*) AS tp_count FROM `yt_user` WHERE `user_name` = 'leiyongtao123' LIMIT 1   [ RunTime:0.001000s ]
INFO: [ app_end ] --START--
INFO: Run Behavior\ShowPageTraceBehavior [ RunTime:0.001001s ]
INFO: [ app_end ] --END-- [ RunTime:0.001001s ]

[ 2016-07-20T10:21:06+08:00 ] 127.0.0.1 /index.php/Home/User/checkReg
INFO: [ app_begin ] --START--
INFO: Run Behavior\ReadHtmlCacheBehavior [ RunTime:0.000000s ]
INFO: [ app_begin ] --END-- [ RunTime:0.001000s ]
SQL: SHOW COLUMNS FROM `yt_user` [ RunTime:0.005000s ]
SQL: SELECT COUNT(*) AS tp_count FROM `yt_user` WHERE `user_mail` = 'leiyongtao2@sina.cn' LIMIT 1   [ RunTime:0.000000s ]
INFO: [ app_end ] --START--
INFO: Run Behavior\ShowPageTraceBehavior [ RunTime:0.001000s ]
INFO: [ app_end ] --END-- [ RunTime:0.001000s ]

[ 2016-07-20T10:21:09+08:00 ] 127.0.0.1 /index.php/Home/User/checkReg
INFO: [ app_begin ] --START--
INFO: Run Behavior\ReadHtmlCacheBehavior [ RunTime:0.000000s ]
INFO: [ app_begin ] --END-- [ RunTime:0.002000s ]
SQL: SHOW COLUMNS FROM `yt_user` [ RunTime:0.006000s ]
SQL: SELECT COUNT(*) AS tp_count FROM `yt_user` WHERE `user_tel` = '18059231231' LIMIT 1   [ RunTime:0.000000s ]
INFO: [ app_end ] --START--
INFO: Run Behavior\ShowPageTraceBehavior [ RunTime:0.001000s ]
INFO: [ app_end ] --END-- [ RunTime:0.001000s ]

[ 2016-07-20T10:21:16+08:00 ] 127.0.0.1 /index.php/Home/User/checkReg
INFO: [ app_begin ] --START--
INFO: Run Behavior\ReadHtmlCacheBehavior [ RunTime:0.001000s ]
INFO: [ app_begin ] --END-- [ RunTime:0.002000s ]
INFO: [ app_end ] --START--
INFO: Run Behavior\ShowPageTraceBehavior [ RunTime:0.000000s ]
INFO: [ app_end ] --END-- [ RunTime:0.000000s ]

[ 2016-07-20T10:21:25+08:00 ] 127.0.0.1 /index.php/Home/User/checkReg
INFO: [ app_begin ] --START--
INFO: Run Behavior\ReadHtmlCacheBehavior [ RunTime:0.000000s ]
INFO: [ app_begin ] --END-- [ RunTime:0.001000s ]
SQL: SHOW COLUMNS FROM `yt_user` [ RunTime:0.005000s ]
SQL: SELECT COUNT(*) AS tp_count FROM `yt_user` WHERE `user_name` = 'leiyongtao123' LIMIT 1   [ RunTime:0.000000s ]
INFO: [ app_end ] --START--
INFO: Run Behavior\ShowPageTraceBehavior [ RunTime:0.001000s ]
INFO: [ app_end ] --END-- [ RunTime:0.001000s ]

[ 2016-07-20T10:21:26+08:00 ] 127.0.0.1 /index.php/Home/User/checkReg
INFO: [ app_begin ] --START--
INFO: Run Behavior\ReadHtmlCacheBehavior [ RunTime:0.001000s ]
INFO: [ app_begin ] --END-- [ RunTime:0.002000s ]
SQL: SHOW COLUMNS FROM `yt_user` [ RunTime:0.004000s ]
SQL: SELECT COUNT(*) AS tp_count FROM `yt_user` WHERE `user_name` = 'leiyongtao123' LIMIT 1   [ RunTime:0.000000s ]
INFO: [ app_end ] --START--
INFO: Run Behavior\ShowPageTraceBehavior [ RunTime:0.001000s ]
INFO: [ app_end ] --END-- [ RunTime:0.001000s ]

[ 2016-07-20T10:21:26+08:00 ] 127.0.0.1 /index.php/Home/User/checkReg
INFO: [ app_begin ] --START--
INFO: Run Behavior\ReadHtmlCacheBehavior [ RunTime:0.001000s ]
INFO: [ app_begin ] --END-- [ RunTime:0.001000s ]
SQL: SHOW COLUMNS FROM `yt_user` [ RunTime:0.004000s ]
SQL: SELECT COUNT(*) AS tp_count FROM `yt_user` WHERE `user_name` = 'leiyongtao123' LIMIT 1   [ RunTime:0.000000s ]
INFO: [ app_end ] --START--
INFO: Run Behavior\ShowPageTraceBehavior [ RunTime:0.001001s ]
INFO: [ app_end ] --END-- [ RunTime:0.001001s ]

[ 2016-07-20T10:21:27+08:00 ] 127.0.0.1 /index.php/Home/User/checkReg
INFO: [ app_begin ] --START--
INFO: Run Behavior\ReadHtmlCacheBehavior [ RunTime:0.000000s ]
INFO: [ app_begin ] --END-- [ RunTime:0.001000s ]
SQL: SHOW COLUMNS FROM `yt_user` [ RunTime:0.005000s ]
SQL: SELECT COUNT(*) AS tp_count FROM `yt_user` WHERE `user_name` = 'leiyongtao123' LIMIT 1   [ RunTime:0.000000s ]
INFO: [ app_end ] --START--
INFO: Run Behavior\ShowPageTraceBehavior [ RunTime:0.002000s ]
INFO: [ app_end ] --END-- [ RunTime:0.002000s ]

[ 2016-07-20T10:21:27+08:00 ] 127.0.0.1 /index.php/Home/User/checkReg
INFO: [ app_begin ] --START--
INFO: Run Behavior\ReadHtmlCacheBehavior [ RunTime:0.001000s ]
INFO: [ app_begin ] --END-- [ RunTime:0.001000s ]
SQL: SHOW COLUMNS FROM `yt_user` [ RunTime:0.005001s ]
SQL: SELECT COUNT(*) AS tp_count FROM `yt_user` WHERE `user_name` = 'leiyongtao123' LIMIT 1   [ RunTime:0.001000s ]
INFO: [ app_end ] --START--
INFO: Run Behavior\ShowPageTraceBehavior [ RunTime:0.001000s ]
INFO: [ app_end ] --END-- [ RunTime:0.001000s ]

[ 2016-07-20T10:21:42+08:00 ] 127.0.0.1 /index.php/Home/User/checkReg
INFO: [ app_begin ] --START--
INFO: Run Behavior\ReadHtmlCacheBehavior [ RunTime:0.000000s ]
INFO: [ app_begin ] --END-- [ RunTime:0.001000s ]
SQL: SHOW COLUMNS FROM `yt_user` [ RunTime:0.005000s ]
SQL: SELECT COUNT(*) AS tp_count FROM `yt_user` WHERE `user_name` = 'leiyongtao1234' LIMIT 1   [ RunTime:0.001000s ]
INFO: [ app_end ] --START--
INFO: Run Behavior\ShowPageTraceBehavior [ RunTime:0.001000s ]
INFO: [ app_end ] --END-- [ RunTime:0.001000s ]

[ 2016-07-20T10:21:50+08:00 ] 127.0.0.1 /index.php/Home/User/checkReg
INFO: [ app_begin ] --START--
INFO: Run Behavior\ReadHtmlCacheBehavior [ RunTime:0.001000s ]
INFO: [ app_begin ] --END-- [ RunTime:0.002000s ]
SQL: SHOW COLUMNS FROM `yt_user` [ RunTime:0.004000s ]
SQL: SELECT COUNT(*) AS tp_count FROM `yt_user` WHERE `user_mail` = 'leiyongtao3@sina.cn' LIMIT 1   [ RunTime:0.000000s ]
INFO: [ app_end ] --START--
INFO: Run Behavior\ShowPageTraceBehavior [ RunTime:0.001000s ]
INFO: [ app_end ] --END-- [ RunTime:0.001000s ]

[ 2016-07-20T10:21:53+08:00 ] 127.0.0.1 /index.php/Home/User/checkReg
INFO: [ app_begin ] --START--
INFO: Run Behavior\ReadHtmlCacheBehavior [ RunTime:0.001000s ]
INFO: [ app_begin ] --END-- [ RunTime:0.002000s ]
SQL: SHOW COLUMNS FROM `yt_user` [ RunTime:0.004001s ]
SQL: SELECT COUNT(*) AS tp_count FROM `yt_user` WHERE `user_tel` = '18059231232' LIMIT 1   [ RunTime:0.000000s ]
INFO: [ app_end ] --START--
INFO: Run Behavior\ShowPageTraceBehavior [ RunTime:0.001000s ]
INFO: [ app_end ] --END-- [ RunTime:0.001000s ]

[ 2016-07-20T10:21:56+08:00 ] 127.0.0.1 /index.php/Home/User/checkReg
INFO: [ app_begin ] --START--
INFO: Run Behavior\ReadHtmlCacheBehavior [ RunTime:0.000000s ]
INFO: [ app_begin ] --END-- [ RunTime:0.002000s ]
SQL: SHOW COLUMNS FROM `yt_user` [ RunTime:0.004001s ]
SQL: SELECT COUNT(*) AS tp_count FROM `yt_user` WHERE `user_name` = 'leiyongtao1234' LIMIT 1   [ RunTime:0.000000s ]
SQL: SELECT COUNT(*) AS tp_count FROM `yt_user` WHERE `user_mail` = 'leiyongtao3@sina.cn' LIMIT 1   [ RunTime:0.001000s ]
SQL: SELECT COUNT(*) AS tp_count FROM `yt_user` WHERE `user_tel` = '18059231232' LIMIT 1   [ RunTime:0.000000s ]
SQL: INSERT INTO `yt_user` (`user_name`,`user_password`,`user_mail`,`user_tel`,`reg_time`,`last_login_time`,`last_login_ip`) VALUES ('leiyongtao1234','9ae8ae6e8719f692d819bf8b496c74e1','leiyongtao3@sina.cn','18059231232',1468981316,1468981316,'127.0.0.1') [ RunTime:0.002000s ]
INFO: [ app_end ] --START--
INFO: Run Behavior\ShowPageTraceBehavior [ RunTime:0.001000s ]
INFO: [ app_end ] --END-- [ RunTime:0.001000s ]

[ 2016-07-20T10:22:54+08:00 ] 127.0.0.1 /index.php/Home/User/checkReg
INFO: [ app_begin ] --START--
INFO: Run Behavior\ReadHtmlCacheBehavior [ RunTime:0.001000s ]
INFO: [ app_begin ] --END-- [ RunTime:0.001000s ]
SQL: SHOW COLUMNS FROM `yt_user` [ RunTime:0.005000s ]
SQL: SELECT COUNT(*) AS tp_count FROM `yt_user` WHERE `user_name` = 'leiyongtao123' LIMIT 1   [ RunTime:0.001000s ]
INFO: [ app_end ] --START--
INFO: Run Behavior\ShowPageTraceBehavior [ RunTime:0.001000s ]
INFO: [ app_end ] --END-- [ RunTime:0.001000s ]

[ 2016-07-20T10:22:58+08:00 ] 127.0.0.1 /index.php/Home/User/checkReg
INFO: [ app_begin ] --START--
INFO: Run Behavior\ReadHtmlCacheBehavior [ RunTime:0.001000s ]
INFO: [ app_begin ] --END-- [ RunTime:0.001000s ]
SQL: SHOW COLUMNS FROM `yt_user` [ RunTime:0.005000s ]
SQL: SELECT `user_id`,`user_name`,`user_password`,`user_level` FROM `yt_user` WHERE `user_name` = 'leiyongtao123' LIMIT 1   [ RunTime:0.001000s ]
INFO: [ app_end ] --START--
INFO: Run Behavior\ShowPageTraceBehavior [ RunTime:0.001000s ]
INFO: [ app_end ] --END-- [ RunTime:0.001000s ]

[ 2016-07-20T10:23:05+08:00 ] 127.0.0.1 /index.php/Home/User/checkReg
INFO: [ app_begin ] --START--
INFO: Run Behavior\ReadHtmlCacheBehavior [ RunTime:0.001000s ]
INFO: [ app_begin ] --END-- [ RunTime:0.001000s ]
SQL: SHOW COLUMNS FROM `yt_user` [ RunTime:0.004000s ]
SQL: SELECT `user_id`,`user_name`,`user_password`,`user_level` FROM `yt_user` WHERE `user_name` = 'leiyongtao123' LIMIT 1   [ RunTime:0.000000s ]
INFO: [ app_end ] --START--
INFO: Run Behavior\ShowPageTraceBehavior [ RunTime:0.001000s ]
INFO: [ app_end ] --END-- [ RunTime:0.001000s ]

[ 2016-07-20T10:23:12+08:00 ] 127.0.0.1 /index.php/Home/User/checkReg
INFO: [ app_begin ] --START--
INFO: Run Behavior\ReadHtmlCacheBehavior [ RunTime:0.001001s ]
INFO: [ app_begin ] --END-- [ RunTime:0.001001s ]
INFO: [ app_end ] --START--
INFO: Run Behavior\ShowPageTraceBehavior [ RunTime:0.001000s ]
INFO: [ app_end ] --END-- [ RunTime:0.001000s ]

[ 2016-07-20T10:23:14+08:00 ] 127.0.0.1 /index.php/Home/User/checkReg
INFO: [ app_begin ] --START--
INFO: Run Behavior\ReadHtmlCacheBehavior [ RunTime:0.001000s ]
INFO: [ app_begin ] --END-- [ RunTime:0.001000s ]
SQL: SHOW COLUMNS FROM `yt_user` [ RunTime:0.004001s ]
SQL: SELECT COUNT(*) AS tp_count FROM `yt_user` WHERE `user_name` = 'leiyongtao123' LIMIT 1   [ RunTime:0.001000s ]
SQL: SELECT `user_id`,`user_name`,`user_password`,`user_level` FROM `yt_user` WHERE `user_name` = 'leiyongtao123' LIMIT 1   [ RunTime:0.000000s ]
SQL: UPDATE `yt_user` SET `last_login_time`=1468981394,`last_login_ip`='127.0.0.1' WHERE `user_id` = '2' [ RunTime:0.002000s ]
INFO: [ app_end ] --START--
INFO: Run Behavior\ShowPageTraceBehavior [ RunTime:0.001000s ]
INFO: [ app_end ] --END-- [ RunTime:0.001000s ]

[ 2016-07-20T10:23:40+08:00 ] 127.0.0.1 /index.php/Home/User/checkReg
INFO: [ app_begin ] --START--
INFO: Run Behavior\ReadHtmlCacheBehavior [ RunTime:0.001000s ]
INFO: [ app_begin ] --END-- [ RunTime:0.001000s ]
SQL: SHOW COLUMNS FROM `yt_user` [ RunTime:0.004000s ]
SQL: SELECT COUNT(*) AS tp_count FROM `yt_user` WHERE `user_name` = 'leiyongtao1234' LIMIT 1   [ RunTime:0.000000s ]
INFO: [ app_end ] --START--
INFO: Run Behavior\ShowPageTraceBehavior [ RunTime:0.001000s ]
INFO: [ app_end ] --END-- [ RunTime:0.001000s ]

[ 2016-07-20T10:23:45+08:00 ] 127.0.0.1 /index.php/Home/User/checkReg
INFO: [ app_begin ] --START--
INFO: Run Behavior\ReadHtmlCacheBehavior [ RunTime:0.001000s ]
INFO: [ app_begin ] --END-- [ RunTime:0.002000s ]
SQL: SHOW COLUMNS FROM `yt_user` [ RunTime:0.006001s ]
SQL: SELECT `user_id`,`user_name`,`user_password`,`user_level` FROM `yt_user` WHERE `user_name` = 'leiyongtao1234' LIMIT 1   [ RunTime:0.001000s ]
INFO: [ app_end ] --START--
INFO: Run Behavior\ShowPageTraceBehavior [ RunTime:0.001000s ]
INFO: [ app_end ] --END-- [ RunTime:0.001000s ]

[ 2016-07-20T10:23:49+08:00 ] 127.0.0.1 /index.php/Home/User/checkReg
INFO: [ app_begin ] --START--
INFO: Run Behavior\ReadHtmlCacheBehavior [ RunTime:0.001000s ]
INFO: [ app_begin ] --END-- [ RunTime:0.001000s ]
INFO: [ app_end ] --START--
INFO: Run Behavior\ShowPageTraceBehavior [ RunTime:0.001000s ]
INFO: [ app_end ] --END-- [ RunTime:0.002000s ]

[ 2016-07-20T10:23:54+08:00 ] 127.0.0.1 /index.php/Home/User/checkReg
INFO: [ app_begin ] --START--
INFO: Run Behavior\ReadHtmlCacheBehavior [ RunTime:0.001000s ]
INFO: [ app_begin ] --END-- [ RunTime:0.001000s ]
SQL: SHOW COLUMNS FROM `yt_user` [ RunTime:0.005001s ]
SQL: SELECT COUNT(*) AS tp_count FROM `yt_user` WHERE `user_name` = 'leiyongtao1234' LIMIT 1   [ RunTime:0.001000s ]
SQL: SELECT `user_id`,`user_name`,`user_password`,`user_level` FROM `yt_user` WHERE `user_name` = 'leiyongtao1234' LIMIT 1   [ RunTime:0.000000s ]
SQL: UPDATE `yt_user` SET `last_login_time`=1468981434,`last_login_ip`='127.0.0.1' WHERE `user_id` = '3' [ RunTime:0.001000s ]
INFO: [ app_end ] --START--
INFO: Run Behavior\ShowPageTraceBehavior [ RunTime:0.001000s ]
INFO: [ app_end ] --END-- [ RunTime:0.001000s ]

[ 2016-07-20T11:02:58+08:00 ] 127.0.0.1 /index.php/Home/User/care.html
ERR: 非法操作:care

[ 2016-07-20T11:37:41+08:00 ] 127.0.0.1 /index.php/Home/User/style/user.css
ERR: 非法操作:style

[ 2016-07-20T11:37:41+08:00 ] 127.0.0.1 /index.php/Home/User/style/user.css
ERR: 非法操作:style

[ 2016-07-20T11:37:45+08:00 ] 127.0.0.1 /index.php/Home/User/style/user.css
ERR: 非法操作:style

[ 2016-07-20T11:37:45+08:00 ] 127.0.0.1 /index.php/Home/User/style/user.css
ERR: 非法操作:style

[ 2016-07-20T15:24:15+08:00 ] 127.0.0.1 /index.php/Home/Goods/U('User/login')
ERR: 非法操作:U('User

[ 2016-07-20T15:35:01+08:00 ] 127.0.0.1 /index.php/Home/User/checkReg
INFO: [ app_begin ] --START--
INFO: Run Behavior\ReadHtmlCacheBehavior [ RunTime:0.000000s ]
INFO: [ app_begin ] --END-- [ RunTime:0.001000s ]
INFO: [ app_end ] --START--
INFO: Run Behavior\ShowPageTraceBehavior [ RunTime:0.000000s ]
INFO: [ app_end ] --END-- [ RunTime:0.000000s ]

[ 2016-07-20T15:35:38+08:00 ] 127.0.0.1 /index.php/Home/Cart/Cart.html
ERR: 非法操作:Cart

[ 2016-07-20T15:44:31+08:00 ] 127.0.0.1 /index.php/Home/Goods/lst
ERR: 非法操作:lst

[ 2016-07-20T17:09:59+08:00 ] 127.0.0.1 /index.php/Home/User/checkReg
INFO: [ app_begin ] --START--
INFO: Run Behavior\ReadHtmlCacheBehavior [ RunTime:0.001000s ]
INFO: [ app_begin ] --END-- [ RunTime:0.001000s ]
SQL: SHOW COLUMNS FROM `yt_user` [ RunTime:0.005001s ]
SQL: SELECT COUNT(*) AS tp_count FROM `yt_user` WHERE `user_name` = 'leiyongtao' LIMIT 1   [ RunTime:0.000000s ]
INFO: [ app_end ] --START--
INFO: Run Behavior\ShowPageTraceBehavior [ RunTime:0.000000s ]
INFO: [ app_end ] --END-- [ RunTime:0.002000s ]

[ 2016-07-20T17:10:06+08:00 ] 127.0.0.1 /index.php/Home/User/checkReg
INFO: [ app_begin ] --START--
INFO: Run Behavior\ReadHtmlCacheBehavior [ RunTime:0.001001s ]
INFO: [ app_begin ] --END-- [ RunTime:0.001001s ]
SQL: SHOW COLUMNS FROM `yt_user` [ RunTime:0.004000s ]
SQL: SELECT `user_id`,`user_name`,`user_password`,`user_level` FROM `yt_user` WHERE `user_name` = 'leiyongtao' LIMIT 1   [ RunTime:0.000000s ]
INFO: [ app_end ] --START--
INFO: Run Behavior\ShowPageTraceBehavior [ RunTime:0.001000s ]
INFO: [ app_end ] --END-- [ RunTime:0.001000s ]

[ 2016-07-20T17:10:11+08:00 ] 127.0.0.1 /index.php/Home/User/checkReg
INFO: [ app_begin ] --START--
INFO: Run Behavior\ReadHtmlCacheBehavior [ RunTime:0.001000s ]
INFO: [ app_begin ] --END-- [ RunTime:0.001000s ]
INFO: [ app_end ] --START--
INFO: Run Behavior\ShowPageTraceBehavior [ RunTime:0.001000s ]
INFO: [ app_end ] --END-- [ RunTime:0.001000s ]

[ 2016-07-20T17:10:13+08:00 ] 127.0.0.1 /index.php/Home/User/checkReg
INFO: [ app_begin ] --START--
INFO: Run Behavior\ReadHtmlCacheBehavior [ RunTime:0.000000s ]
INFO: [ app_begin ] --END-- [ RunTime:0.001000s ]
SQL: SHOW COLUMNS FROM `yt_user` [ RunTime:0.004000s ]
SQL: SELECT COUNT(*) AS tp_count FROM `yt_user` WHERE `user_name` = 'leiyongtao' LIMIT 1   [ RunTime:0.000000s ]
SQL: SELECT `user_id`,`user_name`,`user_password`,`user_level` FROM `yt_user` WHERE `user_name` = 'leiyongtao' LIMIT 1   [ RunTime:0.000000s ]
SQL: UPDATE `yt_user` SET `last_login_time`=1469005813,`last_login_ip`='127.0.0.1' WHERE `user_id` = '1' [ RunTime:0.002000s ]
INFO: [ app_end ] --START--
INFO: Run Behavior\ShowPageTraceBehavior [ RunTime:0.001000s ]
INFO: [ app_end ] --END-- [ RunTime:0.001000s ]

