[ 2016-09-05T09:03:51+08:00 ] ::1 /shop/index.php/Home/Cart/ajaxGetUserCartGoodsNumber
INFO: [ app_begin ] --START--
INFO: Run Behavior\ReadHtmlCacheBehavior [ RunTime:0.002000s ]
INFO: [ app_begin ] --END-- [ RunTime:0.021001s ]
NOTIC: [2048] Declaration of Admin\Model\CartModel::_after_insert() should be compatible with Think\Model::_after_insert($data, $options) D:\AppServ\www\shop\Application\Admin\Model\CartModel.class.php 第 10 行.
NOTIC: [2048] Declaration of Admin\Model\CartModel::_after_update() should be compatible with Think\Model::_after_update($data, $options) D:\AppServ\www\shop\Application\Admin\Model\CartModel.class.php 第 10 行.
NOTIC: [2048] Declaration of Admin\Model\CartModel::_after_delete() should be compatible with Think\Model::_after_delete($data, $options) D:\AppServ\www\shop\Application\Admin\Model\CartModel.class.php 第 10 行.
SQL: SHOW COLUMNS FROM `yt_cart` [ RunTime:0.131008s ]
SQL: UPDATE `yt_cart` SET `user_session_id`='nmh1dt5ro0v3ledg1s76e50f15' WHERE `user_session_id` = '6g8rbk8cpvn8k26mlulm8oe336' AND `user_id` = '0' [ RunTime:0.002000s ]
SQL: SELECT sum(goods_amount) goods_amount FROM `yt_cart` WHERE `user_session_id` = 'nmh1dt5ro0v3ledg1s76e50f15' AND `user_id` = '0'  [ RunTime:0.002000s ]
INFO: [ app_end ] --START--
INFO: Run Behavior\ShowPageTraceBehavior [ RunTime:0.002000s ]
INFO: [ app_end ] --END-- [ RunTime:0.002000s ]

[ 2016-09-05T09:03:51+08:00 ] ::1 /shop/index.php/Home/Goods/ajaxGetNavHistory
INFO: [ app_begin ] --START--
INFO: Run Behavior\ReadHtmlCacheBehavior [ RunTime:0.006000s ]
INFO: [ app_begin ] --END-- [ RunTime:0.010000s ]
NOTIC: [2048] Declaration of Admin\Model\CatModel::_after_insert() should be compatible with Think\Model::_after_insert($data, $options) D:\AppServ\www\shop\Application\Admin\Model\CatModel.class.php 第 10 行.
NOTIC: [2048] Declaration of Admin\Model\CatModel::_after_update() should be compatible with Think\Model::_after_update($data, $options) D:\AppServ\www\shop\Application\Admin\Model\CatModel.class.php 第 10 行.
NOTIC: [2048] Declaration of Admin\Model\CatModel::_before_delete() should be compatible with Think\Model::_before_delete($options) D:\AppServ\www\shop\Application\Admin\Model\CatModel.class.php 第 10 行.
NOTIC: [2048] Declaration of Admin\Model\CatModel::_after_delete() should be compatible with Think\Model::_after_delete($data, $options) D:\AppServ\www\shop\Application\Admin\Model\CatModel.class.php 第 10 行.
SQL: SHOW COLUMNS FROM `yt_cat` [ RunTime:0.017001s ]
NOTIC: [2] Invalid argument supplied for foreach() D:\AppServ\www\shop\Application\Home\Controller\GoodsController.class.php 第 300 行.

[ 2016-09-05T09:03:51+08:00 ] ::1 /shop/index.php/Home/Cart/ajaxGetUserCartInfo
INFO: [ app_begin ] --START--
INFO: Run Behavior\ReadHtmlCacheBehavior [ RunTime:0.002000s ]
INFO: [ app_begin ] --END-- [ RunTime:0.022001s ]
NOTIC: [2048] Declaration of Admin\Model\CartModel::_after_insert() should be compatible with Think\Model::_after_insert($data, $options) D:\AppServ\www\shop\Application\Admin\Model\CartModel.class.php 第 10 行.
NOTIC: [2048] Declaration of Admin\Model\CartModel::_after_update() should be compatible with Think\Model::_after_update($data, $options) D:\AppServ\www\shop\Application\Admin\Model\CartModel.class.php 第 10 行.
NOTIC: [2048] Declaration of Admin\Model\CartModel::_after_delete() should be compatible with Think\Model::_after_delete($data, $options) D:\AppServ\www\shop\Application\Admin\Model\CartModel.class.php 第 10 行.
SQL: SHOW COLUMNS FROM `yt_cart` [ RunTime:0.000000s ]
SQL: UPDATE `yt_cart` SET `user_session_id`='nmh1dt5ro0v3ledg1s76e50f15' WHERE `user_session_id` = '6g8rbk8cpvn8k26mlulm8oe336' AND `user_id` = '0' [ RunTime:0.000000s ]
SQL: SELECT sum(goods_amount) goods_amount FROM `yt_cart` WHERE `user_session_id` = 'nmh1dt5ro0v3ledg1s76e50f15' AND `user_id` = '0'  [ RunTime:0.000000s ]
SQL: SELECT a.id,a.goods_id,a.goods_price,a.goods_amount,b.goods_name,b.goods_thumb_small FROM yt_cart a LEFT JOIN yt_goods b ON a.goods_id = b.goods_id  WHERE `user_session_id` = 'nmh1dt5ro0v3ledg1s76e50f15' AND `user_id` = '0' ORDER BY a.goods_add_time DESC  [ RunTime:0.015600s ]
SQL: SELECT `goods_price`,`goods_amount` FROM `yt_cart` WHERE `user_session_id` = 'nmh1dt5ro0v3ledg1s76e50f15' AND `user_id` = '0'  [ RunTime:0.000000s ]
NOTIC: [2] Invalid argument supplied for foreach() D:\AppServ\www\shop\Application\Home\Controller\CartController.class.php 第 230 行.
INFO: [ view_parse ] --START--
INFO: [ template_filter ] --START--
INFO: Run Behavior\ContentReplaceBehavior [ RunTime:0.000000s ]
INFO: [ template_filter ] --END-- [ RunTime:0.000000s ]
INFO: Run Behavior\ParseTemplateBehavior [ RunTime:0.031200s ]
INFO: [ view_parse ] --END-- [ RunTime:0.031200s ]
INFO: [ view_filter ] --START--
INFO: Run Behavior\WriteHtmlCacheBehavior [ RunTime:0.000000s ]
INFO: [ view_filter ] --END-- [ RunTime:0.000000s ]
INFO: [ app_end ] --START--
INFO: Run Behavior\ShowPageTraceBehavior [ RunTime:0.000000s ]
INFO: [ app_end ] --END-- [ RunTime:0.000000s ]

[ 2016-09-05T09:03:51+08:00 ] ::1 /shop/index.php/Home/User/ajaxGetUserIsLogin
INFO: [ app_begin ] --START--
INFO: Run Behavior\ReadHtmlCacheBehavior [ RunTime:0.018001s ]
INFO: [ app_begin ] --END-- [ RunTime:0.020001s ]
NOTIC: [2048] Declaration of Admin\Model\CatModel::_after_insert() should be compatible with Think\Model::_after_insert($data, $options) D:\AppServ\www\shop\Application\Admin\Model\CatModel.class.php 第 10 行.
NOTIC: [2048] Declaration of Admin\Model\CatModel::_after_update() should be compatible with Think\Model::_after_update($data, $options) D:\AppServ\www\shop\Application\Admin\Model\CatModel.class.php 第 10 行.
NOTIC: [2048] Declaration of Admin\Model\CatModel::_before_delete() should be compatible with Think\Model::_before_delete($options) D:\AppServ\www\shop\Application\Admin\Model\CatModel.class.php 第 10 行.
NOTIC: [2048] Declaration of Admin\Model\CatModel::_after_delete() should be compatible with Think\Model::_after_delete($data, $options) D:\AppServ\www\shop\Application\Admin\Model\CatModel.class.php 第 10 行.
SQL: SHOW COLUMNS FROM `yt_cat` [ RunTime:0.000000s ]
INFO: [ app_end ] --START--
INFO: Run Behavior\ShowPageTraceBehavior [ RunTime:0.000000s ]
INFO: [ app_end ] --END-- [ RunTime:0.000000s ]

[ 2016-09-05T09:04:20+08:00 ] ::1 /shop/index.php/Home/Goods/ajaxGetNavHistory
INFO: [ app_begin ] --START--
INFO: Run Behavior\ReadHtmlCacheBehavior [ RunTime:0.002000s ]
INFO: [ app_begin ] --END-- [ RunTime:0.005000s ]
NOTIC: [2048] Declaration of Admin\Model\CatModel::_after_insert() should be compatible with Think\Model::_after_insert($data, $options) D:\AppServ\www\shop\Application\Admin\Model\CatModel.class.php 第 10 行.
NOTIC: [2048] Declaration of Admin\Model\CatModel::_after_update() should be compatible with Think\Model::_after_update($data, $options) D:\AppServ\www\shop\Application\Admin\Model\CatModel.class.php 第 10 行.
NOTIC: [2048] Declaration of Admin\Model\CatModel::_before_delete() should be compatible with Think\Model::_before_delete($options) D:\AppServ\www\shop\Application\Admin\Model\CatModel.class.php 第 10 行.
NOTIC: [2048] Declaration of Admin\Model\CatModel::_after_delete() should be compatible with Think\Model::_after_delete($data, $options) D:\AppServ\www\shop\Application\Admin\Model\CatModel.class.php 第 10 行.
SQL: SHOW COLUMNS FROM `yt_cat` [ RunTime:0.134008s ]
NOTIC: [2] Invalid argument supplied for foreach() D:\AppServ\www\shop\Application\Home\Controller\GoodsController.class.php 第 300 行.

[ 2016-09-05T09:04:21+08:00 ] ::1 /shop/index.php/Home/Cart/ajaxGetUserCartGoodsNumber
INFO: [ app_begin ] --START--
INFO: Run Behavior\ReadHtmlCacheBehavior [ RunTime:0.023001s ]
INFO: [ app_begin ] --END-- [ RunTime:0.031002s ]
NOTIC: [2048] Declaration of Admin\Model\CartModel::_after_insert() should be compatible with Think\Model::_after_insert($data, $options) D:\AppServ\www\shop\Application\Admin\Model\CartModel.class.php 第 10 行.
NOTIC: [2048] Declaration of Admin\Model\CartModel::_after_update() should be compatible with Think\Model::_after_update($data, $options) D:\AppServ\www\shop\Application\Admin\Model\CartModel.class.php 第 10 行.
NOTIC: [2048] Declaration of Admin\Model\CartModel::_after_delete() should be compatible with Think\Model::_after_delete($data, $options) D:\AppServ\www\shop\Application\Admin\Model\CartModel.class.php 第 10 行.
SQL: SHOW COLUMNS FROM `yt_cart` [ RunTime:0.000000s ]
SQL: SELECT sum(goods_amount) goods_amount FROM `yt_cart` WHERE `user_session_id` = 'nmh1dt5ro0v3ledg1s76e50f15' AND `user_id` = '0'  [ RunTime:0.000000s ]
INFO: [ app_end ] --START--
INFO: Run Behavior\ShowPageTraceBehavior [ RunTime:0.000000s ]
INFO: [ app_end ] --END-- [ RunTime:0.000000s ]

[ 2016-09-05T09:04:21+08:00 ] ::1 /shop/index.php/Home/User/ajaxGetUserIsLogin
INFO: [ app_begin ] --START--
INFO: Run Behavior\ReadHtmlCacheBehavior [ RunTime:0.004000s ]
INFO: [ app_begin ] --END-- [ RunTime:0.008001s ]
NOTIC: [2048] Declaration of Admin\Model\CatModel::_after_insert() should be compatible with Think\Model::_after_insert($data, $options) D:\AppServ\www\shop\Application\Admin\Model\CatModel.class.php 第 10 行.
NOTIC: [2048] Declaration of Admin\Model\CatModel::_after_update() should be compatible with Think\Model::_after_update($data, $options) D:\AppServ\www\shop\Application\Admin\Model\CatModel.class.php 第 10 行.
NOTIC: [2048] Declaration of Admin\Model\CatModel::_before_delete() should be compatible with Think\Model::_before_delete($options) D:\AppServ\www\shop\Application\Admin\Model\CatModel.class.php 第 10 行.
NOTIC: [2048] Declaration of Admin\Model\CatModel::_after_delete() should be compatible with Think\Model::_after_delete($data, $options) D:\AppServ\www\shop\Application\Admin\Model\CatModel.class.php 第 10 行.
SQL: SHOW COLUMNS FROM `yt_cat` [ RunTime:0.010001s ]
INFO: [ app_end ] --START--
INFO: Run Behavior\ShowPageTraceBehavior [ RunTime:0.001000s ]
INFO: [ app_end ] --END-- [ RunTime:0.002000s ]

[ 2016-09-05T09:04:21+08:00 ] ::1 /shop/index.php/Home/Cart/ajaxGetUserCartInfo
INFO: [ app_begin ] --START--
INFO: Run Behavior\ReadHtmlCacheBehavior [ RunTime:0.000000s ]
INFO: [ app_begin ] --END-- [ RunTime:0.015600s ]
NOTIC: [2048] Declaration of Admin\Model\CartModel::_after_insert() should be compatible with Think\Model::_after_insert($data, $options) D:\AppServ\www\shop\Application\Admin\Model\CartModel.class.php 第 10 行.
NOTIC: [2048] Declaration of Admin\Model\CartModel::_after_update() should be compatible with Think\Model::_after_update($data, $options) D:\AppServ\www\shop\Application\Admin\Model\CartModel.class.php 第 10 行.
NOTIC: [2048] Declaration of Admin\Model\CartModel::_after_delete() should be compatible with Think\Model::_after_delete($data, $options) D:\AppServ\www\shop\Application\Admin\Model\CartModel.class.php 第 10 行.
SQL: SHOW COLUMNS FROM `yt_cart` [ RunTime:0.011000s ]
SQL: SELECT sum(goods_amount) goods_amount FROM `yt_cart` WHERE `user_session_id` = 'nmh1dt5ro0v3ledg1s76e50f15' AND `user_id` = '0'  [ RunTime:0.001000s ]
SQL: SELECT a.id,a.goods_id,a.goods_price,a.goods_amount,b.goods_name,b.goods_thumb_small FROM yt_cart a LEFT JOIN yt_goods b ON a.goods_id = b.goods_id  WHERE `user_session_id` = 'nmh1dt5ro0v3ledg1s76e50f15' AND `user_id` = '0' ORDER BY a.goods_add_time DESC  [ RunTime:0.011001s ]
SQL: SELECT `goods_price`,`goods_amount` FROM `yt_cart` WHERE `user_session_id` = 'nmh1dt5ro0v3ledg1s76e50f15' AND `user_id` = '0'  [ RunTime:0.002000s ]
NOTIC: [2] Invalid argument supplied for foreach() D:\AppServ\www\shop\Application\Home\Controller\CartController.class.php 第 230 行.
INFO: [ view_parse ] --START--
INFO: [ template_filter ] --START--
INFO: Run Behavior\ContentReplaceBehavior [ RunTime:0.000000s ]
INFO: [ template_filter ] --END-- [ RunTime:0.000000s ]
INFO: Run Behavior\ParseTemplateBehavior [ RunTime:0.027002s ]
INFO: [ view_parse ] --END-- [ RunTime:0.027002s ]
INFO: [ view_filter ] --START--
INFO: Run Behavior\WriteHtmlCacheBehavior [ RunTime:0.002000s ]
INFO: [ view_filter ] --END-- [ RunTime:0.002000s ]
INFO: [ app_end ] --START--
INFO: Run Behavior\ShowPageTraceBehavior [ RunTime:0.003000s ]
INFO: [ app_end ] --END-- [ RunTime:0.004000s ]

[ 2016-09-05T09:21:28+08:00 ] ::1 /shop/index.php/Home/User/ajaxGetUserIsLogin
INFO: [ app_begin ] --START--
INFO: Run Behavior\ReadHtmlCacheBehavior [ RunTime:0.002000s ]
INFO: [ app_begin ] --END-- [ RunTime:0.003000s ]
NOTIC: [2048] Declaration of Admin\Model\CatModel::_after_insert() should be compatible with Think\Model::_after_insert($data, $options) D:\AppServ\www\shop\Application\Admin\Model\CatModel.class.php 第 10 行.
NOTIC: [2048] Declaration of Admin\Model\CatModel::_after_update() should be compatible with Think\Model::_after_update($data, $options) D:\AppServ\www\shop\Application\Admin\Model\CatModel.class.php 第 10 行.
NOTIC: [2048] Declaration of Admin\Model\CatModel::_before_delete() should be compatible with Think\Model::_before_delete($options) D:\AppServ\www\shop\Application\Admin\Model\CatModel.class.php 第 10 行.
NOTIC: [2048] Declaration of Admin\Model\CatModel::_after_delete() should be compatible with Think\Model::_after_delete($data, $options) D:\AppServ\www\shop\Application\Admin\Model\CatModel.class.php 第 10 行.
SQL: SHOW COLUMNS FROM `yt_cat` [ RunTime:0.003001s ]
INFO: [ app_end ] --START--
INFO: Run Behavior\ShowPageTraceBehavior [ RunTime:0.002000s ]
INFO: [ app_end ] --END-- [ RunTime:0.002000s ]

[ 2016-09-05T09:21:43+08:00 ] ::1 /shop/index.php/Home/User/checkReg
INFO: [ app_begin ] --START--
INFO: Run Behavior\ReadHtmlCacheBehavior [ RunTime:0.002000s ]
INFO: [ app_begin ] --END-- [ RunTime:0.003000s ]
NOTIC: [2048] Declaration of Admin\Model\CatModel::_after_insert() should be compatible with Think\Model::_after_insert($data, $options) D:\AppServ\www\shop\Application\Admin\Model\CatModel.class.php 第 10 行.
NOTIC: [2048] Declaration of Admin\Model\CatModel::_after_update() should be compatible with Think\Model::_after_update($data, $options) D:\AppServ\www\shop\Application\Admin\Model\CatModel.class.php 第 10 行.
NOTIC: [2048] Declaration of Admin\Model\CatModel::_before_delete() should be compatible with Think\Model::_before_delete($options) D:\AppServ\www\shop\Application\Admin\Model\CatModel.class.php 第 10 行.
NOTIC: [2048] Declaration of Admin\Model\CatModel::_after_delete() should be compatible with Think\Model::_after_delete($data, $options) D:\AppServ\www\shop\Application\Admin\Model\CatModel.class.php 第 10 行.
SQL: SHOW COLUMNS FROM `yt_cat` [ RunTime:0.009001s ]
SQL: SHOW COLUMNS FROM `yt_user` [ RunTime:0.048003s ]
SQL: SELECT COUNT(*) AS tp_count FROM `yt_user` WHERE `user_name` = 'leiyongtao123' LIMIT 1   [ RunTime:0.001000s ]
INFO: [ app_end ] --START--
INFO: Run Behavior\ShowPageTraceBehavior [ RunTime:0.001000s ]
INFO: [ app_end ] --END-- [ RunTime:0.001000s ]

[ 2016-09-05T09:21:49+08:00 ] ::1 /shop/index.php/Home/User/checkReg
INFO: [ app_begin ] --START--
INFO: Run Behavior\ReadHtmlCacheBehavior [ RunTime:0.002000s ]
INFO: [ app_begin ] --END-- [ RunTime:0.003000s ]
NOTIC: [2048] Declaration of Admin\Model\CatModel::_after_insert() should be compatible with Think\Model::_after_insert($data, $options) D:\AppServ\www\shop\Application\Admin\Model\CatModel.class.php 第 10 行.
NOTIC: [2048] Declaration of Admin\Model\CatModel::_after_update() should be compatible with Think\Model::_after_update($data, $options) D:\AppServ\www\shop\Application\Admin\Model\CatModel.class.php 第 10 行.
NOTIC: [2048] Declaration of Admin\Model\CatModel::_before_delete() should be compatible with Think\Model::_before_delete($options) D:\AppServ\www\shop\Application\Admin\Model\CatModel.class.php 第 10 行.
NOTIC: [2048] Declaration of Admin\Model\CatModel::_after_delete() should be compatible with Think\Model::_after_delete($data, $options) D:\AppServ\www\shop\Application\Admin\Model\CatModel.class.php 第 10 行.
SQL: SHOW COLUMNS FROM `yt_cat` [ RunTime:0.003000s ]
SQL: SHOW COLUMNS FROM `yt_user` [ RunTime:0.010000s ]
SQL: SELECT `user_id`,`user_name`,`user_password`,`user_level` FROM `yt_user` WHERE `user_name` = 'leiyongtao123' LIMIT 1   [ RunTime:0.001000s ]
INFO: [ app_end ] --START--
INFO: Run Behavior\ShowPageTraceBehavior [ RunTime:0.002001s ]
INFO: [ app_end ] --END-- [ RunTime:0.002001s ]

[ 2016-09-05T09:22:00+08:00 ] ::1 /shop/index.php/Home/User/checkReg
INFO: [ app_begin ] --START--
INFO: Run Behavior\ReadHtmlCacheBehavior [ RunTime:0.001000s ]
INFO: [ app_begin ] --END-- [ RunTime:0.004000s ]
NOTIC: [2048] Declaration of Admin\Model\CatModel::_after_insert() should be compatible with Think\Model::_after_insert($data, $options) D:\AppServ\www\shop\Application\Admin\Model\CatModel.class.php 第 10 行.
NOTIC: [2048] Declaration of Admin\Model\CatModel::_after_update() should be compatible with Think\Model::_after_update($data, $options) D:\AppServ\www\shop\Application\Admin\Model\CatModel.class.php 第 10 行.
NOTIC: [2048] Declaration of Admin\Model\CatModel::_before_delete() should be compatible with Think\Model::_before_delete($options) D:\AppServ\www\shop\Application\Admin\Model\CatModel.class.php 第 10 行.
NOTIC: [2048] Declaration of Admin\Model\CatModel::_after_delete() should be compatible with Think\Model::_after_delete($data, $options) D:\AppServ\www\shop\Application\Admin\Model\CatModel.class.php 第 10 行.
SQL: SHOW COLUMNS FROM `yt_cat` [ RunTime:0.003000s ]
INFO: [ app_end ] --START--
INFO: Run Behavior\ShowPageTraceBehavior [ RunTime:0.002001s ]
INFO: [ app_end ] --END-- [ RunTime:0.002001s ]

[ 2016-09-05T09:22:01+08:00 ] ::1 /shop/index.php/Home/User/checkReg
INFO: [ app_begin ] --START--
INFO: Run Behavior\ReadHtmlCacheBehavior [ RunTime:0.002001s ]
INFO: [ app_begin ] --END-- [ RunTime:0.003001s ]
NOTIC: [2048] Declaration of Admin\Model\CatModel::_after_insert() should be compatible with Think\Model::_after_insert($data, $options) D:\AppServ\www\shop\Application\Admin\Model\CatModel.class.php 第 10 行.
NOTIC: [2048] Declaration of Admin\Model\CatModel::_after_update() should be compatible with Think\Model::_after_update($data, $options) D:\AppServ\www\shop\Application\Admin\Model\CatModel.class.php 第 10 行.
NOTIC: [2048] Declaration of Admin\Model\CatModel::_before_delete() should be compatible with Think\Model::_before_delete($options) D:\AppServ\www\shop\Application\Admin\Model\CatModel.class.php 第 10 行.
NOTIC: [2048] Declaration of Admin\Model\CatModel::_after_delete() should be compatible with Think\Model::_after_delete($data, $options) D:\AppServ\www\shop\Application\Admin\Model\CatModel.class.php 第 10 行.
SQL: SHOW COLUMNS FROM `yt_cat` [ RunTime:0.000000s ]
SQL: SHOW COLUMNS FROM `yt_user` [ RunTime:0.015600s ]
SQL: SELECT COUNT(*) AS tp_count FROM `yt_user` WHERE `user_name` = 'leiyongtao123' LIMIT 1   [ RunTime:0.000000s ]
SQL: SELECT `user_id`,`user_name`,`user_password`,`user_level` FROM `yt_user` WHERE `user_name` = 'leiyongtao123' LIMIT 1   [ RunTime:0.000000s ]
SQL: UPDATE `yt_user` SET `last_login_time`=1473038520,`last_login_ip`='0.0.0.0' WHERE `user_id` = '2' [ RunTime:0.249601s ]
NOTIC: [2] Invalid argument supplied for foreach() D:\AppServ\www\shop\Application\Home\Controller\UserController.class.php 第 156 行.
NOTIC: [2048] Declaration of Admin\Model\CartModel::_after_insert() should be compatible with Think\Model::_after_insert($data, $options) D:\AppServ\www\shop\Application\Admin\Model\CartModel.class.php 第 132 行.
NOTIC: [2048] Declaration of Admin\Model\CartModel::_after_update() should be compatible with Think\Model::_after_update($data, $options) D:\AppServ\www\shop\Application\Admin\Model\CartModel.class.php 第 132 行.
NOTIC: [2048] Declaration of Admin\Model\CartModel::_after_delete() should be compatible with Think\Model::_after_delete($data, $options) D:\AppServ\www\shop\Application\Admin\Model\CartModel.class.php 第 132 行.
SQL: SHOW COLUMNS FROM `yt_cart` [ RunTime:0.015600s ]
SQL: UPDATE `yt_cart` SET `user_id`=2 WHERE `user_id` = '0' AND `user_session_id` = 'nmh1dt5ro0v3ledg1s76e50f15' [ RunTime:0.000000s ]
SQL: UPDATE `yt_cart` SET `user_session_id`='nmh1dt5ro0v3ledg1s76e50f15' WHERE `user_id` = '2' AND `user_session_id` <> 'nmh1dt5ro0v3ledg1s76e50f15' [ RunTime:0.327600s ]
INFO: [ app_end ] --START--
INFO: Run Behavior\ShowPageTraceBehavior [ RunTime:0.000000s ]
INFO: [ app_end ] --END-- [ RunTime:0.000000s ]

[ 2016-09-05T09:22:03+08:00 ] ::1 /shop/index.php/Home/Goods/ajaxGetNavHistory
INFO: [ app_begin ] --START--
INFO: Run Behavior\ReadHtmlCacheBehavior [ RunTime:0.023002s ]
INFO: [ app_begin ] --END-- [ RunTime:0.045003s ]
NOTIC: [2048] Declaration of Admin\Model\CatModel::_after_insert() should be compatible with Think\Model::_after_insert($data, $options) D:\AppServ\www\shop\Application\Admin\Model\CatModel.class.php 第 10 行.
NOTIC: [2048] Declaration of Admin\Model\CatModel::_after_update() should be compatible with Think\Model::_after_update($data, $options) D:\AppServ\www\shop\Application\Admin\Model\CatModel.class.php 第 10 行.
NOTIC: [2048] Declaration of Admin\Model\CatModel::_before_delete() should be compatible with Think\Model::_before_delete($options) D:\AppServ\www\shop\Application\Admin\Model\CatModel.class.php 第 10 行.
NOTIC: [2048] Declaration of Admin\Model\CatModel::_after_delete() should be compatible with Think\Model::_after_delete($data, $options) D:\AppServ\www\shop\Application\Admin\Model\CatModel.class.php 第 10 行.
SQL: SHOW COLUMNS FROM `yt_cat` [ RunTime:0.025002s ]
SQL: SHOW COLUMNS FROM `yt_user_history` [ RunTime:0.733809s ]
SQL: SELECT `goods_id` FROM `yt_user_history` WHERE `user_id` = '2' ORDER BY goods_view_time DESC  [ RunTime:0.000000s ]
SQL: SHOW COLUMNS FROM `yt_goods` [ RunTime:0.015600s ]
SQL: SELECT `goods_id`,`goods_thumb_smallest` FROM `yt_goods` WHERE `goods_id` = 3 LIMIT 1   [ RunTime:0.000000s ]
SQL: SELECT `goods_id`,`goods_thumb_smallest` FROM `yt_goods` WHERE `goods_id` = 1 LIMIT 1   [ RunTime:0.000000s ]
SQL: SELECT `goods_id`,`goods_thumb_smallest` FROM `yt_goods` WHERE `goods_id` = 2 LIMIT 1   [ RunTime:0.000000s ]
SQL: SELECT `goods_id`,`goods_thumb_smallest` FROM `yt_goods` WHERE `goods_id` = 5 LIMIT 1   [ RunTime:0.000000s ]

[ 2016-09-05T09:22:03+08:00 ] ::1 /shop/index.php/Home/Cart/ajaxGetUserCartInfo
INFO: [ app_begin ] --START--
INFO: Run Behavior\ReadHtmlCacheBehavior [ RunTime:0.054003s ]
INFO: [ app_begin ] --END-- [ RunTime:0.135007s ]
NOTIC: [2048] Declaration of Admin\Model\CartModel::_after_insert() should be compatible with Think\Model::_after_insert($data, $options) D:\AppServ\www\shop\Application\Admin\Model\CartModel.class.php 第 10 行.
NOTIC: [2048] Declaration of Admin\Model\CartModel::_after_update() should be compatible with Think\Model::_after_update($data, $options) D:\AppServ\www\shop\Application\Admin\Model\CartModel.class.php 第 10 行.
NOTIC: [2048] Declaration of Admin\Model\CartModel::_after_delete() should be compatible with Think\Model::_after_delete($data, $options) D:\AppServ\www\shop\Application\Admin\Model\CartModel.class.php 第 10 行.
SQL: SHOW COLUMNS FROM `yt_cart` [ RunTime:0.012000s ]
SQL: SELECT sum(goods_amount) goods_amount FROM `yt_cart` WHERE `user_id` = '2'  [ RunTime:0.002000s ]
SQL: SELECT a.id,a.goods_id,a.goods_price,a.goods_amount,b.goods_name,b.goods_thumb_small FROM yt_cart a LEFT JOIN yt_goods b ON a.goods_id = b.goods_id  WHERE `user_id` = '2' ORDER BY a.goods_add_time DESC  [ RunTime:0.010001s ]
SQL: SELECT `goods_price`,`goods_amount` FROM `yt_cart` WHERE `user_id` = '2'  [ RunTime:0.000000s ]
INFO: [ view_parse ] --START--
INFO: [ template_filter ] --START--
INFO: Run Behavior\ContentReplaceBehavior [ RunTime:0.000000s ]
INFO: [ template_filter ] --END-- [ RunTime:0.001000s ]
INFO: Run Behavior\ParseTemplateBehavior [ RunTime:0.022001s ]
INFO: [ view_parse ] --END-- [ RunTime:0.022001s ]
INFO: [ view_filter ] --START--
INFO: Run Behavior\WriteHtmlCacheBehavior [ RunTime:0.000000s ]
INFO: [ view_filter ] --END-- [ RunTime:0.000000s ]
INFO: [ app_end ] --START--
INFO: Run Behavior\ShowPageTraceBehavior [ RunTime:0.000000s ]
INFO: [ app_end ] --END-- [ RunTime:0.000000s ]

[ 2016-09-05T09:22:03+08:00 ] ::1 /shop/index.php/Home/Cart/ajaxGetUserCartGoodsNumber
INFO: [ app_begin ] --START--
INFO: Run Behavior\ReadHtmlCacheBehavior [ RunTime:0.007001s ]
INFO: [ app_begin ] --END-- [ RunTime:0.012001s ]
NOTIC: [2048] Declaration of Admin\Model\CartModel::_after_insert() should be compatible with Think\Model::_after_insert($data, $options) D:\AppServ\www\shop\Application\Admin\Model\CartModel.class.php 第 10 行.
NOTIC: [2048] Declaration of Admin\Model\CartModel::_after_update() should be compatible with Think\Model::_after_update($data, $options) D:\AppServ\www\shop\Application\Admin\Model\CartModel.class.php 第 10 行.
NOTIC: [2048] Declaration of Admin\Model\CartModel::_after_delete() should be compatible with Think\Model::_after_delete($data, $options) D:\AppServ\www\shop\Application\Admin\Model\CartModel.class.php 第 10 行.
SQL: SHOW COLUMNS FROM `yt_cart` [ RunTime:0.000000s ]
SQL: SELECT sum(goods_amount) goods_amount FROM `yt_cart` WHERE `user_id` = '2'  [ RunTime:0.015601s ]
INFO: [ app_end ] --START--
INFO: Run Behavior\ShowPageTraceBehavior [ RunTime:0.002000s ]
INFO: [ app_end ] --END-- [ RunTime:0.002000s ]

[ 2016-09-05T09:22:03+08:00 ] ::1 /shop/index.php/Home/User/ajaxGetUserIsLogin
INFO: [ app_begin ] --START--
INFO: Run Behavior\ReadHtmlCacheBehavior [ RunTime:0.004000s ]
INFO: [ app_begin ] --END-- [ RunTime:0.005000s ]
NOTIC: [2048] Declaration of Admin\Model\CatModel::_after_insert() should be compatible with Think\Model::_after_insert($data, $options) D:\AppServ\www\shop\Application\Admin\Model\CatModel.class.php 第 10 行.
NOTIC: [2048] Declaration of Admin\Model\CatModel::_after_update() should be compatible with Think\Model::_after_update($data, $options) D:\AppServ\www\shop\Application\Admin\Model\CatModel.class.php 第 10 行.
NOTIC: [2048] Declaration of Admin\Model\CatModel::_before_delete() should be compatible with Think\Model::_before_delete($options) D:\AppServ\www\shop\Application\Admin\Model\CatModel.class.php 第 10 行.
NOTIC: [2048] Declaration of Admin\Model\CatModel::_after_delete() should be compatible with Think\Model::_after_delete($data, $options) D:\AppServ\www\shop\Application\Admin\Model\CatModel.class.php 第 10 行.
SQL: SHOW COLUMNS FROM `yt_cat` [ RunTime:0.009000s ]
INFO: [ app_end ] --START--
INFO: Run Behavior\ShowPageTraceBehavior [ RunTime:0.002000s ]
INFO: [ app_end ] --END-- [ RunTime:0.003000s ]

[ 2016-09-05T09:22:13+08:00 ] ::1 /shop/index.php/Home/Cart/ajaxGetUserCartInfo
INFO: [ app_begin ] --START--
INFO: Run Behavior\ReadHtmlCacheBehavior [ RunTime:0.004000s ]
INFO: [ app_begin ] --END-- [ RunTime:0.009000s ]
NOTIC: [2048] Declaration of Admin\Model\CartModel::_after_insert() should be compatible with Think\Model::_after_insert($data, $options) D:\AppServ\www\shop\Application\Admin\Model\CartModel.class.php 第 10 行.
NOTIC: [2048] Declaration of Admin\Model\CartModel::_after_update() should be compatible with Think\Model::_after_update($data, $options) D:\AppServ\www\shop\Application\Admin\Model\CartModel.class.php 第 10 行.
NOTIC: [2048] Declaration of Admin\Model\CartModel::_after_delete() should be compatible with Think\Model::_after_delete($data, $options) D:\AppServ\www\shop\Application\Admin\Model\CartModel.class.php 第 10 行.
SQL: SHOW COLUMNS FROM `yt_cart` [ RunTime:0.015600s ]
SQL: SELECT sum(goods_amount) goods_amount FROM `yt_cart` WHERE `user_id` = '2'  [ RunTime:0.000000s ]
SQL: SELECT a.id,a.goods_id,a.goods_price,a.goods_amount,b.goods_name,b.goods_thumb_small FROM yt_cart a LEFT JOIN yt_goods b ON a.goods_id = b.goods_id  WHERE `user_id` = '2' ORDER BY a.goods_add_time DESC  [ RunTime:0.000000s ]
SQL: SELECT `goods_price`,`goods_amount` FROM `yt_cart` WHERE `user_id` = '2'  [ RunTime:0.000000s ]
INFO: [ view_parse ] --START--
INFO: [ template_filter ] --START--
INFO: Run Behavior\ContentReplaceBehavior [ RunTime:0.000000s ]
INFO: [ template_filter ] --END-- [ RunTime:0.000000s ]
INFO: Run Behavior\ParseTemplateBehavior [ RunTime:0.015600s ]
INFO: [ view_parse ] --END-- [ RunTime:0.015600s ]
INFO: [ view_filter ] --START--
INFO: Run Behavior\WriteHtmlCacheBehavior [ RunTime:0.000000s ]
INFO: [ view_filter ] --END-- [ RunTime:0.000000s ]
INFO: [ app_end ] --START--
INFO: Run Behavior\ShowPageTraceBehavior [ RunTime:0.000000s ]
INFO: [ app_end ] --END-- [ RunTime:0.000000s ]

[ 2016-09-05T09:22:13+08:00 ] ::1 /shop/index.php/Home/Goods/ajaxGetNavHistory
INFO: [ app_begin ] --START--
INFO: Run Behavior\ReadHtmlCacheBehavior [ RunTime:0.005001s ]
INFO: [ app_begin ] --END-- [ RunTime:0.008001s ]
NOTIC: [2048] Declaration of Admin\Model\CatModel::_after_insert() should be compatible with Think\Model::_after_insert($data, $options) D:\AppServ\www\shop\Application\Admin\Model\CatModel.class.php 第 10 行.
NOTIC: [2048] Declaration of Admin\Model\CatModel::_after_update() should be compatible with Think\Model::_after_update($data, $options) D:\AppServ\www\shop\Application\Admin\Model\CatModel.class.php 第 10 行.
NOTIC: [2048] Declaration of Admin\Model\CatModel::_before_delete() should be compatible with Think\Model::_before_delete($options) D:\AppServ\www\shop\Application\Admin\Model\CatModel.class.php 第 10 行.
NOTIC: [2048] Declaration of Admin\Model\CatModel::_after_delete() should be compatible with Think\Model::_after_delete($data, $options) D:\AppServ\www\shop\Application\Admin\Model\CatModel.class.php 第 10 行.
SQL: SHOW COLUMNS FROM `yt_cat` [ RunTime:0.014001s ]
SQL: SHOW COLUMNS FROM `yt_user_history` [ RunTime:0.008000s ]
SQL: SELECT `goods_id` FROM `yt_user_history` WHERE `user_id` = '2' ORDER BY goods_view_time DESC  [ RunTime:0.001000s ]
SQL: SHOW COLUMNS FROM `yt_goods` [ RunTime:0.010001s ]
SQL: SELECT `goods_id`,`goods_thumb_smallest` FROM `yt_goods` WHERE `goods_id` = 3 LIMIT 1   [ RunTime:0.001000s ]
SQL: SELECT `goods_id`,`goods_thumb_smallest` FROM `yt_goods` WHERE `goods_id` = 1 LIMIT 1   [ RunTime:0.001000s ]
SQL: SELECT `goods_id`,`goods_thumb_smallest` FROM `yt_goods` WHERE `goods_id` = 2 LIMIT 1   [ RunTime:0.001000s ]
SQL: SELECT `goods_id`,`goods_thumb_smallest` FROM `yt_goods` WHERE `goods_id` = 5 LIMIT 1   [ RunTime:0.001000s ]

[ 2016-09-05T09:22:13+08:00 ] ::1 /shop/index.php/Home/User/ajaxGetUserOrder/p/1
INFO: [ app_begin ] --START--
INFO: Run Behavior\ReadHtmlCacheBehavior [ RunTime:0.000000s ]
INFO: [ app_begin ] --END-- [ RunTime:0.000000s ]
NOTIC: [2048] Declaration of Admin\Model\CatModel::_after_insert() should be compatible with Think\Model::_after_insert($data, $options) D:\AppServ\www\shop\Application\Admin\Model\CatModel.class.php 第 10 行.
NOTIC: [2048] Declaration of Admin\Model\CatModel::_after_update() should be compatible with Think\Model::_after_update($data, $options) D:\AppServ\www\shop\Application\Admin\Model\CatModel.class.php 第 10 行.
NOTIC: [2048] Declaration of Admin\Model\CatModel::_before_delete() should be compatible with Think\Model::_before_delete($options) D:\AppServ\www\shop\Application\Admin\Model\CatModel.class.php 第 10 行.
NOTIC: [2048] Declaration of Admin\Model\CatModel::_after_delete() should be compatible with Think\Model::_after_delete($data, $options) D:\AppServ\www\shop\Application\Admin\Model\CatModel.class.php 第 10 行.
SQL: SHOW COLUMNS FROM `yt_cat` [ RunTime:0.003000s ]
NOTIC: [2048] Declaration of Admin\Model\OrderModel::_after_insert() should be compatible with Think\Model::_after_insert($data, $options) D:\AppServ\www\shop\Application\Admin\Model\OrderModel.class.php 第 187 行.
NOTIC: [2048] Declaration of Admin\Model\OrderModel::_after_update() should be compatible with Think\Model::_after_update($data, $options) D:\AppServ\www\shop\Application\Admin\Model\OrderModel.class.php 第 187 行.
NOTIC: [2048] Declaration of Admin\Model\OrderModel::_after_delete() should be compatible with Think\Model::_after_delete($data, $options) D:\AppServ\www\shop\Application\Admin\Model\OrderModel.class.php 第 187 行.
SQL: SHOW COLUMNS FROM `yt_order` [ RunTime:0.028601s ]
SQL: SELECT COUNT(*) AS tp_count FROM `yt_order` WHERE `user_id` = '2' AND `order_status` IN ('已完成','待付款','待发货','待收货','待评价') LIMIT 1   [ RunTime:0.000000s ]
SQL: SELECT a.order_id,a.order_sn,a.order_add_time,a.order_status,a.goods_ori_price,a.goods_shipping_expense,a.goods_shipping_discount,a.order_expense_coin,a.goods_final_price,count(b.order_id) as goods_count FROM yt_order a LEFT JOIN yt_order_goods b ON a.order_id = b.order_id  WHERE a.user_id = '2' AND a.order_status IN ('已完成','待付款','待发货','待收货','待评价') GROUP BY a.order_id ORDER BY a.order_add_time DESC LIMIT 0,1   [ RunTime:0.046800s ]
NOTIC: D方法实例化没找到模型类Admin\Model\OrderGoodsModel
SQL: SHOW COLUMNS FROM `yt_order_goods` [ RunTime:0.000000s ]
SQL: SELECT a.*,b.goods_name,b.goods_thumb_small FROM yt_order_goods a LEFT JOIN yt_goods b ON a.goods_id = b.goods_id  WHERE a.order_id = '51'  [ RunTime:0.015600s ]
INFO: [ view_parse ] --START--
INFO: [ template_filter ] --START--
INFO: Run Behavior\ContentReplaceBehavior [ RunTime:0.000000s ]
INFO: [ template_filter ] --END-- [ RunTime:0.000000s ]
INFO: Run Behavior\ParseTemplateBehavior [ RunTime:0.062400s ]
INFO: [ view_parse ] --END-- [ RunTime:0.062400s ]
INFO: [ view_filter ] --START--
INFO: Run Behavior\WriteHtmlCacheBehavior [ RunTime:0.000000s ]
INFO: [ view_filter ] --END-- [ RunTime:0.000000s ]
INFO: [ app_end ] --START--
INFO: Run Behavior\ShowPageTraceBehavior [ RunTime:0.000000s ]
INFO: [ app_end ] --END-- [ RunTime:0.000000s ]

[ 2016-09-05T09:22:13+08:00 ] ::1 /shop/index.php/Home/User/ajaxGetUserIsLogin
INFO: [ app_begin ] --START--
INFO: Run Behavior\ReadHtmlCacheBehavior [ RunTime:0.000000s ]
INFO: [ app_begin ] --END-- [ RunTime:0.000000s ]
NOTIC: [2048] Declaration of Admin\Model\CatModel::_after_insert() should be compatible with Think\Model::_after_insert($data, $options) D:\AppServ\www\shop\Application\Admin\Model\CatModel.class.php 第 10 行.
NOTIC: [2048] Declaration of Admin\Model\CatModel::_after_update() should be compatible with Think\Model::_after_update($data, $options) D:\AppServ\www\shop\Application\Admin\Model\CatModel.class.php 第 10 行.
NOTIC: [2048] Declaration of Admin\Model\CatModel::_before_delete() should be compatible with Think\Model::_before_delete($options) D:\AppServ\www\shop\Application\Admin\Model\CatModel.class.php 第 10 行.
NOTIC: [2048] Declaration of Admin\Model\CatModel::_after_delete() should be compatible with Think\Model::_after_delete($data, $options) D:\AppServ\www\shop\Application\Admin\Model\CatModel.class.php 第 10 行.
SQL: SHOW COLUMNS FROM `yt_cat` [ RunTime:0.015600s ]
INFO: [ app_end ] --START--
INFO: Run Behavior\ShowPageTraceBehavior [ RunTime:0.000000s ]
INFO: [ app_end ] --END-- [ RunTime:0.000000s ]

[ 2016-09-05T09:22:13+08:00 ] ::1 /shop/index.php/Home/Cart/ajaxGetUserCartGoodsNumber
INFO: [ app_begin ] --START--
INFO: Run Behavior\ReadHtmlCacheBehavior [ RunTime:0.000000s ]
INFO: [ app_begin ] --END-- [ RunTime:0.000000s ]
NOTIC: [2048] Declaration of Admin\Model\CartModel::_after_insert() should be compatible with Think\Model::_after_insert($data, $options) D:\AppServ\www\shop\Application\Admin\Model\CartModel.class.php 第 10 行.
NOTIC: [2048] Declaration of Admin\Model\CartModel::_after_update() should be compatible with Think\Model::_after_update($data, $options) D:\AppServ\www\shop\Application\Admin\Model\CartModel.class.php 第 10 行.
NOTIC: [2048] Declaration of Admin\Model\CartModel::_after_delete() should be compatible with Think\Model::_after_delete($data, $options) D:\AppServ\www\shop\Application\Admin\Model\CartModel.class.php 第 10 行.
SQL: SHOW COLUMNS FROM `yt_cart` [ RunTime:0.009000s ]
SQL: SELECT sum(goods_amount) goods_amount FROM `yt_cart` WHERE `user_id` = '2'  [ RunTime:0.001000s ]
INFO: [ app_end ] --START--
INFO: Run Behavior\ShowPageTraceBehavior [ RunTime:0.003000s ]
INFO: [ app_end ] --END-- [ RunTime:0.003000s ]

[ 2016-09-05T09:22:27+08:00 ] ::1 /shop/index.php/Home/Cart/ajaxGetUserCartInfo
INFO: [ app_begin ] --START--
INFO: Run Behavior\ReadHtmlCacheBehavior [ RunTime:0.002000s ]
INFO: [ app_begin ] --END-- [ RunTime:0.003000s ]
NOTIC: [2048] Declaration of Admin\Model\CartModel::_after_insert() should be compatible with Think\Model::_after_insert($data, $options) D:\AppServ\www\shop\Application\Admin\Model\CartModel.class.php 第 10 行.
NOTIC: [2048] Declaration of Admin\Model\CartModel::_after_update() should be compatible with Think\Model::_after_update($data, $options) D:\AppServ\www\shop\Application\Admin\Model\CartModel.class.php 第 10 行.
NOTIC: [2048] Declaration of Admin\Model\CartModel::_after_delete() should be compatible with Think\Model::_after_delete($data, $options) D:\AppServ\www\shop\Application\Admin\Model\CartModel.class.php 第 10 行.
SQL: SHOW COLUMNS FROM `yt_cart` [ RunTime:0.015600s ]
SQL: SELECT sum(goods_amount) goods_amount FROM `yt_cart` WHERE `user_id` = '2'  [ RunTime:0.000000s ]
SQL: SELECT a.id,a.goods_id,a.goods_price,a.goods_amount,b.goods_name,b.goods_thumb_small FROM yt_cart a LEFT JOIN yt_goods b ON a.goods_id = b.goods_id  WHERE `user_id` = '2' ORDER BY a.goods_add_time DESC  [ RunTime:0.015600s ]
SQL: SELECT `goods_price`,`goods_amount` FROM `yt_cart` WHERE `user_id` = '2'  [ RunTime:0.000000s ]
INFO: [ view_parse ] --START--
INFO: [ template_filter ] --START--
INFO: Run Behavior\ContentReplaceBehavior [ RunTime:0.000000s ]
INFO: [ template_filter ] --END-- [ RunTime:0.000000s ]
INFO: Run Behavior\ParseTemplateBehavior [ RunTime:0.031200s ]
INFO: [ view_parse ] --END-- [ RunTime:0.031200s ]
INFO: [ view_filter ] --START--
INFO: Run Behavior\WriteHtmlCacheBehavior [ RunTime:0.000000s ]
INFO: [ view_filter ] --END-- [ RunTime:0.000000s ]
INFO: [ app_end ] --START--
INFO: Run Behavior\ShowPageTraceBehavior [ RunTime:0.000000s ]
INFO: [ app_end ] --END-- [ RunTime:0.000000s ]

[ 2016-09-05T09:22:27+08:00 ] ::1 /shop/index.php/Home/Cart/ajaxGetUserCartGoodsNumber
INFO: [ app_begin ] --START--
INFO: Run Behavior\ReadHtmlCacheBehavior [ RunTime:0.002000s ]
INFO: [ app_begin ] --END-- [ RunTime:0.003000s ]
NOTIC: [2048] Declaration of Admin\Model\CartModel::_after_insert() should be compatible with Think\Model::_after_insert($data, $options) D:\AppServ\www\shop\Application\Admin\Model\CartModel.class.php 第 10 行.
NOTIC: [2048] Declaration of Admin\Model\CartModel::_after_update() should be compatible with Think\Model::_after_update($data, $options) D:\AppServ\www\shop\Application\Admin\Model\CartModel.class.php 第 10 行.
NOTIC: [2048] Declaration of Admin\Model\CartModel::_after_delete() should be compatible with Think\Model::_after_delete($data, $options) D:\AppServ\www\shop\Application\Admin\Model\CartModel.class.php 第 10 行.
SQL: SHOW COLUMNS FROM `yt_cart` [ RunTime:0.003000s ]
SQL: SELECT sum(goods_amount) goods_amount FROM `yt_cart` WHERE `user_id` = '2'  [ RunTime:0.001000s ]
INFO: [ app_end ] --START--
INFO: Run Behavior\ShowPageTraceBehavior [ RunTime:0.001000s ]
INFO: [ app_end ] --END-- [ RunTime:0.001000s ]

[ 2016-09-05T09:22:27+08:00 ] ::1 /shop/index.php/Home/Goods/ajaxGetNavHistory
INFO: [ app_begin ] --START--
INFO: Run Behavior\ReadHtmlCacheBehavior [ RunTime:0.000000s ]
INFO: [ app_begin ] --END-- [ RunTime:0.000000s ]
NOTIC: [2048] Declaration of Admin\Model\CatModel::_after_insert() should be compatible with Think\Model::_after_insert($data, $options) D:\AppServ\www\shop\Application\Admin\Model\CatModel.class.php 第 10 行.
NOTIC: [2048] Declaration of Admin\Model\CatModel::_after_update() should be compatible with Think\Model::_after_update($data, $options) D:\AppServ\www\shop\Application\Admin\Model\CatModel.class.php 第 10 行.
NOTIC: [2048] Declaration of Admin\Model\CatModel::_before_delete() should be compatible with Think\Model::_before_delete($options) D:\AppServ\www\shop\Application\Admin\Model\CatModel.class.php 第 10 行.
NOTIC: [2048] Declaration of Admin\Model\CatModel::_after_delete() should be compatible with Think\Model::_after_delete($data, $options) D:\AppServ\www\shop\Application\Admin\Model\CatModel.class.php 第 10 行.
SQL: SHOW COLUMNS FROM `yt_cat` [ RunTime:0.003000s ]
SQL: SHOW COLUMNS FROM `yt_user_history` [ RunTime:0.009000s ]
SQL: SELECT `goods_id` FROM `yt_user_history` WHERE `user_id` = '2' ORDER BY goods_view_time DESC  [ RunTime:0.001000s ]
SQL: SHOW COLUMNS FROM `yt_goods` [ RunTime:0.010000s ]
SQL: SELECT `goods_id`,`goods_thumb_smallest` FROM `yt_goods` WHERE `goods_id` = 3 LIMIT 1   [ RunTime:0.001000s ]
SQL: SELECT `goods_id`,`goods_thumb_smallest` FROM `yt_goods` WHERE `goods_id` = 1 LIMIT 1   [ RunTime:0.001000s ]
SQL: SELECT `goods_id`,`goods_thumb_smallest` FROM `yt_goods` WHERE `goods_id` = 2 LIMIT 1   [ RunTime:0.000000s ]
SQL: SELECT `goods_id`,`goods_thumb_smallest` FROM `yt_goods` WHERE `goods_id` = 5 LIMIT 1   [ RunTime:0.000000s ]

[ 2016-09-05T09:22:27+08:00 ] ::1 /shop/index.php/Home/User/ajaxGetUserIsLogin
INFO: [ app_begin ] --START--
INFO: Run Behavior\ReadHtmlCacheBehavior [ RunTime:0.000000s ]
INFO: [ app_begin ] --END-- [ RunTime:0.000000s ]
NOTIC: [2048] Declaration of Admin\Model\CatModel::_after_insert() should be compatible with Think\Model::_after_insert($data, $options) D:\AppServ\www\shop\Application\Admin\Model\CatModel.class.php 第 10 行.
NOTIC: [2048] Declaration of Admin\Model\CatModel::_after_update() should be compatible with Think\Model::_after_update($data, $options) D:\AppServ\www\shop\Application\Admin\Model\CatModel.class.php 第 10 行.
NOTIC: [2048] Declaration of Admin\Model\CatModel::_before_delete() should be compatible with Think\Model::_before_delete($options) D:\AppServ\www\shop\Application\Admin\Model\CatModel.class.php 第 10 行.
NOTIC: [2048] Declaration of Admin\Model\CatModel::_after_delete() should be compatible with Think\Model::_after_delete($data, $options) D:\AppServ\www\shop\Application\Admin\Model\CatModel.class.php 第 10 行.
SQL: SHOW COLUMNS FROM `yt_cat` [ RunTime:0.002000s ]
INFO: [ app_end ] --START--
INFO: Run Behavior\ShowPageTraceBehavior [ RunTime:0.002000s ]
INFO: [ app_end ] --END-- [ RunTime:0.002000s ]

[ 2016-09-05T10:53:44+08:00 ] ::1 /shop/index.php/Home/Goods/ajaxGetNavHistory
INFO: [ app_begin ] --START--
INFO: Run Behavior\ReadHtmlCacheBehavior [ RunTime:0.002000s ]
INFO: [ app_begin ] --END-- [ RunTime:0.005000s ]
NOTIC: [2048] Declaration of Admin\Model\CatModel::_after_insert() should be compatible with Think\Model::_after_insert($data, $options) D:\AppServ\www\shop\Application\Admin\Model\CatModel.class.php 第 10 行.
NOTIC: [2048] Declaration of Admin\Model\CatModel::_after_update() should be compatible with Think\Model::_after_update($data, $options) D:\AppServ\www\shop\Application\Admin\Model\CatModel.class.php 第 10 行.
NOTIC: [2048] Declaration of Admin\Model\CatModel::_before_delete() should be compatible with Think\Model::_before_delete($options) D:\AppServ\www\shop\Application\Admin\Model\CatModel.class.php 第 10 行.
NOTIC: [2048] Declaration of Admin\Model\CatModel::_after_delete() should be compatible with Think\Model::_after_delete($data, $options) D:\AppServ\www\shop\Application\Admin\Model\CatModel.class.php 第 10 行.
SQL: SHOW COLUMNS FROM `yt_cat` [ RunTime:0.093005s ]
SQL: SHOW COLUMNS FROM `yt_user_history` [ RunTime:0.056201s ]
SQL: SELECT `goods_id` FROM `yt_user_history` WHERE `user_id` = '2' ORDER BY goods_view_time DESC  [ RunTime:0.000000s ]
SQL: SHOW COLUMNS FROM `yt_goods` [ RunTime:0.000000s ]
SQL: SELECT `goods_id`,`goods_thumb_smallest` FROM `yt_goods` WHERE `goods_id` = 3 LIMIT 1   [ RunTime:0.000000s ]
SQL: SELECT `goods_id`,`goods_thumb_smallest` FROM `yt_goods` WHERE `goods_id` = 1 LIMIT 1   [ RunTime:0.000000s ]
SQL: SELECT `goods_id`,`goods_thumb_smallest` FROM `yt_goods` WHERE `goods_id` = 2 LIMIT 1   [ RunTime:0.000000s ]
SQL: SELECT `goods_id`,`goods_thumb_smallest` FROM `yt_goods` WHERE `goods_id` = 5 LIMIT 1   [ RunTime:0.002500s ]

[ 2016-09-05T10:53:44+08:00 ] ::1 /shop/index.php/Home/Cart/ajaxGetUserCartGoodsNumber
INFO: [ app_begin ] --START--
INFO: Run Behavior\ReadHtmlCacheBehavior [ RunTime:0.015600s ]
INFO: [ app_begin ] --END-- [ RunTime:0.015600s ]
NOTIC: [2048] Declaration of Admin\Model\CartModel::_after_insert() should be compatible with Think\Model::_after_insert($data, $options) D:\AppServ\www\shop\Application\Admin\Model\CartModel.class.php 第 10 行.
NOTIC: [2048] Declaration of Admin\Model\CartModel::_after_update() should be compatible with Think\Model::_after_update($data, $options) D:\AppServ\www\shop\Application\Admin\Model\CartModel.class.php 第 10 行.
NOTIC: [2048] Declaration of Admin\Model\CartModel::_after_delete() should be compatible with Think\Model::_after_delete($data, $options) D:\AppServ\www\shop\Application\Admin\Model\CartModel.class.php 第 10 行.
SQL: SHOW COLUMNS FROM `yt_cart` [ RunTime:0.009001s ]
SQL: SELECT sum(goods_amount) goods_amount FROM `yt_cart` WHERE `user_id` = '2'  [ RunTime:0.001000s ]
INFO: [ app_end ] --START--
INFO: Run Behavior\ShowPageTraceBehavior [ RunTime:0.002000s ]
INFO: [ app_end ] --END-- [ RunTime:0.002000s ]

[ 2016-09-05T10:53:44+08:00 ] ::1 /shop/index.php/Home/User/ajaxGetUserIsLogin
INFO: [ app_begin ] --START--
INFO: Run Behavior\ReadHtmlCacheBehavior [ RunTime:0.000000s ]
INFO: [ app_begin ] --END-- [ RunTime:0.000000s ]
NOTIC: [2048] Declaration of Admin\Model\CatModel::_after_insert() should be compatible with Think\Model::_after_insert($data, $options) D:\AppServ\www\shop\Application\Admin\Model\CatModel.class.php 第 10 行.
NOTIC: [2048] Declaration of Admin\Model\CatModel::_after_update() should be compatible with Think\Model::_after_update($data, $options) D:\AppServ\www\shop\Application\Admin\Model\CatModel.class.php 第 10 行.
NOTIC: [2048] Declaration of Admin\Model\CatModel::_before_delete() should be compatible with Think\Model::_before_delete($options) D:\AppServ\www\shop\Application\Admin\Model\CatModel.class.php 第 10 行.
NOTIC: [2048] Declaration of Admin\Model\CatModel::_after_delete() should be compatible with Think\Model::_after_delete($data, $options) D:\AppServ\www\shop\Application\Admin\Model\CatModel.class.php 第 10 行.
SQL: SHOW COLUMNS FROM `yt_cat` [ RunTime:0.002000s ]
INFO: [ app_end ] --START--
INFO: Run Behavior\ShowPageTraceBehavior [ RunTime:0.002000s ]
INFO: [ app_end ] --END-- [ RunTime:0.003000s ]

[ 2016-09-05T10:53:44+08:00 ] ::1 /shop/index.php/Home/Cart/ajaxGetUserCartInfo
INFO: [ app_begin ] --START--
INFO: Run Behavior\ReadHtmlCacheBehavior [ RunTime:0.008000s ]
INFO: [ app_begin ] --END-- [ RunTime:0.009000s ]
NOTIC: [2048] Declaration of Admin\Model\CartModel::_after_insert() should be compatible with Think\Model::_after_insert($data, $options) D:\AppServ\www\shop\Application\Admin\Model\CartModel.class.php 第 10 行.
NOTIC: [2048] Declaration of Admin\Model\CartModel::_after_update() should be compatible with Think\Model::_after_update($data, $options) D:\AppServ\www\shop\Application\Admin\Model\CartModel.class.php 第 10 行.
NOTIC: [2048] Declaration of Admin\Model\CartModel::_after_delete() should be compatible with Think\Model::_after_delete($data, $options) D:\AppServ\www\shop\Application\Admin\Model\CartModel.class.php 第 10 行.
SQL: SHOW COLUMNS FROM `yt_cart` [ RunTime:0.002000s ]
SQL: SELECT sum(goods_amount) goods_amount FROM `yt_cart` WHERE `user_id` = '2'  [ RunTime:0.001000s ]
SQL: SELECT a.id,a.goods_id,a.goods_price,a.goods_amount,b.goods_name,b.goods_thumb_small FROM yt_cart a LEFT JOIN yt_goods b ON a.goods_id = b.goods_id  WHERE `user_id` = '2' ORDER BY a.goods_add_time DESC  [ RunTime:0.001000s ]
SQL: SELECT `goods_price`,`goods_amount` FROM `yt_cart` WHERE `user_id` = '2'  [ RunTime:0.002000s ]
INFO: [ view_parse ] --START--
INFO: [ template_filter ] --START--
INFO: Run Behavior\ContentReplaceBehavior [ RunTime:0.000000s ]
INFO: [ template_filter ] --END-- [ RunTime:0.000000s ]
INFO: Run Behavior\ParseTemplateBehavior [ RunTime:0.031002s ]
INFO: [ view_parse ] --END-- [ RunTime:0.031002s ]
INFO: [ view_filter ] --START--
INFO: Run Behavior\WriteHtmlCacheBehavior [ RunTime:0.003000s ]
INFO: [ view_filter ] --END-- [ RunTime:0.003000s ]
INFO: [ app_end ] --START--
INFO: Run Behavior\ShowPageTraceBehavior [ RunTime:0.003000s ]
INFO: [ app_end ] --END-- [ RunTime:0.004000s ]

[ 2016-09-05T10:53:46+08:00 ] ::1 /shop/index.php/Home/Cart/ajaxGetUserCartInfo
INFO: [ app_begin ] --START--
INFO: Run Behavior\ReadHtmlCacheBehavior [ RunTime:0.004001s ]
INFO: [ app_begin ] --END-- [ RunTime:0.013001s ]
NOTIC: [2048] Declaration of Admin\Model\CartModel::_after_insert() should be compatible with Think\Model::_after_insert($data, $options) D:\AppServ\www\shop\Application\Admin\Model\CartModel.class.php 第 10 行.
NOTIC: [2048] Declaration of Admin\Model\CartModel::_after_update() should be compatible with Think\Model::_after_update($data, $options) D:\AppServ\www\shop\Application\Admin\Model\CartModel.class.php 第 10 行.
NOTIC: [2048] Declaration of Admin\Model\CartModel::_after_delete() should be compatible with Think\Model::_after_delete($data, $options) D:\AppServ\www\shop\Application\Admin\Model\CartModel.class.php 第 10 行.
SQL: SHOW COLUMNS FROM `yt_cart` [ RunTime:0.005000s ]
SQL: SELECT sum(goods_amount) goods_amount FROM `yt_cart` WHERE `user_id` = '2'  [ RunTime:0.002000s ]
SQL: SELECT a.id,a.goods_id,a.goods_price,a.goods_amount,b.goods_name,b.goods_thumb_small FROM yt_cart a LEFT JOIN yt_goods b ON a.goods_id = b.goods_id  WHERE `user_id` = '2' ORDER BY a.goods_add_time DESC  [ RunTime:0.002000s ]
SQL: SELECT `goods_price`,`goods_amount` FROM `yt_cart` WHERE `user_id` = '2'  [ RunTime:0.001000s ]
INFO: [ view_parse ] --START--
INFO: [ template_filter ] --START--
INFO: Run Behavior\ContentReplaceBehavior [ RunTime:0.000000s ]
INFO: [ template_filter ] --END-- [ RunTime:0.001001s ]
INFO: Run Behavior\ParseTemplateBehavior [ RunTime:0.024002s ]
INFO: [ view_parse ] --END-- [ RunTime:0.024002s ]
INFO: [ view_filter ] --START--
INFO: Run Behavior\WriteHtmlCacheBehavior [ RunTime:0.002000s ]
INFO: [ view_filter ] --END-- [ RunTime:0.003000s ]
INFO: [ app_end ] --START--
INFO: Run Behavior\ShowPageTraceBehavior [ RunTime:0.001000s ]
INFO: [ app_end ] --END-- [ RunTime:0.001000s ]

[ 2016-09-05T10:53:46+08:00 ] ::1 /shop/index.php/Home/Goods/ajaxGetNavHistory
INFO: [ app_begin ] --START--
INFO: Run Behavior\ReadHtmlCacheBehavior [ RunTime:0.010001s ]
INFO: [ app_begin ] --END-- [ RunTime:0.015001s ]
NOTIC: [2048] Declaration of Admin\Model\CatModel::_after_insert() should be compatible with Think\Model::_after_insert($data, $options) D:\AppServ\www\shop\Application\Admin\Model\CatModel.class.php 第 10 行.
NOTIC: [2048] Declaration of Admin\Model\CatModel::_after_update() should be compatible with Think\Model::_after_update($data, $options) D:\AppServ\www\shop\Application\Admin\Model\CatModel.class.php 第 10 行.
NOTIC: [2048] Declaration of Admin\Model\CatModel::_before_delete() should be compatible with Think\Model::_before_delete($options) D:\AppServ\www\shop\Application\Admin\Model\CatModel.class.php 第 10 行.
NOTIC: [2048] Declaration of Admin\Model\CatModel::_after_delete() should be compatible with Think\Model::_after_delete($data, $options) D:\AppServ\www\shop\Application\Admin\Model\CatModel.class.php 第 10 行.
SQL: SHOW COLUMNS FROM `yt_cat` [ RunTime:0.003000s ]
SQL: SHOW COLUMNS FROM `yt_user_history` [ RunTime:0.002000s ]
SQL: SELECT `goods_id` FROM `yt_user_history` WHERE `user_id` = '2' ORDER BY goods_view_time DESC  [ RunTime:0.002000s ]
SQL: SHOW COLUMNS FROM `yt_goods` [ RunTime:0.003000s ]
SQL: SELECT `goods_id`,`goods_thumb_smallest` FROM `yt_goods` WHERE `goods_id` = 3 LIMIT 1   [ RunTime:0.001000s ]
SQL: SELECT `goods_id`,`goods_thumb_smallest` FROM `yt_goods` WHERE `goods_id` = 1 LIMIT 1   [ RunTime:0.001000s ]
SQL: SELECT `goods_id`,`goods_thumb_smallest` FROM `yt_goods` WHERE `goods_id` = 2 LIMIT 1   [ RunTime:0.001000s ]
SQL: SELECT `goods_id`,`goods_thumb_smallest` FROM `yt_goods` WHERE `goods_id` = 5 LIMIT 1   [ RunTime:0.001000s ]

[ 2016-09-05T10:53:46+08:00 ] ::1 /shop/index.php/Home/User/ajaxGetUserIsLogin
INFO: [ app_begin ] --START--
INFO: Run Behavior\ReadHtmlCacheBehavior [ RunTime:0.001000s ]
INFO: [ app_begin ] --END-- [ RunTime:0.019001s ]
NOTIC: [2048] Declaration of Admin\Model\CatModel::_after_insert() should be compatible with Think\Model::_after_insert($data, $options) D:\AppServ\www\shop\Application\Admin\Model\CatModel.class.php 第 10 行.
NOTIC: [2048] Declaration of Admin\Model\CatModel::_after_update() should be compatible with Think\Model::_after_update($data, $options) D:\AppServ\www\shop\Application\Admin\Model\CatModel.class.php 第 10 行.
NOTIC: [2048] Declaration of Admin\Model\CatModel::_before_delete() should be compatible with Think\Model::_before_delete($options) D:\AppServ\www\shop\Application\Admin\Model\CatModel.class.php 第 10 行.
NOTIC: [2048] Declaration of Admin\Model\CatModel::_after_delete() should be compatible with Think\Model::_after_delete($data, $options) D:\AppServ\www\shop\Application\Admin\Model\CatModel.class.php 第 10 行.
SQL: SHOW COLUMNS FROM `yt_cat` [ RunTime:0.002000s ]
INFO: [ app_end ] --START--
INFO: Run Behavior\ShowPageTraceBehavior [ RunTime:0.002000s ]
INFO: [ app_end ] --END-- [ RunTime:0.002000s ]

[ 2016-09-05T10:53:46+08:00 ] ::1 /shop/index.php/Home/Cart/ajaxGetUserCartGoodsNumber
INFO: [ app_begin ] --START--
INFO: Run Behavior\ReadHtmlCacheBehavior [ RunTime:0.004000s ]
INFO: [ app_begin ] --END-- [ RunTime:0.005000s ]
NOTIC: [2048] Declaration of Admin\Model\CartModel::_after_insert() should be compatible with Think\Model::_after_insert($data, $options) D:\AppServ\www\shop\Application\Admin\Model\CartModel.class.php 第 10 行.
NOTIC: [2048] Declaration of Admin\Model\CartModel::_after_update() should be compatible with Think\Model::_after_update($data, $options) D:\AppServ\www\shop\Application\Admin\Model\CartModel.class.php 第 10 行.
NOTIC: [2048] Declaration of Admin\Model\CartModel::_after_delete() should be compatible with Think\Model::_after_delete($data, $options) D:\AppServ\www\shop\Application\Admin\Model\CartModel.class.php 第 10 行.
SQL: SHOW COLUMNS FROM `yt_cart` [ RunTime:0.009001s ]
SQL: SELECT sum(goods_amount) goods_amount FROM `yt_cart` WHERE `user_id` = '2'  [ RunTime:0.001000s ]
INFO: [ app_end ] --START--
INFO: Run Behavior\ShowPageTraceBehavior [ RunTime:0.002000s ]
INFO: [ app_end ] --END-- [ RunTime:0.003000s ]

[ 2016-09-05T10:53:48+08:00 ] ::1 /shop/index.php/Home/Cart/ajaxGetUserCartInfo
INFO: [ app_begin ] --START--
INFO: Run Behavior\ReadHtmlCacheBehavior [ RunTime:0.034002s ]
INFO: [ app_begin ] --END-- [ RunTime:0.040003s ]
NOTIC: [2048] Declaration of Admin\Model\CartModel::_after_insert() should be compatible with Think\Model::_after_insert($data, $options) D:\AppServ\www\shop\Application\Admin\Model\CartModel.class.php 第 10 行.
NOTIC: [2048] Declaration of Admin\Model\CartModel::_after_update() should be compatible with Think\Model::_after_update($data, $options) D:\AppServ\www\shop\Application\Admin\Model\CartModel.class.php 第 10 行.
NOTIC: [2048] Declaration of Admin\Model\CartModel::_after_delete() should be compatible with Think\Model::_after_delete($data, $options) D:\AppServ\www\shop\Application\Admin\Model\CartModel.class.php 第 10 行.
SQL: SHOW COLUMNS FROM `yt_cart` [ RunTime:0.002000s ]
SQL: SELECT sum(goods_amount) goods_amount FROM `yt_cart` WHERE `user_id` = '2'  [ RunTime:0.001000s ]
SQL: SELECT a.id,a.goods_id,a.goods_price,a.goods_amount,b.goods_name,b.goods_thumb_small FROM yt_cart a LEFT JOIN yt_goods b ON a.goods_id = b.goods_id  WHERE `user_id` = '2' ORDER BY a.goods_add_time DESC  [ RunTime:0.001000s ]
SQL: SELECT `goods_price`,`goods_amount` FROM `yt_cart` WHERE `user_id` = '2'  [ RunTime:0.001000s ]
INFO: [ view_parse ] --START--
INFO: [ template_filter ] --START--
INFO: Run Behavior\ContentReplaceBehavior [ RunTime:0.003000s ]
INFO: [ template_filter ] --END-- [ RunTime:0.003000s ]
INFO: Run Behavior\ParseTemplateBehavior [ RunTime:0.061004s ]
INFO: [ view_parse ] --END-- [ RunTime:0.061004s ]
INFO: [ view_filter ] --START--
INFO: Run Behavior\WriteHtmlCacheBehavior [ RunTime:0.005000s ]
INFO: [ view_filter ] --END-- [ RunTime:0.006000s ]
INFO: [ app_end ] --START--
INFO: Run Behavior\ShowPageTraceBehavior [ RunTime:0.008001s ]
INFO: [ app_end ] --END-- [ RunTime:0.008001s ]

[ 2016-09-05T10:53:49+08:00 ] ::1 /shop/index.php/Home/Goods/ajaxGetNavHistory
INFO: [ app_begin ] --START--
INFO: Run Behavior\ReadHtmlCacheBehavior [ RunTime:0.021001s ]
INFO: [ app_begin ] --END-- [ RunTime:0.030001s ]
NOTIC: [2048] Declaration of Admin\Model\CatModel::_after_insert() should be compatible with Think\Model::_after_insert($data, $options) D:\AppServ\www\shop\Application\Admin\Model\CatModel.class.php 第 10 行.
NOTIC: [2048] Declaration of Admin\Model\CatModel::_after_update() should be compatible with Think\Model::_after_update($data, $options) D:\AppServ\www\shop\Application\Admin\Model\CatModel.class.php 第 10 行.
NOTIC: [2048] Declaration of Admin\Model\CatModel::_before_delete() should be compatible with Think\Model::_before_delete($options) D:\AppServ\www\shop\Application\Admin\Model\CatModel.class.php 第 10 行.
NOTIC: [2048] Declaration of Admin\Model\CatModel::_after_delete() should be compatible with Think\Model::_after_delete($data, $options) D:\AppServ\www\shop\Application\Admin\Model\CatModel.class.php 第 10 行.
SQL: SHOW COLUMNS FROM `yt_cat` [ RunTime:0.014000s ]
SQL: SHOW COLUMNS FROM `yt_user_history` [ RunTime:0.009000s ]
SQL: SELECT `goods_id` FROM `yt_user_history` WHERE `user_id` = '2' ORDER BY goods_view_time DESC  [ RunTime:0.001000s ]
SQL: SHOW COLUMNS FROM `yt_goods` [ RunTime:0.004000s ]
SQL: SELECT `goods_id`,`goods_thumb_smallest` FROM `yt_goods` WHERE `goods_id` = 3 LIMIT 1   [ RunTime:0.001000s ]
SQL: SELECT `goods_id`,`goods_thumb_smallest` FROM `yt_goods` WHERE `goods_id` = 1 LIMIT 1   [ RunTime:0.000000s ]
SQL: SELECT `goods_id`,`goods_thumb_smallest` FROM `yt_goods` WHERE `goods_id` = 2 LIMIT 1   [ RunTime:0.000000s ]
SQL: SELECT `goods_id`,`goods_thumb_smallest` FROM `yt_goods` WHERE `goods_id` = 5 LIMIT 1   [ RunTime:0.000000s ]

[ 2016-09-05T10:53:49+08:00 ] ::1 /shop/index.php/Home/Cart/ajaxGetUserCartGoodsNumber
INFO: [ app_begin ] --START--
INFO: Run Behavior\ReadHtmlCacheBehavior [ RunTime:0.011001s ]
INFO: [ app_begin ] --END-- [ RunTime:0.016001s ]
NOTIC: [2048] Declaration of Admin\Model\CartModel::_after_insert() should be compatible with Think\Model::_after_insert($data, $options) D:\AppServ\www\shop\Application\Admin\Model\CartModel.class.php 第 10 行.
NOTIC: [2048] Declaration of Admin\Model\CartModel::_after_update() should be compatible with Think\Model::_after_update($data, $options) D:\AppServ\www\shop\Application\Admin\Model\CartModel.class.php 第 10 行.
NOTIC: [2048] Declaration of Admin\Model\CartModel::_after_delete() should be compatible with Think\Model::_after_delete($data, $options) D:\AppServ\www\shop\Application\Admin\Model\CartModel.class.php 第 10 行.
SQL: SHOW COLUMNS FROM `yt_cart` [ RunTime:0.009001s ]
SQL: SELECT sum(goods_amount) goods_amount FROM `yt_cart` WHERE `user_id` = '2'  [ RunTime:0.002000s ]
INFO: [ app_end ] --START--
INFO: Run Behavior\ShowPageTraceBehavior [ RunTime:0.002000s ]
INFO: [ app_end ] --END-- [ RunTime:0.002000s ]

[ 2016-09-05T10:53:49+08:00 ] ::1 /shop/index.php/Home/User/ajaxGetUserIsLogin
INFO: [ app_begin ] --START--
INFO: Run Behavior\ReadHtmlCacheBehavior [ RunTime:0.010000s ]
INFO: [ app_begin ] --END-- [ RunTime:0.015000s ]
NOTIC: [2048] Declaration of Admin\Model\CatModel::_after_insert() should be compatible with Think\Model::_after_insert($data, $options) D:\AppServ\www\shop\Application\Admin\Model\CatModel.class.php 第 10 行.
NOTIC: [2048] Declaration of Admin\Model\CatModel::_after_update() should be compatible with Think\Model::_after_update($data, $options) D:\AppServ\www\shop\Application\Admin\Model\CatModel.class.php 第 10 行.
NOTIC: [2048] Declaration of Admin\Model\CatModel::_before_delete() should be compatible with Think\Model::_before_delete($options) D:\AppServ\www\shop\Application\Admin\Model\CatModel.class.php 第 10 行.
NOTIC: [2048] Declaration of Admin\Model\CatModel::_after_delete() should be compatible with Think\Model::_after_delete($data, $options) D:\AppServ\www\shop\Application\Admin\Model\CatModel.class.php 第 10 行.
SQL: SHOW COLUMNS FROM `yt_cat` [ RunTime:0.003000s ]
INFO: [ app_end ] --START--
INFO: Run Behavior\ShowPageTraceBehavior [ RunTime:0.003000s ]
INFO: [ app_end ] --END-- [ RunTime:0.003000s ]

[ 2016-09-05T10:53:58+08:00 ] ::1 /shop/index.php/Home/User/ajaxGetUserIsLogin
INFO: [ app_begin ] --START--
INFO: Run Behavior\ReadHtmlCacheBehavior [ RunTime:0.005001s ]
INFO: [ app_begin ] --END-- [ RunTime:0.008001s ]
NOTIC: [2048] Declaration of Admin\Model\CatModel::_after_insert() should be compatible with Think\Model::_after_insert($data, $options) D:\AppServ\www\shop\Application\Admin\Model\CatModel.class.php 第 10 行.
NOTIC: [2048] Declaration of Admin\Model\CatModel::_after_update() should be compatible with Think\Model::_after_update($data, $options) D:\AppServ\www\shop\Application\Admin\Model\CatModel.class.php 第 10 行.
NOTIC: [2048] Declaration of Admin\Model\CatModel::_before_delete() should be compatible with Think\Model::_before_delete($options) D:\AppServ\www\shop\Application\Admin\Model\CatModel.class.php 第 10 行.
NOTIC: [2048] Declaration of Admin\Model\CatModel::_after_delete() should be compatible with Think\Model::_after_delete($data, $options) D:\AppServ\www\shop\Application\Admin\Model\CatModel.class.php 第 10 行.
SQL: SHOW COLUMNS FROM `yt_cat` [ RunTime:0.002000s ]
INFO: [ app_end ] --START--
INFO: Run Behavior\ShowPageTraceBehavior [ RunTime:0.002000s ]
INFO: [ app_end ] --END-- [ RunTime:0.002000s ]

[ 2016-09-05T10:54:02+08:00 ] ::1 /shop/index.php/Home/Goods/ajaxGetNavHistory
INFO: [ app_begin ] --START--
INFO: Run Behavior\ReadHtmlCacheBehavior [ RunTime:0.003001s ]
INFO: [ app_begin ] --END-- [ RunTime:0.006001s ]
NOTIC: [2048] Declaration of Admin\Model\CatModel::_after_insert() should be compatible with Think\Model::_after_insert($data, $options) D:\AppServ\www\shop\Application\Admin\Model\CatModel.class.php 第 10 行.
NOTIC: [2048] Declaration of Admin\Model\CatModel::_after_update() should be compatible with Think\Model::_after_update($data, $options) D:\AppServ\www\shop\Application\Admin\Model\CatModel.class.php 第 10 行.
NOTIC: [2048] Declaration of Admin\Model\CatModel::_before_delete() should be compatible with Think\Model::_before_delete($options) D:\AppServ\www\shop\Application\Admin\Model\CatModel.class.php 第 10 行.
NOTIC: [2048] Declaration of Admin\Model\CatModel::_after_delete() should be compatible with Think\Model::_after_delete($data, $options) D:\AppServ\www\shop\Application\Admin\Model\CatModel.class.php 第 10 行.
SQL: SHOW COLUMNS FROM `yt_cat` [ RunTime:0.002000s ]
NOTIC: [2] Invalid argument supplied for foreach() D:\AppServ\www\shop\Application\Home\Controller\GoodsController.class.php 第 300 行.

[ 2016-09-05T10:54:02+08:00 ] ::1 /shop/index.php/Home/Cart/ajaxGetUserCartGoodsNumber
INFO: [ app_begin ] --START--
INFO: Run Behavior\ReadHtmlCacheBehavior [ RunTime:0.003000s ]
INFO: [ app_begin ] --END-- [ RunTime:0.004000s ]
NOTIC: [2048] Declaration of Admin\Model\CartModel::_after_insert() should be compatible with Think\Model::_after_insert($data, $options) D:\AppServ\www\shop\Application\Admin\Model\CartModel.class.php 第 10 行.
NOTIC: [2048] Declaration of Admin\Model\CartModel::_after_update() should be compatible with Think\Model::_after_update($data, $options) D:\AppServ\www\shop\Application\Admin\Model\CartModel.class.php 第 10 行.
NOTIC: [2048] Declaration of Admin\Model\CartModel::_after_delete() should be compatible with Think\Model::_after_delete($data, $options) D:\AppServ\www\shop\Application\Admin\Model\CartModel.class.php 第 10 行.
SQL: SHOW COLUMNS FROM `yt_cart` [ RunTime:0.000000s ]
SQL: SELECT sum(goods_amount) goods_amount FROM `yt_cart` WHERE `user_session_id` = 'nmh1dt5ro0v3ledg1s76e50f15' AND `user_id` = '0'  [ RunTime:0.000000s ]
INFO: [ app_end ] --START--
INFO: Run Behavior\ShowPageTraceBehavior [ RunTime:0.000000s ]
INFO: [ app_end ] --END-- [ RunTime:0.000000s ]

[ 2016-09-05T10:54:03+08:00 ] ::1 /shop/index.php/Home/User/ajaxGetUserIsLogin
INFO: [ app_begin ] --START--
INFO: Run Behavior\ReadHtmlCacheBehavior [ RunTime:0.002000s ]
INFO: [ app_begin ] --END-- [ RunTime:0.003000s ]
NOTIC: [2048] Declaration of Admin\Model\CatModel::_after_insert() should be compatible with Think\Model::_after_insert($data, $options) D:\AppServ\www\shop\Application\Admin\Model\CatModel.class.php 第 10 行.
NOTIC: [2048] Declaration of Admin\Model\CatModel::_after_update() should be compatible with Think\Model::_after_update($data, $options) D:\AppServ\www\shop\Application\Admin\Model\CatModel.class.php 第 10 行.
NOTIC: [2048] Declaration of Admin\Model\CatModel::_before_delete() should be compatible with Think\Model::_before_delete($options) D:\AppServ\www\shop\Application\Admin\Model\CatModel.class.php 第 10 行.
NOTIC: [2048] Declaration of Admin\Model\CatModel::_after_delete() should be compatible with Think\Model::_after_delete($data, $options) D:\AppServ\www\shop\Application\Admin\Model\CatModel.class.php 第 10 行.
SQL: SHOW COLUMNS FROM `yt_cat` [ RunTime:0.003000s ]
INFO: [ app_end ] --START--
INFO: Run Behavior\ShowPageTraceBehavior [ RunTime:0.002001s ]
INFO: [ app_end ] --END-- [ RunTime:0.002001s ]

[ 2016-09-05T10:54:06+08:00 ] ::1 /shop/index.php/Home/Cart/ajaxGetUserCartInfo
INFO: [ app_begin ] --START--
INFO: Run Behavior\ReadHtmlCacheBehavior [ RunTime:0.000000s ]
INFO: [ app_begin ] --END-- [ RunTime:0.000000s ]
NOTIC: [2048] Declaration of Admin\Model\CartModel::_after_insert() should be compatible with Think\Model::_after_insert($data, $options) D:\AppServ\www\shop\Application\Admin\Model\CartModel.class.php 第 10 行.
NOTIC: [2048] Declaration of Admin\Model\CartModel::_after_update() should be compatible with Think\Model::_after_update($data, $options) D:\AppServ\www\shop\Application\Admin\Model\CartModel.class.php 第 10 行.
NOTIC: [2048] Declaration of Admin\Model\CartModel::_after_delete() should be compatible with Think\Model::_after_delete($data, $options) D:\AppServ\www\shop\Application\Admin\Model\CartModel.class.php 第 10 行.
SQL: SHOW COLUMNS FROM `yt_cart` [ RunTime:0.015600s ]
SQL: SELECT sum(goods_amount) goods_amount FROM `yt_cart` WHERE `user_session_id` = 'nmh1dt5ro0v3ledg1s76e50f15' AND `user_id` = '0'  [ RunTime:0.000000s ]
SQL: SELECT a.id,a.goods_id,a.goods_price,a.goods_amount,b.goods_name,b.goods_thumb_small FROM yt_cart a LEFT JOIN yt_goods b ON a.goods_id = b.goods_id  WHERE `user_session_id` = 'nmh1dt5ro0v3ledg1s76e50f15' AND `user_id` = '0' ORDER BY a.goods_add_time DESC  [ RunTime:0.000000s ]
SQL: SELECT `goods_price`,`goods_amount` FROM `yt_cart` WHERE `user_session_id` = 'nmh1dt5ro0v3ledg1s76e50f15' AND `user_id` = '0'  [ RunTime:0.000000s ]
NOTIC: [2] Invalid argument supplied for foreach() D:\AppServ\www\shop\Application\Home\Controller\CartController.class.php 第 230 行.
INFO: [ view_parse ] --START--
INFO: [ template_filter ] --START--
INFO: Run Behavior\ContentReplaceBehavior [ RunTime:0.000000s ]
INFO: [ template_filter ] --END-- [ RunTime:0.000000s ]
INFO: Run Behavior\ParseTemplateBehavior [ RunTime:0.015600s ]
INFO: [ view_parse ] --END-- [ RunTime:0.015600s ]
INFO: [ view_filter ] --START--
INFO: Run Behavior\WriteHtmlCacheBehavior [ RunTime:0.000000s ]
INFO: [ view_filter ] --END-- [ RunTime:0.000000s ]
INFO: [ app_end ] --START--
INFO: Run Behavior\ShowPageTraceBehavior [ RunTime:0.000000s ]
INFO: [ app_end ] --END-- [ RunTime:0.000000s ]

[ 2016-09-05T10:54:06+08:00 ] ::1 /shop/index.php/Home/User/ajaxGetUserIsLogin
INFO: [ app_begin ] --START--
INFO: Run Behavior\ReadHtmlCacheBehavior [ RunTime:0.000000s ]
INFO: [ app_begin ] --END-- [ RunTime:0.000000s ]
NOTIC: [2048] Declaration of Admin\Model\CatModel::_after_insert() should be compatible with Think\Model::_after_insert($data, $options) D:\AppServ\www\shop\Application\Admin\Model\CatModel.class.php 第 10 行.
NOTIC: [2048] Declaration of Admin\Model\CatModel::_after_update() should be compatible with Think\Model::_after_update($data, $options) D:\AppServ\www\shop\Application\Admin\Model\CatModel.class.php 第 10 行.
NOTIC: [2048] Declaration of Admin\Model\CatModel::_before_delete() should be compatible with Think\Model::_before_delete($options) D:\AppServ\www\shop\Application\Admin\Model\CatModel.class.php 第 10 行.
NOTIC: [2048] Declaration of Admin\Model\CatModel::_after_delete() should be compatible with Think\Model::_after_delete($data, $options) D:\AppServ\www\shop\Application\Admin\Model\CatModel.class.php 第 10 行.
SQL: SHOW COLUMNS FROM `yt_cat` [ RunTime:0.000000s ]
INFO: [ app_end ] --START--
INFO: Run Behavior\ShowPageTraceBehavior [ RunTime:0.000000s ]
INFO: [ app_end ] --END-- [ RunTime:0.000000s ]

[ 2016-09-05T10:54:06+08:00 ] ::1 /shop/index.php/Home/Goods/ajaxGetNavHistory
INFO: [ app_begin ] --START--
INFO: Run Behavior\ReadHtmlCacheBehavior [ RunTime:0.000000s ]
INFO: [ app_begin ] --END-- [ RunTime:0.000000s ]
NOTIC: [2048] Declaration of Admin\Model\CatModel::_after_insert() should be compatible with Think\Model::_after_insert($data, $options) D:\AppServ\www\shop\Application\Admin\Model\CatModel.class.php 第 10 行.
NOTIC: [2048] Declaration of Admin\Model\CatModel::_after_update() should be compatible with Think\Model::_after_update($data, $options) D:\AppServ\www\shop\Application\Admin\Model\CatModel.class.php 第 10 行.
NOTIC: [2048] Declaration of Admin\Model\CatModel::_before_delete() should be compatible with Think\Model::_before_delete($options) D:\AppServ\www\shop\Application\Admin\Model\CatModel.class.php 第 10 行.
NOTIC: [2048] Declaration of Admin\Model\CatModel::_after_delete() should be compatible with Think\Model::_after_delete($data, $options) D:\AppServ\www\shop\Application\Admin\Model\CatModel.class.php 第 10 行.
SQL: SHOW COLUMNS FROM `yt_cat` [ RunTime:0.002001s ]
NOTIC: [2] Invalid argument supplied for foreach() D:\AppServ\www\shop\Application\Home\Controller\GoodsController.class.php 第 300 行.

[ 2016-09-05T10:54:06+08:00 ] ::1 /shop/index.php/Home/Cart/ajaxGetUserCartGoodsNumber
INFO: [ app_begin ] --START--
INFO: Run Behavior\ReadHtmlCacheBehavior [ RunTime:0.000000s ]
INFO: [ app_begin ] --END-- [ RunTime:0.000000s ]
NOTIC: [2048] Declaration of Admin\Model\CartModel::_after_insert() should be compatible with Think\Model::_after_insert($data, $options) D:\AppServ\www\shop\Application\Admin\Model\CartModel.class.php 第 10 行.
NOTIC: [2048] Declaration of Admin\Model\CartModel::_after_update() should be compatible with Think\Model::_after_update($data, $options) D:\AppServ\www\shop\Application\Admin\Model\CartModel.class.php 第 10 行.
NOTIC: [2048] Declaration of Admin\Model\CartModel::_after_delete() should be compatible with Think\Model::_after_delete($data, $options) D:\AppServ\www\shop\Application\Admin\Model\CartModel.class.php 第 10 行.
SQL: SHOW COLUMNS FROM `yt_cart` [ RunTime:0.003000s ]
SQL: SELECT sum(goods_amount) goods_amount FROM `yt_cart` WHERE `user_session_id` = 'nmh1dt5ro0v3ledg1s76e50f15' AND `user_id` = '0'  [ RunTime:0.002000s ]
INFO: [ app_end ] --START--
INFO: Run Behavior\ShowPageTraceBehavior [ RunTime:0.002000s ]
INFO: [ app_end ] --END-- [ RunTime:0.002000s ]

[ 2016-09-05T11:06:19+08:00 ] ::1 /shop/index.php/Home/Goods/ajaxGetNavHistory
INFO: [ app_begin ] --START--
INFO: Run Behavior\ReadHtmlCacheBehavior [ RunTime:0.000000s ]
INFO: [ app_begin ] --END-- [ RunTime:0.000000s ]
NOTIC: [2048] Declaration of Admin\Model\CatModel::_after_insert() should be compatible with Think\Model::_after_insert($data, $options) D:\AppServ\www\shop\Application\Admin\Model\CatModel.class.php 第 10 行.
NOTIC: [2048] Declaration of Admin\Model\CatModel::_after_update() should be compatible with Think\Model::_after_update($data, $options) D:\AppServ\www\shop\Application\Admin\Model\CatModel.class.php 第 10 行.
NOTIC: [2048] Declaration of Admin\Model\CatModel::_before_delete() should be compatible with Think\Model::_before_delete($options) D:\AppServ\www\shop\Application\Admin\Model\CatModel.class.php 第 10 行.
NOTIC: [2048] Declaration of Admin\Model\CatModel::_after_delete() should be compatible with Think\Model::_after_delete($data, $options) D:\AppServ\www\shop\Application\Admin\Model\CatModel.class.php 第 10 行.
SQL: SHOW COLUMNS FROM `yt_cat` [ RunTime:0.000000s ]
SQL: SHOW COLUMNS FROM `yt_user_history` [ RunTime:0.000000s ]
SQL: SELECT `goods_id` FROM `yt_user_history` WHERE `user_id` = '2' ORDER BY goods_view_time DESC  [ RunTime:0.000000s ]
SQL: SHOW COLUMNS FROM `yt_goods` [ RunTime:0.015600s ]
SQL: SELECT `goods_id`,`goods_thumb_smallest` FROM `yt_goods` WHERE `goods_id` = 3 LIMIT 1   [ RunTime:0.000000s ]
SQL: SELECT `goods_id`,`goods_thumb_smallest` FROM `yt_goods` WHERE `goods_id` = 1 LIMIT 1   [ RunTime:0.000000s ]
SQL: SELECT `goods_id`,`goods_thumb_smallest` FROM `yt_goods` WHERE `goods_id` = 2 LIMIT 1   [ RunTime:0.000000s ]
SQL: SELECT `goods_id`,`goods_thumb_smallest` FROM `yt_goods` WHERE `goods_id` = 5 LIMIT 1   [ RunTime:0.000000s ]

[ 2016-09-05T11:06:19+08:00 ] ::1 /shop/index.php/Home/Cart/ajaxGetUserCartGoodsNumber
INFO: [ app_begin ] --START--
INFO: Run Behavior\ReadHtmlCacheBehavior [ RunTime:0.000000s ]
INFO: [ app_begin ] --END-- [ RunTime:0.000000s ]
NOTIC: [2048] Declaration of Admin\Model\CartModel::_after_insert() should be compatible with Think\Model::_after_insert($data, $options) D:\AppServ\www\shop\Application\Admin\Model\CartModel.class.php 第 10 行.
NOTIC: [2048] Declaration of Admin\Model\CartModel::_after_update() should be compatible with Think\Model::_after_update($data, $options) D:\AppServ\www\shop\Application\Admin\Model\CartModel.class.php 第 10 行.
NOTIC: [2048] Declaration of Admin\Model\CartModel::_after_delete() should be compatible with Think\Model::_after_delete($data, $options) D:\AppServ\www\shop\Application\Admin\Model\CartModel.class.php 第 10 行.
SQL: SHOW COLUMNS FROM `yt_cart` [ RunTime:0.000000s ]
SQL: SELECT sum(goods_amount) goods_amount FROM `yt_cart` WHERE `user_id` = '2'  [ RunTime:0.000000s ]
INFO: [ app_end ] --START--
INFO: Run Behavior\ShowPageTraceBehavior [ RunTime:0.000000s ]
INFO: [ app_end ] --END-- [ RunTime:0.000000s ]

[ 2016-09-05T11:06:19+08:00 ] ::1 /shop/index.php/Home/User/ajaxGetUserIsLogin
INFO: [ app_begin ] --START--
INFO: Run Behavior\ReadHtmlCacheBehavior [ RunTime:0.015600s ]
INFO: [ app_begin ] --END-- [ RunTime:0.015600s ]
NOTIC: [2048] Declaration of Admin\Model\CatModel::_after_insert() should be compatible with Think\Model::_after_insert($data, $options) D:\AppServ\www\shop\Application\Admin\Model\CatModel.class.php 第 10 行.
NOTIC: [2048] Declaration of Admin\Model\CatModel::_after_update() should be compatible with Think\Model::_after_update($data, $options) D:\AppServ\www\shop\Application\Admin\Model\CatModel.class.php 第 10 行.
NOTIC: [2048] Declaration of Admin\Model\CatModel::_before_delete() should be compatible with Think\Model::_before_delete($options) D:\AppServ\www\shop\Application\Admin\Model\CatModel.class.php 第 10 行.
NOTIC: [2048] Declaration of Admin\Model\CatModel::_after_delete() should be compatible with Think\Model::_after_delete($data, $options) D:\AppServ\www\shop\Application\Admin\Model\CatModel.class.php 第 10 行.
SQL: SHOW COLUMNS FROM `yt_cat` [ RunTime:0.000000s ]
INFO: [ app_end ] --START--
INFO: Run Behavior\ShowPageTraceBehavior [ RunTime:0.000000s ]
INFO: [ app_end ] --END-- [ RunTime:0.000000s ]

[ 2016-09-05T11:06:19+08:00 ] ::1 /shop/index.php/Home/Cart/ajaxGetUserCartInfo
INFO: [ app_begin ] --START--
INFO: Run Behavior\ReadHtmlCacheBehavior [ RunTime:0.000000s ]
INFO: [ app_begin ] --END-- [ RunTime:0.000000s ]
NOTIC: [2048] Declaration of Admin\Model\CartModel::_after_insert() should be compatible with Think\Model::_after_insert($data, $options) D:\AppServ\www\shop\Application\Admin\Model\CartModel.class.php 第 10 行.
NOTIC: [2048] Declaration of Admin\Model\CartModel::_after_update() should be compatible with Think\Model::_after_update($data, $options) D:\AppServ\www\shop\Application\Admin\Model\CartModel.class.php 第 10 行.
NOTIC: [2048] Declaration of Admin\Model\CartModel::_after_delete() should be compatible with Think\Model::_after_delete($data, $options) D:\AppServ\www\shop\Application\Admin\Model\CartModel.class.php 第 10 行.
SQL: SHOW COLUMNS FROM `yt_cart` [ RunTime:0.000000s ]
SQL: SELECT sum(goods_amount) goods_amount FROM `yt_cart` WHERE `user_id` = '2'  [ RunTime:0.000000s ]
SQL: SELECT a.id,a.goods_id,a.goods_price,a.goods_amount,b.goods_name,b.goods_thumb_small FROM yt_cart a LEFT JOIN yt_goods b ON a.goods_id = b.goods_id  WHERE `user_id` = '2' ORDER BY a.goods_add_time DESC  [ RunTime:0.000000s ]
SQL: SELECT `goods_price`,`goods_amount` FROM `yt_cart` WHERE `user_id` = '2'  [ RunTime:0.000000s ]
INFO: [ view_parse ] --START--
INFO: [ template_filter ] --START--
INFO: Run Behavior\ContentReplaceBehavior [ RunTime:0.001000s ]
INFO: [ template_filter ] --END-- [ RunTime:0.001000s ]
INFO: Run Behavior\ParseTemplateBehavior [ RunTime:0.029601s ]
INFO: [ view_parse ] --END-- [ RunTime:0.029601s ]
INFO: [ view_filter ] --START--
INFO: Run Behavior\WriteHtmlCacheBehavior [ RunTime:0.002000s ]
INFO: [ view_filter ] --END-- [ RunTime:0.002000s ]
INFO: [ app_end ] --START--
INFO: Run Behavior\ShowPageTraceBehavior [ RunTime:0.000000s ]
INFO: [ app_end ] --END-- [ RunTime:0.000000s ]

[ 2016-09-05T11:06:33+08:00 ] ::1 /shop/index.php
ERR: 无法加载控制器:Index

