[ 2016-07-07T13:59:53+08:00 ] 127.0.0.1 /index.php/Admin/Admin/captcha
ERR: 非法操作:captcha

[ 2016-07-07T14:00:29+08:00 ] 127.0.0.1 /index.php/Admin/Admin/captcha/r/0.39447875527657594
ERR: 非法操作:captcha

[ 2016-07-07T14:00:32+08:00 ] 127.0.0.1 /index.php/Admin/Admin/checkMsg/t/0.5291383963855937
INFO: [ app_begin ] --START--
INFO: Run Behavior\ReadHtmlCacheBehavior [ RunTime:0.001000s ]
INFO: [ app_begin ] --END-- [ RunTime:0.001000s ]
ERR: 非法操作:checkMsg

[ 2016-07-07T14:06:15+08:00 ] 127.0.0.1 /index.php/Admin/Admin/authMessage.html
ERR: 模板不存在:./Application/Admin/View/Admin/auth.html

[ 2016-07-07T14:07:04+08:00 ] 127.0.0.1 /index.php/Admin/Admin/authMessage.html
ERR: 模板不存在:./Application/Admin/View/Admin/auth.html

[ 2016-07-07T14:07:42+08:00 ] 127.0.0.1 /index.php/admin/admin/authMessage
ERR: 模板不存在:./Application/Admin/View/Admin/auth.html

[ 2016-07-07T15:26:56+08:00 ] 127.0.0.1 /index.php/admin/goods/test
ERR: 错误的查询条件:[username=>Array]

[ 2016-07-07T15:57:38+08:00 ] 127.0.0.1 /index.php/Admin/Admin/captcha.html/r/0.5523659880565458
ERR: 非法操作:captcha.html

[ 2016-07-07T15:59:11+08:00 ] 127.0.0.1 /index.php/Admin/Admin/captcha.html/r/0.006499340050647229
ERR: 非法操作:captcha.html

[ 2016-07-07T16:04:48+08:00 ] 127.0.0.1 /index.php/Admin/Admin/login.html/username/34/password/435/captcha/3343
INFO: [ app_begin ] --START--
INFO: Run Behavior\ReadHtmlCacheBehavior [ RunTime:0.001001s ]
INFO: [ app_begin ] --END-- [ RunTime:0.001001s ]
ERR: 非法操作:login.html

[ 2016-07-07T16:05:24+08:00 ] 127.0.0.1 /index.php/Admin/Admin/login/username/43/password/2432/captcha/2334
INFO: [ app_begin ] --START--
INFO: Run Behavior\ReadHtmlCacheBehavior [ RunTime:0.000000s ]
INFO: [ app_begin ] --END-- [ RunTime:0.001000s ]

[ 2016-07-07T16:14:16+08:00 ] 127.0.0.1 /index.php/Admin/Admin/login/username/342/password/24312/captcha/2432
INFO: [ app_begin ] --START--
INFO: Run Behavior\ReadHtmlCacheBehavior [ RunTime:0.001000s ]
INFO: [ app_begin ] --END-- [ RunTime:0.001000s ]
NOTIC: [2] preg_match(): No ending delimiter '^' found D:\www\shop\Application\Admin\Controller\AdminController.class.php 第 38 行.
NOTIC: [2] preg_match(): No ending delimiter '^' found D:\www\shop\Application\Admin\Controller\AdminController.class.php 第 39 行.
NOTIC: [2] preg_match(): No ending delimiter '^' found D:\www\shop\Application\Admin\Controller\AdminController.class.php 第 40 行.
INFO: [ app_end ] --START--
INFO: Run Behavior\ShowPageTraceBehavior [ RunTime:0.001000s ]
INFO: [ app_end ] --END-- [ RunTime:0.001000s ]

[ 2016-07-07T16:16:42+08:00 ] 127.0.0.1 /index.php/Admin/Admin/login/username/123/password/2432/captcha/1232
INFO: [ app_begin ] --START--
INFO: Run Behavior\ReadHtmlCacheBehavior [ RunTime:0.001000s ]
INFO: [ app_begin ] --END-- [ RunTime:0.001000s ]
NOTIC: [2] preg_match(): No ending delimiter '^' found D:\www\shop\Application\Admin\Controller\AdminController.class.php 第 38 行.
NOTIC: [2] preg_match(): No ending delimiter '^' found D:\www\shop\Application\Admin\Controller\AdminController.class.php 第 39 行.
NOTIC: [2] preg_match(): No ending delimiter '^' found D:\www\shop\Application\Admin\Controller\AdminController.class.php 第 40 行.
INFO: [ app_end ] --START--
INFO: Run Behavior\ShowPageTraceBehavior [ RunTime:0.001000s ]
INFO: [ app_end ] --END-- [ RunTime:0.001000s ]

[ 2016-07-07T16:21:01+08:00 ] 127.0.0.1 /index.php/Admin/Admin/login/username/123/password/1231/captcha/1233
INFO: [ app_begin ] --START--
INFO: Run Behavior\ReadHtmlCacheBehavior [ RunTime:0.001000s ]
INFO: [ app_begin ] --END-- [ RunTime:0.001000s ]
NOTIC: [2] preg_match(): No ending delimiter '^' found D:\www\shop\Application\Admin\Controller\AdminController.class.php 第 38 行.
NOTIC: [2] preg_match(): No ending delimiter '^' found D:\www\shop\Application\Admin\Controller\AdminController.class.php 第 39 行.
NOTIC: [2] preg_match(): No ending delimiter '^' found D:\www\shop\Application\Admin\Controller\AdminController.class.php 第 40 行.
INFO: [ app_end ] --START--
INFO: Run Behavior\ShowPageTraceBehavior [ RunTime:0.001000s ]
INFO: [ app_end ] --END-- [ RunTime:0.001000s ]

[ 2016-07-07T16:22:54+08:00 ] 127.0.0.1 /index.php/Admin/Admin/login/username/23424/password/4234/captcha/db32
INFO: [ app_begin ] --START--
INFO: Run Behavior\ReadHtmlCacheBehavior [ RunTime:0.001000s ]
INFO: [ app_begin ] --END-- [ RunTime:0.001000s ]
NOTIC: [2] preg_match(): No ending delimiter '^' found D:\www\shop\Application\Admin\Controller\AdminController.class.php 第 38 行.
NOTIC: [2] preg_match(): No ending delimiter '^' found D:\www\shop\Application\Admin\Controller\AdminController.class.php 第 39 行.
NOTIC: [2] preg_match(): No ending delimiter '^' found D:\www\shop\Application\Admin\Controller\AdminController.class.php 第 40 行.
INFO: [ app_end ] --START--
INFO: Run Behavior\ShowPageTraceBehavior [ RunTime:0.001000s ]
INFO: [ app_end ] --END-- [ RunTime:0.001000s ]

[ 2016-07-07T16:25:22+08:00 ] 127.0.0.1 /index.php/Admin/Admin/login/username/5354/password/35432/captcha/3454
INFO: [ app_begin ] --START--
INFO: Run Behavior\ReadHtmlCacheBehavior [ RunTime:0.000000s ]
INFO: [ app_begin ] --END-- [ RunTime:0.001000s ]
NOTIC: [2] preg_match(): No ending delimiter '^' found D:\www\shop\Application\Admin\Controller\AdminController.class.php 第 38 行.
NOTIC: [2] preg_match(): No ending delimiter '^' found D:\www\shop\Application\Admin\Controller\AdminController.class.php 第 39 行.
NOTIC: [2] preg_match(): No ending delimiter '^' found D:\www\shop\Application\Admin\Controller\AdminController.class.php 第 40 行.
INFO: [ app_end ] --START--
INFO: Run Behavior\ShowPageTraceBehavior [ RunTime:0.001000s ]
INFO: [ app_end ] --END-- [ RunTime:0.001000s ]

[ 2016-07-07T16:31:57+08:00 ] 127.0.0.1 /index.php/Admin/Admin/login/username/w2wqr/password/rwqrqw/captcha/rwqr
INFO: [ app_begin ] --START--
INFO: Run Behavior\ReadHtmlCacheBehavior [ RunTime:0.001000s ]
INFO: [ app_begin ] --END-- [ RunTime:0.002000s ]
INFO: [ app_end ] --START--
INFO: Run Behavior\ShowPageTraceBehavior [ RunTime:0.000000s ]
INFO: [ app_end ] --END-- [ RunTime:0.001000s ]

[ 2016-07-07T16:32:05+08:00 ] 127.0.0.1 /index.php/Admin/Admin/login/username/w2wqr/password/rwqrqw/captcha/xqch
INFO: [ app_begin ] --START--
INFO: Run Behavior\ReadHtmlCacheBehavior [ RunTime:0.001001s ]
INFO: [ app_begin ] --END-- [ RunTime:0.001001s ]
NOTIC: [2048] Declaration of Admin\Model\AdminModel::_after_insert() should be compatible with Think\Model::_after_insert($data, $options) D:\www\shop\Application\Admin\Model\AdminModel.class.php 第 10 行.
NOTIC: [2048] Declaration of Admin\Model\AdminModel::_after_update() should be compatible with Think\Model::_after_update($data, $options) D:\www\shop\Application\Admin\Model\AdminModel.class.php 第 10 行.
NOTIC: [2048] Declaration of Admin\Model\AdminModel::_after_delete() should be compatible with Think\Model::_after_delete($data, $options) D:\www\shop\Application\Admin\Model\AdminModel.class.php 第 10 行.
SQL: SHOW COLUMNS FROM `yt_admin` [ RunTime:0.005001s ]
SQL: SELECT * FROM `yt_admin` WHERE `admin_username` = 'w2wqr' LIMIT 1   [ RunTime:0.001000s ]
INFO: [ app_end ] --START--
INFO: Run Behavior\ShowPageTraceBehavior [ RunTime:0.001000s ]
INFO: [ app_end ] --END-- [ RunTime:0.001000s ]

[ 2016-07-07T16:32:12+08:00 ] 127.0.0.1 /index.php/Admin/Admin/login/username/admin/password/leiyo/captcha/xqch
INFO: [ app_begin ] --START--
INFO: Run Behavior\ReadHtmlCacheBehavior [ RunTime:0.001000s ]
INFO: [ app_begin ] --END-- [ RunTime:0.002000s ]
INFO: [ app_end ] --START--
INFO: Run Behavior\ShowPageTraceBehavior [ RunTime:0.001001s ]
INFO: [ app_end ] --END-- [ RunTime:0.001001s ]

[ 2016-07-07T16:32:25+08:00 ] 127.0.0.1 /index.php/Admin/Admin/login/username/admin/password/leiyo/captcha/e6ux
INFO: [ app_begin ] --START--
INFO: Run Behavior\ReadHtmlCacheBehavior [ RunTime:0.000000s ]
INFO: [ app_begin ] --END-- [ RunTime:0.002000s ]
NOTIC: [2048] Declaration of Admin\Model\AdminModel::_after_insert() should be compatible with Think\Model::_after_insert($data, $options) D:\www\shop\Application\Admin\Model\AdminModel.class.php 第 10 行.
NOTIC: [2048] Declaration of Admin\Model\AdminModel::_after_update() should be compatible with Think\Model::_after_update($data, $options) D:\www\shop\Application\Admin\Model\AdminModel.class.php 第 10 行.
NOTIC: [2048] Declaration of Admin\Model\AdminModel::_after_delete() should be compatible with Think\Model::_after_delete($data, $options) D:\www\shop\Application\Admin\Model\AdminModel.class.php 第 10 行.
SQL: SHOW COLUMNS FROM `yt_admin` [ RunTime:0.005000s ]
SQL: SELECT * FROM `yt_admin` WHERE `admin_username` = 'admin' LIMIT 1   [ RunTime:0.001000s ]
INFO: [ app_end ] --START--
INFO: Run Behavior\ShowPageTraceBehavior [ RunTime:0.001000s ]
INFO: [ app_end ] --END-- [ RunTime:0.001000s ]

[ 2016-07-07T16:32:37+08:00 ] 127.0.0.1 /index.php/Admin/Admin/login/username/admin/password/leiyongtao123/captcha/d2w3
INFO: [ app_begin ] --START--
INFO: Run Behavior\ReadHtmlCacheBehavior [ RunTime:0.001000s ]
INFO: [ app_begin ] --END-- [ RunTime:0.001000s ]
NOTIC: [2048] Declaration of Admin\Model\AdminModel::_after_insert() should be compatible with Think\Model::_after_insert($data, $options) D:\www\shop\Application\Admin\Model\AdminModel.class.php 第 10 行.
NOTIC: [2048] Declaration of Admin\Model\AdminModel::_after_update() should be compatible with Think\Model::_after_update($data, $options) D:\www\shop\Application\Admin\Model\AdminModel.class.php 第 10 行.
NOTIC: [2048] Declaration of Admin\Model\AdminModel::_after_delete() should be compatible with Think\Model::_after_delete($data, $options) D:\www\shop\Application\Admin\Model\AdminModel.class.php 第 10 行.
SQL: SHOW COLUMNS FROM `yt_admin` [ RunTime:0.004000s ]
SQL: SELECT * FROM `yt_admin` WHERE `admin_username` = 'admin' LIMIT 1   [ RunTime:0.001000s ]
INFO: [ app_end ] --START--
INFO: Run Behavior\ShowPageTraceBehavior [ RunTime:0.001000s ]
INFO: [ app_end ] --END-- [ RunTime:0.001000s ]

[ 2016-07-07T16:38:47+08:00 ] 127.0.0.1 /index.php/Admin/Admin/login/username/admin/password/leiyongtao123/captcha/2tqy
INFO: [ app_begin ] --START--
INFO: Run Behavior\ReadHtmlCacheBehavior [ RunTime:0.001000s ]
INFO: [ app_begin ] --END-- [ RunTime:0.001000s ]
NOTIC: [2048] Declaration of Admin\Model\AdminModel::_after_insert() should be compatible with Think\Model::_after_insert($data, $options) D:\www\shop\Application\Admin\Model\AdminModel.class.php 第 10 行.
NOTIC: [2048] Declaration of Admin\Model\AdminModel::_after_update() should be compatible with Think\Model::_after_update($data, $options) D:\www\shop\Application\Admin\Model\AdminModel.class.php 第 10 行.
NOTIC: [2048] Declaration of Admin\Model\AdminModel::_after_delete() should be compatible with Think\Model::_after_delete($data, $options) D:\www\shop\Application\Admin\Model\AdminModel.class.php 第 10 行.
SQL: SHOW COLUMNS FROM `yt_admin` [ RunTime:0.004001s ]
SQL: SELECT * FROM `yt_admin` WHERE `admin_username` = 'admin' LIMIT 1   [ RunTime:0.001000s ]
INFO: [ app_end ] --START--
INFO: Run Behavior\ShowPageTraceBehavior [ RunTime:0.001000s ]
INFO: [ app_end ] --END-- [ RunTime:0.001000s ]

[ 2016-07-07T16:59:11+08:00 ] 127.0.0.1 /index.php/Admin/Admin/login/username/qiamin/password/1234/captcha/xq85
INFO: [ app_begin ] --START--
INFO: Run Behavior\ReadHtmlCacheBehavior [ RunTime:0.001000s ]
INFO: [ app_begin ] --END-- [ RunTime:0.001000s ]
INFO: [ app_end ] --START--
INFO: Run Behavior\ShowPageTraceBehavior [ RunTime:0.000000s ]
INFO: [ app_end ] --END-- [ RunTime:0.001000s ]

[ 2016-07-07T16:59:19+08:00 ] 127.0.0.1 /index.php/Admin/Admin/login/username/qiamin/password/1234/captcha/fh84
INFO: [ app_begin ] --START--
INFO: Run Behavior\ReadHtmlCacheBehavior [ RunTime:0.001001s ]
INFO: [ app_begin ] --END-- [ RunTime:0.001001s ]
INFO: [ app_end ] --START--
INFO: Run Behavior\ShowPageTraceBehavior [ RunTime:0.000000s ]
INFO: [ app_end ] --END-- [ RunTime:0.000000s ]

[ 2016-07-07T16:59:24+08:00 ] 127.0.0.1 /index.php/Admin/Admin/login/username/qiamin/password/1234/captcha/xjr3
INFO: [ app_begin ] --START--
INFO: Run Behavior\ReadHtmlCacheBehavior [ RunTime:0.001000s ]
INFO: [ app_begin ] --END-- [ RunTime:0.002000s ]
NOTIC: [2048] Declaration of Admin\Model\AdminModel::_after_insert() should be compatible with Think\Model::_after_insert($data, $options) D:\www\shop\Application\Admin\Model\AdminModel.class.php 第 10 行.
NOTIC: [2048] Declaration of Admin\Model\AdminModel::_after_update() should be compatible with Think\Model::_after_update($data, $options) D:\www\shop\Application\Admin\Model\AdminModel.class.php 第 10 行.
NOTIC: [2048] Declaration of Admin\Model\AdminModel::_after_delete() should be compatible with Think\Model::_after_delete($data, $options) D:\www\shop\Application\Admin\Model\AdminModel.class.php 第 10 行.
SQL: SHOW COLUMNS FROM `yt_admin` [ RunTime:0.005000s ]
SQL: SELECT * FROM `yt_admin` WHERE `admin_username` = 'qiamin' LIMIT 1   [ RunTime:0.001000s ]
NOTIC: [8] A session had already been started - ignoring session_start() D:\www\shop\Application\ThinkPHP\Common\functions.php 第 1190 行.
INFO: [ app_end ] --START--
INFO: Run Behavior\ShowPageTraceBehavior [ RunTime:0.001000s ]
INFO: [ app_end ] --END-- [ RunTime:0.001000s ]

[ 2016-07-07T17:01:10+08:00 ] 127.0.0.1 /index.php/Admin/Admin/login/username/kanglei/password/1234/captcha/meda
INFO: [ app_begin ] --START--
INFO: Run Behavior\ReadHtmlCacheBehavior [ RunTime:0.001000s ]
INFO: [ app_begin ] --END-- [ RunTime:0.002000s ]
NOTIC: [2048] Declaration of Admin\Model\AdminModel::_after_insert() should be compatible with Think\Model::_after_insert($data, $options) D:\www\shop\Application\Admin\Model\AdminModel.class.php 第 10 行.
NOTIC: [2048] Declaration of Admin\Model\AdminModel::_after_update() should be compatible with Think\Model::_after_update($data, $options) D:\www\shop\Application\Admin\Model\AdminModel.class.php 第 10 行.
NOTIC: [2048] Declaration of Admin\Model\AdminModel::_after_delete() should be compatible with Think\Model::_after_delete($data, $options) D:\www\shop\Application\Admin\Model\AdminModel.class.php 第 10 行.
SQL: SHOW COLUMNS FROM `yt_admin` [ RunTime:0.004000s ]
SQL: SELECT * FROM `yt_admin` WHERE `admin_username` = 'kanglei' LIMIT 1   [ RunTime:0.000000s ]
NOTIC: [8] A session had already been started - ignoring session_start() D:\www\shop\Application\ThinkPHP\Common\functions.php 第 1190 行.
INFO: [ app_end ] --START--
INFO: Run Behavior\ShowPageTraceBehavior [ RunTime:0.001000s ]
INFO: [ app_end ] --END-- [ RunTime:0.001000s ]

[ 2016-07-07T17:01:33+08:00 ] 127.0.0.1 /index.php/Admin/Admin/login/username/admin/password/leiyongtao123/captcha/xudh
INFO: [ app_begin ] --START--
INFO: Run Behavior\ReadHtmlCacheBehavior [ RunTime:0.001000s ]
INFO: [ app_begin ] --END-- [ RunTime:0.001000s ]
NOTIC: [2048] Declaration of Admin\Model\AdminModel::_after_insert() should be compatible with Think\Model::_after_insert($data, $options) D:\www\shop\Application\Admin\Model\AdminModel.class.php 第 10 行.
NOTIC: [2048] Declaration of Admin\Model\AdminModel::_after_update() should be compatible with Think\Model::_after_update($data, $options) D:\www\shop\Application\Admin\Model\AdminModel.class.php 第 10 行.
NOTIC: [2048] Declaration of Admin\Model\AdminModel::_after_delete() should be compatible with Think\Model::_after_delete($data, $options) D:\www\shop\Application\Admin\Model\AdminModel.class.php 第 10 行.
SQL: SHOW COLUMNS FROM `yt_admin` [ RunTime:0.004000s ]
SQL: SELECT * FROM `yt_admin` WHERE `admin_username` = 'admin' LIMIT 1   [ RunTime:0.001000s ]
NOTIC: [8] A session had already been started - ignoring session_start() D:\www\shop\Application\ThinkPHP\Common\functions.php 第 1190 行.
INFO: [ app_end ] --START--
INFO: Run Behavior\ShowPageTraceBehavior [ RunTime:0.002000s ]
INFO: [ app_end ] --END-- [ RunTime:0.002000s ]

[ 2016-07-07T17:08:34+08:00 ] 127.0.0.1 /index.php/Admin/Admin/login/username/qiamin/password/1234/captcha/cdw2
INFO: [ app_begin ] --START--
INFO: Run Behavior\ReadHtmlCacheBehavior [ RunTime:0.001000s ]
INFO: [ app_begin ] --END-- [ RunTime:0.001000s ]
NOTIC: [2048] Declaration of Admin\Model\AdminModel::_after_insert() should be compatible with Think\Model::_after_insert($data, $options) D:\www\shop\Application\Admin\Model\AdminModel.class.php 第 10 行.
NOTIC: [2048] Declaration of Admin\Model\AdminModel::_after_update() should be compatible with Think\Model::_after_update($data, $options) D:\www\shop\Application\Admin\Model\AdminModel.class.php 第 10 行.
NOTIC: [2048] Declaration of Admin\Model\AdminModel::_after_delete() should be compatible with Think\Model::_after_delete($data, $options) D:\www\shop\Application\Admin\Model\AdminModel.class.php 第 10 行.
SQL: SHOW COLUMNS FROM `yt_admin` [ RunTime:0.005000s ]
SQL: SELECT * FROM `yt_admin` WHERE `admin_username` = 'qiamin' LIMIT 1   [ RunTime:0.001000s ]
NOTIC: [8] A session had already been started - ignoring session_start() D:\www\shop\Application\ThinkPHP\Common\functions.php 第 1190 行.
INFO: [ app_end ] --START--
INFO: Run Behavior\ShowPageTraceBehavior [ RunTime:0.001000s ]
INFO: [ app_end ] --END-- [ RunTime:0.001000s ]

[ 2016-07-07T17:14:30+08:00 ] 127.0.0.1 /index.php/Admin/Admin/login/username/qiamin/password/1234/captcha/yy7b
INFO: [ app_begin ] --START--
INFO: Run Behavior\ReadHtmlCacheBehavior [ RunTime:0.001000s ]
INFO: [ app_begin ] --END-- [ RunTime:0.002000s ]
INFO: [ app_end ] --START--
INFO: Run Behavior\ShowPageTraceBehavior [ RunTime:0.001000s ]
INFO: [ app_end ] --END-- [ RunTime:0.001000s ]

[ 2016-07-07T17:14:34+08:00 ] 127.0.0.1 /index.php/Admin/Admin/login/username/qiamin/password/1234/captcha/bwxh
INFO: [ app_begin ] --START--
INFO: Run Behavior\ReadHtmlCacheBehavior [ RunTime:0.000000s ]
INFO: [ app_begin ] --END-- [ RunTime:0.001000s ]
NOTIC: [2048] Declaration of Admin\Model\AdminModel::_after_insert() should be compatible with Think\Model::_after_insert($data, $options) D:\www\shop\Application\Admin\Model\AdminModel.class.php 第 10 行.
NOTIC: [2048] Declaration of Admin\Model\AdminModel::_after_update() should be compatible with Think\Model::_after_update($data, $options) D:\www\shop\Application\Admin\Model\AdminModel.class.php 第 10 行.
NOTIC: [2048] Declaration of Admin\Model\AdminModel::_after_delete() should be compatible with Think\Model::_after_delete($data, $options) D:\www\shop\Application\Admin\Model\AdminModel.class.php 第 10 行.
SQL: SHOW COLUMNS FROM `yt_admin` [ RunTime:0.004001s ]
SQL: SELECT * FROM `yt_admin` WHERE `admin_username` = 'qiamin' LIMIT 1   [ RunTime:0.000000s ]
NOTIC: [8] A session had already been started - ignoring session_start() D:\www\shop\Application\ThinkPHP\Common\functions.php 第 1190 行.
INFO: [ app_end ] --START--
INFO: Run Behavior\ShowPageTraceBehavior [ RunTime:0.001000s ]
INFO: [ app_end ] --END-- [ RunTime:0.001000s ]

[ 2016-07-07T17:15:40+08:00 ] 127.0.0.1 /index.php/Admin/Admin/login/username/admin/password/leiyongtao123/captcha/wb5v
INFO: [ app_begin ] --START--
INFO: Run Behavior\ReadHtmlCacheBehavior [ RunTime:0.001000s ]
INFO: [ app_begin ] --END-- [ RunTime:0.001000s ]
NOTIC: [2048] Declaration of Admin\Model\AdminModel::_after_insert() should be compatible with Think\Model::_after_insert($data, $options) D:\www\shop\Application\Admin\Model\AdminModel.class.php 第 10 行.
NOTIC: [2048] Declaration of Admin\Model\AdminModel::_after_update() should be compatible with Think\Model::_after_update($data, $options) D:\www\shop\Application\Admin\Model\AdminModel.class.php 第 10 行.
NOTIC: [2048] Declaration of Admin\Model\AdminModel::_after_delete() should be compatible with Think\Model::_after_delete($data, $options) D:\www\shop\Application\Admin\Model\AdminModel.class.php 第 10 行.
SQL: SHOW COLUMNS FROM `yt_admin` [ RunTime:0.004000s ]
SQL: SELECT * FROM `yt_admin` WHERE `admin_username` = 'admin' LIMIT 1   [ RunTime:0.001000s ]
NOTIC: [8] A session had already been started - ignoring session_start() D:\www\shop\Application\ThinkPHP\Common\functions.php 第 1190 行.
INFO: [ app_end ] --START--
INFO: Run Behavior\ShowPageTraceBehavior [ RunTime:0.001000s ]
INFO: [ app_end ] --END-- [ RunTime:0.001000s ]

[ 2016-07-07T17:20:30+08:00 ] 127.0.0.1 /index.php/Admin/Admin/login/username/admin/password/leiyongtao123/captcha/azc7
INFO: [ app_begin ] --START--
INFO: Run Behavior\ReadHtmlCacheBehavior [ RunTime:0.000000s ]
INFO: [ app_begin ] --END-- [ RunTime:0.001001s ]
NOTIC: [2048] Declaration of Admin\Model\AdminModel::_after_insert() should be compatible with Think\Model::_after_insert($data, $options) D:\www\shop\Application\Admin\Model\AdminModel.class.php 第 10 行.
NOTIC: [2048] Declaration of Admin\Model\AdminModel::_after_update() should be compatible with Think\Model::_after_update($data, $options) D:\www\shop\Application\Admin\Model\AdminModel.class.php 第 10 行.
NOTIC: [2048] Declaration of Admin\Model\AdminModel::_after_delete() should be compatible with Think\Model::_after_delete($data, $options) D:\www\shop\Application\Admin\Model\AdminModel.class.php 第 10 行.
SQL: SHOW COLUMNS FROM `yt_admin` [ RunTime:0.004001s ]
SQL: SELECT * FROM `yt_admin` WHERE `admin_username` = 'admin' LIMIT 1   [ RunTime:0.001000s ]
NOTIC: [8] Undefined variable: sess_id D:\www\shop\Application\Admin\Controller\AdminController.class.php 第 87 行.
NOTIC: [8] Undefined variable: sess_role D:\www\shop\Application\Admin\Controller\AdminController.class.php 第 88 行.

[ 2016-07-07T17:20:46+08:00 ] 127.0.0.1 /index.php/Admin/Admin/login/username/admin/password/leiyongtao123/captcha/azc7
INFO: [ app_begin ] --START--
INFO: Run Behavior\ReadHtmlCacheBehavior [ RunTime:0.000000s ]
INFO: [ app_begin ] --END-- [ RunTime:0.001001s ]
INFO: [ app_end ] --START--
INFO: Run Behavior\ShowPageTraceBehavior [ RunTime:0.000000s ]
INFO: [ app_end ] --END-- [ RunTime:0.000000s ]

[ 2016-07-07T17:20:54+08:00 ] 127.0.0.1 /index.php/Admin/Admin/login/username/admin/password/leiyongtao123/captcha/4kft
INFO: [ app_begin ] --START--
INFO: Run Behavior\ReadHtmlCacheBehavior [ RunTime:0.000000s ]
INFO: [ app_begin ] --END-- [ RunTime:0.001000s ]
NOTIC: [2048] Declaration of Admin\Model\AdminModel::_after_insert() should be compatible with Think\Model::_after_insert($data, $options) D:\www\shop\Application\Admin\Model\AdminModel.class.php 第 10 行.
NOTIC: [2048] Declaration of Admin\Model\AdminModel::_after_update() should be compatible with Think\Model::_after_update($data, $options) D:\www\shop\Application\Admin\Model\AdminModel.class.php 第 10 行.
NOTIC: [2048] Declaration of Admin\Model\AdminModel::_after_delete() should be compatible with Think\Model::_after_delete($data, $options) D:\www\shop\Application\Admin\Model\AdminModel.class.php 第 10 行.
SQL: SHOW COLUMNS FROM `yt_admin` [ RunTime:0.005000s ]
SQL: SELECT * FROM `yt_admin` WHERE `admin_username` = 'admin' LIMIT 1   [ RunTime:0.001000s ]
NOTIC: [8] Undefined variable: sess_id D:\www\shop\Application\Admin\Controller\AdminController.class.php 第 87 行.
NOTIC: [8] Undefined variable: sess_role D:\www\shop\Application\Admin\Controller\AdminController.class.php 第 88 行.

[ 2016-07-07T17:21:29+08:00 ] 127.0.0.1 /index.php/Admin/Admin/login/username/admin/password/leiyongtao123/captcha/nfpe
INFO: [ app_begin ] --START--
INFO: Run Behavior\ReadHtmlCacheBehavior [ RunTime:0.000000s ]
INFO: [ app_begin ] --END-- [ RunTime:0.001000s ]
INFO: [ app_end ] --START--
INFO: Run Behavior\ShowPageTraceBehavior [ RunTime:0.001001s ]
INFO: [ app_end ] --END-- [ RunTime:0.001001s ]

[ 2016-07-07T17:21:38+08:00 ] 127.0.0.1 /index.php/Admin/Admin/login/username/admin/password/leiyongtao123/captcha/arpp
INFO: [ app_begin ] --START--
INFO: Run Behavior\ReadHtmlCacheBehavior [ RunTime:0.000000s ]
INFO: [ app_begin ] --END-- [ RunTime:0.001000s ]
NOTIC: [2048] Declaration of Admin\Model\AdminModel::_after_insert() should be compatible with Think\Model::_after_insert($data, $options) D:\www\shop\Application\Admin\Model\AdminModel.class.php 第 10 行.
NOTIC: [2048] Declaration of Admin\Model\AdminModel::_after_update() should be compatible with Think\Model::_after_update($data, $options) D:\www\shop\Application\Admin\Model\AdminModel.class.php 第 10 行.
NOTIC: [2048] Declaration of Admin\Model\AdminModel::_after_delete() should be compatible with Think\Model::_after_delete($data, $options) D:\www\shop\Application\Admin\Model\AdminModel.class.php 第 10 行.
SQL: SHOW COLUMNS FROM `yt_admin` [ RunTime:0.004001s ]
SQL: SELECT * FROM `yt_admin` WHERE `admin_username` = 'admin' LIMIT 1   [ RunTime:0.001000s ]
NOTIC: [8] Undefined variable: sess_id D:\www\shop\Application\Admin\Controller\AdminController.class.php 第 87 行.
NOTIC: [8] Undefined variable: sess_role D:\www\shop\Application\Admin\Controller\AdminController.class.php 第 88 行.

[ 2016-07-07T17:27:28+08:00 ] 127.0.0.1 /index.php/Admin/Admin/login/username/admin/password/leiyongtao123/captcha/ww4m
INFO: [ app_begin ] --START--
INFO: Run Behavior\ReadHtmlCacheBehavior [ RunTime:0.001000s ]
INFO: [ app_begin ] --END-- [ RunTime:0.001000s ]
INFO: [ app_end ] --START--
INFO: Run Behavior\ShowPageTraceBehavior [ RunTime:0.000000s ]
INFO: [ app_end ] --END-- [ RunTime:0.000000s ]

[ 2016-07-07T17:27:34+08:00 ] 127.0.0.1 /index.php/Admin/Admin/login/username/admin/password/leiyongtao123/captcha/xgrw
INFO: [ app_begin ] --START--
INFO: Run Behavior\ReadHtmlCacheBehavior [ RunTime:0.000000s ]
INFO: [ app_begin ] --END-- [ RunTime:0.001000s ]
NOTIC: [2048] Declaration of Admin\Model\AdminModel::_after_insert() should be compatible with Think\Model::_after_insert($data, $options) D:\www\shop\Application\Admin\Model\AdminModel.class.php 第 10 行.
NOTIC: [2048] Declaration of Admin\Model\AdminModel::_after_update() should be compatible with Think\Model::_after_update($data, $options) D:\www\shop\Application\Admin\Model\AdminModel.class.php 第 10 行.
NOTIC: [2048] Declaration of Admin\Model\AdminModel::_after_delete() should be compatible with Think\Model::_after_delete($data, $options) D:\www\shop\Application\Admin\Model\AdminModel.class.php 第 10 行.
SQL: SHOW COLUMNS FROM `yt_admin` [ RunTime:0.004000s ]
SQL: SELECT * FROM `yt_admin` WHERE `admin_username` = 'admin' LIMIT 1   [ RunTime:0.001000s ]
NOTIC: [8] A session had already been started - ignoring session_start() D:\www\shop\Application\ThinkPHP\Common\functions.php 第 1190 行.
INFO: [ app_end ] --START--
INFO: Run Behavior\ShowPageTraceBehavior [ RunTime:0.001000s ]
INFO: [ app_end ] --END-- [ RunTime:0.001000s ]

[ 2016-07-07T17:30:20+08:00 ] 127.0.0.1 /index.php/Admin/Admin/login/username/admin/password/leiyongtao123/captcha/4kti
INFO: [ app_begin ] --START--
INFO: Run Behavior\ReadHtmlCacheBehavior [ RunTime:0.000000s ]
INFO: [ app_begin ] --END-- [ RunTime:0.001000s ]
NOTIC: [2048] Declaration of Admin\Model\AdminModel::_after_insert() should be compatible with Think\Model::_after_insert($data, $options) D:\www\shop\Application\Admin\Model\AdminModel.class.php 第 10 行.
NOTIC: [2048] Declaration of Admin\Model\AdminModel::_after_update() should be compatible with Think\Model::_after_update($data, $options) D:\www\shop\Application\Admin\Model\AdminModel.class.php 第 10 行.
NOTIC: [2048] Declaration of Admin\Model\AdminModel::_after_delete() should be compatible with Think\Model::_after_delete($data, $options) D:\www\shop\Application\Admin\Model\AdminModel.class.php 第 10 行.
SQL: SHOW COLUMNS FROM `yt_admin` [ RunTime:0.004000s ]
SQL: SELECT * FROM `yt_admin` WHERE `admin_username` = 'admin' LIMIT 1   [ RunTime:0.000000s ]
INFO: [ app_end ] --START--
INFO: Run Behavior\ShowPageTraceBehavior [ RunTime:0.000000s ]
INFO: [ app_end ] --END-- [ RunTime:0.001000s ]

[ 2016-07-07T17:31:10+08:00 ] 127.0.0.1 /index.php/Admin/Admin/login/username/qiamin/password/1234/captcha/rjst
INFO: [ app_begin ] --START--
INFO: Run Behavior\ReadHtmlCacheBehavior [ RunTime:0.001000s ]
INFO: [ app_begin ] --END-- [ RunTime:0.002000s ]
NOTIC: [2048] Declaration of Admin\Model\AdminModel::_after_insert() should be compatible with Think\Model::_after_insert($data, $options) D:\www\shop\Application\Admin\Model\AdminModel.class.php 第 10 行.
NOTIC: [2048] Declaration of Admin\Model\AdminModel::_after_update() should be compatible with Think\Model::_after_update($data, $options) D:\www\shop\Application\Admin\Model\AdminModel.class.php 第 10 行.
NOTIC: [2048] Declaration of Admin\Model\AdminModel::_after_delete() should be compatible with Think\Model::_after_delete($data, $options) D:\www\shop\Application\Admin\Model\AdminModel.class.php 第 10 行.
SQL: SHOW COLUMNS FROM `yt_admin` [ RunTime:0.004000s ]
SQL: SELECT * FROM `yt_admin` WHERE `admin_username` = 'qiamin' LIMIT 1   [ RunTime:0.001000s ]
INFO: [ app_end ] --START--
INFO: Run Behavior\ShowPageTraceBehavior [ RunTime:0.001000s ]
INFO: [ app_end ] --END-- [ RunTime:0.001000s ]

[ 2016-07-07T17:31:30+08:00 ] 127.0.0.1 /index.php/Admin/Admin/login/username/kanglei/password/1234/captcha/c4qp
INFO: [ app_begin ] --START--
INFO: Run Behavior\ReadHtmlCacheBehavior [ RunTime:0.000000s ]
INFO: [ app_begin ] --END-- [ RunTime:0.001000s ]
NOTIC: [2048] Declaration of Admin\Model\AdminModel::_after_insert() should be compatible with Think\Model::_after_insert($data, $options) D:\www\shop\Application\Admin\Model\AdminModel.class.php 第 10 行.
NOTIC: [2048] Declaration of Admin\Model\AdminModel::_after_update() should be compatible with Think\Model::_after_update($data, $options) D:\www\shop\Application\Admin\Model\AdminModel.class.php 第 10 行.
NOTIC: [2048] Declaration of Admin\Model\AdminModel::_after_delete() should be compatible with Think\Model::_after_delete($data, $options) D:\www\shop\Application\Admin\Model\AdminModel.class.php 第 10 行.
SQL: SHOW COLUMNS FROM `yt_admin` [ RunTime:0.005001s ]
SQL: SELECT * FROM `yt_admin` WHERE `admin_username` = 'kanglei' LIMIT 1   [ RunTime:0.001000s ]
INFO: [ app_end ] --START--
INFO: Run Behavior\ShowPageTraceBehavior [ RunTime:0.001000s ]
INFO: [ app_end ] --END-- [ RunTime:0.001000s ]

[ 2016-07-07T17:32:01+08:00 ] 127.0.0.1 /index.php/Admin/Admin/login/username/admin/password/leiyongtao123/captcha/dnya
INFO: [ app_begin ] --START--
INFO: Run Behavior\ReadHtmlCacheBehavior [ RunTime:0.001000s ]
INFO: [ app_begin ] --END-- [ RunTime:0.002000s ]
NOTIC: [2048] Declaration of Admin\Model\AdminModel::_after_insert() should be compatible with Think\Model::_after_insert($data, $options) D:\www\shop\Application\Admin\Model\AdminModel.class.php 第 10 行.
NOTIC: [2048] Declaration of Admin\Model\AdminModel::_after_update() should be compatible with Think\Model::_after_update($data, $options) D:\www\shop\Application\Admin\Model\AdminModel.class.php 第 10 行.
NOTIC: [2048] Declaration of Admin\Model\AdminModel::_after_delete() should be compatible with Think\Model::_after_delete($data, $options) D:\www\shop\Application\Admin\Model\AdminModel.class.php 第 10 行.
SQL: SHOW COLUMNS FROM `yt_admin` [ RunTime:0.004000s ]
SQL: SELECT * FROM `yt_admin` WHERE `admin_username` = 'admin' LIMIT 1   [ RunTime:0.001000s ]
INFO: [ app_end ] --START--
INFO: Run Behavior\ShowPageTraceBehavior [ RunTime:0.001000s ]
INFO: [ app_end ] --END-- [ RunTime:0.001000s ]

[ 2016-07-07T17:32:30+08:00 ] 127.0.0.1 /index.php/Admin/Admin/login/username/kanglei/password/1234/captcha/vkdh
INFO: [ app_begin ] --START--
INFO: Run Behavior\ReadHtmlCacheBehavior [ RunTime:0.001000s ]
INFO: [ app_begin ] --END-- [ RunTime:0.002000s ]
NOTIC: [2048] Declaration of Admin\Model\AdminModel::_after_insert() should be compatible with Think\Model::_after_insert($data, $options) D:\www\shop\Application\Admin\Model\AdminModel.class.php 第 10 行.
NOTIC: [2048] Declaration of Admin\Model\AdminModel::_after_update() should be compatible with Think\Model::_after_update($data, $options) D:\www\shop\Application\Admin\Model\AdminModel.class.php 第 10 行.
NOTIC: [2048] Declaration of Admin\Model\AdminModel::_after_delete() should be compatible with Think\Model::_after_delete($data, $options) D:\www\shop\Application\Admin\Model\AdminModel.class.php 第 10 行.
SQL: SHOW COLUMNS FROM `yt_admin` [ RunTime:0.004000s ]
SQL: SELECT * FROM `yt_admin` WHERE `admin_username` = 'kanglei' LIMIT 1   [ RunTime:0.000000s ]
INFO: [ app_end ] --START--
INFO: Run Behavior\ShowPageTraceBehavior [ RunTime:0.001000s ]
INFO: [ app_end ] --END-- [ RunTime:0.001000s ]

[ 2016-07-07T17:33:47+08:00 ] 127.0.0.1 /index.php/Admin/Admin/login/username/qiamin/password/1234/captcha/6cpi
INFO: [ app_begin ] --START--
INFO: Run Behavior\ReadHtmlCacheBehavior [ RunTime:0.001000s ]
INFO: [ app_begin ] --END-- [ RunTime:0.001000s ]
INFO: [ app_end ] --START--
INFO: Run Behavior\ShowPageTraceBehavior [ RunTime:0.001000s ]
INFO: [ app_end ] --END-- [ RunTime:0.001000s ]

[ 2016-07-07T17:33:56+08:00 ] 127.0.0.1 /index.php/Admin/Admin/login/username/qiamin/password/1234/captcha/w4kb
INFO: [ app_begin ] --START--
INFO: Run Behavior\ReadHtmlCacheBehavior [ RunTime:0.000000s ]
INFO: [ app_begin ] --END-- [ RunTime:0.001000s ]
NOTIC: [2048] Declaration of Admin\Model\AdminModel::_after_insert() should be compatible with Think\Model::_after_insert($data, $options) D:\www\shop\Application\Admin\Model\AdminModel.class.php 第 10 行.
NOTIC: [2048] Declaration of Admin\Model\AdminModel::_after_update() should be compatible with Think\Model::_after_update($data, $options) D:\www\shop\Application\Admin\Model\AdminModel.class.php 第 10 行.
NOTIC: [2048] Declaration of Admin\Model\AdminModel::_after_delete() should be compatible with Think\Model::_after_delete($data, $options) D:\www\shop\Application\Admin\Model\AdminModel.class.php 第 10 行.
SQL: SHOW COLUMNS FROM `yt_admin` [ RunTime:0.004001s ]
SQL: SELECT * FROM `yt_admin` WHERE `admin_username` = 'qiamin' LIMIT 1   [ RunTime:0.001000s ]
INFO: [ app_end ] --START--
INFO: Run Behavior\ShowPageTraceBehavior [ RunTime:0.001000s ]
INFO: [ app_end ] --END-- [ RunTime:0.001000s ]

[ 2016-07-07T17:34:19+08:00 ] 127.0.0.1 /index.php/Admin/Admin/login/username/admin/password/leiyongtao123/captcha/ftu7
INFO: [ app_begin ] --START--
INFO: Run Behavior\ReadHtmlCacheBehavior [ RunTime:0.001000s ]
INFO: [ app_begin ] --END-- [ RunTime:0.001000s ]
NOTIC: [2048] Declaration of Admin\Model\AdminModel::_after_insert() should be compatible with Think\Model::_after_insert($data, $options) D:\www\shop\Application\Admin\Model\AdminModel.class.php 第 10 行.
NOTIC: [2048] Declaration of Admin\Model\AdminModel::_after_update() should be compatible with Think\Model::_after_update($data, $options) D:\www\shop\Application\Admin\Model\AdminModel.class.php 第 10 行.
NOTIC: [2048] Declaration of Admin\Model\AdminModel::_after_delete() should be compatible with Think\Model::_after_delete($data, $options) D:\www\shop\Application\Admin\Model\AdminModel.class.php 第 10 行.
SQL: SHOW COLUMNS FROM `yt_admin` [ RunTime:0.004000s ]
SQL: SELECT * FROM `yt_admin` WHERE `admin_username` = 'admin' LIMIT 1   [ RunTime:0.001000s ]
INFO: [ app_end ] --START--
INFO: Run Behavior\ShowPageTraceBehavior [ RunTime:0.001000s ]
INFO: [ app_end ] --END-- [ RunTime:0.001000s ]

[ 2016-07-07T17:47:47+08:00 ] 127.0.0.1 /index.php/Admin/Admin/login/username/qiamin/password/1234/captcha/ttg6
INFO: [ app_begin ] --START--
INFO: Run Behavior\ReadHtmlCacheBehavior [ RunTime:0.001000s ]
INFO: [ app_begin ] --END-- [ RunTime:0.001000s ]
NOTIC: [2048] Declaration of Admin\Model\AdminModel::_after_insert() should be compatible with Think\Model::_after_insert($data, $options) D:\www\shop\Application\Admin\Model\AdminModel.class.php 第 10 行.
NOTIC: [2048] Declaration of Admin\Model\AdminModel::_after_update() should be compatible with Think\Model::_after_update($data, $options) D:\www\shop\Application\Admin\Model\AdminModel.class.php 第 10 行.
NOTIC: [2048] Declaration of Admin\Model\AdminModel::_after_delete() should be compatible with Think\Model::_after_delete($data, $options) D:\www\shop\Application\Admin\Model\AdminModel.class.php 第 10 行.
SQL: SHOW COLUMNS FROM `yt_admin` [ RunTime:0.004000s ]
SQL: SELECT * FROM `yt_admin` WHERE `admin_username` = 'qiamin' LIMIT 1   [ RunTime:0.000000s ]
INFO: [ app_end ] --START--
INFO: Run Behavior\ShowPageTraceBehavior [ RunTime:0.000000s ]
INFO: [ app_end ] --END-- [ RunTime:0.001000s ]

[ 2016-07-07T17:50:11+08:00 ] 127.0.0.1 /index.php/Admin/Admin/login/username/kanglei/password/1234/captcha/lyhd
INFO: [ app_begin ] --START--
INFO: Run Behavior\ReadHtmlCacheBehavior [ RunTime:0.000000s ]
INFO: [ app_begin ] --END-- [ RunTime:0.001000s ]
NOTIC: [2048] Declaration of Admin\Model\AdminModel::_after_insert() should be compatible with Think\Model::_after_insert($data, $options) D:\www\shop\Application\Admin\Model\AdminModel.class.php 第 10 行.
NOTIC: [2048] Declaration of Admin\Model\AdminModel::_after_update() should be compatible with Think\Model::_after_update($data, $options) D:\www\shop\Application\Admin\Model\AdminModel.class.php 第 10 行.
NOTIC: [2048] Declaration of Admin\Model\AdminModel::_after_delete() should be compatible with Think\Model::_after_delete($data, $options) D:\www\shop\Application\Admin\Model\AdminModel.class.php 第 10 行.
SQL: SHOW COLUMNS FROM `yt_admin` [ RunTime:0.004000s ]
SQL: SELECT * FROM `yt_admin` WHERE `admin_username` = 'kanglei' LIMIT 1   [ RunTime:0.001000s ]
INFO: [ app_end ] --START--
INFO: Run Behavior\ShowPageTraceBehavior [ RunTime:0.001000s ]
INFO: [ app_end ] --END-- [ RunTime:0.001000s ]

[ 2016-07-07T18:54:42+08:00 ] 127.0.0.1 /index.php/Admin/Admin/login/username/kanglei/password/1234/captcha/aezq
INFO: [ app_begin ] --START--
INFO: Run Behavior\ReadHtmlCacheBehavior [ RunTime:0.001000s ]
INFO: [ app_begin ] --END-- [ RunTime:0.001000s ]
NOTIC: [2048] Declaration of Admin\Model\AdminModel::_after_insert() should be compatible with Think\Model::_after_insert($data, $options) D:\www\shop\Application\Admin\Model\AdminModel.class.php 第 10 行.
NOTIC: [2048] Declaration of Admin\Model\AdminModel::_after_update() should be compatible with Think\Model::_after_update($data, $options) D:\www\shop\Application\Admin\Model\AdminModel.class.php 第 10 行.
NOTIC: [2048] Declaration of Admin\Model\AdminModel::_after_delete() should be compatible with Think\Model::_after_delete($data, $options) D:\www\shop\Application\Admin\Model\AdminModel.class.php 第 10 行.
SQL: SHOW COLUMNS FROM `yt_admin` [ RunTime:0.005000s ]
SQL: SELECT * FROM `yt_admin` WHERE `admin_username` = 'kanglei' LIMIT 1   [ RunTime:0.001000s ]
INFO: [ app_end ] --START--
INFO: Run Behavior\ShowPageTraceBehavior [ RunTime:0.001000s ]
INFO: [ app_end ] --END-- [ RunTime:0.001000s ]

[ 2016-07-07T18:59:37+08:00 ] 127.0.0.1 /index.php/Admin/System/sysTempl.html
ERR: 无法加载控制器:System

[ 2016-07-07T19:32:34+08:00 ] 127.0.0.1 /index.php/Admin/Admin/login/username/kanglei/password/1234/captcha/3zbn
INFO: [ app_begin ] --START--
INFO: Run Behavior\ReadHtmlCacheBehavior [ RunTime:0.001001s ]
INFO: [ app_begin ] --END-- [ RunTime:0.001001s ]
NOTIC: [2048] Declaration of Admin\Model\RoleModel::_after_insert() should be compatible with Think\Model::_after_insert($data, $options) D:\www\shop\Application\Admin\Model\RoleModel.class.php 第 10 行.
NOTIC: [2048] Declaration of Admin\Model\RoleModel::_after_update() should be compatible with Think\Model::_after_update($data, $options) D:\www\shop\Application\Admin\Model\RoleModel.class.php 第 10 行.
NOTIC: [2048] Declaration of Admin\Model\RoleModel::_after_delete() should be compatible with Think\Model::_after_delete($data, $options) D:\www\shop\Application\Admin\Model\RoleModel.class.php 第 10 行.
SQL: SHOW COLUMNS FROM `yt_role` [ RunTime:0.004000s ]
SQL: SELECT `role_auth_ca` FROM `yt_role` LIMIT 1   [ RunTime:0.000000s ]
NOTIC: [2048] Declaration of Admin\Model\AdminModel::_after_insert() should be compatible with Think\Model::_after_insert($data, $options) D:\www\shop\Application\Admin\Model\AdminModel.class.php 第 199 行.
NOTIC: [2048] Declaration of Admin\Model\AdminModel::_after_update() should be compatible with Think\Model::_after_update($data, $options) D:\www\shop\Application\Admin\Model\AdminModel.class.php 第 199 行.
NOTIC: [2048] Declaration of Admin\Model\AdminModel::_after_delete() should be compatible with Think\Model::_after_delete($data, $options) D:\www\shop\Application\Admin\Model\AdminModel.class.php 第 199 行.
SQL: SHOW COLUMNS FROM `yt_admin` [ RunTime:0.005000s ]
SQL: SELECT * FROM `yt_admin` WHERE `admin_username` = 'kanglei' LIMIT 1   [ RunTime:0.001000s ]
INFO: [ app_end ] --START--
INFO: Run Behavior\ShowPageTraceBehavior [ RunTime:0.001000s ]
INFO: [ app_end ] --END-- [ RunTime:0.001000s ]

[ 2016-07-07T19:38:01+08:00 ] 127.0.0.1 /index.php/Admin/Admin/login/username/admin/password/leiyongtao123/captcha/ny2h
INFO: [ app_begin ] --START--
INFO: Run Behavior\ReadHtmlCacheBehavior [ RunTime:0.000000s ]
INFO: [ app_begin ] --END-- [ RunTime:0.001000s ]
NOTIC: [2048] Declaration of Admin\Model\RoleModel::_after_insert() should be compatible with Think\Model::_after_insert($data, $options) D:\www\shop\Application\Admin\Model\RoleModel.class.php 第 10 行.
NOTIC: [2048] Declaration of Admin\Model\RoleModel::_after_update() should be compatible with Think\Model::_after_update($data, $options) D:\www\shop\Application\Admin\Model\RoleModel.class.php 第 10 行.
NOTIC: [2048] Declaration of Admin\Model\RoleModel::_after_delete() should be compatible with Think\Model::_after_delete($data, $options) D:\www\shop\Application\Admin\Model\RoleModel.class.php 第 10 行.
SQL: SHOW COLUMNS FROM `yt_role` [ RunTime:0.004000s ]
SQL: SELECT `role_auth_ca` FROM `yt_role` LIMIT 1   [ RunTime:0.001000s ]
NOTIC: [2048] Declaration of Admin\Model\AdminModel::_after_insert() should be compatible with Think\Model::_after_insert($data, $options) D:\www\shop\Application\Admin\Model\AdminModel.class.php 第 199 行.
NOTIC: [2048] Declaration of Admin\Model\AdminModel::_after_update() should be compatible with Think\Model::_after_update($data, $options) D:\www\shop\Application\Admin\Model\AdminModel.class.php 第 199 行.
NOTIC: [2048] Declaration of Admin\Model\AdminModel::_after_delete() should be compatible with Think\Model::_after_delete($data, $options) D:\www\shop\Application\Admin\Model\AdminModel.class.php 第 199 行.
SQL: SHOW COLUMNS FROM `yt_admin` [ RunTime:0.004001s ]
SQL: SELECT * FROM `yt_admin` WHERE `admin_username` = 'admin' LIMIT 1   [ RunTime:0.001000s ]
INFO: [ app_end ] --START--
INFO: Run Behavior\ShowPageTraceBehavior [ RunTime:0.001000s ]
INFO: [ app_end ] --END-- [ RunTime:0.001000s ]

[ 2016-07-07T19:38:11+08:00 ] 127.0.0.1 /index.php/Admin/Web/webInfo.html
ERR: 无法加载控制器:Web

[ 2016-07-07T19:38:24+08:00 ] 127.0.0.1 /index.php/Admin/User/userComment.html
ERR: 非法操作:userComment

[ 2016-07-07T19:38:26+08:00 ] 127.0.0.1 /index.php/Admin/Order/orderMessage.html
ERR: 无法加载控制器:Order

[ 2016-07-07T19:38:27+08:00 ] 127.0.0.1 /index.php/Admin/Order/orderQuery.html
ERR: 无法加载控制器:Order

