[ 2016-07-11T09:00:49+08:00 ] 127.0.0.1 /index.php/Admin/Admin/login
INFO: [ app_begin ] --START--
INFO: Run Behavior\ReadHtmlCacheBehavior [ RunTime:0.001000s ]
INFO: [ app_begin ] --END-- [ RunTime:0.002000s ]
NOTIC: [2048] Declaration of Admin\Model\RoleModel::_after_insert() should be compatible with Think\Model::_after_insert($data, $options) D:\www\shop\Application\Admin\Model\RoleModel.class.php 第 10 行.
NOTIC: [2048] Declaration of Admin\Model\RoleModel::_after_update() should be compatible with Think\Model::_after_update($data, $options) D:\www\shop\Application\Admin\Model\RoleModel.class.php 第 10 行.
NOTIC: [2048] Declaration of Admin\Model\RoleModel::_after_delete() should be compatible with Think\Model::_after_delete($data, $options) D:\www\shop\Application\Admin\Model\RoleModel.class.php 第 10 行.
SQL: SHOW COLUMNS FROM `yt_role` [ RunTime:0.004000s ]
SQL: SELECT `role_auth_ca` FROM `yt_role` LIMIT 1   [ RunTime:0.000000s ]
NOTIC: [2048] Declaration of Admin\Model\AdminModel::_after_insert() should be compatible with Think\Model::_after_insert($data, $options) D:\www\shop\Application\Admin\Model\AdminModel.class.php 第 199 行.
NOTIC: [2048] Declaration of Admin\Model\AdminModel::_after_update() should be compatible with Think\Model::_after_update($data, $options) D:\www\shop\Application\Admin\Model\AdminModel.class.php 第 199 行.
NOTIC: [2048] Declaration of Admin\Model\AdminModel::_after_delete() should be compatible with Think\Model::_after_delete($data, $options) D:\www\shop\Application\Admin\Model\AdminModel.class.php 第 199 行.
SQL: SHOW COLUMNS FROM `yt_admin` [ RunTime:0.006001s ]
SQL: SELECT * FROM `yt_admin` WHERE `admin_username` = 'admin' LIMIT 1   [ RunTime:0.000000s ]
SQL: UPDATE `yt_admin` SET `last_login`=1468198849,`last_ip`='127.0.0.1' WHERE `admin_id` = '1' [ RunTime:0.001000s ]
SQL: UPDATE `yt_admin` SET `last_ip`='127.0.0.1',`last_login`=1468198849 WHERE `admin_id` = '1' [ RunTime:0.001000s ]
INFO: [ app_end ] --START--
INFO: Run Behavior\ShowPageTraceBehavior [ RunTime:0.001000s ]
INFO: [ app_end ] --END-- [ RunTime:0.002000s ]

[ 2016-07-11T09:11:56+08:00 ] 127.0.0.1 /index.php/Admin/Goods/ajaxGetSpecAttr/tid/4/gid/0
INFO: [ app_begin ] --START--
INFO: Run Behavior\ReadHtmlCacheBehavior [ RunTime:0.001000s ]
INFO: [ app_begin ] --END-- [ RunTime:0.001000s ]
NOTIC: [2048] Declaration of Admin\Model\RoleModel::_after_insert() should be compatible with Think\Model::_after_insert($data, $options) D:\www\shop\Application\Admin\Model\RoleModel.class.php 第 10 行.
NOTIC: [2048] Declaration of Admin\Model\RoleModel::_after_update() should be compatible with Think\Model::_after_update($data, $options) D:\www\shop\Application\Admin\Model\RoleModel.class.php 第 10 行.
NOTIC: [2048] Declaration of Admin\Model\RoleModel::_after_delete() should be compatible with Think\Model::_after_delete($data, $options) D:\www\shop\Application\Admin\Model\RoleModel.class.php 第 10 行.
SQL: SHOW COLUMNS FROM `yt_role` [ RunTime:0.004000s ]
SQL: SELECT `role_auth_ca` FROM `yt_role` WHERE `role_id` = 0 LIMIT 1   [ RunTime:0.000000s ]
NOTIC: [2048] Declaration of Admin\Model\GoodsModel::_after_insert() should be compatible with Think\Model::_after_insert($data, $options) D:\www\shop\Application\Admin\Model\GoodsModel.class.php 第 758 行.
NOTIC: [2048] Declaration of Admin\Model\GoodsModel::_after_update() should be compatible with Think\Model::_after_update($data, $options) D:\www\shop\Application\Admin\Model\GoodsModel.class.php 第 758 行.
NOTIC: [2048] Declaration of Admin\Model\GoodsModel::_after_delete() should be compatible with Think\Model::_after_delete($data, $options) D:\www\shop\Application\Admin\Model\GoodsModel.class.php 第 758 行.
SQL: SHOW COLUMNS FROM `yt_goods` [ RunTime:0.004000s ]
NOTIC: [2048] Declaration of Admin\Model\AttrModel::_after_insert() should be compatible with Think\Model::_after_insert($data, $options) D:\www\shop\Application\Admin\Model\AttrModel.class.php 第 163 行.
NOTIC: [2048] Declaration of Admin\Model\AttrModel::_after_update() should be compatible with Think\Model::_after_update($data, $options) D:\www\shop\Application\Admin\Model\AttrModel.class.php 第 163 行.
NOTIC: [2048] Declaration of Admin\Model\AttrModel::_after_delete() should be compatible with Think\Model::_after_delete($data, $options) D:\www\shop\Application\Admin\Model\AttrModel.class.php 第 163 行.
SQL: SHOW COLUMNS FROM `yt_attr` [ RunTime:0.004001s ]
SQL: SELECT `attr_id`,`attr_name`,`optional_list` FROM `yt_attr` WHERE `type_id` = '4' AND `attr_unique` = '可选属性'  [ RunTime:0.001000s ]
SQL: SHOW COLUMNS FROM `yt_goods_stock` [ RunTime:0.004000s ]
SQL: SELECT * FROM `yt_goods_stock` WHERE `goods_id` = '0'  [ RunTime:0.000000s ]
SQL: SELECT `attr_name`,`attr_id` FROM `yt_attr` WHERE `type_id` = 4 AND `attr_unique` = '可选属性'  [ RunTime:0.000000s ]
NOTIC: [8] Undefined variable: str D:\www\shop\Application\Admin\Model\GoodsModel.class.php 第 726 行.
NOTIC: [2] Invalid argument supplied for foreach() D:\www\shop\Application\Admin\Model\GoodsModel.class.php 第 747 行.
NOTIC: [2] Invalid argument supplied for foreach() D:\www\shop\Application\Admin\Model\GoodsModel.class.php 第 747 行.
NOTIC: [2] Invalid argument supplied for foreach() D:\www\shop\Application\Admin\Model\GoodsModel.class.php 第 747 行.
NOTIC: [2] Invalid argument supplied for foreach() D:\www\shop\Application\Admin\Model\GoodsModel.class.php 第 747 行.
NOTIC: [2] Invalid argument supplied for foreach() D:\www\shop\Application\Admin\Model\GoodsModel.class.php 第 747 行.
NOTIC: [2] Invalid argument supplied for foreach() D:\www\shop\Application\Admin\Model\GoodsModel.class.php 第 747 行.
NOTIC: [2] Invalid argument supplied for foreach() D:\www\shop\Application\Admin\Model\GoodsModel.class.php 第 747 行.
NOTIC: [2] Invalid argument supplied for foreach() D:\www\shop\Application\Admin\Model\GoodsModel.class.php 第 747 行.
NOTIC: [2] Invalid argument supplied for foreach() D:\www\shop\Application\Admin\Model\GoodsModel.class.php 第 747 行.
NOTIC: [2] Invalid argument supplied for foreach() D:\www\shop\Application\Admin\Model\GoodsModel.class.php 第 747 行.
NOTIC: [2] Invalid argument supplied for foreach() D:\www\shop\Application\Admin\Model\GoodsModel.class.php 第 747 行.
NOTIC: [2] Invalid argument supplied for foreach() D:\www\shop\Application\Admin\Model\GoodsModel.class.php 第 747 行.
NOTIC: [2] Invalid argument supplied for foreach() D:\www\shop\Application\Admin\Model\GoodsModel.class.php 第 747 行.
NOTIC: [2] Invalid argument supplied for foreach() D:\www\shop\Application\Admin\Model\GoodsModel.class.php 第 747 行.
NOTIC: [2] Invalid argument supplied for foreach() D:\www\shop\Application\Admin\Model\GoodsModel.class.php 第 747 行.

[ 2016-07-11T09:11:56+08:00 ] 127.0.0.1 /index.php/Admin/Goods/ajaxGetSimpAttr/tid/4/gid/0
INFO: [ app_begin ] --START--
INFO: Run Behavior\ReadHtmlCacheBehavior [ RunTime:0.001000s ]
INFO: [ app_begin ] --END-- [ RunTime:0.001000s ]
NOTIC: [2048] Declaration of Admin\Model\RoleModel::_after_insert() should be compatible with Think\Model::_after_insert($data, $options) D:\www\shop\Application\Admin\Model\RoleModel.class.php 第 10 行.
NOTIC: [2048] Declaration of Admin\Model\RoleModel::_after_update() should be compatible with Think\Model::_after_update($data, $options) D:\www\shop\Application\Admin\Model\RoleModel.class.php 第 10 行.
NOTIC: [2048] Declaration of Admin\Model\RoleModel::_after_delete() should be compatible with Think\Model::_after_delete($data, $options) D:\www\shop\Application\Admin\Model\RoleModel.class.php 第 10 行.
SQL: SHOW COLUMNS FROM `yt_role` [ RunTime:0.004001s ]
SQL: SELECT `role_auth_ca` FROM `yt_role` WHERE `role_id` = 0 LIMIT 1   [ RunTime:0.001000s ]
NOTIC: [2048] Declaration of Admin\Model\GoodsModel::_after_insert() should be compatible with Think\Model::_after_insert($data, $options) D:\www\shop\Application\Admin\Model\GoodsModel.class.php 第 758 行.
NOTIC: [2048] Declaration of Admin\Model\GoodsModel::_after_update() should be compatible with Think\Model::_after_update($data, $options) D:\www\shop\Application\Admin\Model\GoodsModel.class.php 第 758 行.
NOTIC: [2048] Declaration of Admin\Model\GoodsModel::_after_delete() should be compatible with Think\Model::_after_delete($data, $options) D:\www\shop\Application\Admin\Model\GoodsModel.class.php 第 758 行.
SQL: SHOW COLUMNS FROM `yt_goods` [ RunTime:0.004000s ]
NOTIC: [2048] Declaration of Admin\Model\AttrModel::_after_insert() should be compatible with Think\Model::_after_insert($data, $options) D:\www\shop\Application\Admin\Model\AttrModel.class.php 第 163 行.
NOTIC: [2048] Declaration of Admin\Model\AttrModel::_after_update() should be compatible with Think\Model::_after_update($data, $options) D:\www\shop\Application\Admin\Model\AttrModel.class.php 第 163 行.
NOTIC: [2048] Declaration of Admin\Model\AttrModel::_after_delete() should be compatible with Think\Model::_after_delete($data, $options) D:\www\shop\Application\Admin\Model\AttrModel.class.php 第 163 行.
SQL: SHOW COLUMNS FROM `yt_attr` [ RunTime:0.004000s ]
SQL: SHOW COLUMNS FROM `yt_attr` [ RunTime:0.004001s ]
SQL: SELECT a.attr_id,a.attr_name,a.type_id,a.attr_unique,a.input_method,a.optional_list,b.attr_value FROM yt_attr a LEFT JOIN yt_goods_attr b ON a.attr_id = b.attr_id AND b.goods_id = 0  WHERE a.type_id = '4' AND a.attr_unique = '唯一属性'  [ RunTime:0.001000s ]

[ 2016-07-11T09:12:03+08:00 ] 127.0.0.1 /index.php/Admin/Goods/ajaxGetSimpAttr/tid/2/gid/0
INFO: [ app_begin ] --START--
INFO: Run Behavior\ReadHtmlCacheBehavior [ RunTime:0.001000s ]
INFO: [ app_begin ] --END-- [ RunTime:0.001000s ]
NOTIC: [2048] Declaration of Admin\Model\RoleModel::_after_insert() should be compatible with Think\Model::_after_insert($data, $options) D:\www\shop\Application\Admin\Model\RoleModel.class.php 第 10 行.
NOTIC: [2048] Declaration of Admin\Model\RoleModel::_after_update() should be compatible with Think\Model::_after_update($data, $options) D:\www\shop\Application\Admin\Model\RoleModel.class.php 第 10 行.
NOTIC: [2048] Declaration of Admin\Model\RoleModel::_after_delete() should be compatible with Think\Model::_after_delete($data, $options) D:\www\shop\Application\Admin\Model\RoleModel.class.php 第 10 行.
SQL: SHOW COLUMNS FROM `yt_role` [ RunTime:0.004000s ]
SQL: SELECT `role_auth_ca` FROM `yt_role` WHERE `role_id` = 0 LIMIT 1   [ RunTime:0.000000s ]
NOTIC: [2048] Declaration of Admin\Model\GoodsModel::_after_insert() should be compatible with Think\Model::_after_insert($data, $options) D:\www\shop\Application\Admin\Model\GoodsModel.class.php 第 758 行.
NOTIC: [2048] Declaration of Admin\Model\GoodsModel::_after_update() should be compatible with Think\Model::_after_update($data, $options) D:\www\shop\Application\Admin\Model\GoodsModel.class.php 第 758 行.
NOTIC: [2048] Declaration of Admin\Model\GoodsModel::_after_delete() should be compatible with Think\Model::_after_delete($data, $options) D:\www\shop\Application\Admin\Model\GoodsModel.class.php 第 758 行.
SQL: SHOW COLUMNS FROM `yt_goods` [ RunTime:0.005001s ]
NOTIC: [2048] Declaration of Admin\Model\AttrModel::_after_insert() should be compatible with Think\Model::_after_insert($data, $options) D:\www\shop\Application\Admin\Model\AttrModel.class.php 第 163 行.
NOTIC: [2048] Declaration of Admin\Model\AttrModel::_after_update() should be compatible with Think\Model::_after_update($data, $options) D:\www\shop\Application\Admin\Model\AttrModel.class.php 第 163 行.
NOTIC: [2048] Declaration of Admin\Model\AttrModel::_after_delete() should be compatible with Think\Model::_after_delete($data, $options) D:\www\shop\Application\Admin\Model\AttrModel.class.php 第 163 行.
SQL: SHOW COLUMNS FROM `yt_attr` [ RunTime:0.005000s ]
SQL: SHOW COLUMNS FROM `yt_attr` [ RunTime:0.004000s ]
SQL: SELECT a.attr_id,a.attr_name,a.type_id,a.attr_unique,a.input_method,a.optional_list,b.attr_value FROM yt_attr a LEFT JOIN yt_goods_attr b ON a.attr_id = b.attr_id AND b.goods_id = 0  WHERE a.type_id = '2' AND a.attr_unique = '唯一属性'  [ RunTime:0.000000s ]

[ 2016-07-11T09:12:03+08:00 ] 127.0.0.1 /index.php/Admin/Goods/ajaxGetSimpAttr/tid/2/gid/0
INFO: [ app_begin ] --START--
INFO: Run Behavior\ReadHtmlCacheBehavior [ RunTime:0.001000s ]
INFO: [ app_begin ] --END-- [ RunTime:0.001000s ]
NOTIC: [2048] Declaration of Admin\Model\RoleModel::_after_insert() should be compatible with Think\Model::_after_insert($data, $options) D:\www\shop\Application\Admin\Model\RoleModel.class.php 第 10 行.
NOTIC: [2048] Declaration of Admin\Model\RoleModel::_after_update() should be compatible with Think\Model::_after_update($data, $options) D:\www\shop\Application\Admin\Model\RoleModel.class.php 第 10 行.
NOTIC: [2048] Declaration of Admin\Model\RoleModel::_after_delete() should be compatible with Think\Model::_after_delete($data, $options) D:\www\shop\Application\Admin\Model\RoleModel.class.php 第 10 行.
SQL: SHOW COLUMNS FROM `yt_role` [ RunTime:0.004000s ]
SQL: SELECT `role_auth_ca` FROM `yt_role` WHERE `role_id` = 0 LIMIT 1   [ RunTime:0.001000s ]
NOTIC: [2048] Declaration of Admin\Model\GoodsModel::_after_insert() should be compatible with Think\Model::_after_insert($data, $options) D:\www\shop\Application\Admin\Model\GoodsModel.class.php 第 758 行.
NOTIC: [2048] Declaration of Admin\Model\GoodsModel::_after_update() should be compatible with Think\Model::_after_update($data, $options) D:\www\shop\Application\Admin\Model\GoodsModel.class.php 第 758 行.
NOTIC: [2048] Declaration of Admin\Model\GoodsModel::_after_delete() should be compatible with Think\Model::_after_delete($data, $options) D:\www\shop\Application\Admin\Model\GoodsModel.class.php 第 758 行.
SQL: SHOW COLUMNS FROM `yt_goods` [ RunTime:0.004000s ]
NOTIC: [2048] Declaration of Admin\Model\AttrModel::_after_insert() should be compatible with Think\Model::_after_insert($data, $options) D:\www\shop\Application\Admin\Model\AttrModel.class.php 第 163 行.
NOTIC: [2048] Declaration of Admin\Model\AttrModel::_after_update() should be compatible with Think\Model::_after_update($data, $options) D:\www\shop\Application\Admin\Model\AttrModel.class.php 第 163 行.
NOTIC: [2048] Declaration of Admin\Model\AttrModel::_after_delete() should be compatible with Think\Model::_after_delete($data, $options) D:\www\shop\Application\Admin\Model\AttrModel.class.php 第 163 行.
SQL: SHOW COLUMNS FROM `yt_attr` [ RunTime:0.004000s ]
SQL: SHOW COLUMNS FROM `yt_attr` [ RunTime:0.004000s ]
SQL: SELECT a.attr_id,a.attr_name,a.type_id,a.attr_unique,a.input_method,a.optional_list,b.attr_value FROM yt_attr a LEFT JOIN yt_goods_attr b ON a.attr_id = b.attr_id AND b.goods_id = 0  WHERE a.type_id = '2' AND a.attr_unique = '唯一属性'  [ RunTime:0.001000s ]

[ 2016-07-11T09:12:03+08:00 ] 127.0.0.1 /index.php/Admin/Goods/ajaxGetSpecAttr/tid/2/gid/0
INFO: [ app_begin ] --START--
INFO: Run Behavior\ReadHtmlCacheBehavior [ RunTime:0.001000s ]
INFO: [ app_begin ] --END-- [ RunTime:0.001000s ]
NOTIC: [2048] Declaration of Admin\Model\RoleModel::_after_insert() should be compatible with Think\Model::_after_insert($data, $options) D:\www\shop\Application\Admin\Model\RoleModel.class.php 第 10 行.
NOTIC: [2048] Declaration of Admin\Model\RoleModel::_after_update() should be compatible with Think\Model::_after_update($data, $options) D:\www\shop\Application\Admin\Model\RoleModel.class.php 第 10 行.
NOTIC: [2048] Declaration of Admin\Model\RoleModel::_after_delete() should be compatible with Think\Model::_after_delete($data, $options) D:\www\shop\Application\Admin\Model\RoleModel.class.php 第 10 行.
SQL: SHOW COLUMNS FROM `yt_role` [ RunTime:0.005001s ]
SQL: SELECT `role_auth_ca` FROM `yt_role` WHERE `role_id` = 0 LIMIT 1   [ RunTime:0.000000s ]
NOTIC: [2048] Declaration of Admin\Model\GoodsModel::_after_insert() should be compatible with Think\Model::_after_insert($data, $options) D:\www\shop\Application\Admin\Model\GoodsModel.class.php 第 758 行.
NOTIC: [2048] Declaration of Admin\Model\GoodsModel::_after_update() should be compatible with Think\Model::_after_update($data, $options) D:\www\shop\Application\Admin\Model\GoodsModel.class.php 第 758 行.
NOTIC: [2048] Declaration of Admin\Model\GoodsModel::_after_delete() should be compatible with Think\Model::_after_delete($data, $options) D:\www\shop\Application\Admin\Model\GoodsModel.class.php 第 758 行.
SQL: SHOW COLUMNS FROM `yt_goods` [ RunTime:0.005000s ]
NOTIC: [2048] Declaration of Admin\Model\AttrModel::_after_insert() should be compatible with Think\Model::_after_insert($data, $options) D:\www\shop\Application\Admin\Model\AttrModel.class.php 第 163 行.
NOTIC: [2048] Declaration of Admin\Model\AttrModel::_after_update() should be compatible with Think\Model::_after_update($data, $options) D:\www\shop\Application\Admin\Model\AttrModel.class.php 第 163 行.
NOTIC: [2048] Declaration of Admin\Model\AttrModel::_after_delete() should be compatible with Think\Model::_after_delete($data, $options) D:\www\shop\Application\Admin\Model\AttrModel.class.php 第 163 行.
SQL: SHOW COLUMNS FROM `yt_attr` [ RunTime:0.004000s ]
SQL: SELECT `attr_id`,`attr_name`,`optional_list` FROM `yt_attr` WHERE `type_id` = '2' AND `attr_unique` = '可选属性'  [ RunTime:0.001000s ]
SQL: SHOW COLUMNS FROM `yt_goods_stock` [ RunTime:0.004001s ]
SQL: SELECT * FROM `yt_goods_stock` WHERE `goods_id` = '0'  [ RunTime:0.000000s ]
SQL: SELECT `attr_name`,`attr_id` FROM `yt_attr` WHERE `type_id` = 2 AND `attr_unique` = '可选属性'  [ RunTime:0.000000s ]
NOTIC: [8] Undefined variable: str D:\www\shop\Application\Admin\Model\GoodsModel.class.php 第 726 行.
NOTIC: [2] Invalid argument supplied for foreach() D:\www\shop\Application\Admin\Model\GoodsModel.class.php 第 747 行.
NOTIC: [2] Invalid argument supplied for foreach() D:\www\shop\Application\Admin\Model\GoodsModel.class.php 第 747 行.
NOTIC: [2] Invalid argument supplied for foreach() D:\www\shop\Application\Admin\Model\GoodsModel.class.php 第 747 行.
NOTIC: [2] Invalid argument supplied for foreach() D:\www\shop\Application\Admin\Model\GoodsModel.class.php 第 747 行.
NOTIC: [2] Invalid argument supplied for foreach() D:\www\shop\Application\Admin\Model\GoodsModel.class.php 第 747 行.
NOTIC: [2] Invalid argument supplied for foreach() D:\www\shop\Application\Admin\Model\GoodsModel.class.php 第 747 行.
NOTIC: [2] Invalid argument supplied for foreach() D:\www\shop\Application\Admin\Model\GoodsModel.class.php 第 747 行.
NOTIC: [2] Invalid argument supplied for foreach() D:\www\shop\Application\Admin\Model\GoodsModel.class.php 第 747 行.

[ 2016-07-11T09:12:11+08:00 ] 127.0.0.1 /index.php/Admin/Goods/ajaxGetSimpAttr/tid/3/gid/0
INFO: [ app_begin ] --START--
INFO: Run Behavior\ReadHtmlCacheBehavior [ RunTime:0.001000s ]
INFO: [ app_begin ] --END-- [ RunTime:0.001000s ]
NOTIC: [2048] Declaration of Admin\Model\RoleModel::_after_insert() should be compatible with Think\Model::_after_insert($data, $options) D:\www\shop\Application\Admin\Model\RoleModel.class.php 第 10 行.
NOTIC: [2048] Declaration of Admin\Model\RoleModel::_after_update() should be compatible with Think\Model::_after_update($data, $options) D:\www\shop\Application\Admin\Model\RoleModel.class.php 第 10 行.
NOTIC: [2048] Declaration of Admin\Model\RoleModel::_after_delete() should be compatible with Think\Model::_after_delete($data, $options) D:\www\shop\Application\Admin\Model\RoleModel.class.php 第 10 行.
SQL: SHOW COLUMNS FROM `yt_role` [ RunTime:0.003000s ]
SQL: SELECT `role_auth_ca` FROM `yt_role` WHERE `role_id` = 0 LIMIT 1   [ RunTime:0.000000s ]
NOTIC: [2048] Declaration of Admin\Model\GoodsModel::_after_insert() should be compatible with Think\Model::_after_insert($data, $options) D:\www\shop\Application\Admin\Model\GoodsModel.class.php 第 758 行.
NOTIC: [2048] Declaration of Admin\Model\GoodsModel::_after_update() should be compatible with Think\Model::_after_update($data, $options) D:\www\shop\Application\Admin\Model\GoodsModel.class.php 第 758 行.
NOTIC: [2048] Declaration of Admin\Model\GoodsModel::_after_delete() should be compatible with Think\Model::_after_delete($data, $options) D:\www\shop\Application\Admin\Model\GoodsModel.class.php 第 758 行.
SQL: SHOW COLUMNS FROM `yt_goods` [ RunTime:0.004000s ]
NOTIC: [2048] Declaration of Admin\Model\AttrModel::_after_insert() should be compatible with Think\Model::_after_insert($data, $options) D:\www\shop\Application\Admin\Model\AttrModel.class.php 第 163 行.
NOTIC: [2048] Declaration of Admin\Model\AttrModel::_after_update() should be compatible with Think\Model::_after_update($data, $options) D:\www\shop\Application\Admin\Model\AttrModel.class.php 第 163 行.
NOTIC: [2048] Declaration of Admin\Model\AttrModel::_after_delete() should be compatible with Think\Model::_after_delete($data, $options) D:\www\shop\Application\Admin\Model\AttrModel.class.php 第 163 行.
SQL: SHOW COLUMNS FROM `yt_attr` [ RunTime:0.004001s ]
SQL: SHOW COLUMNS FROM `yt_attr` [ RunTime:0.004000s ]
SQL: SELECT a.attr_id,a.attr_name,a.type_id,a.attr_unique,a.input_method,a.optional_list,b.attr_value FROM yt_attr a LEFT JOIN yt_goods_attr b ON a.attr_id = b.attr_id AND b.goods_id = 0  WHERE a.type_id = '3' AND a.attr_unique = '唯一属性'  [ RunTime:0.000000s ]

[ 2016-07-11T09:12:16+08:00 ] 127.0.0.1 /index.php/Admin/Goods/ajaxGetSpecAttr/tid/3/gid/0
INFO: [ app_begin ] --START--
INFO: Run Behavior\ReadHtmlCacheBehavior [ RunTime:0.001000s ]
INFO: [ app_begin ] --END-- [ RunTime:0.002000s ]
NOTIC: [2048] Declaration of Admin\Model\RoleModel::_after_insert() should be compatible with Think\Model::_after_insert($data, $options) D:\www\shop\Application\Admin\Model\RoleModel.class.php 第 10 行.
NOTIC: [2048] Declaration of Admin\Model\RoleModel::_after_update() should be compatible with Think\Model::_after_update($data, $options) D:\www\shop\Application\Admin\Model\RoleModel.class.php 第 10 行.
NOTIC: [2048] Declaration of Admin\Model\RoleModel::_after_delete() should be compatible with Think\Model::_after_delete($data, $options) D:\www\shop\Application\Admin\Model\RoleModel.class.php 第 10 行.
SQL: SHOW COLUMNS FROM `yt_role` [ RunTime:0.005001s ]
SQL: SELECT `role_auth_ca` FROM `yt_role` WHERE `role_id` = 0 LIMIT 1   [ RunTime:0.000000s ]
NOTIC: [2048] Declaration of Admin\Model\GoodsModel::_after_insert() should be compatible with Think\Model::_after_insert($data, $options) D:\www\shop\Application\Admin\Model\GoodsModel.class.php 第 758 行.
NOTIC: [2048] Declaration of Admin\Model\GoodsModel::_after_update() should be compatible with Think\Model::_after_update($data, $options) D:\www\shop\Application\Admin\Model\GoodsModel.class.php 第 758 行.
NOTIC: [2048] Declaration of Admin\Model\GoodsModel::_after_delete() should be compatible with Think\Model::_after_delete($data, $options) D:\www\shop\Application\Admin\Model\GoodsModel.class.php 第 758 行.
SQL: SHOW COLUMNS FROM `yt_goods` [ RunTime:0.005000s ]
NOTIC: [2048] Declaration of Admin\Model\AttrModel::_after_insert() should be compatible with Think\Model::_after_insert($data, $options) D:\www\shop\Application\Admin\Model\AttrModel.class.php 第 163 行.
NOTIC: [2048] Declaration of Admin\Model\AttrModel::_after_update() should be compatible with Think\Model::_after_update($data, $options) D:\www\shop\Application\Admin\Model\AttrModel.class.php 第 163 行.
NOTIC: [2048] Declaration of Admin\Model\AttrModel::_after_delete() should be compatible with Think\Model::_after_delete($data, $options) D:\www\shop\Application\Admin\Model\AttrModel.class.php 第 163 行.
SQL: SHOW COLUMNS FROM `yt_attr` [ RunTime:0.004001s ]
SQL: SELECT `attr_id`,`attr_name`,`optional_list` FROM `yt_attr` WHERE `type_id` = '3' AND `attr_unique` = '可选属性'  [ RunTime:0.001000s ]
SQL: SHOW COLUMNS FROM `yt_goods_stock` [ RunTime:0.005000s ]
SQL: SELECT * FROM `yt_goods_stock` WHERE `goods_id` = '0'  [ RunTime:0.001000s ]
SQL: SELECT `attr_name`,`attr_id` FROM `yt_attr` WHERE `type_id` = 3 AND `attr_unique` = '可选属性'  [ RunTime:0.000000s ]
NOTIC: [2] Invalid argument supplied for foreach() D:\www\shop\Application\Admin\Model\GoodsModel.class.php 第 733 行.
NOTIC: [8] Undefined variable: str D:\www\shop\Application\Admin\Model\GoodsModel.class.php 第 756 行.

[ 2016-07-11T09:12:16+08:00 ] 127.0.0.1 /index.php/Admin/Goods/ajaxGetSimpAttr/tid/3/gid/0
INFO: [ app_begin ] --START--
INFO: Run Behavior\ReadHtmlCacheBehavior [ RunTime:0.001000s ]
INFO: [ app_begin ] --END-- [ RunTime:0.001000s ]
NOTIC: [2048] Declaration of Admin\Model\RoleModel::_after_insert() should be compatible with Think\Model::_after_insert($data, $options) D:\www\shop\Application\Admin\Model\RoleModel.class.php 第 10 行.
NOTIC: [2048] Declaration of Admin\Model\RoleModel::_after_update() should be compatible with Think\Model::_after_update($data, $options) D:\www\shop\Application\Admin\Model\RoleModel.class.php 第 10 行.
NOTIC: [2048] Declaration of Admin\Model\RoleModel::_after_delete() should be compatible with Think\Model::_after_delete($data, $options) D:\www\shop\Application\Admin\Model\RoleModel.class.php 第 10 行.
SQL: SHOW COLUMNS FROM `yt_role` [ RunTime:0.004000s ]
SQL: SELECT `role_auth_ca` FROM `yt_role` WHERE `role_id` = 0 LIMIT 1   [ RunTime:0.001000s ]
NOTIC: [2048] Declaration of Admin\Model\GoodsModel::_after_insert() should be compatible with Think\Model::_after_insert($data, $options) D:\www\shop\Application\Admin\Model\GoodsModel.class.php 第 758 行.
NOTIC: [2048] Declaration of Admin\Model\GoodsModel::_after_update() should be compatible with Think\Model::_after_update($data, $options) D:\www\shop\Application\Admin\Model\GoodsModel.class.php 第 758 行.
NOTIC: [2048] Declaration of Admin\Model\GoodsModel::_after_delete() should be compatible with Think\Model::_after_delete($data, $options) D:\www\shop\Application\Admin\Model\GoodsModel.class.php 第 758 行.
SQL: SHOW COLUMNS FROM `yt_goods` [ RunTime:0.007001s ]
NOTIC: [2048] Declaration of Admin\Model\AttrModel::_after_insert() should be compatible with Think\Model::_after_insert($data, $options) D:\www\shop\Application\Admin\Model\AttrModel.class.php 第 163 行.
NOTIC: [2048] Declaration of Admin\Model\AttrModel::_after_update() should be compatible with Think\Model::_after_update($data, $options) D:\www\shop\Application\Admin\Model\AttrModel.class.php 第 163 行.
NOTIC: [2048] Declaration of Admin\Model\AttrModel::_after_delete() should be compatible with Think\Model::_after_delete($data, $options) D:\www\shop\Application\Admin\Model\AttrModel.class.php 第 163 行.
SQL: SHOW COLUMNS FROM `yt_attr` [ RunTime:0.005000s ]
SQL: SHOW COLUMNS FROM `yt_attr` [ RunTime:0.004000s ]
SQL: SELECT a.attr_id,a.attr_name,a.type_id,a.attr_unique,a.input_method,a.optional_list,b.attr_value FROM yt_attr a LEFT JOIN yt_goods_attr b ON a.attr_id = b.attr_id AND b.goods_id = 0  WHERE a.type_id = '3' AND a.attr_unique = '唯一属性'  [ RunTime:0.001001s ]

[ 2016-07-11T09:12:20+08:00 ] 127.0.0.1 /index.php/Admin/Goods/ajaxGetSimpAttr/tid/1/gid/0
INFO: [ app_begin ] --START--
INFO: Run Behavior\ReadHtmlCacheBehavior [ RunTime:0.000000s ]
INFO: [ app_begin ] --END-- [ RunTime:0.001000s ]
NOTIC: [2048] Declaration of Admin\Model\RoleModel::_after_insert() should be compatible with Think\Model::_after_insert($data, $options) D:\www\shop\Application\Admin\Model\RoleModel.class.php 第 10 行.
NOTIC: [2048] Declaration of Admin\Model\RoleModel::_after_update() should be compatible with Think\Model::_after_update($data, $options) D:\www\shop\Application\Admin\Model\RoleModel.class.php 第 10 行.
NOTIC: [2048] Declaration of Admin\Model\RoleModel::_after_delete() should be compatible with Think\Model::_after_delete($data, $options) D:\www\shop\Application\Admin\Model\RoleModel.class.php 第 10 行.
SQL: SHOW COLUMNS FROM `yt_role` [ RunTime:0.005000s ]
SQL: SELECT `role_auth_ca` FROM `yt_role` WHERE `role_id` = 0 LIMIT 1   [ RunTime:0.001000s ]
NOTIC: [2048] Declaration of Admin\Model\GoodsModel::_after_insert() should be compatible with Think\Model::_after_insert($data, $options) D:\www\shop\Application\Admin\Model\GoodsModel.class.php 第 758 行.
NOTIC: [2048] Declaration of Admin\Model\GoodsModel::_after_update() should be compatible with Think\Model::_after_update($data, $options) D:\www\shop\Application\Admin\Model\GoodsModel.class.php 第 758 行.
NOTIC: [2048] Declaration of Admin\Model\GoodsModel::_after_delete() should be compatible with Think\Model::_after_delete($data, $options) D:\www\shop\Application\Admin\Model\GoodsModel.class.php 第 758 行.
SQL: SHOW COLUMNS FROM `yt_goods` [ RunTime:0.004001s ]
NOTIC: [2048] Declaration of Admin\Model\AttrModel::_after_insert() should be compatible with Think\Model::_after_insert($data, $options) D:\www\shop\Application\Admin\Model\AttrModel.class.php 第 163 行.
NOTIC: [2048] Declaration of Admin\Model\AttrModel::_after_update() should be compatible with Think\Model::_after_update($data, $options) D:\www\shop\Application\Admin\Model\AttrModel.class.php 第 163 行.
NOTIC: [2048] Declaration of Admin\Model\AttrModel::_after_delete() should be compatible with Think\Model::_after_delete($data, $options) D:\www\shop\Application\Admin\Model\AttrModel.class.php 第 163 行.
SQL: SHOW COLUMNS FROM `yt_attr` [ RunTime:0.004000s ]
SQL: SHOW COLUMNS FROM `yt_attr` [ RunTime:0.004000s ]
SQL: SELECT a.attr_id,a.attr_name,a.type_id,a.attr_unique,a.input_method,a.optional_list,b.attr_value FROM yt_attr a LEFT JOIN yt_goods_attr b ON a.attr_id = b.attr_id AND b.goods_id = 0  WHERE a.type_id = '1' AND a.attr_unique = '唯一属性'  [ RunTime:0.001000s ]
NOTIC: [2] Invalid argument supplied for foreach() D:\www\shop\Application\Admin\Model\GoodsModel.class.php 第 681 行.

[ 2016-07-11T09:12:20+08:00 ] 127.0.0.1 /index.php/Admin/Goods/ajaxGetSpecAttr/tid/1/gid/0
INFO: [ app_begin ] --START--
INFO: Run Behavior\ReadHtmlCacheBehavior [ RunTime:0.000000s ]
INFO: [ app_begin ] --END-- [ RunTime:0.001000s ]
NOTIC: [2048] Declaration of Admin\Model\RoleModel::_after_insert() should be compatible with Think\Model::_after_insert($data, $options) D:\www\shop\Application\Admin\Model\RoleModel.class.php 第 10 行.
NOTIC: [2048] Declaration of Admin\Model\RoleModel::_after_update() should be compatible with Think\Model::_after_update($data, $options) D:\www\shop\Application\Admin\Model\RoleModel.class.php 第 10 行.
NOTIC: [2048] Declaration of Admin\Model\RoleModel::_after_delete() should be compatible with Think\Model::_after_delete($data, $options) D:\www\shop\Application\Admin\Model\RoleModel.class.php 第 10 行.
SQL: SHOW COLUMNS FROM `yt_role` [ RunTime:0.004000s ]
SQL: SELECT `role_auth_ca` FROM `yt_role` WHERE `role_id` = 0 LIMIT 1   [ RunTime:0.001000s ]
NOTIC: [2048] Declaration of Admin\Model\GoodsModel::_after_insert() should be compatible with Think\Model::_after_insert($data, $options) D:\www\shop\Application\Admin\Model\GoodsModel.class.php 第 758 行.
NOTIC: [2048] Declaration of Admin\Model\GoodsModel::_after_update() should be compatible with Think\Model::_after_update($data, $options) D:\www\shop\Application\Admin\Model\GoodsModel.class.php 第 758 行.
NOTIC: [2048] Declaration of Admin\Model\GoodsModel::_after_delete() should be compatible with Think\Model::_after_delete($data, $options) D:\www\shop\Application\Admin\Model\GoodsModel.class.php 第 758 行.
SQL: SHOW COLUMNS FROM `yt_goods` [ RunTime:0.004000s ]
NOTIC: [2048] Declaration of Admin\Model\AttrModel::_after_insert() should be compatible with Think\Model::_after_insert($data, $options) D:\www\shop\Application\Admin\Model\AttrModel.class.php 第 163 行.
NOTIC: [2048] Declaration of Admin\Model\AttrModel::_after_update() should be compatible with Think\Model::_after_update($data, $options) D:\www\shop\Application\Admin\Model\AttrModel.class.php 第 163 行.
NOTIC: [2048] Declaration of Admin\Model\AttrModel::_after_delete() should be compatible with Think\Model::_after_delete($data, $options) D:\www\shop\Application\Admin\Model\AttrModel.class.php 第 163 行.
SQL: SHOW COLUMNS FROM `yt_attr` [ RunTime:0.004000s ]
SQL: SELECT `attr_id`,`attr_name`,`optional_list` FROM `yt_attr` WHERE `type_id` = '1' AND `attr_unique` = '可选属性'  [ RunTime:0.000000s ]
SQL: SHOW COLUMNS FROM `yt_goods_stock` [ RunTime:0.004000s ]
SQL: SELECT * FROM `yt_goods_stock` WHERE `goods_id` = '0'  [ RunTime:0.000000s ]
SQL: SELECT `attr_name`,`attr_id` FROM `yt_attr` WHERE `type_id` = 1 AND `attr_unique` = '可选属性'  [ RunTime:0.000000s ]
NOTIC: [2] Invalid argument supplied for foreach() D:\www\shop\Application\Admin\Model\GoodsModel.class.php 第 733 行.
NOTIC: [8] Undefined variable: str D:\www\shop\Application\Admin\Model\GoodsModel.class.php 第 756 行.

[ 2016-07-11T09:12:20+08:00 ] 127.0.0.1 /index.php/Admin/Goods/ajaxGetSimpAttr/tid/1/gid/0
INFO: [ app_begin ] --START--
INFO: Run Behavior\ReadHtmlCacheBehavior [ RunTime:0.001000s ]
INFO: [ app_begin ] --END-- [ RunTime:0.001000s ]
NOTIC: [2048] Declaration of Admin\Model\RoleModel::_after_insert() should be compatible with Think\Model::_after_insert($data, $options) D:\www\shop\Application\Admin\Model\RoleModel.class.php 第 10 行.
NOTIC: [2048] Declaration of Admin\Model\RoleModel::_after_update() should be compatible with Think\Model::_after_update($data, $options) D:\www\shop\Application\Admin\Model\RoleModel.class.php 第 10 行.
NOTIC: [2048] Declaration of Admin\Model\RoleModel::_after_delete() should be compatible with Think\Model::_after_delete($data, $options) D:\www\shop\Application\Admin\Model\RoleModel.class.php 第 10 行.
SQL: SHOW COLUMNS FROM `yt_role` [ RunTime:0.004000s ]
SQL: SELECT `role_auth_ca` FROM `yt_role` WHERE `role_id` = 0 LIMIT 1   [ RunTime:0.001000s ]
NOTIC: [2048] Declaration of Admin\Model\GoodsModel::_after_insert() should be compatible with Think\Model::_after_insert($data, $options) D:\www\shop\Application\Admin\Model\GoodsModel.class.php 第 758 行.
NOTIC: [2048] Declaration of Admin\Model\GoodsModel::_after_update() should be compatible with Think\Model::_after_update($data, $options) D:\www\shop\Application\Admin\Model\GoodsModel.class.php 第 758 行.
NOTIC: [2048] Declaration of Admin\Model\GoodsModel::_after_delete() should be compatible with Think\Model::_after_delete($data, $options) D:\www\shop\Application\Admin\Model\GoodsModel.class.php 第 758 行.
SQL: SHOW COLUMNS FROM `yt_goods` [ RunTime:0.004001s ]
NOTIC: [2048] Declaration of Admin\Model\AttrModel::_after_insert() should be compatible with Think\Model::_after_insert($data, $options) D:\www\shop\Application\Admin\Model\AttrModel.class.php 第 163 行.
NOTIC: [2048] Declaration of Admin\Model\AttrModel::_after_update() should be compatible with Think\Model::_after_update($data, $options) D:\www\shop\Application\Admin\Model\AttrModel.class.php 第 163 行.
NOTIC: [2048] Declaration of Admin\Model\AttrModel::_after_delete() should be compatible with Think\Model::_after_delete($data, $options) D:\www\shop\Application\Admin\Model\AttrModel.class.php 第 163 行.
SQL: SHOW COLUMNS FROM `yt_attr` [ RunTime:0.004000s ]
SQL: SHOW COLUMNS FROM `yt_attr` [ RunTime:0.004000s ]
SQL: SELECT a.attr_id,a.attr_name,a.type_id,a.attr_unique,a.input_method,a.optional_list,b.attr_value FROM yt_attr a LEFT JOIN yt_goods_attr b ON a.attr_id = b.attr_id AND b.goods_id = 0  WHERE a.type_id = '1' AND a.attr_unique = '唯一属性'  [ RunTime:0.001000s ]
NOTIC: [2] Invalid argument supplied for foreach() D:\www\shop\Application\Admin\Model\GoodsModel.class.php 第 681 行.

[ 2016-07-11T09:12:23+08:00 ] 127.0.0.1 /index.php/Admin/Goods/ajaxGetSimpAttr/tid/2/gid/0
INFO: [ app_begin ] --START--
INFO: Run Behavior\ReadHtmlCacheBehavior [ RunTime:0.001000s ]
INFO: [ app_begin ] --END-- [ RunTime:0.001000s ]
NOTIC: [2048] Declaration of Admin\Model\RoleModel::_after_insert() should be compatible with Think\Model::_after_insert($data, $options) D:\www\shop\Application\Admin\Model\RoleModel.class.php 第 10 行.
NOTIC: [2048] Declaration of Admin\Model\RoleModel::_after_update() should be compatible with Think\Model::_after_update($data, $options) D:\www\shop\Application\Admin\Model\RoleModel.class.php 第 10 行.
NOTIC: [2048] Declaration of Admin\Model\RoleModel::_after_delete() should be compatible with Think\Model::_after_delete($data, $options) D:\www\shop\Application\Admin\Model\RoleModel.class.php 第 10 行.
SQL: SHOW COLUMNS FROM `yt_role` [ RunTime:0.006001s ]
SQL: SELECT `role_auth_ca` FROM `yt_role` WHERE `role_id` = 0 LIMIT 1   [ RunTime:0.001000s ]
NOTIC: [2048] Declaration of Admin\Model\GoodsModel::_after_insert() should be compatible with Think\Model::_after_insert($data, $options) D:\www\shop\Application\Admin\Model\GoodsModel.class.php 第 758 行.
NOTIC: [2048] Declaration of Admin\Model\GoodsModel::_after_update() should be compatible with Think\Model::_after_update($data, $options) D:\www\shop\Application\Admin\Model\GoodsModel.class.php 第 758 行.
NOTIC: [2048] Declaration of Admin\Model\GoodsModel::_after_delete() should be compatible with Think\Model::_after_delete($data, $options) D:\www\shop\Application\Admin\Model\GoodsModel.class.php 第 758 行.
SQL: SHOW COLUMNS FROM `yt_goods` [ RunTime:0.005000s ]
NOTIC: [2048] Declaration of Admin\Model\AttrModel::_after_insert() should be compatible with Think\Model::_after_insert($data, $options) D:\www\shop\Application\Admin\Model\AttrModel.class.php 第 163 行.
NOTIC: [2048] Declaration of Admin\Model\AttrModel::_after_update() should be compatible with Think\Model::_after_update($data, $options) D:\www\shop\Application\Admin\Model\AttrModel.class.php 第 163 行.
NOTIC: [2048] Declaration of Admin\Model\AttrModel::_after_delete() should be compatible with Think\Model::_after_delete($data, $options) D:\www\shop\Application\Admin\Model\AttrModel.class.php 第 163 行.
SQL: SHOW COLUMNS FROM `yt_attr` [ RunTime:0.005000s ]
SQL: SHOW COLUMNS FROM `yt_attr` [ RunTime:0.004001s ]
SQL: SELECT a.attr_id,a.attr_name,a.type_id,a.attr_unique,a.input_method,a.optional_list,b.attr_value FROM yt_attr a LEFT JOIN yt_goods_attr b ON a.attr_id = b.attr_id AND b.goods_id = 0  WHERE a.type_id = '2' AND a.attr_unique = '唯一属性'  [ RunTime:0.001000s ]

[ 2016-07-11T09:12:23+08:00 ] 127.0.0.1 /index.php/Admin/Goods/ajaxGetSimpAttr/tid/2/gid/0
INFO: [ app_begin ] --START--
INFO: Run Behavior\ReadHtmlCacheBehavior [ RunTime:0.000000s ]
INFO: [ app_begin ] --END-- [ RunTime:0.001000s ]
NOTIC: [2048] Declaration of Admin\Model\RoleModel::_after_insert() should be compatible with Think\Model::_after_insert($data, $options) D:\www\shop\Application\Admin\Model\RoleModel.class.php 第 10 行.
NOTIC: [2048] Declaration of Admin\Model\RoleModel::_after_update() should be compatible with Think\Model::_after_update($data, $options) D:\www\shop\Application\Admin\Model\RoleModel.class.php 第 10 行.
NOTIC: [2048] Declaration of Admin\Model\RoleModel::_after_delete() should be compatible with Think\Model::_after_delete($data, $options) D:\www\shop\Application\Admin\Model\RoleModel.class.php 第 10 行.
SQL: SHOW COLUMNS FROM `yt_role` [ RunTime:0.004000s ]
SQL: SELECT `role_auth_ca` FROM `yt_role` WHERE `role_id` = 0 LIMIT 1   [ RunTime:0.000000s ]
NOTIC: [2048] Declaration of Admin\Model\GoodsModel::_after_insert() should be compatible with Think\Model::_after_insert($data, $options) D:\www\shop\Application\Admin\Model\GoodsModel.class.php 第 758 行.
NOTIC: [2048] Declaration of Admin\Model\GoodsModel::_after_update() should be compatible with Think\Model::_after_update($data, $options) D:\www\shop\Application\Admin\Model\GoodsModel.class.php 第 758 行.
NOTIC: [2048] Declaration of Admin\Model\GoodsModel::_after_delete() should be compatible with Think\Model::_after_delete($data, $options) D:\www\shop\Application\Admin\Model\GoodsModel.class.php 第 758 行.
SQL: SHOW COLUMNS FROM `yt_goods` [ RunTime:0.004000s ]
NOTIC: [2048] Declaration of Admin\Model\AttrModel::_after_insert() should be compatible with Think\Model::_after_insert($data, $options) D:\www\shop\Application\Admin\Model\AttrModel.class.php 第 163 行.
NOTIC: [2048] Declaration of Admin\Model\AttrModel::_after_update() should be compatible with Think\Model::_after_update($data, $options) D:\www\shop\Application\Admin\Model\AttrModel.class.php 第 163 行.
NOTIC: [2048] Declaration of Admin\Model\AttrModel::_after_delete() should be compatible with Think\Model::_after_delete($data, $options) D:\www\shop\Application\Admin\Model\AttrModel.class.php 第 163 行.
SQL: SHOW COLUMNS FROM `yt_attr` [ RunTime:0.004001s ]
SQL: SHOW COLUMNS FROM `yt_attr` [ RunTime:0.004000s ]
SQL: SELECT a.attr_id,a.attr_name,a.type_id,a.attr_unique,a.input_method,a.optional_list,b.attr_value FROM yt_attr a LEFT JOIN yt_goods_attr b ON a.attr_id = b.attr_id AND b.goods_id = 0  WHERE a.type_id = '2' AND a.attr_unique = '唯一属性'  [ RunTime:0.001000s ]

[ 2016-07-11T09:12:23+08:00 ] 127.0.0.1 /index.php/Admin/Goods/ajaxGetSpecAttr/tid/2/gid/0
INFO: [ app_begin ] --START--
INFO: Run Behavior\ReadHtmlCacheBehavior [ RunTime:0.000000s ]
INFO: [ app_begin ] --END-- [ RunTime:0.001000s ]
NOTIC: [2048] Declaration of Admin\Model\RoleModel::_after_insert() should be compatible with Think\Model::_after_insert($data, $options) D:\www\shop\Application\Admin\Model\RoleModel.class.php 第 10 行.
NOTIC: [2048] Declaration of Admin\Model\RoleModel::_after_update() should be compatible with Think\Model::_after_update($data, $options) D:\www\shop\Application\Admin\Model\RoleModel.class.php 第 10 行.
NOTIC: [2048] Declaration of Admin\Model\RoleModel::_after_delete() should be compatible with Think\Model::_after_delete($data, $options) D:\www\shop\Application\Admin\Model\RoleModel.class.php 第 10 行.
SQL: SHOW COLUMNS FROM `yt_role` [ RunTime:0.003000s ]
SQL: SELECT `role_auth_ca` FROM `yt_role` WHERE `role_id` = 0 LIMIT 1   [ RunTime:0.000000s ]
NOTIC: [2048] Declaration of Admin\Model\GoodsModel::_after_insert() should be compatible with Think\Model::_after_insert($data, $options) D:\www\shop\Application\Admin\Model\GoodsModel.class.php 第 758 行.
NOTIC: [2048] Declaration of Admin\Model\GoodsModel::_after_update() should be compatible with Think\Model::_after_update($data, $options) D:\www\shop\Application\Admin\Model\GoodsModel.class.php 第 758 行.
NOTIC: [2048] Declaration of Admin\Model\GoodsModel::_after_delete() should be compatible with Think\Model::_after_delete($data, $options) D:\www\shop\Application\Admin\Model\GoodsModel.class.php 第 758 行.
SQL: SHOW COLUMNS FROM `yt_goods` [ RunTime:0.004000s ]
NOTIC: [2048] Declaration of Admin\Model\AttrModel::_after_insert() should be compatible with Think\Model::_after_insert($data, $options) D:\www\shop\Application\Admin\Model\AttrModel.class.php 第 163 行.
NOTIC: [2048] Declaration of Admin\Model\AttrModel::_after_update() should be compatible with Think\Model::_after_update($data, $options) D:\www\shop\Application\Admin\Model\AttrModel.class.php 第 163 行.
NOTIC: [2048] Declaration of Admin\Model\AttrModel::_after_delete() should be compatible with Think\Model::_after_delete($data, $options) D:\www\shop\Application\Admin\Model\AttrModel.class.php 第 163 行.
SQL: SHOW COLUMNS FROM `yt_attr` [ RunTime:0.004001s ]
SQL: SELECT `attr_id`,`attr_name`,`optional_list` FROM `yt_attr` WHERE `type_id` = '2' AND `attr_unique` = '可选属性'  [ RunTime:0.000000s ]
SQL: SHOW COLUMNS FROM `yt_goods_stock` [ RunTime:0.004000s ]
SQL: SELECT * FROM `yt_goods_stock` WHERE `goods_id` = '0'  [ RunTime:0.000000s ]
SQL: SELECT `attr_name`,`attr_id` FROM `yt_attr` WHERE `type_id` = 2 AND `attr_unique` = '可选属性'  [ RunTime:0.000000s ]
NOTIC: [8] Undefined variable: str D:\www\shop\Application\Admin\Model\GoodsModel.class.php 第 726 行.
NOTIC: [2] Invalid argument supplied for foreach() D:\www\shop\Application\Admin\Model\GoodsModel.class.php 第 747 行.
NOTIC: [2] Invalid argument supplied for foreach() D:\www\shop\Application\Admin\Model\GoodsModel.class.php 第 747 行.
NOTIC: [2] Invalid argument supplied for foreach() D:\www\shop\Application\Admin\Model\GoodsModel.class.php 第 747 行.
NOTIC: [2] Invalid argument supplied for foreach() D:\www\shop\Application\Admin\Model\GoodsModel.class.php 第 747 行.
NOTIC: [2] Invalid argument supplied for foreach() D:\www\shop\Application\Admin\Model\GoodsModel.class.php 第 747 行.
NOTIC: [2] Invalid argument supplied for foreach() D:\www\shop\Application\Admin\Model\GoodsModel.class.php 第 747 行.
NOTIC: [2] Invalid argument supplied for foreach() D:\www\shop\Application\Admin\Model\GoodsModel.class.php 第 747 行.
NOTIC: [2] Invalid argument supplied for foreach() D:\www\shop\Application\Admin\Model\GoodsModel.class.php 第 747 行.

[ 2016-07-11T09:12:26+08:00 ] 127.0.0.1 /index.php/Admin/Goods/ajaxGetSimpAttr/tid/6/gid/0
INFO: [ app_begin ] --START--
INFO: Run Behavior\ReadHtmlCacheBehavior [ RunTime:0.001000s ]
INFO: [ app_begin ] --END-- [ RunTime:0.002000s ]
NOTIC: [2048] Declaration of Admin\Model\RoleModel::_after_insert() should be compatible with Think\Model::_after_insert($data, $options) D:\www\shop\Application\Admin\Model\RoleModel.class.php 第 10 行.
NOTIC: [2048] Declaration of Admin\Model\RoleModel::_after_update() should be compatible with Think\Model::_after_update($data, $options) D:\www\shop\Application\Admin\Model\RoleModel.class.php 第 10 行.
NOTIC: [2048] Declaration of Admin\Model\RoleModel::_after_delete() should be compatible with Think\Model::_after_delete($data, $options) D:\www\shop\Application\Admin\Model\RoleModel.class.php 第 10 行.
SQL: SHOW COLUMNS FROM `yt_role` [ RunTime:0.004001s ]
SQL: SELECT `role_auth_ca` FROM `yt_role` WHERE `role_id` = 0 LIMIT 1   [ RunTime:0.000000s ]
NOTIC: [2048] Declaration of Admin\Model\GoodsModel::_after_insert() should be compatible with Think\Model::_after_insert($data, $options) D:\www\shop\Application\Admin\Model\GoodsModel.class.php 第 758 行.
NOTIC: [2048] Declaration of Admin\Model\GoodsModel::_after_update() should be compatible with Think\Model::_after_update($data, $options) D:\www\shop\Application\Admin\Model\GoodsModel.class.php 第 758 行.
NOTIC: [2048] Declaration of Admin\Model\GoodsModel::_after_delete() should be compatible with Think\Model::_after_delete($data, $options) D:\www\shop\Application\Admin\Model\GoodsModel.class.php 第 758 行.
SQL: SHOW COLUMNS FROM `yt_goods` [ RunTime:0.004000s ]
NOTIC: [2048] Declaration of Admin\Model\AttrModel::_after_insert() should be compatible with Think\Model::_after_insert($data, $options) D:\www\shop\Application\Admin\Model\AttrModel.class.php 第 163 行.
NOTIC: [2048] Declaration of Admin\Model\AttrModel::_after_update() should be compatible with Think\Model::_after_update($data, $options) D:\www\shop\Application\Admin\Model\AttrModel.class.php 第 163 行.
NOTIC: [2048] Declaration of Admin\Model\AttrModel::_after_delete() should be compatible with Think\Model::_after_delete($data, $options) D:\www\shop\Application\Admin\Model\AttrModel.class.php 第 163 行.
SQL: SHOW COLUMNS FROM `yt_attr` [ RunTime:0.004000s ]
SQL: SHOW COLUMNS FROM `yt_attr` [ RunTime:0.004001s ]
SQL: SELECT a.attr_id,a.attr_name,a.type_id,a.attr_unique,a.input_method,a.optional_list,b.attr_value FROM yt_attr a LEFT JOIN yt_goods_attr b ON a.attr_id = b.attr_id AND b.goods_id = 0  WHERE a.type_id = '6' AND a.attr_unique = '唯一属性'  [ RunTime:0.001000s ]
NOTIC: [2] Invalid argument supplied for foreach() D:\www\shop\Application\Admin\Model\GoodsModel.class.php 第 681 行.

[ 2016-07-11T09:12:26+08:00 ] 127.0.0.1 /index.php/Admin/Goods/ajaxGetSimpAttr/tid/6/gid/0
INFO: [ app_begin ] --START--
INFO: Run Behavior\ReadHtmlCacheBehavior [ RunTime:0.001001s ]
INFO: [ app_begin ] --END-- [ RunTime:0.002001s ]
NOTIC: [2048] Declaration of Admin\Model\RoleModel::_after_insert() should be compatible with Think\Model::_after_insert($data, $options) D:\www\shop\Application\Admin\Model\RoleModel.class.php 第 10 行.
NOTIC: [2048] Declaration of Admin\Model\RoleModel::_after_update() should be compatible with Think\Model::_after_update($data, $options) D:\www\shop\Application\Admin\Model\RoleModel.class.php 第 10 行.
NOTIC: [2048] Declaration of Admin\Model\RoleModel::_after_delete() should be compatible with Think\Model::_after_delete($data, $options) D:\www\shop\Application\Admin\Model\RoleModel.class.php 第 10 行.
SQL: SHOW COLUMNS FROM `yt_role` [ RunTime:0.004001s ]
SQL: SELECT `role_auth_ca` FROM `yt_role` WHERE `role_id` = 0 LIMIT 1   [ RunTime:0.001000s ]
NOTIC: [2048] Declaration of Admin\Model\GoodsModel::_after_insert() should be compatible with Think\Model::_after_insert($data, $options) D:\www\shop\Application\Admin\Model\GoodsModel.class.php 第 758 行.
NOTIC: [2048] Declaration of Admin\Model\GoodsModel::_after_update() should be compatible with Think\Model::_after_update($data, $options) D:\www\shop\Application\Admin\Model\GoodsModel.class.php 第 758 行.
NOTIC: [2048] Declaration of Admin\Model\GoodsModel::_after_delete() should be compatible with Think\Model::_after_delete($data, $options) D:\www\shop\Application\Admin\Model\GoodsModel.class.php 第 758 行.
SQL: SHOW COLUMNS FROM `yt_goods` [ RunTime:0.004000s ]
NOTIC: [2048] Declaration of Admin\Model\AttrModel::_after_insert() should be compatible with Think\Model::_after_insert($data, $options) D:\www\shop\Application\Admin\Model\AttrModel.class.php 第 163 行.
NOTIC: [2048] Declaration of Admin\Model\AttrModel::_after_update() should be compatible with Think\Model::_after_update($data, $options) D:\www\shop\Application\Admin\Model\AttrModel.class.php 第 163 行.
NOTIC: [2048] Declaration of Admin\Model\AttrModel::_after_delete() should be compatible with Think\Model::_after_delete($data, $options) D:\www\shop\Application\Admin\Model\AttrModel.class.php 第 163 行.
SQL: SHOW COLUMNS FROM `yt_attr` [ RunTime:0.004000s ]
SQL: SHOW COLUMNS FROM `yt_attr` [ RunTime:0.004001s ]
SQL: SELECT a.attr_id,a.attr_name,a.type_id,a.attr_unique,a.input_method,a.optional_list,b.attr_value FROM yt_attr a LEFT JOIN yt_goods_attr b ON a.attr_id = b.attr_id AND b.goods_id = 0  WHERE a.type_id = '6' AND a.attr_unique = '唯一属性'  [ RunTime:0.001000s ]
NOTIC: [2] Invalid argument supplied for foreach() D:\www\shop\Application\Admin\Model\GoodsModel.class.php 第 681 行.

[ 2016-07-11T09:12:26+08:00 ] 127.0.0.1 /index.php/Admin/Goods/ajaxGetSpecAttr/tid/6/gid/0
INFO: [ app_begin ] --START--
INFO: Run Behavior\ReadHtmlCacheBehavior [ RunTime:0.000000s ]
INFO: [ app_begin ] --END-- [ RunTime:0.001000s ]
NOTIC: [2048] Declaration of Admin\Model\RoleModel::_after_insert() should be compatible with Think\Model::_after_insert($data, $options) D:\www\shop\Application\Admin\Model\RoleModel.class.php 第 10 行.
NOTIC: [2048] Declaration of Admin\Model\RoleModel::_after_update() should be compatible with Think\Model::_after_update($data, $options) D:\www\shop\Application\Admin\Model\RoleModel.class.php 第 10 行.
NOTIC: [2048] Declaration of Admin\Model\RoleModel::_after_delete() should be compatible with Think\Model::_after_delete($data, $options) D:\www\shop\Application\Admin\Model\RoleModel.class.php 第 10 行.
SQL: SHOW COLUMNS FROM `yt_role` [ RunTime:0.004001s ]
SQL: SELECT `role_auth_ca` FROM `yt_role` WHERE `role_id` = 0 LIMIT 1   [ RunTime:0.001000s ]
NOTIC: [2048] Declaration of Admin\Model\GoodsModel::_after_insert() should be compatible with Think\Model::_after_insert($data, $options) D:\www\shop\Application\Admin\Model\GoodsModel.class.php 第 758 行.
NOTIC: [2048] Declaration of Admin\Model\GoodsModel::_after_update() should be compatible with Think\Model::_after_update($data, $options) D:\www\shop\Application\Admin\Model\GoodsModel.class.php 第 758 行.
NOTIC: [2048] Declaration of Admin\Model\GoodsModel::_after_delete() should be compatible with Think\Model::_after_delete($data, $options) D:\www\shop\Application\Admin\Model\GoodsModel.class.php 第 758 行.
SQL: SHOW COLUMNS FROM `yt_goods` [ RunTime:0.004000s ]
NOTIC: [2048] Declaration of Admin\Model\AttrModel::_after_insert() should be compatible with Think\Model::_after_insert($data, $options) D:\www\shop\Application\Admin\Model\AttrModel.class.php 第 163 行.
NOTIC: [2048] Declaration of Admin\Model\AttrModel::_after_update() should be compatible with Think\Model::_after_update($data, $options) D:\www\shop\Application\Admin\Model\AttrModel.class.php 第 163 行.
NOTIC: [2048] Declaration of Admin\Model\AttrModel::_after_delete() should be compatible with Think\Model::_after_delete($data, $options) D:\www\shop\Application\Admin\Model\AttrModel.class.php 第 163 行.
SQL: SHOW COLUMNS FROM `yt_attr` [ RunTime:0.004000s ]
SQL: SELECT `attr_id`,`attr_name`,`optional_list` FROM `yt_attr` WHERE `type_id` = '6' AND `attr_unique` = '可选属性'  [ RunTime:0.001000s ]
SQL: SHOW COLUMNS FROM `yt_goods_stock` [ RunTime:0.004001s ]
SQL: SELECT * FROM `yt_goods_stock` WHERE `goods_id` = '0'  [ RunTime:0.001000s ]
SQL: SELECT `attr_name`,`attr_id` FROM `yt_attr` WHERE `type_id` = 6 AND `attr_unique` = '可选属性'  [ RunTime:0.000000s ]
NOTIC: [2] Invalid argument supplied for foreach() D:\www\shop\Application\Admin\Model\GoodsModel.class.php 第 733 行.
NOTIC: [8] Undefined variable: str D:\www\shop\Application\Admin\Model\GoodsModel.class.php 第 756 行.

[ 2016-07-11T09:12:31+08:00 ] 127.0.0.1 /index.php/Admin/Goods/ajaxGetSimpAttr/tid/4/gid/0
INFO: [ app_begin ] --START--
INFO: Run Behavior\ReadHtmlCacheBehavior [ RunTime:0.000000s ]
INFO: [ app_begin ] --END-- [ RunTime:0.001001s ]
NOTIC: [2048] Declaration of Admin\Model\RoleModel::_after_insert() should be compatible with Think\Model::_after_insert($data, $options) D:\www\shop\Application\Admin\Model\RoleModel.class.php 第 10 行.
NOTIC: [2048] Declaration of Admin\Model\RoleModel::_after_update() should be compatible with Think\Model::_after_update($data, $options) D:\www\shop\Application\Admin\Model\RoleModel.class.php 第 10 行.
NOTIC: [2048] Declaration of Admin\Model\RoleModel::_after_delete() should be compatible with Think\Model::_after_delete($data, $options) D:\www\shop\Application\Admin\Model\RoleModel.class.php 第 10 行.
SQL: SHOW COLUMNS FROM `yt_role` [ RunTime:0.005001s ]
SQL: SELECT `role_auth_ca` FROM `yt_role` WHERE `role_id` = 0 LIMIT 1   [ RunTime:0.001000s ]
NOTIC: [2048] Declaration of Admin\Model\GoodsModel::_after_insert() should be compatible with Think\Model::_after_insert($data, $options) D:\www\shop\Application\Admin\Model\GoodsModel.class.php 第 758 行.
NOTIC: [2048] Declaration of Admin\Model\GoodsModel::_after_update() should be compatible with Think\Model::_after_update($data, $options) D:\www\shop\Application\Admin\Model\GoodsModel.class.php 第 758 行.
NOTIC: [2048] Declaration of Admin\Model\GoodsModel::_after_delete() should be compatible with Think\Model::_after_delete($data, $options) D:\www\shop\Application\Admin\Model\GoodsModel.class.php 第 758 行.
SQL: SHOW COLUMNS FROM `yt_goods` [ RunTime:0.006000s ]
NOTIC: [2048] Declaration of Admin\Model\AttrModel::_after_insert() should be compatible with Think\Model::_after_insert($data, $options) D:\www\shop\Application\Admin\Model\AttrModel.class.php 第 163 行.
NOTIC: [2048] Declaration of Admin\Model\AttrModel::_after_update() should be compatible with Think\Model::_after_update($data, $options) D:\www\shop\Application\Admin\Model\AttrModel.class.php 第 163 行.
NOTIC: [2048] Declaration of Admin\Model\AttrModel::_after_delete() should be compatible with Think\Model::_after_delete($data, $options) D:\www\shop\Application\Admin\Model\AttrModel.class.php 第 163 行.
SQL: SHOW COLUMNS FROM `yt_attr` [ RunTime:0.005001s ]
SQL: SHOW COLUMNS FROM `yt_attr` [ RunTime:0.006000s ]
SQL: SELECT a.attr_id,a.attr_name,a.type_id,a.attr_unique,a.input_method,a.optional_list,b.attr_value FROM yt_attr a LEFT JOIN yt_goods_attr b ON a.attr_id = b.attr_id AND b.goods_id = 0  WHERE a.type_id = '4' AND a.attr_unique = '唯一属性'  [ RunTime:0.001000s ]

[ 2016-07-11T09:12:31+08:00 ] 127.0.0.1 /index.php/Admin/Goods/ajaxGetSimpAttr/tid/4/gid/0
INFO: [ app_begin ] --START--
INFO: Run Behavior\ReadHtmlCacheBehavior [ RunTime:0.001000s ]
INFO: [ app_begin ] --END-- [ RunTime:0.001000s ]
NOTIC: [2048] Declaration of Admin\Model\RoleModel::_after_insert() should be compatible with Think\Model::_after_insert($data, $options) D:\www\shop\Application\Admin\Model\RoleModel.class.php 第 10 行.
NOTIC: [2048] Declaration of Admin\Model\RoleModel::_after_update() should be compatible with Think\Model::_after_update($data, $options) D:\www\shop\Application\Admin\Model\RoleModel.class.php 第 10 行.
NOTIC: [2048] Declaration of Admin\Model\RoleModel::_after_delete() should be compatible with Think\Model::_after_delete($data, $options) D:\www\shop\Application\Admin\Model\RoleModel.class.php 第 10 行.
SQL: SHOW COLUMNS FROM `yt_role` [ RunTime:0.005000s ]
SQL: SELECT `role_auth_ca` FROM `yt_role` WHERE `role_id` = 0 LIMIT 1   [ RunTime:0.000000s ]
NOTIC: [2048] Declaration of Admin\Model\GoodsModel::_after_insert() should be compatible with Think\Model::_after_insert($data, $options) D:\www\shop\Application\Admin\Model\GoodsModel.class.php 第 758 行.
NOTIC: [2048] Declaration of Admin\Model\GoodsModel::_after_update() should be compatible with Think\Model::_after_update($data, $options) D:\www\shop\Application\Admin\Model\GoodsModel.class.php 第 758 行.
NOTIC: [2048] Declaration of Admin\Model\GoodsModel::_after_delete() should be compatible with Think\Model::_after_delete($data, $options) D:\www\shop\Application\Admin\Model\GoodsModel.class.php 第 758 行.
SQL: SHOW COLUMNS FROM `yt_goods` [ RunTime:0.004000s ]
NOTIC: [2048] Declaration of Admin\Model\AttrModel::_after_insert() should be compatible with Think\Model::_after_insert($data, $options) D:\www\shop\Application\Admin\Model\AttrModel.class.php 第 163 行.
NOTIC: [2048] Declaration of Admin\Model\AttrModel::_after_update() should be compatible with Think\Model::_after_update($data, $options) D:\www\shop\Application\Admin\Model\AttrModel.class.php 第 163 行.
NOTIC: [2048] Declaration of Admin\Model\AttrModel::_after_delete() should be compatible with Think\Model::_after_delete($data, $options) D:\www\shop\Application\Admin\Model\AttrModel.class.php 第 163 行.
SQL: SHOW COLUMNS FROM `yt_attr` [ RunTime:0.005000s ]
SQL: SHOW COLUMNS FROM `yt_attr` [ RunTime:0.004001s ]
SQL: SELECT a.attr_id,a.attr_name,a.type_id,a.attr_unique,a.input_method,a.optional_list,b.attr_value FROM yt_attr a LEFT JOIN yt_goods_attr b ON a.attr_id = b.attr_id AND b.goods_id = 0  WHERE a.type_id = '4' AND a.attr_unique = '唯一属性'  [ RunTime:0.001000s ]

[ 2016-07-11T09:12:31+08:00 ] 127.0.0.1 /index.php/Admin/Goods/ajaxGetSpecAttr/tid/4/gid/0
INFO: [ app_begin ] --START--
INFO: Run Behavior\ReadHtmlCacheBehavior [ RunTime:0.001000s ]
INFO: [ app_begin ] --END-- [ RunTime:0.001000s ]
NOTIC: [2048] Declaration of Admin\Model\RoleModel::_after_insert() should be compatible with Think\Model::_after_insert($data, $options) D:\www\shop\Application\Admin\Model\RoleModel.class.php 第 10 行.
NOTIC: [2048] Declaration of Admin\Model\RoleModel::_after_update() should be compatible with Think\Model::_after_update($data, $options) D:\www\shop\Application\Admin\Model\RoleModel.class.php 第 10 行.
NOTIC: [2048] Declaration of Admin\Model\RoleModel::_after_delete() should be compatible with Think\Model::_after_delete($data, $options) D:\www\shop\Application\Admin\Model\RoleModel.class.php 第 10 行.
SQL: SHOW COLUMNS FROM `yt_role` [ RunTime:0.005001s ]
SQL: SELECT `role_auth_ca` FROM `yt_role` WHERE `role_id` = 0 LIMIT 1   [ RunTime:0.000000s ]
NOTIC: [2048] Declaration of Admin\Model\GoodsModel::_after_insert() should be compatible with Think\Model::_after_insert($data, $options) D:\www\shop\Application\Admin\Model\GoodsModel.class.php 第 758 行.
NOTIC: [2048] Declaration of Admin\Model\GoodsModel::_after_update() should be compatible with Think\Model::_after_update($data, $options) D:\www\shop\Application\Admin\Model\GoodsModel.class.php 第 758 行.
NOTIC: [2048] Declaration of Admin\Model\GoodsModel::_after_delete() should be compatible with Think\Model::_after_delete($data, $options) D:\www\shop\Application\Admin\Model\GoodsModel.class.php 第 758 行.
SQL: SHOW COLUMNS FROM `yt_goods` [ RunTime:0.004000s ]
NOTIC: [2048] Declaration of Admin\Model\AttrModel::_after_insert() should be compatible with Think\Model::_after_insert($data, $options) D:\www\shop\Application\Admin\Model\AttrModel.class.php 第 163 行.
NOTIC: [2048] Declaration of Admin\Model\AttrModel::_after_update() should be compatible with Think\Model::_after_update($data, $options) D:\www\shop\Application\Admin\Model\AttrModel.class.php 第 163 行.
NOTIC: [2048] Declaration of Admin\Model\AttrModel::_after_delete() should be compatible with Think\Model::_after_delete($data, $options) D:\www\shop\Application\Admin\Model\AttrModel.class.php 第 163 行.
SQL: SHOW COLUMNS FROM `yt_attr` [ RunTime:0.005001s ]
SQL: SELECT `attr_id`,`attr_name`,`optional_list` FROM `yt_attr` WHERE `type_id` = '4' AND `attr_unique` = '可选属性'  [ RunTime:0.001000s ]
SQL: SHOW COLUMNS FROM `yt_goods_stock` [ RunTime:0.004000s ]
SQL: SELECT * FROM `yt_goods_stock` WHERE `goods_id` = '0'  [ RunTime:0.000000s ]
SQL: SELECT `attr_name`,`attr_id` FROM `yt_attr` WHERE `type_id` = 4 AND `attr_unique` = '可选属性'  [ RunTime:0.001000s ]
NOTIC: [8] Undefined variable: str D:\www\shop\Application\Admin\Model\GoodsModel.class.php 第 726 行.
NOTIC: [2] Invalid argument supplied for foreach() D:\www\shop\Application\Admin\Model\GoodsModel.class.php 第 747 行.
NOTIC: [2] Invalid argument supplied for foreach() D:\www\shop\Application\Admin\Model\GoodsModel.class.php 第 747 行.
NOTIC: [2] Invalid argument supplied for foreach() D:\www\shop\Application\Admin\Model\GoodsModel.class.php 第 747 行.
NOTIC: [2] Invalid argument supplied for foreach() D:\www\shop\Application\Admin\Model\GoodsModel.class.php 第 747 行.
NOTIC: [2] Invalid argument supplied for foreach() D:\www\shop\Application\Admin\Model\GoodsModel.class.php 第 747 行.
NOTIC: [2] Invalid argument supplied for foreach() D:\www\shop\Application\Admin\Model\GoodsModel.class.php 第 747 行.
NOTIC: [2] Invalid argument supplied for foreach() D:\www\shop\Application\Admin\Model\GoodsModel.class.php 第 747 行.
NOTIC: [2] Invalid argument supplied for foreach() D:\www\shop\Application\Admin\Model\GoodsModel.class.php 第 747 行.
NOTIC: [2] Invalid argument supplied for foreach() D:\www\shop\Application\Admin\Model\GoodsModel.class.php 第 747 行.
NOTIC: [2] Invalid argument supplied for foreach() D:\www\shop\Application\Admin\Model\GoodsModel.class.php 第 747 行.
NOTIC: [2] Invalid argument supplied for foreach() D:\www\shop\Application\Admin\Model\GoodsModel.class.php 第 747 行.
NOTIC: [2] Invalid argument supplied for foreach() D:\www\shop\Application\Admin\Model\GoodsModel.class.php 第 747 行.
NOTIC: [2] Invalid argument supplied for foreach() D:\www\shop\Application\Admin\Model\GoodsModel.class.php 第 747 行.
NOTIC: [2] Invalid argument supplied for foreach() D:\www\shop\Application\Admin\Model\GoodsModel.class.php 第 747 行.
NOTIC: [2] Invalid argument supplied for foreach() D:\www\shop\Application\Admin\Model\GoodsModel.class.php 第 747 行.

[ 2016-07-11T11:42:04+08:00 ] 127.0.0.1 /index.php/Admin/Goods/ajaxGetSimpAttr/tid/4/gid/0
INFO: [ app_begin ] --START--
INFO: Run Behavior\ReadHtmlCacheBehavior [ RunTime:0.000000s ]
INFO: [ app_begin ] --END-- [ RunTime:0.001000s ]
NOTIC: [2048] Declaration of Admin\Model\RoleModel::_after_insert() should be compatible with Think\Model::_after_insert($data, $options) D:\www\shop\Application\Admin\Model\RoleModel.class.php 第 10 行.
NOTIC: [2048] Declaration of Admin\Model\RoleModel::_after_update() should be compatible with Think\Model::_after_update($data, $options) D:\www\shop\Application\Admin\Model\RoleModel.class.php 第 10 行.
NOTIC: [2048] Declaration of Admin\Model\RoleModel::_after_delete() should be compatible with Think\Model::_after_delete($data, $options) D:\www\shop\Application\Admin\Model\RoleModel.class.php 第 10 行.
SQL: SHOW COLUMNS FROM `yt_role` [ RunTime:0.004000s ]
SQL: SELECT `role_auth_ca` FROM `yt_role` WHERE `role_id` = 0 LIMIT 1   [ RunTime:0.011001s ]
NOTIC: [2048] Declaration of Admin\Model\GoodsModel::_after_insert() should be compatible with Think\Model::_after_insert($data, $options) D:\www\shop\Application\Admin\Model\GoodsModel.class.php 第 758 行.
NOTIC: [2048] Declaration of Admin\Model\GoodsModel::_after_update() should be compatible with Think\Model::_after_update($data, $options) D:\www\shop\Application\Admin\Model\GoodsModel.class.php 第 758 行.
NOTIC: [2048] Declaration of Admin\Model\GoodsModel::_after_delete() should be compatible with Think\Model::_after_delete($data, $options) D:\www\shop\Application\Admin\Model\GoodsModel.class.php 第 758 行.
SQL: SHOW COLUMNS FROM `yt_goods` [ RunTime:0.006001s ]
NOTIC: [2048] Declaration of Admin\Model\AttrModel::_after_insert() should be compatible with Think\Model::_after_insert($data, $options) D:\www\shop\Application\Admin\Model\AttrModel.class.php 第 163 行.
NOTIC: [2048] Declaration of Admin\Model\AttrModel::_after_update() should be compatible with Think\Model::_after_update($data, $options) D:\www\shop\Application\Admin\Model\AttrModel.class.php 第 163 行.
NOTIC: [2048] Declaration of Admin\Model\AttrModel::_after_delete() should be compatible with Think\Model::_after_delete($data, $options) D:\www\shop\Application\Admin\Model\AttrModel.class.php 第 163 行.
SQL: SHOW COLUMNS FROM `yt_attr` [ RunTime:0.005000s ]
SQL: SHOW COLUMNS FROM `yt_attr` [ RunTime:0.004000s ]
SQL: SELECT a.attr_id,a.attr_name,a.type_id,a.attr_unique,a.input_method,a.optional_list,b.attr_value FROM yt_attr a LEFT JOIN yt_goods_attr b ON a.attr_id = b.attr_id AND b.goods_id = 0  WHERE a.type_id = '4' AND a.attr_unique = '唯一属性'  [ RunTime:0.001000s ]

[ 2016-07-11T11:42:04+08:00 ] 127.0.0.1 /index.php/Admin/Goods/ajaxGetSimpAttr/tid/4/gid/0
INFO: [ app_begin ] --START--
INFO: Run Behavior\ReadHtmlCacheBehavior [ RunTime:0.000000s ]
INFO: [ app_begin ] --END-- [ RunTime:0.001000s ]
NOTIC: [2048] Declaration of Admin\Model\RoleModel::_after_insert() should be compatible with Think\Model::_after_insert($data, $options) D:\www\shop\Application\Admin\Model\RoleModel.class.php 第 10 行.
NOTIC: [2048] Declaration of Admin\Model\RoleModel::_after_update() should be compatible with Think\Model::_after_update($data, $options) D:\www\shop\Application\Admin\Model\RoleModel.class.php 第 10 行.
NOTIC: [2048] Declaration of Admin\Model\RoleModel::_after_delete() should be compatible with Think\Model::_after_delete($data, $options) D:\www\shop\Application\Admin\Model\RoleModel.class.php 第 10 行.
SQL: SHOW COLUMNS FROM `yt_role` [ RunTime:0.005001s ]
SQL: SELECT `role_auth_ca` FROM `yt_role` WHERE `role_id` = 0 LIMIT 1   [ RunTime:0.000000s ]
NOTIC: [2048] Declaration of Admin\Model\GoodsModel::_after_insert() should be compatible with Think\Model::_after_insert($data, $options) D:\www\shop\Application\Admin\Model\GoodsModel.class.php 第 758 行.
NOTIC: [2048] Declaration of Admin\Model\GoodsModel::_after_update() should be compatible with Think\Model::_after_update($data, $options) D:\www\shop\Application\Admin\Model\GoodsModel.class.php 第 758 行.
NOTIC: [2048] Declaration of Admin\Model\GoodsModel::_after_delete() should be compatible with Think\Model::_after_delete($data, $options) D:\www\shop\Application\Admin\Model\GoodsModel.class.php 第 758 行.
SQL: SHOW COLUMNS FROM `yt_goods` [ RunTime:0.006000s ]
NOTIC: [2048] Declaration of Admin\Model\AttrModel::_after_insert() should be compatible with Think\Model::_after_insert($data, $options) D:\www\shop\Application\Admin\Model\AttrModel.class.php 第 163 行.
NOTIC: [2048] Declaration of Admin\Model\AttrModel::_after_update() should be compatible with Think\Model::_after_update($data, $options) D:\www\shop\Application\Admin\Model\AttrModel.class.php 第 163 行.
NOTIC: [2048] Declaration of Admin\Model\AttrModel::_after_delete() should be compatible with Think\Model::_after_delete($data, $options) D:\www\shop\Application\Admin\Model\AttrModel.class.php 第 163 行.
SQL: SHOW COLUMNS FROM `yt_attr` [ RunTime:0.004001s ]
SQL: SHOW COLUMNS FROM `yt_attr` [ RunTime:0.004000s ]
SQL: SELECT a.attr_id,a.attr_name,a.type_id,a.attr_unique,a.input_method,a.optional_list,b.attr_value FROM yt_attr a LEFT JOIN yt_goods_attr b ON a.attr_id = b.attr_id AND b.goods_id = 0  WHERE a.type_id = '4' AND a.attr_unique = '唯一属性'  [ RunTime:0.001000s ]

[ 2016-07-11T11:42:09+08:00 ] 127.0.0.1 /index.php/Admin/Goods/ajaxGetSpecAttr/tid/4/gid/0
INFO: [ app_begin ] --START--
INFO: Run Behavior\ReadHtmlCacheBehavior [ RunTime:0.002000s ]
INFO: [ app_begin ] --END-- [ RunTime:0.003000s ]
NOTIC: [2048] Declaration of Admin\Model\RoleModel::_after_insert() should be compatible with Think\Model::_after_insert($data, $options) D:\www\shop\Application\Admin\Model\RoleModel.class.php 第 10 行.
NOTIC: [2048] Declaration of Admin\Model\RoleModel::_after_update() should be compatible with Think\Model::_after_update($data, $options) D:\www\shop\Application\Admin\Model\RoleModel.class.php 第 10 行.
NOTIC: [2048] Declaration of Admin\Model\RoleModel::_after_delete() should be compatible with Think\Model::_after_delete($data, $options) D:\www\shop\Application\Admin\Model\RoleModel.class.php 第 10 行.
SQL: SHOW COLUMNS FROM `yt_role` [ RunTime:0.004001s ]
SQL: SELECT `role_auth_ca` FROM `yt_role` WHERE `role_id` = 0 LIMIT 1   [ RunTime:0.000000s ]
NOTIC: [2048] Declaration of Admin\Model\GoodsModel::_after_insert() should be compatible with Think\Model::_after_insert($data, $options) D:\www\shop\Application\Admin\Model\GoodsModel.class.php 第 758 行.
NOTIC: [2048] Declaration of Admin\Model\GoodsModel::_after_update() should be compatible with Think\Model::_after_update($data, $options) D:\www\shop\Application\Admin\Model\GoodsModel.class.php 第 758 行.
NOTIC: [2048] Declaration of Admin\Model\GoodsModel::_after_delete() should be compatible with Think\Model::_after_delete($data, $options) D:\www\shop\Application\Admin\Model\GoodsModel.class.php 第 758 行.
SQL: SHOW COLUMNS FROM `yt_goods` [ RunTime:0.004000s ]
NOTIC: [2048] Declaration of Admin\Model\AttrModel::_after_insert() should be compatible with Think\Model::_after_insert($data, $options) D:\www\shop\Application\Admin\Model\AttrModel.class.php 第 163 行.
NOTIC: [2048] Declaration of Admin\Model\AttrModel::_after_update() should be compatible with Think\Model::_after_update($data, $options) D:\www\shop\Application\Admin\Model\AttrModel.class.php 第 163 行.
NOTIC: [2048] Declaration of Admin\Model\AttrModel::_after_delete() should be compatible with Think\Model::_after_delete($data, $options) D:\www\shop\Application\Admin\Model\AttrModel.class.php 第 163 行.
SQL: SHOW COLUMNS FROM `yt_attr` [ RunTime:0.004000s ]
SQL: SELECT `attr_id`,`attr_name`,`optional_list` FROM `yt_attr` WHERE `type_id` = '4' AND `attr_unique` = '可选属性'  [ RunTime:0.001000s ]
SQL: SHOW COLUMNS FROM `yt_goods_stock` [ RunTime:0.004001s ]
SQL: SELECT * FROM `yt_goods_stock` WHERE `goods_id` = '0'  [ RunTime:0.001000s ]
SQL: SELECT `attr_name`,`attr_id` FROM `yt_attr` WHERE `type_id` = 4 AND `attr_unique` = '可选属性'  [ RunTime:0.001000s ]
NOTIC: [8] Undefined variable: str D:\www\shop\Application\Admin\Model\GoodsModel.class.php 第 726 行.
NOTIC: [2] Invalid argument supplied for foreach() D:\www\shop\Application\Admin\Model\GoodsModel.class.php 第 747 行.
NOTIC: [2] Invalid argument supplied for foreach() D:\www\shop\Application\Admin\Model\GoodsModel.class.php 第 747 行.
NOTIC: [2] Invalid argument supplied for foreach() D:\www\shop\Application\Admin\Model\GoodsModel.class.php 第 747 行.
NOTIC: [2] Invalid argument supplied for foreach() D:\www\shop\Application\Admin\Model\GoodsModel.class.php 第 747 行.
NOTIC: [2] Invalid argument supplied for foreach() D:\www\shop\Application\Admin\Model\GoodsModel.class.php 第 747 行.
NOTIC: [2] Invalid argument supplied for foreach() D:\www\shop\Application\Admin\Model\GoodsModel.class.php 第 747 行.
NOTIC: [2] Invalid argument supplied for foreach() D:\www\shop\Application\Admin\Model\GoodsModel.class.php 第 747 行.
NOTIC: [2] Invalid argument supplied for foreach() D:\www\shop\Application\Admin\Model\GoodsModel.class.php 第 747 行.
NOTIC: [2] Invalid argument supplied for foreach() D:\www\shop\Application\Admin\Model\GoodsModel.class.php 第 747 行.
NOTIC: [2] Invalid argument supplied for foreach() D:\www\shop\Application\Admin\Model\GoodsModel.class.php 第 747 行.
NOTIC: [2] Invalid argument supplied for foreach() D:\www\shop\Application\Admin\Model\GoodsModel.class.php 第 747 行.
NOTIC: [2] Invalid argument supplied for foreach() D:\www\shop\Application\Admin\Model\GoodsModel.class.php 第 747 行.
NOTIC: [2] Invalid argument supplied for foreach() D:\www\shop\Application\Admin\Model\GoodsModel.class.php 第 747 行.
NOTIC: [2] Invalid argument supplied for foreach() D:\www\shop\Application\Admin\Model\GoodsModel.class.php 第 747 行.
NOTIC: [2] Invalid argument supplied for foreach() D:\www\shop\Application\Admin\Model\GoodsModel.class.php 第 747 行.

