[ 2016-09-04T11:44:10+08:00 ] ::1 /shop/admin/index/index
ERR: 无法加载控制器:Index

[ 2016-09-04T11:46:33+08:00 ] ::1 /shop/index.php/Admin/Admin/login
INFO: [ app_begin ] --START--
INFO: Run Behavior\ReadHtmlCacheBehavior [ RunTime:0.004000s ]
INFO: [ app_begin ] --END-- [ RunTime:0.006000s ]
NOTIC: [2048] Declaration of Admin\Model\RoleModel::_after_insert() should be compatible with Think\Model::_after_insert($data, $options) D:\AppServ\www\shop\Application\Admin\Model\RoleModel.class.php 第 10 行.
NOTIC: [2048] Declaration of Admin\Model\RoleModel::_after_update() should be compatible with Think\Model::_after_update($data, $options) D:\AppServ\www\shop\Application\Admin\Model\RoleModel.class.php 第 10 行.
NOTIC: [2048] Declaration of Admin\Model\RoleModel::_after_delete() should be compatible with Think\Model::_after_delete($data, $options) D:\AppServ\www\shop\Application\Admin\Model\RoleModel.class.php 第 10 行.
SQL: SHOW COLUMNS FROM `yt_role` [ RunTime:0.008001s ]
SQL: SELECT `role_auth_ca` FROM `yt_role` LIMIT 1   [ RunTime:0.001000s ]
NOTIC: [2048] Declaration of Admin\Model\AdminModel::_after_insert() should be compatible with Think\Model::_after_insert($data, $options) D:\AppServ\www\shop\Application\Admin\Model\AdminModel.class.php 第 200 行.
NOTIC: [2048] Declaration of Admin\Model\AdminModel::_after_update() should be compatible with Think\Model::_after_update($data, $options) D:\AppServ\www\shop\Application\Admin\Model\AdminModel.class.php 第 200 行.
NOTIC: [2048] Declaration of Admin\Model\AdminModel::_after_delete() should be compatible with Think\Model::_after_delete($data, $options) D:\AppServ\www\shop\Application\Admin\Model\AdminModel.class.php 第 200 行.
SQL: SHOW COLUMNS FROM `yt_admin` [ RunTime:0.008000s ]
SQL: SELECT * FROM `yt_admin` WHERE `admin_username` = 'admin' LIMIT 1   [ RunTime:0.050003s ]
SQL: UPDATE `yt_admin` SET `last_login_time`=1472960793,`last_login_ip`='0.0.0.0' WHERE `admin_id` = '1' [ RunTime:0.098006s ]
INFO: [ app_end ] --START--
INFO: Run Behavior\ShowPageTraceBehavior [ RunTime:0.003000s ]
INFO: [ app_end ] --END-- [ RunTime:0.003000s ]

[ 2016-09-04T16:17:55+08:00 ] 127.0.0.1 /shop/index.php/Admin/Admin/login
INFO: [ app_begin ] --START--
INFO: Run Behavior\ReadHtmlCacheBehavior [ RunTime:0.002000s ]
INFO: [ app_begin ] --END-- [ RunTime:0.006000s ]
NOTIC: [2048] Declaration of Admin\Model\RoleModel::_after_insert() should be compatible with Think\Model::_after_insert($data, $options) D:\AppServ\www\shop\Application\Admin\Model\RoleModel.class.php 第 10 行.
NOTIC: [2048] Declaration of Admin\Model\RoleModel::_after_update() should be compatible with Think\Model::_after_update($data, $options) D:\AppServ\www\shop\Application\Admin\Model\RoleModel.class.php 第 10 行.
NOTIC: [2048] Declaration of Admin\Model\RoleModel::_after_delete() should be compatible with Think\Model::_after_delete($data, $options) D:\AppServ\www\shop\Application\Admin\Model\RoleModel.class.php 第 10 行.
SQL: SHOW COLUMNS FROM `yt_role` [ RunTime:0.011000s ]
SQL: SELECT `role_auth_ca` FROM `yt_role` LIMIT 1   [ RunTime:0.000000s ]
NOTIC: [2048] Declaration of Admin\Model\AdminModel::_after_insert() should be compatible with Think\Model::_after_insert($data, $options) D:\AppServ\www\shop\Application\Admin\Model\AdminModel.class.php 第 200 行.
NOTIC: [2048] Declaration of Admin\Model\AdminModel::_after_update() should be compatible with Think\Model::_after_update($data, $options) D:\AppServ\www\shop\Application\Admin\Model\AdminModel.class.php 第 200 行.
NOTIC: [2048] Declaration of Admin\Model\AdminModel::_after_delete() should be compatible with Think\Model::_after_delete($data, $options) D:\AppServ\www\shop\Application\Admin\Model\AdminModel.class.php 第 200 行.
SQL: SHOW COLUMNS FROM `yt_admin` [ RunTime:0.036002s ]
SQL: SELECT * FROM `yt_admin` WHERE `admin_username` = 'admin' LIMIT 1   [ RunTime:0.002000s ]
INFO: [ app_end ] --START--
INFO: Run Behavior\ShowPageTraceBehavior [ RunTime:0.003000s ]
INFO: [ app_end ] --END-- [ RunTime:0.003000s ]

[ 2016-09-04T16:22:53+08:00 ] 127.0.0.1 /shop/index.php/Admin/Admin/login
INFO: [ app_begin ] --START--
INFO: Run Behavior\ReadHtmlCacheBehavior [ RunTime:0.003000s ]
INFO: [ app_begin ] --END-- [ RunTime:0.005000s ]
NOTIC: [2048] Declaration of Admin\Model\RoleModel::_after_insert() should be compatible with Think\Model::_after_insert($data, $options) D:\AppServ\www\shop\Application\Admin\Model\RoleModel.class.php 第 10 行.
NOTIC: [2048] Declaration of Admin\Model\RoleModel::_after_update() should be compatible with Think\Model::_after_update($data, $options) D:\AppServ\www\shop\Application\Admin\Model\RoleModel.class.php 第 10 行.
NOTIC: [2048] Declaration of Admin\Model\RoleModel::_after_delete() should be compatible with Think\Model::_after_delete($data, $options) D:\AppServ\www\shop\Application\Admin\Model\RoleModel.class.php 第 10 行.
SQL: SHOW COLUMNS FROM `yt_role` [ RunTime:0.008001s ]
SQL: SELECT `role_auth_ca` FROM `yt_role` LIMIT 1   [ RunTime:0.000000s ]
NOTIC: [2048] Declaration of Admin\Model\AdminModel::_after_insert() should be compatible with Think\Model::_after_insert($data, $options) D:\AppServ\www\shop\Application\Admin\Model\AdminModel.class.php 第 200 行.
NOTIC: [2048] Declaration of Admin\Model\AdminModel::_after_update() should be compatible with Think\Model::_after_update($data, $options) D:\AppServ\www\shop\Application\Admin\Model\AdminModel.class.php 第 200 行.
NOTIC: [2048] Declaration of Admin\Model\AdminModel::_after_delete() should be compatible with Think\Model::_after_delete($data, $options) D:\AppServ\www\shop\Application\Admin\Model\AdminModel.class.php 第 200 行.
SQL: SHOW COLUMNS FROM `yt_admin` [ RunTime:0.008001s ]
SQL: SELECT * FROM `yt_admin` WHERE `admin_username` = 'admin' LIMIT 1   [ RunTime:0.001000s ]
SQL: UPDATE `yt_admin` SET `last_login_time`=1472977373,`last_login_ip`='127.0.0.1' WHERE `admin_id` = '1' [ RunTime:0.164009s ]
INFO: [ app_end ] --START--
INFO: Run Behavior\ShowPageTraceBehavior [ RunTime:0.002000s ]
INFO: [ app_end ] --END-- [ RunTime:0.003001s ]

[ 2016-09-04T16:51:57+08:00 ] 127.0.0.1 /shop/index.php/Admin/Web/webInfo.html
ERR: 无法加载控制器:Web

[ 2016-09-04T16:52:03+08:00 ] 127.0.0.1 /shop/index.php/Admin/Web/webMail.html
ERR: 无法加载控制器:Web

[ 2016-09-04T16:52:05+08:00 ] 127.0.0.1 /shop/index.php/Admin/Web/webMess.html
ERR: 无法加载控制器:Web

[ 2016-09-04T16:52:09+08:00 ] 127.0.0.1 /shop/index.php/Admin/Goods/ajaxGoodsList/p/1
INFO: [ app_begin ] --START--
INFO: Run Behavior\ReadHtmlCacheBehavior [ RunTime:0.003000s ]
INFO: [ app_begin ] --END-- [ RunTime:0.005000s ]
NOTIC: [2048] Declaration of Admin\Model\RoleModel::_after_insert() should be compatible with Think\Model::_after_insert($data, $options) D:\AppServ\www\shop\Application\Admin\Model\RoleModel.class.php 第 10 行.
NOTIC: [2048] Declaration of Admin\Model\RoleModel::_after_update() should be compatible with Think\Model::_after_update($data, $options) D:\AppServ\www\shop\Application\Admin\Model\RoleModel.class.php 第 10 行.
NOTIC: [2048] Declaration of Admin\Model\RoleModel::_after_delete() should be compatible with Think\Model::_after_delete($data, $options) D:\AppServ\www\shop\Application\Admin\Model\RoleModel.class.php 第 10 行.
SQL: SHOW COLUMNS FROM `yt_role` [ RunTime:0.002000s ]
SQL: SELECT `role_auth_ca` FROM `yt_role` WHERE `role_id` = 0 LIMIT 1   [ RunTime:0.001000s ]
NOTIC: [2048] Declaration of Admin\Model\GoodsModel::_after_insert() should be compatible with Think\Model::_after_insert($data, $options) D:\AppServ\www\shop\Application\Admin\Model\GoodsModel.class.php 第 1276 行.
NOTIC: [2048] Declaration of Admin\Model\GoodsModel::_after_update() should be compatible with Think\Model::_after_update($data, $options) D:\AppServ\www\shop\Application\Admin\Model\GoodsModel.class.php 第 1276 行.
NOTIC: [2048] Declaration of Admin\Model\GoodsModel::_after_delete() should be compatible with Think\Model::_after_delete($data, $options) D:\AppServ\www\shop\Application\Admin\Model\GoodsModel.class.php 第 1276 行.
SQL: SHOW COLUMNS FROM `yt_goods` [ RunTime:0.004000s ]
NOTIC: [8] Undefined index: is_recommend D:\AppServ\www\shop\Application\Admin\Model\GoodsModel.class.php 第 880 行.
NOTIC: [8] Undefined index: is_best D:\AppServ\www\shop\Application\Admin\Model\GoodsModel.class.php 第 885 行.
NOTIC: [8] Undefined index: is_new D:\AppServ\www\shop\Application\Admin\Model\GoodsModel.class.php 第 889 行.
NOTIC: [8] Undefined index: is_hot D:\AppServ\www\shop\Application\Admin\Model\GoodsModel.class.php 第 893 行.
SQL: SHOW COLUMNS FROM `yt_goods` [ RunTime:0.004000s ]
SQL: SELECT COUNT(*) AS tp_count FROM yt_goods a LIMIT 1   [ RunTime:0.039003s ]
SQL: SHOW COLUMNS FROM `yt_goods` [ RunTime:0.003000s ]
SQL: SELECT a.*,b.brand_name as brand_name,c.cat_name as cat_name,GROUP_CONCAT(e.cat_name SEPARATOR "<br />") as ext_cat_name,f.type_name as type_name FROM yt_goods a LEFT JOIN yt_brand b ON a.goods_brand = b.brand_id LEFT JOIN yt_cat c ON a.goods_cat = c.cat_id LEFT JOIN yt_extend_cat d ON a.goods_id = d.goods_id LEFT JOIN yt_cat e ON e.cat_id = d.ext_cat_id LEFT JOIN yt_type f ON f.type_id = a.goods_type  GROUP BY goods_id ORDER BY goods_id asc LIMIT 0,1   [ RunTime:0.048003s ]
INFO: [ view_parse ] --START--
INFO: [ template_filter ] --START--
INFO: Run Behavior\ContentReplaceBehavior [ RunTime:0.000000s ]
INFO: [ template_filter ] --END-- [ RunTime:0.000000s ]
NOTIC: [8] Use of undefined constant 是 - assumed '是' D:\AppServ\www\shop\Runtime\Cache\Admin\904a25b5eb876e612ef13e8d5a7b0bef.php 第 34 行.
NOTIC: [8] Use of undefined constant 是 - assumed '是' D:\AppServ\www\shop\Runtime\Cache\Admin\904a25b5eb876e612ef13e8d5a7b0bef.php 第 35 行.
NOTIC: [8] Use of undefined constant is_best - assumed 'is_best' D:\AppServ\www\shop\Runtime\Cache\Admin\904a25b5eb876e612ef13e8d5a7b0bef.php 第 36 行.
NOTIC: [8] Use of undefined constant 是 - assumed '是' D:\AppServ\www\shop\Runtime\Cache\Admin\904a25b5eb876e612ef13e8d5a7b0bef.php 第 36 行.
NOTIC: [8] Use of undefined constant is_new - assumed 'is_new' D:\AppServ\www\shop\Runtime\Cache\Admin\904a25b5eb876e612ef13e8d5a7b0bef.php 第 37 行.
NOTIC: [8] Use of undefined constant 是 - assumed '是' D:\AppServ\www\shop\Runtime\Cache\Admin\904a25b5eb876e612ef13e8d5a7b0bef.php 第 37 行.
NOTIC: [8] Use of undefined constant is_hot - assumed 'is_hot' D:\AppServ\www\shop\Runtime\Cache\Admin\904a25b5eb876e612ef13e8d5a7b0bef.php 第 38 行.
NOTIC: [8] Use of undefined constant 是 - assumed '是' D:\AppServ\www\shop\Runtime\Cache\Admin\904a25b5eb876e612ef13e8d5a7b0bef.php 第 38 行.
INFO: Run Behavior\ParseTemplateBehavior [ RunTime:0.065004s ]
INFO: [ view_parse ] --END-- [ RunTime:0.065004s ]
INFO: [ view_filter ] --START--
INFO: Run Behavior\WriteHtmlCacheBehavior [ RunTime:0.002000s ]
INFO: [ view_filter ] --END-- [ RunTime:0.002000s ]
INFO: [ app_end ] --START--
INFO: Run Behavior\ShowPageTraceBehavior [ RunTime:0.003000s ]
INFO: [ app_end ] --END-- [ RunTime:0.003000s ]

[ 2016-09-04T16:52:15+08:00 ] 127.0.0.1 /shop/index.php/Admin/Goods/ajaxGoodsList/p/2
INFO: [ app_begin ] --START--
INFO: Run Behavior\ReadHtmlCacheBehavior [ RunTime:0.002000s ]
INFO: [ app_begin ] --END-- [ RunTime:0.003001s ]
NOTIC: [2048] Declaration of Admin\Model\RoleModel::_after_insert() should be compatible with Think\Model::_after_insert($data, $options) D:\AppServ\www\shop\Application\Admin\Model\RoleModel.class.php 第 10 行.
NOTIC: [2048] Declaration of Admin\Model\RoleModel::_after_update() should be compatible with Think\Model::_after_update($data, $options) D:\AppServ\www\shop\Application\Admin\Model\RoleModel.class.php 第 10 行.
NOTIC: [2048] Declaration of Admin\Model\RoleModel::_after_delete() should be compatible with Think\Model::_after_delete($data, $options) D:\AppServ\www\shop\Application\Admin\Model\RoleModel.class.php 第 10 行.
SQL: SHOW COLUMNS FROM `yt_role` [ RunTime:0.002000s ]
SQL: SELECT `role_auth_ca` FROM `yt_role` WHERE `role_id` = 0 LIMIT 1   [ RunTime:0.000000s ]
NOTIC: [2048] Declaration of Admin\Model\GoodsModel::_after_insert() should be compatible with Think\Model::_after_insert($data, $options) D:\AppServ\www\shop\Application\Admin\Model\GoodsModel.class.php 第 1276 行.
NOTIC: [2048] Declaration of Admin\Model\GoodsModel::_after_update() should be compatible with Think\Model::_after_update($data, $options) D:\AppServ\www\shop\Application\Admin\Model\GoodsModel.class.php 第 1276 行.
NOTIC: [2048] Declaration of Admin\Model\GoodsModel::_after_delete() should be compatible with Think\Model::_after_delete($data, $options) D:\AppServ\www\shop\Application\Admin\Model\GoodsModel.class.php 第 1276 行.
SQL: SHOW COLUMNS FROM `yt_goods` [ RunTime:0.004001s ]
NOTIC: [8] Undefined index: is_recommend D:\AppServ\www\shop\Application\Admin\Model\GoodsModel.class.php 第 880 行.
NOTIC: [8] Undefined index: is_best D:\AppServ\www\shop\Application\Admin\Model\GoodsModel.class.php 第 885 行.
NOTIC: [8] Undefined index: is_new D:\AppServ\www\shop\Application\Admin\Model\GoodsModel.class.php 第 889 行.
NOTIC: [8] Undefined index: is_hot D:\AppServ\www\shop\Application\Admin\Model\GoodsModel.class.php 第 893 行.
SQL: SHOW COLUMNS FROM `yt_goods` [ RunTime:0.004000s ]
SQL: SELECT COUNT(*) AS tp_count FROM yt_goods a LIMIT 1   [ RunTime:0.001000s ]
SQL: SHOW COLUMNS FROM `yt_goods` [ RunTime:0.003000s ]
SQL: SELECT a.*,b.brand_name as brand_name,c.cat_name as cat_name,GROUP_CONCAT(e.cat_name SEPARATOR "<br />") as ext_cat_name,f.type_name as type_name FROM yt_goods a LEFT JOIN yt_brand b ON a.goods_brand = b.brand_id LEFT JOIN yt_cat c ON a.goods_cat = c.cat_id LEFT JOIN yt_extend_cat d ON a.goods_id = d.goods_id LEFT JOIN yt_cat e ON e.cat_id = d.ext_cat_id LEFT JOIN yt_type f ON f.type_id = a.goods_type  GROUP BY goods_id ORDER BY goods_id asc LIMIT 1,1   [ RunTime:0.027001s ]
INFO: [ view_parse ] --START--
INFO: [ template_filter ] --START--
INFO: Run Behavior\ContentReplaceBehavior [ RunTime:0.001000s ]
INFO: [ template_filter ] --END-- [ RunTime:0.001000s ]
NOTIC: [8] Use of undefined constant 是 - assumed '是' D:\AppServ\www\shop\Runtime\Cache\Admin\904a25b5eb876e612ef13e8d5a7b0bef.php 第 34 行.
NOTIC: [8] Use of undefined constant 是 - assumed '是' D:\AppServ\www\shop\Runtime\Cache\Admin\904a25b5eb876e612ef13e8d5a7b0bef.php 第 35 行.
NOTIC: [8] Use of undefined constant is_best - assumed 'is_best' D:\AppServ\www\shop\Runtime\Cache\Admin\904a25b5eb876e612ef13e8d5a7b0bef.php 第 36 行.
NOTIC: [8] Use of undefined constant 是 - assumed '是' D:\AppServ\www\shop\Runtime\Cache\Admin\904a25b5eb876e612ef13e8d5a7b0bef.php 第 36 行.
NOTIC: [8] Use of undefined constant is_new - assumed 'is_new' D:\AppServ\www\shop\Runtime\Cache\Admin\904a25b5eb876e612ef13e8d5a7b0bef.php 第 37 行.
NOTIC: [8] Use of undefined constant 是 - assumed '是' D:\AppServ\www\shop\Runtime\Cache\Admin\904a25b5eb876e612ef13e8d5a7b0bef.php 第 37 行.
NOTIC: [8] Use of undefined constant is_hot - assumed 'is_hot' D:\AppServ\www\shop\Runtime\Cache\Admin\904a25b5eb876e612ef13e8d5a7b0bef.php 第 38 行.
NOTIC: [8] Use of undefined constant 是 - assumed '是' D:\AppServ\www\shop\Runtime\Cache\Admin\904a25b5eb876e612ef13e8d5a7b0bef.php 第 38 行.
INFO: Run Behavior\ParseTemplateBehavior [ RunTime:0.031002s ]
INFO: [ view_parse ] --END-- [ RunTime:0.031002s ]
INFO: [ view_filter ] --START--
INFO: Run Behavior\WriteHtmlCacheBehavior [ RunTime:0.003000s ]
INFO: [ view_filter ] --END-- [ RunTime:0.003000s ]
INFO: [ app_end ] --START--
INFO: Run Behavior\ShowPageTraceBehavior [ RunTime:0.002000s ]
INFO: [ app_end ] --END-- [ RunTime:0.002000s ]

[ 2016-09-04T16:52:22+08:00 ] 127.0.0.1 /shop/index.php/Admin/Goods/ajaxGoodsList/p/3
INFO: [ app_begin ] --START--
INFO: Run Behavior\ReadHtmlCacheBehavior [ RunTime:0.003001s ]
INFO: [ app_begin ] --END-- [ RunTime:0.005001s ]
NOTIC: [2048] Declaration of Admin\Model\RoleModel::_after_insert() should be compatible with Think\Model::_after_insert($data, $options) D:\AppServ\www\shop\Application\Admin\Model\RoleModel.class.php 第 10 行.
NOTIC: [2048] Declaration of Admin\Model\RoleModel::_after_update() should be compatible with Think\Model::_after_update($data, $options) D:\AppServ\www\shop\Application\Admin\Model\RoleModel.class.php 第 10 行.
NOTIC: [2048] Declaration of Admin\Model\RoleModel::_after_delete() should be compatible with Think\Model::_after_delete($data, $options) D:\AppServ\www\shop\Application\Admin\Model\RoleModel.class.php 第 10 行.
SQL: SHOW COLUMNS FROM `yt_role` [ RunTime:0.002000s ]
SQL: SELECT `role_auth_ca` FROM `yt_role` WHERE `role_id` = 0 LIMIT 1   [ RunTime:0.001000s ]
NOTIC: [2048] Declaration of Admin\Model\GoodsModel::_after_insert() should be compatible with Think\Model::_after_insert($data, $options) D:\AppServ\www\shop\Application\Admin\Model\GoodsModel.class.php 第 1276 行.
NOTIC: [2048] Declaration of Admin\Model\GoodsModel::_after_update() should be compatible with Think\Model::_after_update($data, $options) D:\AppServ\www\shop\Application\Admin\Model\GoodsModel.class.php 第 1276 行.
NOTIC: [2048] Declaration of Admin\Model\GoodsModel::_after_delete() should be compatible with Think\Model::_after_delete($data, $options) D:\AppServ\www\shop\Application\Admin\Model\GoodsModel.class.php 第 1276 行.
SQL: SHOW COLUMNS FROM `yt_goods` [ RunTime:0.011001s ]
NOTIC: [8] Undefined index: is_recommend D:\AppServ\www\shop\Application\Admin\Model\GoodsModel.class.php 第 880 行.
NOTIC: [8] Undefined index: is_best D:\AppServ\www\shop\Application\Admin\Model\GoodsModel.class.php 第 885 行.
NOTIC: [8] Undefined index: is_new D:\AppServ\www\shop\Application\Admin\Model\GoodsModel.class.php 第 889 行.
NOTIC: [8] Undefined index: is_hot D:\AppServ\www\shop\Application\Admin\Model\GoodsModel.class.php 第 893 行.
SQL: SHOW COLUMNS FROM `yt_goods` [ RunTime:0.005000s ]
SQL: SELECT COUNT(*) AS tp_count FROM yt_goods a LIMIT 1   [ RunTime:0.001001s ]
SQL: SHOW COLUMNS FROM `yt_goods` [ RunTime:0.005000s ]
SQL: SELECT a.*,b.brand_name as brand_name,c.cat_name as cat_name,GROUP_CONCAT(e.cat_name SEPARATOR "<br />") as ext_cat_name,f.type_name as type_name FROM yt_goods a LEFT JOIN yt_brand b ON a.goods_brand = b.brand_id LEFT JOIN yt_cat c ON a.goods_cat = c.cat_id LEFT JOIN yt_extend_cat d ON a.goods_id = d.goods_id LEFT JOIN yt_cat e ON e.cat_id = d.ext_cat_id LEFT JOIN yt_type f ON f.type_id = a.goods_type  GROUP BY goods_id ORDER BY goods_id asc LIMIT 2,1   [ RunTime:0.028002s ]
INFO: [ view_parse ] --START--
INFO: [ template_filter ] --START--
INFO: Run Behavior\ContentReplaceBehavior [ RunTime:0.000000s ]
INFO: [ template_filter ] --END-- [ RunTime:0.001000s ]
NOTIC: [8] Use of undefined constant 是 - assumed '是' D:\AppServ\www\shop\Runtime\Cache\Admin\904a25b5eb876e612ef13e8d5a7b0bef.php 第 34 行.
NOTIC: [8] Use of undefined constant 是 - assumed '是' D:\AppServ\www\shop\Runtime\Cache\Admin\904a25b5eb876e612ef13e8d5a7b0bef.php 第 35 行.
NOTIC: [8] Use of undefined constant is_best - assumed 'is_best' D:\AppServ\www\shop\Runtime\Cache\Admin\904a25b5eb876e612ef13e8d5a7b0bef.php 第 36 行.
NOTIC: [8] Use of undefined constant 是 - assumed '是' D:\AppServ\www\shop\Runtime\Cache\Admin\904a25b5eb876e612ef13e8d5a7b0bef.php 第 36 行.
NOTIC: [8] Use of undefined constant is_new - assumed 'is_new' D:\AppServ\www\shop\Runtime\Cache\Admin\904a25b5eb876e612ef13e8d5a7b0bef.php 第 37 行.
NOTIC: [8] Use of undefined constant 是 - assumed '是' D:\AppServ\www\shop\Runtime\Cache\Admin\904a25b5eb876e612ef13e8d5a7b0bef.php 第 37 行.
NOTIC: [8] Use of undefined constant is_hot - assumed 'is_hot' D:\AppServ\www\shop\Runtime\Cache\Admin\904a25b5eb876e612ef13e8d5a7b0bef.php 第 38 行.
NOTIC: [8] Use of undefined constant 是 - assumed '是' D:\AppServ\www\shop\Runtime\Cache\Admin\904a25b5eb876e612ef13e8d5a7b0bef.php 第 38 行.
INFO: Run Behavior\ParseTemplateBehavior [ RunTime:0.028002s ]
INFO: [ view_parse ] --END-- [ RunTime:0.030002s ]
INFO: [ view_filter ] --START--
INFO: Run Behavior\WriteHtmlCacheBehavior [ RunTime:0.001000s ]
INFO: [ view_filter ] --END-- [ RunTime:0.001000s ]
INFO: [ app_end ] --START--
INFO: Run Behavior\ShowPageTraceBehavior [ RunTime:0.002000s ]
INFO: [ app_end ] --END-- [ RunTime:0.002000s ]

[ 2016-09-04T16:52:25+08:00 ] 127.0.0.1 /shop/index.php/Admin/Goods/ajaxGoodsList/p/4
INFO: [ app_begin ] --START--
INFO: Run Behavior\ReadHtmlCacheBehavior [ RunTime:0.001000s ]
INFO: [ app_begin ] --END-- [ RunTime:0.003000s ]
NOTIC: [2048] Declaration of Admin\Model\RoleModel::_after_insert() should be compatible with Think\Model::_after_insert($data, $options) D:\AppServ\www\shop\Application\Admin\Model\RoleModel.class.php 第 10 行.
NOTIC: [2048] Declaration of Admin\Model\RoleModel::_after_update() should be compatible with Think\Model::_after_update($data, $options) D:\AppServ\www\shop\Application\Admin\Model\RoleModel.class.php 第 10 行.
NOTIC: [2048] Declaration of Admin\Model\RoleModel::_after_delete() should be compatible with Think\Model::_after_delete($data, $options) D:\AppServ\www\shop\Application\Admin\Model\RoleModel.class.php 第 10 行.
SQL: SHOW COLUMNS FROM `yt_role` [ RunTime:0.002000s ]
SQL: SELECT `role_auth_ca` FROM `yt_role` WHERE `role_id` = 0 LIMIT 1   [ RunTime:0.001000s ]
NOTIC: [2048] Declaration of Admin\Model\GoodsModel::_after_insert() should be compatible with Think\Model::_after_insert($data, $options) D:\AppServ\www\shop\Application\Admin\Model\GoodsModel.class.php 第 1276 行.
NOTIC: [2048] Declaration of Admin\Model\GoodsModel::_after_update() should be compatible with Think\Model::_after_update($data, $options) D:\AppServ\www\shop\Application\Admin\Model\GoodsModel.class.php 第 1276 行.
NOTIC: [2048] Declaration of Admin\Model\GoodsModel::_after_delete() should be compatible with Think\Model::_after_delete($data, $options) D:\AppServ\www\shop\Application\Admin\Model\GoodsModel.class.php 第 1276 行.
SQL: SHOW COLUMNS FROM `yt_goods` [ RunTime:0.004000s ]
NOTIC: [8] Undefined index: is_recommend D:\AppServ\www\shop\Application\Admin\Model\GoodsModel.class.php 第 880 行.
NOTIC: [8] Undefined index: is_best D:\AppServ\www\shop\Application\Admin\Model\GoodsModel.class.php 第 885 行.
NOTIC: [8] Undefined index: is_new D:\AppServ\www\shop\Application\Admin\Model\GoodsModel.class.php 第 889 行.
NOTIC: [8] Undefined index: is_hot D:\AppServ\www\shop\Application\Admin\Model\GoodsModel.class.php 第 893 行.
SQL: SHOW COLUMNS FROM `yt_goods` [ RunTime:0.004000s ]
SQL: SELECT COUNT(*) AS tp_count FROM yt_goods a LIMIT 1   [ RunTime:0.000000s ]
SQL: SHOW COLUMNS FROM `yt_goods` [ RunTime:0.004001s ]
SQL: SELECT a.*,b.brand_name as brand_name,c.cat_name as cat_name,GROUP_CONCAT(e.cat_name SEPARATOR "<br />") as ext_cat_name,f.type_name as type_name FROM yt_goods a LEFT JOIN yt_brand b ON a.goods_brand = b.brand_id LEFT JOIN yt_cat c ON a.goods_cat = c.cat_id LEFT JOIN yt_extend_cat d ON a.goods_id = d.goods_id LEFT JOIN yt_cat e ON e.cat_id = d.ext_cat_id LEFT JOIN yt_type f ON f.type_id = a.goods_type  GROUP BY goods_id ORDER BY goods_id asc LIMIT 3,1   [ RunTime:0.039002s ]
INFO: [ view_parse ] --START--
INFO: [ template_filter ] --START--
INFO: Run Behavior\ContentReplaceBehavior [ RunTime:0.000000s ]
INFO: [ template_filter ] --END-- [ RunTime:0.000000s ]
NOTIC: [8] Use of undefined constant 是 - assumed '是' D:\AppServ\www\shop\Runtime\Cache\Admin\904a25b5eb876e612ef13e8d5a7b0bef.php 第 34 行.
NOTIC: [8] Use of undefined constant 是 - assumed '是' D:\AppServ\www\shop\Runtime\Cache\Admin\904a25b5eb876e612ef13e8d5a7b0bef.php 第 35 行.
NOTIC: [8] Use of undefined constant is_best - assumed 'is_best' D:\AppServ\www\shop\Runtime\Cache\Admin\904a25b5eb876e612ef13e8d5a7b0bef.php 第 36 行.
NOTIC: [8] Use of undefined constant 是 - assumed '是' D:\AppServ\www\shop\Runtime\Cache\Admin\904a25b5eb876e612ef13e8d5a7b0bef.php 第 36 行.
NOTIC: [8] Use of undefined constant is_new - assumed 'is_new' D:\AppServ\www\shop\Runtime\Cache\Admin\904a25b5eb876e612ef13e8d5a7b0bef.php 第 37 行.
NOTIC: [8] Use of undefined constant 是 - assumed '是' D:\AppServ\www\shop\Runtime\Cache\Admin\904a25b5eb876e612ef13e8d5a7b0bef.php 第 37 行.
NOTIC: [8] Use of undefined constant is_hot - assumed 'is_hot' D:\AppServ\www\shop\Runtime\Cache\Admin\904a25b5eb876e612ef13e8d5a7b0bef.php 第 38 行.
NOTIC: [8] Use of undefined constant 是 - assumed '是' D:\AppServ\www\shop\Runtime\Cache\Admin\904a25b5eb876e612ef13e8d5a7b0bef.php 第 38 行.
INFO: Run Behavior\ParseTemplateBehavior [ RunTime:0.026001s ]
INFO: [ view_parse ] --END-- [ RunTime:0.027001s ]
INFO: [ view_filter ] --START--
INFO: Run Behavior\WriteHtmlCacheBehavior [ RunTime:0.001001s ]
INFO: [ view_filter ] --END-- [ RunTime:0.001001s ]
INFO: [ app_end ] --START--
INFO: Run Behavior\ShowPageTraceBehavior [ RunTime:0.001000s ]
INFO: [ app_end ] --END-- [ RunTime:0.002000s ]

[ 2016-09-04T16:52:27+08:00 ] 127.0.0.1 /shop/index.php/Admin/Goods/ajaxGoodsList/p/5
INFO: [ app_begin ] --START--
INFO: Run Behavior\ReadHtmlCacheBehavior [ RunTime:0.002000s ]
INFO: [ app_begin ] --END-- [ RunTime:0.003000s ]
NOTIC: [2048] Declaration of Admin\Model\RoleModel::_after_insert() should be compatible with Think\Model::_after_insert($data, $options) D:\AppServ\www\shop\Application\Admin\Model\RoleModel.class.php 第 10 行.
NOTIC: [2048] Declaration of Admin\Model\RoleModel::_after_update() should be compatible with Think\Model::_after_update($data, $options) D:\AppServ\www\shop\Application\Admin\Model\RoleModel.class.php 第 10 行.
NOTIC: [2048] Declaration of Admin\Model\RoleModel::_after_delete() should be compatible with Think\Model::_after_delete($data, $options) D:\AppServ\www\shop\Application\Admin\Model\RoleModel.class.php 第 10 行.
SQL: SHOW COLUMNS FROM `yt_role` [ RunTime:0.000000s ]
SQL: SELECT `role_auth_ca` FROM `yt_role` WHERE `role_id` = 0 LIMIT 1   [ RunTime:0.000000s ]
NOTIC: [2048] Declaration of Admin\Model\GoodsModel::_after_insert() should be compatible with Think\Model::_after_insert($data, $options) D:\AppServ\www\shop\Application\Admin\Model\GoodsModel.class.php 第 1276 行.
NOTIC: [2048] Declaration of Admin\Model\GoodsModel::_after_update() should be compatible with Think\Model::_after_update($data, $options) D:\AppServ\www\shop\Application\Admin\Model\GoodsModel.class.php 第 1276 行.
NOTIC: [2048] Declaration of Admin\Model\GoodsModel::_after_delete() should be compatible with Think\Model::_after_delete($data, $options) D:\AppServ\www\shop\Application\Admin\Model\GoodsModel.class.php 第 1276 行.
SQL: SHOW COLUMNS FROM `yt_goods` [ RunTime:0.000000s ]
NOTIC: [8] Undefined index: is_recommend D:\AppServ\www\shop\Application\Admin\Model\GoodsModel.class.php 第 880 行.
NOTIC: [8] Undefined index: is_best D:\AppServ\www\shop\Application\Admin\Model\GoodsModel.class.php 第 885 行.
NOTIC: [8] Undefined index: is_new D:\AppServ\www\shop\Application\Admin\Model\GoodsModel.class.php 第 889 行.
NOTIC: [8] Undefined index: is_hot D:\AppServ\www\shop\Application\Admin\Model\GoodsModel.class.php 第 893 行.
SQL: SHOW COLUMNS FROM `yt_goods` [ RunTime:0.000000s ]
SQL: SELECT COUNT(*) AS tp_count FROM yt_goods a LIMIT 1   [ RunTime:0.000000s ]
SQL: SHOW COLUMNS FROM `yt_goods` [ RunTime:0.005000s ]
SQL: SELECT a.*,b.brand_name as brand_name,c.cat_name as cat_name,GROUP_CONCAT(e.cat_name SEPARATOR "<br />") as ext_cat_name,f.type_name as type_name FROM yt_goods a LEFT JOIN yt_brand b ON a.goods_brand = b.brand_id LEFT JOIN yt_cat c ON a.goods_cat = c.cat_id LEFT JOIN yt_extend_cat d ON a.goods_id = d.goods_id LEFT JOIN yt_cat e ON e.cat_id = d.ext_cat_id LEFT JOIN yt_type f ON f.type_id = a.goods_type  GROUP BY goods_id ORDER BY goods_id asc LIMIT 4,1   [ RunTime:0.029002s ]
INFO: [ view_parse ] --START--
INFO: [ template_filter ] --START--
INFO: Run Behavior\ContentReplaceBehavior [ RunTime:0.000000s ]
INFO: [ template_filter ] --END-- [ RunTime:0.000000s ]
NOTIC: [8] Use of undefined constant 是 - assumed '是' D:\AppServ\www\shop\Runtime\Cache\Admin\904a25b5eb876e612ef13e8d5a7b0bef.php 第 34 行.
NOTIC: [8] Use of undefined constant 是 - assumed '是' D:\AppServ\www\shop\Runtime\Cache\Admin\904a25b5eb876e612ef13e8d5a7b0bef.php 第 35 行.
NOTIC: [8] Use of undefined constant is_best - assumed 'is_best' D:\AppServ\www\shop\Runtime\Cache\Admin\904a25b5eb876e612ef13e8d5a7b0bef.php 第 36 行.
NOTIC: [8] Use of undefined constant 是 - assumed '是' D:\AppServ\www\shop\Runtime\Cache\Admin\904a25b5eb876e612ef13e8d5a7b0bef.php 第 36 行.
NOTIC: [8] Use of undefined constant is_new - assumed 'is_new' D:\AppServ\www\shop\Runtime\Cache\Admin\904a25b5eb876e612ef13e8d5a7b0bef.php 第 37 行.
NOTIC: [8] Use of undefined constant 是 - assumed '是' D:\AppServ\www\shop\Runtime\Cache\Admin\904a25b5eb876e612ef13e8d5a7b0bef.php 第 37 行.
NOTIC: [8] Use of undefined constant is_hot - assumed 'is_hot' D:\AppServ\www\shop\Runtime\Cache\Admin\904a25b5eb876e612ef13e8d5a7b0bef.php 第 38 行.
NOTIC: [8] Use of undefined constant 是 - assumed '是' D:\AppServ\www\shop\Runtime\Cache\Admin\904a25b5eb876e612ef13e8d5a7b0bef.php 第 38 行.
INFO: Run Behavior\ParseTemplateBehavior [ RunTime:0.030002s ]
INFO: [ view_parse ] --END-- [ RunTime:0.030002s ]
INFO: [ view_filter ] --START--
INFO: Run Behavior\WriteHtmlCacheBehavior [ RunTime:0.001000s ]
INFO: [ view_filter ] --END-- [ RunTime:0.001000s ]
INFO: [ app_end ] --START--
INFO: Run Behavior\ShowPageTraceBehavior [ RunTime:0.003000s ]
INFO: [ app_end ] --END-- [ RunTime:0.003000s ]

[ 2016-09-04T16:52:45+08:00 ] 127.0.0.1 /shop/index.php/Admin/Goods/ajaxGoodsList/p/1
INFO: [ app_begin ] --START--
INFO: Run Behavior\ReadHtmlCacheBehavior [ RunTime:0.001001s ]
INFO: [ app_begin ] --END-- [ RunTime:0.003001s ]
NOTIC: [2048] Declaration of Admin\Model\RoleModel::_after_insert() should be compatible with Think\Model::_after_insert($data, $options) D:\AppServ\www\shop\Application\Admin\Model\RoleModel.class.php 第 10 行.
NOTIC: [2048] Declaration of Admin\Model\RoleModel::_after_update() should be compatible with Think\Model::_after_update($data, $options) D:\AppServ\www\shop\Application\Admin\Model\RoleModel.class.php 第 10 行.
NOTIC: [2048] Declaration of Admin\Model\RoleModel::_after_delete() should be compatible with Think\Model::_after_delete($data, $options) D:\AppServ\www\shop\Application\Admin\Model\RoleModel.class.php 第 10 行.
SQL: SHOW COLUMNS FROM `yt_role` [ RunTime:0.003000s ]
SQL: SELECT `role_auth_ca` FROM `yt_role` WHERE `role_id` = 0 LIMIT 1   [ RunTime:0.001001s ]
NOTIC: [2048] Declaration of Admin\Model\GoodsModel::_after_insert() should be compatible with Think\Model::_after_insert($data, $options) D:\AppServ\www\shop\Application\Admin\Model\GoodsModel.class.php 第 1276 行.
NOTIC: [2048] Declaration of Admin\Model\GoodsModel::_after_update() should be compatible with Think\Model::_after_update($data, $options) D:\AppServ\www\shop\Application\Admin\Model\GoodsModel.class.php 第 1276 行.
NOTIC: [2048] Declaration of Admin\Model\GoodsModel::_after_delete() should be compatible with Think\Model::_after_delete($data, $options) D:\AppServ\www\shop\Application\Admin\Model\GoodsModel.class.php 第 1276 行.
SQL: SHOW COLUMNS FROM `yt_goods` [ RunTime:0.004000s ]
NOTIC: [8] Undefined index: is_recommend D:\AppServ\www\shop\Application\Admin\Model\GoodsModel.class.php 第 880 行.
NOTIC: [8] Undefined index: is_best D:\AppServ\www\shop\Application\Admin\Model\GoodsModel.class.php 第 885 行.
NOTIC: [8] Undefined index: is_new D:\AppServ\www\shop\Application\Admin\Model\GoodsModel.class.php 第 889 行.
NOTIC: [8] Undefined index: is_hot D:\AppServ\www\shop\Application\Admin\Model\GoodsModel.class.php 第 893 行.
SQL: SHOW COLUMNS FROM `yt_goods` [ RunTime:0.005001s ]
SQL: SELECT COUNT(*) AS tp_count FROM yt_goods a LIMIT 1   [ RunTime:0.002000s ]
SQL: SHOW COLUMNS FROM `yt_goods` [ RunTime:0.005000s ]
SQL: SELECT a.*,b.brand_name as brand_name,c.cat_name as cat_name,GROUP_CONCAT(e.cat_name SEPARATOR "<br />") as ext_cat_name,f.type_name as type_name FROM yt_goods a LEFT JOIN yt_brand b ON a.goods_brand = b.brand_id LEFT JOIN yt_cat c ON a.goods_cat = c.cat_id LEFT JOIN yt_extend_cat d ON a.goods_id = d.goods_id LEFT JOIN yt_cat e ON e.cat_id = d.ext_cat_id LEFT JOIN yt_type f ON f.type_id = a.goods_type  GROUP BY goods_id ORDER BY goods_id asc LIMIT 0,1   [ RunTime:0.033002s ]
INFO: [ view_parse ] --START--
INFO: [ template_filter ] --START--
INFO: Run Behavior\ContentReplaceBehavior [ RunTime:0.000000s ]
INFO: [ template_filter ] --END-- [ RunTime:0.001001s ]
NOTIC: [8] Use of undefined constant 是 - assumed '是' D:\AppServ\www\shop\Runtime\Cache\Admin\904a25b5eb876e612ef13e8d5a7b0bef.php 第 34 行.
NOTIC: [8] Use of undefined constant 是 - assumed '是' D:\AppServ\www\shop\Runtime\Cache\Admin\904a25b5eb876e612ef13e8d5a7b0bef.php 第 35 行.
NOTIC: [8] Use of undefined constant is_best - assumed 'is_best' D:\AppServ\www\shop\Runtime\Cache\Admin\904a25b5eb876e612ef13e8d5a7b0bef.php 第 36 行.
NOTIC: [8] Use of undefined constant 是 - assumed '是' D:\AppServ\www\shop\Runtime\Cache\Admin\904a25b5eb876e612ef13e8d5a7b0bef.php 第 36 行.
NOTIC: [8] Use of undefined constant is_new - assumed 'is_new' D:\AppServ\www\shop\Runtime\Cache\Admin\904a25b5eb876e612ef13e8d5a7b0bef.php 第 37 行.
NOTIC: [8] Use of undefined constant 是 - assumed '是' D:\AppServ\www\shop\Runtime\Cache\Admin\904a25b5eb876e612ef13e8d5a7b0bef.php 第 37 行.
NOTIC: [8] Use of undefined constant is_hot - assumed 'is_hot' D:\AppServ\www\shop\Runtime\Cache\Admin\904a25b5eb876e612ef13e8d5a7b0bef.php 第 38 行.
NOTIC: [8] Use of undefined constant 是 - assumed '是' D:\AppServ\www\shop\Runtime\Cache\Admin\904a25b5eb876e612ef13e8d5a7b0bef.php 第 38 行.
INFO: Run Behavior\ParseTemplateBehavior [ RunTime:0.026002s ]
INFO: [ view_parse ] --END-- [ RunTime:0.026002s ]
INFO: [ view_filter ] --START--
INFO: Run Behavior\WriteHtmlCacheBehavior [ RunTime:0.001000s ]
INFO: [ view_filter ] --END-- [ RunTime:0.001000s ]
INFO: [ app_end ] --START--
INFO: Run Behavior\ShowPageTraceBehavior [ RunTime:0.002000s ]
INFO: [ app_end ] --END-- [ RunTime:0.002000s ]

[ 2016-09-04T20:50:45+08:00 ] 127.0.0.1 /shop/index.php/Admin/Goods/ajaxGoodsList/p/1
INFO: [ app_begin ] --START--
INFO: Run Behavior\ReadHtmlCacheBehavior [ RunTime:0.001001s ]
INFO: [ app_begin ] --END-- [ RunTime:0.003001s ]
NOTIC: [2048] Declaration of Admin\Model\RoleModel::_after_insert() should be compatible with Think\Model::_after_insert($data, $options) D:\AppServ\www\shop\Application\Admin\Model\RoleModel.class.php 第 10 行.
NOTIC: [2048] Declaration of Admin\Model\RoleModel::_after_update() should be compatible with Think\Model::_after_update($data, $options) D:\AppServ\www\shop\Application\Admin\Model\RoleModel.class.php 第 10 行.
NOTIC: [2048] Declaration of Admin\Model\RoleModel::_after_delete() should be compatible with Think\Model::_after_delete($data, $options) D:\AppServ\www\shop\Application\Admin\Model\RoleModel.class.php 第 10 行.
SQL: SHOW COLUMNS FROM `yt_role` [ RunTime:0.003000s ]
SQL: SELECT `role_auth_ca` FROM `yt_role` WHERE `role_id` = 0 LIMIT 1   [ RunTime:0.001000s ]
NOTIC: [2048] Declaration of Admin\Model\GoodsModel::_after_insert() should be compatible with Think\Model::_after_insert($data, $options) D:\AppServ\www\shop\Application\Admin\Model\GoodsModel.class.php 第 1276 行.
NOTIC: [2048] Declaration of Admin\Model\GoodsModel::_after_update() should be compatible with Think\Model::_after_update($data, $options) D:\AppServ\www\shop\Application\Admin\Model\GoodsModel.class.php 第 1276 行.
NOTIC: [2048] Declaration of Admin\Model\GoodsModel::_after_delete() should be compatible with Think\Model::_after_delete($data, $options) D:\AppServ\www\shop\Application\Admin\Model\GoodsModel.class.php 第 1276 行.
SQL: SHOW COLUMNS FROM `yt_goods` [ RunTime:0.003001s ]
NOTIC: [8] Undefined index: is_recommend D:\AppServ\www\shop\Application\Admin\Model\GoodsModel.class.php 第 880 行.
NOTIC: [8] Undefined index: is_best D:\AppServ\www\shop\Application\Admin\Model\GoodsModel.class.php 第 885 行.
NOTIC: [8] Undefined index: is_new D:\AppServ\www\shop\Application\Admin\Model\GoodsModel.class.php 第 889 行.
NOTIC: [8] Undefined index: is_hot D:\AppServ\www\shop\Application\Admin\Model\GoodsModel.class.php 第 893 行.
SQL: SHOW COLUMNS FROM `yt_goods` [ RunTime:0.004000s ]
SQL: SELECT COUNT(*) AS tp_count FROM yt_goods a LIMIT 1   [ RunTime:0.000000s ]
SQL: SHOW COLUMNS FROM `yt_goods` [ RunTime:0.003000s ]
SQL: SELECT a.*,b.brand_name as brand_name,c.cat_name as cat_name,GROUP_CONCAT(e.cat_name SEPARATOR "<br />") as ext_cat_name,f.type_name as type_name FROM yt_goods a LEFT JOIN yt_brand b ON a.goods_brand = b.brand_id LEFT JOIN yt_cat c ON a.goods_cat = c.cat_id LEFT JOIN yt_extend_cat d ON a.goods_id = d.goods_id LEFT JOIN yt_cat e ON e.cat_id = d.ext_cat_id LEFT JOIN yt_type f ON f.type_id = a.goods_type  GROUP BY goods_id ORDER BY goods_id asc LIMIT 0,1   [ RunTime:0.002000s ]
INFO: [ view_parse ] --START--
INFO: [ template_filter ] --START--
INFO: Run Behavior\ContentReplaceBehavior [ RunTime:0.001000s ]
INFO: [ template_filter ] --END-- [ RunTime:0.001000s ]
NOTIC: [8] Use of undefined constant 是 - assumed '是' D:\AppServ\www\shop\Runtime\Cache\Admin\904a25b5eb876e612ef13e8d5a7b0bef.php 第 34 行.
NOTIC: [8] Use of undefined constant 是 - assumed '是' D:\AppServ\www\shop\Runtime\Cache\Admin\904a25b5eb876e612ef13e8d5a7b0bef.php 第 35 行.
NOTIC: [8] Use of undefined constant is_best - assumed 'is_best' D:\AppServ\www\shop\Runtime\Cache\Admin\904a25b5eb876e612ef13e8d5a7b0bef.php 第 36 行.
NOTIC: [8] Use of undefined constant 是 - assumed '是' D:\AppServ\www\shop\Runtime\Cache\Admin\904a25b5eb876e612ef13e8d5a7b0bef.php 第 36 行.
NOTIC: [8] Use of undefined constant is_new - assumed 'is_new' D:\AppServ\www\shop\Runtime\Cache\Admin\904a25b5eb876e612ef13e8d5a7b0bef.php 第 37 行.
NOTIC: [8] Use of undefined constant 是 - assumed '是' D:\AppServ\www\shop\Runtime\Cache\Admin\904a25b5eb876e612ef13e8d5a7b0bef.php 第 37 行.
NOTIC: [8] Use of undefined constant is_hot - assumed 'is_hot' D:\AppServ\www\shop\Runtime\Cache\Admin\904a25b5eb876e612ef13e8d5a7b0bef.php 第 38 行.
NOTIC: [8] Use of undefined constant 是 - assumed '是' D:\AppServ\www\shop\Runtime\Cache\Admin\904a25b5eb876e612ef13e8d5a7b0bef.php 第 38 行.
INFO: Run Behavior\ParseTemplateBehavior [ RunTime:0.035002s ]
INFO: [ view_parse ] --END-- [ RunTime:0.035002s ]
INFO: [ view_filter ] --START--
INFO: Run Behavior\WriteHtmlCacheBehavior [ RunTime:0.001000s ]
INFO: [ view_filter ] --END-- [ RunTime:0.001000s ]
INFO: [ app_end ] --START--
INFO: Run Behavior\ShowPageTraceBehavior [ RunTime:0.002000s ]
INFO: [ app_end ] --END-- [ RunTime:0.002000s ]

