[ 2016-08-09T09:27:35+08:00 ] 127.0.0.1 /index.php/Admin/Admin/login
INFO: [ app_begin ] --START--
INFO: Run Behavior\ReadHtmlCacheBehavior [ RunTime:0.001000s ]
INFO: [ app_begin ] --END-- [ RunTime:0.002000s ]
NOTIC: [2048] Declaration of Admin\Model\RoleModel::_after_insert() should be compatible with Think\Model::_after_insert($data, $options) D:\www\shop\Application\Admin\Model\RoleModel.class.php 第 10 行.
NOTIC: [2048] Declaration of Admin\Model\RoleModel::_after_update() should be compatible with Think\Model::_after_update($data, $options) D:\www\shop\Application\Admin\Model\RoleModel.class.php 第 10 行.
NOTIC: [2048] Declaration of Admin\Model\RoleModel::_after_delete() should be compatible with Think\Model::_after_delete($data, $options) D:\www\shop\Application\Admin\Model\RoleModel.class.php 第 10 行.
SQL: SHOW COLUMNS FROM `yt_role` [ RunTime:0.004000s ]
SQL: SELECT `role_auth_ca` FROM `yt_role` LIMIT 1   [ RunTime:0.001000s ]
NOTIC: [2048] Declaration of Admin\Model\AdminModel::_after_insert() should be compatible with Think\Model::_after_insert($data, $options) D:\www\shop\Application\Admin\Model\AdminModel.class.php 第 200 行.
NOTIC: [2048] Declaration of Admin\Model\AdminModel::_after_update() should be compatible with Think\Model::_after_update($data, $options) D:\www\shop\Application\Admin\Model\AdminModel.class.php 第 200 行.
NOTIC: [2048] Declaration of Admin\Model\AdminModel::_after_delete() should be compatible with Think\Model::_after_delete($data, $options) D:\www\shop\Application\Admin\Model\AdminModel.class.php 第 200 行.
SQL: SHOW COLUMNS FROM `yt_admin` [ RunTime:0.004001s ]
SQL: SELECT * FROM `yt_admin` WHERE `admin_username` = 'admin' LIMIT 1   [ RunTime:0.002000s ]
SQL: UPDATE `yt_admin` SET `last_login_time`=1470706055,`last_login_ip`='127.0.0.1' WHERE `admin_id` = '1' [ RunTime:0.003000s ]
INFO: [ app_end ] --START--
INFO: Run Behavior\ShowPageTraceBehavior [ RunTime:0.001000s ]
INFO: [ app_end ] --END-- [ RunTime:0.001000s ]

[ 2016-08-09T09:27:50+08:00 ] 127.0.0.1 /index.php/Admin/User/userComment.html
ERR: 非法操作:userComment

[ 2016-08-09T09:27:57+08:00 ] 127.0.0.1 /index.php/Admin/Order/orderMessage.html
ERR: 无法加载控制器:Order

[ 2016-08-09T09:28:04+08:00 ] 127.0.0.1 /index.php/Admin/Order/orderMessage.html
ERR: 无法加载控制器:Order

[ 2016-08-09T14:13:51+08:00 ] 127.0.0.1 /index.php/Admin/Admin/login
INFO: [ app_begin ] --START--
INFO: Run Behavior\ReadHtmlCacheBehavior [ RunTime:0.002000s ]
INFO: [ app_begin ] --END-- [ RunTime:0.002000s ]
NOTIC: [2048] Declaration of Admin\Model\RoleModel::_after_insert() should be compatible with Think\Model::_after_insert($data, $options) D:\www\shop\Application\Admin\Model\RoleModel.class.php 第 10 行.
NOTIC: [2048] Declaration of Admin\Model\RoleModel::_after_update() should be compatible with Think\Model::_after_update($data, $options) D:\www\shop\Application\Admin\Model\RoleModel.class.php 第 10 行.
NOTIC: [2048] Declaration of Admin\Model\RoleModel::_after_delete() should be compatible with Think\Model::_after_delete($data, $options) D:\www\shop\Application\Admin\Model\RoleModel.class.php 第 10 行.
SQL: SHOW COLUMNS FROM `yt_role` [ RunTime:0.004000s ]
SQL: SELECT `role_auth_ca` FROM `yt_role` LIMIT 1   [ RunTime:0.000000s ]
INFO: [ app_end ] --START--
INFO: Run Behavior\ShowPageTraceBehavior [ RunTime:0.001000s ]
INFO: [ app_end ] --END-- [ RunTime:0.001000s ]

[ 2016-08-09T14:13:55+08:00 ] 127.0.0.1 /index.php/Admin/Admin/login
INFO: [ app_begin ] --START--
INFO: Run Behavior\ReadHtmlCacheBehavior [ RunTime:0.002000s ]
INFO: [ app_begin ] --END-- [ RunTime:0.003000s ]
NOTIC: [2048] Declaration of Admin\Model\RoleModel::_after_insert() should be compatible with Think\Model::_after_insert($data, $options) D:\www\shop\Application\Admin\Model\RoleModel.class.php 第 10 行.
NOTIC: [2048] Declaration of Admin\Model\RoleModel::_after_update() should be compatible with Think\Model::_after_update($data, $options) D:\www\shop\Application\Admin\Model\RoleModel.class.php 第 10 行.
NOTIC: [2048] Declaration of Admin\Model\RoleModel::_after_delete() should be compatible with Think\Model::_after_delete($data, $options) D:\www\shop\Application\Admin\Model\RoleModel.class.php 第 10 行.
SQL: SHOW COLUMNS FROM `yt_role` [ RunTime:0.004000s ]
SQL: SELECT `role_auth_ca` FROM `yt_role` LIMIT 1   [ RunTime:0.001001s ]
NOTIC: [2048] Declaration of Admin\Model\AdminModel::_after_insert() should be compatible with Think\Model::_after_insert($data, $options) D:\www\shop\Application\Admin\Model\AdminModel.class.php 第 200 行.
NOTIC: [2048] Declaration of Admin\Model\AdminModel::_after_update() should be compatible with Think\Model::_after_update($data, $options) D:\www\shop\Application\Admin\Model\AdminModel.class.php 第 200 行.
NOTIC: [2048] Declaration of Admin\Model\AdminModel::_after_delete() should be compatible with Think\Model::_after_delete($data, $options) D:\www\shop\Application\Admin\Model\AdminModel.class.php 第 200 行.
SQL: SHOW COLUMNS FROM `yt_admin` [ RunTime:0.008000s ]
SQL: SELECT * FROM `yt_admin` WHERE `admin_username` = 'admin' LIMIT 1   [ RunTime:0.002000s ]
SQL: UPDATE `yt_admin` SET `last_login_time`=1470723235,`last_login_ip`='127.0.0.1' WHERE `admin_id` = '1' [ RunTime:0.003000s ]
INFO: [ app_end ] --START--
INFO: Run Behavior\ShowPageTraceBehavior [ RunTime:0.002001s ]
INFO: [ app_end ] --END-- [ RunTime:0.002001s ]

[ 2016-08-09T14:52:38+08:00 ] 127.0.0.1 /index.php/Admin/Goods/ajaxGoodsList/p/1
INFO: [ app_begin ] --START--
INFO: Run Behavior\ReadHtmlCacheBehavior [ RunTime:0.001000s ]
INFO: [ app_begin ] --END-- [ RunTime:0.001000s ]
NOTIC: [2048] Declaration of Admin\Model\RoleModel::_after_insert() should be compatible with Think\Model::_after_insert($data, $options) D:\www\shop\Application\Admin\Model\RoleModel.class.php 第 10 行.
NOTIC: [2048] Declaration of Admin\Model\RoleModel::_after_update() should be compatible with Think\Model::_after_update($data, $options) D:\www\shop\Application\Admin\Model\RoleModel.class.php 第 10 行.
NOTIC: [2048] Declaration of Admin\Model\RoleModel::_after_delete() should be compatible with Think\Model::_after_delete($data, $options) D:\www\shop\Application\Admin\Model\RoleModel.class.php 第 10 行.
SQL: SHOW COLUMNS FROM `yt_role` [ RunTime:0.004000s ]
SQL: SELECT `role_auth_ca` FROM `yt_role` WHERE `role_id` = 0 LIMIT 1   [ RunTime:0.000000s ]
NOTIC: [2048] Declaration of Admin\Model\GoodsModel::_after_insert() should be compatible with Think\Model::_after_insert($data, $options) D:\www\shop\Application\Admin\Model\GoodsModel.class.php 第 1267 行.
NOTIC: [2048] Declaration of Admin\Model\GoodsModel::_after_update() should be compatible with Think\Model::_after_update($data, $options) D:\www\shop\Application\Admin\Model\GoodsModel.class.php 第 1267 行.
NOTIC: [2048] Declaration of Admin\Model\GoodsModel::_after_delete() should be compatible with Think\Model::_after_delete($data, $options) D:\www\shop\Application\Admin\Model\GoodsModel.class.php 第 1267 行.
SQL: SHOW COLUMNS FROM `yt_goods` [ RunTime:0.006001s ]
NOTIC: [8] Undefined index: is_recommend D:\www\shop\Application\Admin\Model\GoodsModel.class.php 第 871 行.
NOTIC: [8] Undefined index: is_best D:\www\shop\Application\Admin\Model\GoodsModel.class.php 第 876 行.
NOTIC: [8] Undefined index: is_new D:\www\shop\Application\Admin\Model\GoodsModel.class.php 第 880 行.
NOTIC: [8] Undefined index: is_hot D:\www\shop\Application\Admin\Model\GoodsModel.class.php 第 884 行.
SQL: SHOW COLUMNS FROM `yt_goods` [ RunTime:0.005000s ]
SQL: SELECT COUNT(*) AS tp_count FROM yt_goods a LIMIT 1   [ RunTime:0.000000s ]
SQL: SHOW COLUMNS FROM `yt_goods` [ RunTime:0.005000s ]
SQL: SELECT a.*,b.brand_name as brand_name,c.cat_name as cat_name,GROUP_CONCAT(e.cat_name SEPARATOR "<br />") as ext_cat_name,f.type_name as type_name FROM yt_goods a LEFT JOIN yt_brand b ON a.goods_brand = b.brand_id LEFT JOIN yt_cat c ON a.goods_cat = c.cat_id LEFT JOIN yt_extend_cat d ON a.goods_id = d.goods_id LEFT JOIN yt_cat e ON e.cat_id = d.ext_cat_id LEFT JOIN yt_type f ON f.type_id = a.goods_type  GROUP BY goods_id ORDER BY goods_id asc LIMIT 0,1   [ RunTime:0.002000s ]
INFO: [ view_parse ] --START--
INFO: [ template_filter ] --START--
INFO: Run Behavior\ContentReplaceBehavior [ RunTime:0.000000s ]
INFO: [ template_filter ] --END-- [ RunTime:0.001000s ]
NOTIC: [8] Use of undefined constant 是 - assumed '是' D:\www\shop\Runtime\Cache\Admin\904a25b5eb876e612ef13e8d5a7b0bef.php 第 34 行.
NOTIC: [8] Use of undefined constant 是 - assumed '是' D:\www\shop\Runtime\Cache\Admin\904a25b5eb876e612ef13e8d5a7b0bef.php 第 35 行.
NOTIC: [8] Use of undefined constant is_best - assumed 'is_best' D:\www\shop\Runtime\Cache\Admin\904a25b5eb876e612ef13e8d5a7b0bef.php 第 36 行.
NOTIC: [8] Use of undefined constant 是 - assumed '是' D:\www\shop\Runtime\Cache\Admin\904a25b5eb876e612ef13e8d5a7b0bef.php 第 36 行.
NOTIC: [8] Use of undefined constant is_new - assumed 'is_new' D:\www\shop\Runtime\Cache\Admin\904a25b5eb876e612ef13e8d5a7b0bef.php 第 37 行.
NOTIC: [8] Use of undefined constant 是 - assumed '是' D:\www\shop\Runtime\Cache\Admin\904a25b5eb876e612ef13e8d5a7b0bef.php 第 37 行.
NOTIC: [8] Use of undefined constant is_hot - assumed 'is_hot' D:\www\shop\Runtime\Cache\Admin\904a25b5eb876e612ef13e8d5a7b0bef.php 第 38 行.
NOTIC: [8] Use of undefined constant 是 - assumed '是' D:\www\shop\Runtime\Cache\Admin\904a25b5eb876e612ef13e8d5a7b0bef.php 第 38 行.
INFO: Run Behavior\ParseTemplateBehavior [ RunTime:0.013001s ]
INFO: [ view_parse ] --END-- [ RunTime:0.013001s ]
INFO: [ view_filter ] --START--
INFO: Run Behavior\WriteHtmlCacheBehavior [ RunTime:0.000000s ]
INFO: [ view_filter ] --END-- [ RunTime:0.000000s ]
INFO: [ app_end ] --START--
INFO: Run Behavior\ShowPageTraceBehavior [ RunTime:0.000000s ]
INFO: [ app_end ] --END-- [ RunTime:0.000000s ]

[ 2016-08-09T14:52:40+08:00 ] 127.0.0.1 /index.php/Admin/Goods/ajaxGoodsList/p/2
INFO: [ app_begin ] --START--
INFO: Run Behavior\ReadHtmlCacheBehavior [ RunTime:0.001000s ]
INFO: [ app_begin ] --END-- [ RunTime:0.001000s ]
NOTIC: [2048] Declaration of Admin\Model\RoleModel::_after_insert() should be compatible with Think\Model::_after_insert($data, $options) D:\www\shop\Application\Admin\Model\RoleModel.class.php 第 10 行.
NOTIC: [2048] Declaration of Admin\Model\RoleModel::_after_update() should be compatible with Think\Model::_after_update($data, $options) D:\www\shop\Application\Admin\Model\RoleModel.class.php 第 10 行.
NOTIC: [2048] Declaration of Admin\Model\RoleModel::_after_delete() should be compatible with Think\Model::_after_delete($data, $options) D:\www\shop\Application\Admin\Model\RoleModel.class.php 第 10 行.
SQL: SHOW COLUMNS FROM `yt_role` [ RunTime:0.004001s ]
SQL: SELECT `role_auth_ca` FROM `yt_role` WHERE `role_id` = 0 LIMIT 1   [ RunTime:0.001000s ]
NOTIC: [2048] Declaration of Admin\Model\GoodsModel::_after_insert() should be compatible with Think\Model::_after_insert($data, $options) D:\www\shop\Application\Admin\Model\GoodsModel.class.php 第 1267 行.
NOTIC: [2048] Declaration of Admin\Model\GoodsModel::_after_update() should be compatible with Think\Model::_after_update($data, $options) D:\www\shop\Application\Admin\Model\GoodsModel.class.php 第 1267 行.
NOTIC: [2048] Declaration of Admin\Model\GoodsModel::_after_delete() should be compatible with Think\Model::_after_delete($data, $options) D:\www\shop\Application\Admin\Model\GoodsModel.class.php 第 1267 行.
SQL: SHOW COLUMNS FROM `yt_goods` [ RunTime:0.005000s ]
NOTIC: [8] Undefined index: is_recommend D:\www\shop\Application\Admin\Model\GoodsModel.class.php 第 871 行.
NOTIC: [8] Undefined index: is_best D:\www\shop\Application\Admin\Model\GoodsModel.class.php 第 876 行.
NOTIC: [8] Undefined index: is_new D:\www\shop\Application\Admin\Model\GoodsModel.class.php 第 880 行.
NOTIC: [8] Undefined index: is_hot D:\www\shop\Application\Admin\Model\GoodsModel.class.php 第 884 行.
SQL: SHOW COLUMNS FROM `yt_goods` [ RunTime:0.005000s ]
SQL: SELECT COUNT(*) AS tp_count FROM yt_goods a LIMIT 1   [ RunTime:0.001001s ]
SQL: SHOW COLUMNS FROM `yt_goods` [ RunTime:0.005000s ]
SQL: SELECT a.*,b.brand_name as brand_name,c.cat_name as cat_name,GROUP_CONCAT(e.cat_name SEPARATOR "<br />") as ext_cat_name,f.type_name as type_name FROM yt_goods a LEFT JOIN yt_brand b ON a.goods_brand = b.brand_id LEFT JOIN yt_cat c ON a.goods_cat = c.cat_id LEFT JOIN yt_extend_cat d ON a.goods_id = d.goods_id LEFT JOIN yt_cat e ON e.cat_id = d.ext_cat_id LEFT JOIN yt_type f ON f.type_id = a.goods_type  GROUP BY goods_id ORDER BY goods_id asc LIMIT 1,1   [ RunTime:0.002000s ]
INFO: [ view_parse ] --START--
INFO: [ template_filter ] --START--
INFO: Run Behavior\ContentReplaceBehavior [ RunTime:0.001000s ]
INFO: [ template_filter ] --END-- [ RunTime:0.001000s ]
NOTIC: [8] Use of undefined constant 是 - assumed '是' D:\www\shop\Runtime\Cache\Admin\904a25b5eb876e612ef13e8d5a7b0bef.php 第 34 行.
NOTIC: [8] Use of undefined constant 是 - assumed '是' D:\www\shop\Runtime\Cache\Admin\904a25b5eb876e612ef13e8d5a7b0bef.php 第 35 行.
NOTIC: [8] Use of undefined constant is_best - assumed 'is_best' D:\www\shop\Runtime\Cache\Admin\904a25b5eb876e612ef13e8d5a7b0bef.php 第 36 行.
NOTIC: [8] Use of undefined constant 是 - assumed '是' D:\www\shop\Runtime\Cache\Admin\904a25b5eb876e612ef13e8d5a7b0bef.php 第 36 行.
NOTIC: [8] Use of undefined constant is_new - assumed 'is_new' D:\www\shop\Runtime\Cache\Admin\904a25b5eb876e612ef13e8d5a7b0bef.php 第 37 行.
NOTIC: [8] Use of undefined constant 是 - assumed '是' D:\www\shop\Runtime\Cache\Admin\904a25b5eb876e612ef13e8d5a7b0bef.php 第 37 行.
NOTIC: [8] Use of undefined constant is_hot - assumed 'is_hot' D:\www\shop\Runtime\Cache\Admin\904a25b5eb876e612ef13e8d5a7b0bef.php 第 38 行.
NOTIC: [8] Use of undefined constant 是 - assumed '是' D:\www\shop\Runtime\Cache\Admin\904a25b5eb876e612ef13e8d5a7b0bef.php 第 38 行.
INFO: Run Behavior\ParseTemplateBehavior [ RunTime:0.012001s ]
INFO: [ view_parse ] --END-- [ RunTime:0.012001s ]
INFO: [ view_filter ] --START--
INFO: Run Behavior\WriteHtmlCacheBehavior [ RunTime:0.000000s ]
INFO: [ view_filter ] --END-- [ RunTime:0.000000s ]
INFO: [ app_end ] --START--
INFO: Run Behavior\ShowPageTraceBehavior [ RunTime:0.000000s ]
INFO: [ app_end ] --END-- [ RunTime:0.000000s ]

[ 2016-08-09T14:52:42+08:00 ] 127.0.0.1 /index.php/Admin/Goods/ajaxGoodsList/p/3
INFO: [ app_begin ] --START--
INFO: Run Behavior\ReadHtmlCacheBehavior [ RunTime:0.001000s ]
INFO: [ app_begin ] --END-- [ RunTime:0.001000s ]
NOTIC: [2048] Declaration of Admin\Model\RoleModel::_after_insert() should be compatible with Think\Model::_after_insert($data, $options) D:\www\shop\Application\Admin\Model\RoleModel.class.php 第 10 行.
NOTIC: [2048] Declaration of Admin\Model\RoleModel::_after_update() should be compatible with Think\Model::_after_update($data, $options) D:\www\shop\Application\Admin\Model\RoleModel.class.php 第 10 行.
NOTIC: [2048] Declaration of Admin\Model\RoleModel::_after_delete() should be compatible with Think\Model::_after_delete($data, $options) D:\www\shop\Application\Admin\Model\RoleModel.class.php 第 10 行.
SQL: SHOW COLUMNS FROM `yt_role` [ RunTime:0.004000s ]
SQL: SELECT `role_auth_ca` FROM `yt_role` WHERE `role_id` = 0 LIMIT 1   [ RunTime:0.000000s ]
NOTIC: [2048] Declaration of Admin\Model\GoodsModel::_after_insert() should be compatible with Think\Model::_after_insert($data, $options) D:\www\shop\Application\Admin\Model\GoodsModel.class.php 第 1267 行.
NOTIC: [2048] Declaration of Admin\Model\GoodsModel::_after_update() should be compatible with Think\Model::_after_update($data, $options) D:\www\shop\Application\Admin\Model\GoodsModel.class.php 第 1267 行.
NOTIC: [2048] Declaration of Admin\Model\GoodsModel::_after_delete() should be compatible with Think\Model::_after_delete($data, $options) D:\www\shop\Application\Admin\Model\GoodsModel.class.php 第 1267 行.
SQL: SHOW COLUMNS FROM `yt_goods` [ RunTime:0.005000s ]
NOTIC: [8] Undefined index: is_recommend D:\www\shop\Application\Admin\Model\GoodsModel.class.php 第 871 行.
NOTIC: [8] Undefined index: is_best D:\www\shop\Application\Admin\Model\GoodsModel.class.php 第 876 行.
NOTIC: [8] Undefined index: is_new D:\www\shop\Application\Admin\Model\GoodsModel.class.php 第 880 行.
NOTIC: [8] Undefined index: is_hot D:\www\shop\Application\Admin\Model\GoodsModel.class.php 第 884 行.
SQL: SHOW COLUMNS FROM `yt_goods` [ RunTime:0.005000s ]
SQL: SELECT COUNT(*) AS tp_count FROM yt_goods a LIMIT 1   [ RunTime:0.000000s ]
SQL: SHOW COLUMNS FROM `yt_goods` [ RunTime:0.006001s ]
SQL: SELECT a.*,b.brand_name as brand_name,c.cat_name as cat_name,GROUP_CONCAT(e.cat_name SEPARATOR "<br />") as ext_cat_name,f.type_name as type_name FROM yt_goods a LEFT JOIN yt_brand b ON a.goods_brand = b.brand_id LEFT JOIN yt_cat c ON a.goods_cat = c.cat_id LEFT JOIN yt_extend_cat d ON a.goods_id = d.goods_id LEFT JOIN yt_cat e ON e.cat_id = d.ext_cat_id LEFT JOIN yt_type f ON f.type_id = a.goods_type  GROUP BY goods_id ORDER BY goods_id asc LIMIT 2,1   [ RunTime:0.002000s ]
INFO: [ view_parse ] --START--
INFO: [ template_filter ] --START--
INFO: Run Behavior\ContentReplaceBehavior [ RunTime:0.000000s ]
INFO: [ template_filter ] --END-- [ RunTime:0.000000s ]
NOTIC: [8] Use of undefined constant 是 - assumed '是' D:\www\shop\Runtime\Cache\Admin\904a25b5eb876e612ef13e8d5a7b0bef.php 第 34 行.
NOTIC: [8] Use of undefined constant 是 - assumed '是' D:\www\shop\Runtime\Cache\Admin\904a25b5eb876e612ef13e8d5a7b0bef.php 第 35 行.
NOTIC: [8] Use of undefined constant is_best - assumed 'is_best' D:\www\shop\Runtime\Cache\Admin\904a25b5eb876e612ef13e8d5a7b0bef.php 第 36 行.
NOTIC: [8] Use of undefined constant 是 - assumed '是' D:\www\shop\Runtime\Cache\Admin\904a25b5eb876e612ef13e8d5a7b0bef.php 第 36 行.
NOTIC: [8] Use of undefined constant is_new - assumed 'is_new' D:\www\shop\Runtime\Cache\Admin\904a25b5eb876e612ef13e8d5a7b0bef.php 第 37 行.
NOTIC: [8] Use of undefined constant 是 - assumed '是' D:\www\shop\Runtime\Cache\Admin\904a25b5eb876e612ef13e8d5a7b0bef.php 第 37 行.
NOTIC: [8] Use of undefined constant is_hot - assumed 'is_hot' D:\www\shop\Runtime\Cache\Admin\904a25b5eb876e612ef13e8d5a7b0bef.php 第 38 行.
NOTIC: [8] Use of undefined constant 是 - assumed '是' D:\www\shop\Runtime\Cache\Admin\904a25b5eb876e612ef13e8d5a7b0bef.php 第 38 行.
INFO: Run Behavior\ParseTemplateBehavior [ RunTime:0.018001s ]
INFO: [ view_parse ] --END-- [ RunTime:0.018001s ]
INFO: [ view_filter ] --START--
INFO: Run Behavior\WriteHtmlCacheBehavior [ RunTime:0.000000s ]
INFO: [ view_filter ] --END-- [ RunTime:0.000000s ]
INFO: [ app_end ] --START--
INFO: Run Behavior\ShowPageTraceBehavior [ RunTime:0.001000s ]
INFO: [ app_end ] --END-- [ RunTime:0.001000s ]

[ 2016-08-09T14:52:43+08:00 ] 127.0.0.1 /index.php/Admin/Goods/ajaxGoodsList/p/4
INFO: [ app_begin ] --START--
INFO: Run Behavior\ReadHtmlCacheBehavior [ RunTime:0.001000s ]
INFO: [ app_begin ] --END-- [ RunTime:0.001000s ]
NOTIC: [2048] Declaration of Admin\Model\RoleModel::_after_insert() should be compatible with Think\Model::_after_insert($data, $options) D:\www\shop\Application\Admin\Model\RoleModel.class.php 第 10 行.
NOTIC: [2048] Declaration of Admin\Model\RoleModel::_after_update() should be compatible with Think\Model::_after_update($data, $options) D:\www\shop\Application\Admin\Model\RoleModel.class.php 第 10 行.
NOTIC: [2048] Declaration of Admin\Model\RoleModel::_after_delete() should be compatible with Think\Model::_after_delete($data, $options) D:\www\shop\Application\Admin\Model\RoleModel.class.php 第 10 行.
SQL: SHOW COLUMNS FROM `yt_role` [ RunTime:0.006000s ]
SQL: SELECT `role_auth_ca` FROM `yt_role` WHERE `role_id` = 0 LIMIT 1   [ RunTime:0.001000s ]
NOTIC: [2048] Declaration of Admin\Model\GoodsModel::_after_insert() should be compatible with Think\Model::_after_insert($data, $options) D:\www\shop\Application\Admin\Model\GoodsModel.class.php 第 1267 行.
NOTIC: [2048] Declaration of Admin\Model\GoodsModel::_after_update() should be compatible with Think\Model::_after_update($data, $options) D:\www\shop\Application\Admin\Model\GoodsModel.class.php 第 1267 行.
NOTIC: [2048] Declaration of Admin\Model\GoodsModel::_after_delete() should be compatible with Think\Model::_after_delete($data, $options) D:\www\shop\Application\Admin\Model\GoodsModel.class.php 第 1267 行.
SQL: SHOW COLUMNS FROM `yt_goods` [ RunTime:0.006000s ]
NOTIC: [8] Undefined index: is_recommend D:\www\shop\Application\Admin\Model\GoodsModel.class.php 第 871 行.
NOTIC: [8] Undefined index: is_best D:\www\shop\Application\Admin\Model\GoodsModel.class.php 第 876 行.
NOTIC: [8] Undefined index: is_new D:\www\shop\Application\Admin\Model\GoodsModel.class.php 第 880 行.
NOTIC: [8] Undefined index: is_hot D:\www\shop\Application\Admin\Model\GoodsModel.class.php 第 884 行.
SQL: SHOW COLUMNS FROM `yt_goods` [ RunTime:0.006000s ]
SQL: SELECT COUNT(*) AS tp_count FROM yt_goods a LIMIT 1   [ RunTime:0.000000s ]
SQL: SHOW COLUMNS FROM `yt_goods` [ RunTime:0.005001s ]
SQL: SELECT a.*,b.brand_name as brand_name,c.cat_name as cat_name,GROUP_CONCAT(e.cat_name SEPARATOR "<br />") as ext_cat_name,f.type_name as type_name FROM yt_goods a LEFT JOIN yt_brand b ON a.goods_brand = b.brand_id LEFT JOIN yt_cat c ON a.goods_cat = c.cat_id LEFT JOIN yt_extend_cat d ON a.goods_id = d.goods_id LEFT JOIN yt_cat e ON e.cat_id = d.ext_cat_id LEFT JOIN yt_type f ON f.type_id = a.goods_type  GROUP BY goods_id ORDER BY goods_id asc LIMIT 3,1   [ RunTime:0.001000s ]
INFO: [ view_parse ] --START--
INFO: [ template_filter ] --START--
INFO: Run Behavior\ContentReplaceBehavior [ RunTime:0.000000s ]
INFO: [ template_filter ] --END-- [ RunTime:0.000000s ]
NOTIC: [8] Use of undefined constant 是 - assumed '是' D:\www\shop\Runtime\Cache\Admin\904a25b5eb876e612ef13e8d5a7b0bef.php 第 34 行.
NOTIC: [8] Use of undefined constant 是 - assumed '是' D:\www\shop\Runtime\Cache\Admin\904a25b5eb876e612ef13e8d5a7b0bef.php 第 35 行.
NOTIC: [8] Use of undefined constant is_best - assumed 'is_best' D:\www\shop\Runtime\Cache\Admin\904a25b5eb876e612ef13e8d5a7b0bef.php 第 36 行.
NOTIC: [8] Use of undefined constant 是 - assumed '是' D:\www\shop\Runtime\Cache\Admin\904a25b5eb876e612ef13e8d5a7b0bef.php 第 36 行.
NOTIC: [8] Use of undefined constant is_new - assumed 'is_new' D:\www\shop\Runtime\Cache\Admin\904a25b5eb876e612ef13e8d5a7b0bef.php 第 37 行.
NOTIC: [8] Use of undefined constant 是 - assumed '是' D:\www\shop\Runtime\Cache\Admin\904a25b5eb876e612ef13e8d5a7b0bef.php 第 37 行.
NOTIC: [8] Use of undefined constant is_hot - assumed 'is_hot' D:\www\shop\Runtime\Cache\Admin\904a25b5eb876e612ef13e8d5a7b0bef.php 第 38 行.
NOTIC: [8] Use of undefined constant 是 - assumed '是' D:\www\shop\Runtime\Cache\Admin\904a25b5eb876e612ef13e8d5a7b0bef.php 第 38 行.
INFO: Run Behavior\ParseTemplateBehavior [ RunTime:0.012001s ]
INFO: [ view_parse ] --END-- [ RunTime:0.012001s ]
INFO: [ view_filter ] --START--
INFO: Run Behavior\WriteHtmlCacheBehavior [ RunTime:0.001000s ]
INFO: [ view_filter ] --END-- [ RunTime:0.001000s ]
INFO: [ app_end ] --START--
INFO: Run Behavior\ShowPageTraceBehavior [ RunTime:0.000000s ]
INFO: [ app_end ] --END-- [ RunTime:0.001000s ]

[ 2016-08-09T14:52:45+08:00 ] 127.0.0.1 /index.php/Admin/Goods/ajaxGoodsList/p/5
INFO: [ app_begin ] --START--
INFO: Run Behavior\ReadHtmlCacheBehavior [ RunTime:0.001000s ]
INFO: [ app_begin ] --END-- [ RunTime:0.001000s ]
NOTIC: [2048] Declaration of Admin\Model\RoleModel::_after_insert() should be compatible with Think\Model::_after_insert($data, $options) D:\www\shop\Application\Admin\Model\RoleModel.class.php 第 10 行.
NOTIC: [2048] Declaration of Admin\Model\RoleModel::_after_update() should be compatible with Think\Model::_after_update($data, $options) D:\www\shop\Application\Admin\Model\RoleModel.class.php 第 10 行.
NOTIC: [2048] Declaration of Admin\Model\RoleModel::_after_delete() should be compatible with Think\Model::_after_delete($data, $options) D:\www\shop\Application\Admin\Model\RoleModel.class.php 第 10 行.
SQL: SHOW COLUMNS FROM `yt_role` [ RunTime:0.004000s ]
SQL: SELECT `role_auth_ca` FROM `yt_role` WHERE `role_id` = 0 LIMIT 1   [ RunTime:0.000000s ]
NOTIC: [2048] Declaration of Admin\Model\GoodsModel::_after_insert() should be compatible with Think\Model::_after_insert($data, $options) D:\www\shop\Application\Admin\Model\GoodsModel.class.php 第 1267 行.
NOTIC: [2048] Declaration of Admin\Model\GoodsModel::_after_update() should be compatible with Think\Model::_after_update($data, $options) D:\www\shop\Application\Admin\Model\GoodsModel.class.php 第 1267 行.
NOTIC: [2048] Declaration of Admin\Model\GoodsModel::_after_delete() should be compatible with Think\Model::_after_delete($data, $options) D:\www\shop\Application\Admin\Model\GoodsModel.class.php 第 1267 行.
SQL: SHOW COLUMNS FROM `yt_goods` [ RunTime:0.005000s ]
NOTIC: [8] Undefined index: is_recommend D:\www\shop\Application\Admin\Model\GoodsModel.class.php 第 871 行.
NOTIC: [8] Undefined index: is_best D:\www\shop\Application\Admin\Model\GoodsModel.class.php 第 876 行.
NOTIC: [8] Undefined index: is_new D:\www\shop\Application\Admin\Model\GoodsModel.class.php 第 880 行.
NOTIC: [8] Undefined index: is_hot D:\www\shop\Application\Admin\Model\GoodsModel.class.php 第 884 行.
SQL: SHOW COLUMNS FROM `yt_goods` [ RunTime:0.006000s ]
SQL: SELECT COUNT(*) AS tp_count FROM yt_goods a LIMIT 1   [ RunTime:0.001000s ]
SQL: SHOW COLUMNS FROM `yt_goods` [ RunTime:0.005001s ]
SQL: SELECT a.*,b.brand_name as brand_name,c.cat_name as cat_name,GROUP_CONCAT(e.cat_name SEPARATOR "<br />") as ext_cat_name,f.type_name as type_name FROM yt_goods a LEFT JOIN yt_brand b ON a.goods_brand = b.brand_id LEFT JOIN yt_cat c ON a.goods_cat = c.cat_id LEFT JOIN yt_extend_cat d ON a.goods_id = d.goods_id LEFT JOIN yt_cat e ON e.cat_id = d.ext_cat_id LEFT JOIN yt_type f ON f.type_id = a.goods_type  GROUP BY goods_id ORDER BY goods_id asc LIMIT 4,1   [ RunTime:0.001000s ]
INFO: [ view_parse ] --START--
INFO: [ template_filter ] --START--
INFO: Run Behavior\ContentReplaceBehavior [ RunTime:0.000000s ]
INFO: [ template_filter ] --END-- [ RunTime:0.000000s ]
NOTIC: [8] Use of undefined constant 是 - assumed '是' D:\www\shop\Runtime\Cache\Admin\904a25b5eb876e612ef13e8d5a7b0bef.php 第 34 行.
NOTIC: [8] Use of undefined constant 是 - assumed '是' D:\www\shop\Runtime\Cache\Admin\904a25b5eb876e612ef13e8d5a7b0bef.php 第 35 行.
NOTIC: [8] Use of undefined constant is_best - assumed 'is_best' D:\www\shop\Runtime\Cache\Admin\904a25b5eb876e612ef13e8d5a7b0bef.php 第 36 行.
NOTIC: [8] Use of undefined constant 是 - assumed '是' D:\www\shop\Runtime\Cache\Admin\904a25b5eb876e612ef13e8d5a7b0bef.php 第 36 行.
NOTIC: [8] Use of undefined constant is_new - assumed 'is_new' D:\www\shop\Runtime\Cache\Admin\904a25b5eb876e612ef13e8d5a7b0bef.php 第 37 行.
NOTIC: [8] Use of undefined constant 是 - assumed '是' D:\www\shop\Runtime\Cache\Admin\904a25b5eb876e612ef13e8d5a7b0bef.php 第 37 行.
NOTIC: [8] Use of undefined constant is_hot - assumed 'is_hot' D:\www\shop\Runtime\Cache\Admin\904a25b5eb876e612ef13e8d5a7b0bef.php 第 38 行.
NOTIC: [8] Use of undefined constant 是 - assumed '是' D:\www\shop\Runtime\Cache\Admin\904a25b5eb876e612ef13e8d5a7b0bef.php 第 38 行.
INFO: Run Behavior\ParseTemplateBehavior [ RunTime:0.020001s ]
INFO: [ view_parse ] --END-- [ RunTime:0.020001s ]
INFO: [ view_filter ] --START--
INFO: Run Behavior\WriteHtmlCacheBehavior [ RunTime:0.000000s ]
INFO: [ view_filter ] --END-- [ RunTime:0.000000s ]
INFO: [ app_end ] --START--
INFO: Run Behavior\ShowPageTraceBehavior [ RunTime:0.001000s ]
INFO: [ app_end ] --END-- [ RunTime:0.001000s ]

[ 2016-08-09T14:55:13+08:00 ] 127.0.0.1 /index.php/Admin/Order/orderMessage.html
ERR: 无法加载控制器:Order

[ 2016-08-09T14:55:14+08:00 ] 127.0.0.1 /index.php/Admin/Order/orderMessage.html
ERR: 无法加载控制器:Order

[ 2016-08-09T14:55:16+08:00 ] 127.0.0.1 /index.php/Admin/Order/orderMessage.html
ERR: 无法加载控制器:Order

[ 2016-08-09T14:55:18+08:00 ] 127.0.0.1 /index.php/Admin/Order/orderQuery.html
ERR: 无法加载控制器:Order

[ 2016-08-09T14:55:21+08:00 ] 127.0.0.1 /index.php/Admin/Order/orderQuery.html
ERR: 无法加载控制器:Order

[ 2016-08-09T14:55:22+08:00 ] 127.0.0.1 /index.php/Admin/Order/orderQuery.html
ERR: 无法加载控制器:Order

